[2026-05-26T00:05:42.461Z] [INFO ] ══════════════════════════════════════════════
[2026-05-26T00:05:42.462Z] [INFO ] SonarGold Scraper v4.0 starting...
[2026-05-26T00:05:42.463Z] [INFO ] Mode: LIVE
[2026-05-26T00:05:42.463Z] [INFO ] ══════════════════════════════════════════════
[2026-05-26T00:05:42.465Z] [INFO ] History size — Gold: 218, Silver: 211, Intl: 251
[2026-05-26T00:05:42.466Z] [INFO ] ════════════════════════════════
[2026-05-26T00:05:42.466Z] [INFO ] Starting BAJUS scrape v4.0 (sequential)...
[2026-05-26T00:05:42.467Z] [INFO ] Trying Strategy 1: BAJUSCTG API...
[2026-05-26T00:05:44.172Z] [INFO ] ✓ BAJUSCTG success: 22K gram ≈ 20415
[2026-05-26T00:05:44.173Z] [INFO ] SUCCESS — Source: bajusctg-api
[2026-05-26T00:05:44.173Z] [INFO ] Fetching international prices...
[2026-05-26T00:05:44.543Z] [INFO ] Gold: no change — skipping append
[2026-05-26T00:05:44.543Z] [INFO ] Silver: no change — skipping append
[2026-05-26T00:05:44.544Z] [INFO ] Intl: appended entry #252
[2026-05-26T00:05:44.559Z] [INFO ] latest.json written | Final source: bajusctg-api
[2026-05-26T00:05:44.559Z] [INFO ] ══════════════════════════════════════════════
[2026-05-26T04:55:31.436Z] [INFO ] ══════════════════════════════════════════════
[2026-05-26T04:55:31.438Z] [INFO ] SonarGold Scraper v4.0 starting...
[2026-05-26T04:55:31.438Z] [INFO ] Mode: LIVE
[2026-05-26T04:55:31.439Z] [INFO ] ══════════════════════════════════════════════
[2026-05-26T04:55:31.440Z] [INFO ] History size — Gold: 218, Silver: 211, Intl: 252
[2026-05-26T04:55:31.441Z] [INFO ] ════════════════════════════════
[2026-05-26T04:55:31.441Z] [INFO ] Starting BAJUS scrape v4.0 (sequential)...
[2026-05-26T04:55:31.442Z] [INFO ] Trying Strategy 1: BAJUSCTG API...
[2026-05-26T04:55:33.144Z] [INFO ] ✓ BAJUSCTG success: 22K gram ≈ 20415
[2026-05-26T04:55:33.145Z] [INFO ] SUCCESS — Source: bajusctg-api
[2026-05-26T04:55:33.145Z] [INFO ] Fetching international prices...
[2026-05-26T04:55:33.731Z] [INFO ] Gold: no change — skipping append
[2026-05-26T04:55:33.732Z] [INFO ] Silver: no change — skipping append
[2026-05-26T04:55:33.732Z] [INFO ] Intl: updated same-day entry
[2026-05-26T04:55:33.746Z] [INFO ] latest.json written | Final source: bajusctg-api
[2026-05-26T04:55:33.746Z] [INFO ] ══════════════════════════════════════════════
[2026-05-26T08:25:25.644Z] [INFO ] ══════════════════════════════════════════════
[2026-05-26T08:25:25.646Z] [INFO ] SonarGold Scraper v4.0 starting...
[2026-05-26T08:25:25.647Z] [INFO ] Mode: LIVE
[2026-05-26T08:25:25.647Z] [INFO ] ══════════════════════════════════════════════
[2026-05-26T08:25:25.649Z] [INFO ] History size — Gold: 218, Silver: 211, Intl: 252
[2026-05-26T08:25:25.650Z] [INFO ] ════════════════════════════════
[2026-05-26T08:25:25.650Z] [INFO ] Starting BAJUS scrape v4.0 (sequential)...
[2026-05-26T08:25:25.651Z] [INFO ] Trying Strategy 1: BAJUSCTG API...
[2026-05-26T08:25:27.480Z] [INFO ] ✓ BAJUSCTG success: 22K gram ≈ 20415
[2026-05-26T08:25:27.481Z] [INFO ] SUCCESS — Source: bajusctg-api
[2026-05-26T08:25:27.482Z] [INFO ] Fetching international prices...
[2026-05-26T08:25:27.835Z] [INFO ] Gold: no change — skipping append
[2026-05-26T08:25:27.835Z] [INFO ] Silver: no change — skipping append
[2026-05-26T08:25:27.835Z] [INFO ] Intl: updated same-day entry
[2026-05-26T08:25:27.850Z] [INFO ] latest.json written | Final source: bajusctg-api
[2026-05-26T08:25:27.851Z] [INFO ] ══════════════════════════════════════════════
[2026-05-26T14:32:40.377Z] [INFO ] ══════════════════════════════════════════════
[2026-05-26T14:32:40.379Z] [INFO ] SonarGold Scraper v4.0 starting...
[2026-05-26T14:32:40.379Z] [INFO ] Mode: LIVE
[2026-05-26T14:32:40.380Z] [INFO ] ══════════════════════════════════════════════
[2026-05-26T14:32:40.381Z] [INFO ] History size — Gold: 218, Silver: 211, Intl: 252
[2026-05-26T14:32:40.382Z] [INFO ] ════════════════════════════════
[2026-05-26T14:32:40.383Z] [INFO ] Starting BAJUS scrape v4.0 (sequential)...
[2026-05-26T14:32:40.384Z] [INFO ] Trying Strategy 1: BAJUSCTG API...
[2026-05-26T14:32:41.385Z] [INFO ] ✓ BAJUSCTG success: 22K gram ≈ 20415
[2026-05-26T14:32:41.386Z] [INFO ] SUCCESS — Source: bajusctg-api
[2026-05-26T14:32:41.387Z] [INFO ] Fetching international prices...
[2026-05-26T14:32:41.556Z] [INFO ] Gold: no change — skipping append
[2026-05-26T14:32:41.556Z] [INFO ] Silver: no change — skipping append
[2026-05-26T14:32:41.557Z] [INFO ] Intl: updated same-day entry
[2026-05-26T14:32:41.573Z] [INFO ] latest.json written | Final source: bajusctg-api
[2026-05-26T14:32:41.574Z] [INFO ] ══════════════════════════════════════════════
[2026-05-26T17:50:04.426Z] [INFO ] ══════════════════════════════════════════════
[2026-05-26T17:50:04.427Z] [INFO ] SonarGold Scraper v4.0 starting...
[2026-05-26T17:50:04.428Z] [INFO ] Mode: LIVE
[2026-05-26T17:50:04.429Z] [INFO ] ══════════════════════════════════════════════
[2026-05-26T17:50:04.430Z] [INFO ] History size — Gold: 218, Silver: 211, Intl: 252
[2026-05-26T17:50:04.431Z] [INFO ] ════════════════════════════════
[2026-05-26T17:50:04.432Z] [INFO ] Starting BAJUS scrape v4.0 (sequential)...
[2026-05-26T17:50:04.432Z] [INFO ] Trying Strategy 1: BAJUSCTG API...
[2026-05-26T17:50:04.944Z] [INFO ] ✓ BAJUSCTG success: 22K gram ≈ 20415
[2026-05-26T17:50:04.945Z] [INFO ] SUCCESS — Source: bajusctg-api
[2026-05-26T17:50:04.946Z] [INFO ] Fetching international prices...
[2026-05-26T17:50:05.499Z] [INFO ] Gold: no change — skipping append
[2026-05-26T17:50:05.499Z] [INFO ] Silver: no change — skipping append
[2026-05-26T17:50:05.500Z] [INFO ] Intl: updated same-day entry
[2026-05-26T17:50:05.515Z] [INFO ] latest.json written | Final source: bajusctg-api
[2026-05-26T17:50:05.515Z] [INFO ] ══════════════════════════════════════════════
[2026-05-26T19:51:51.196Z] [INFO ] ══════════════════════════════════════════════
[2026-05-26T19:51:51.197Z] [INFO ] SonarGold Scraper v4.0 starting...
[2026-05-26T19:51:51.197Z] [INFO ] Mode: LIVE
[2026-05-26T19:51:51.198Z] [INFO ] ══════════════════════════════════════════════
[2026-05-26T19:51:51.199Z] [INFO ] History size — Gold: 218, Silver: 211, Intl: 252
[2026-05-26T19:51:51.200Z] [INFO ] ════════════════════════════════
[2026-05-26T19:51:51.200Z] [INFO ] Starting BAJUS scrape v4.0 (sequential)...
[2026-05-26T19:51:51.201Z] [INFO ] Trying Strategy 1: BAJUSCTG API...
[2026-05-26T19:51:52.979Z] [INFO ] ✓ BAJUSCTG success: 22K gram ≈ 20415
[2026-05-26T19:51:52.979Z] [INFO ] SUCCESS — Source: bajusctg-api
[2026-05-26T19:51:52.980Z] [INFO ] Fetching international prices...
[2026-05-26T19:51:53.734Z] [INFO ] Gold: no change — skipping append
[2026-05-26T19:51:53.735Z] [INFO ] Silver: no change — skipping append
[2026-05-26T19:51:53.735Z] [INFO ] Intl: updated same-day entry
[2026-05-26T19:51:53.747Z] [INFO ] latest.json written | Final source: bajusctg-api
[2026-05-26T19:51:53.747Z] [INFO ] ══════════════════════════════════════════════
