[2026-05-10T01:44:44.204Z] [INFO ] ══════════════════════════════════════════════
[2026-05-10T01:44:44.206Z] [INFO ] SonarGold Scraper v4.0 starting...
[2026-05-10T01:44:44.206Z] [INFO ] Mode: LIVE
[2026-05-10T01:44:44.207Z] [INFO ] ══════════════════════════════════════════════
[2026-05-10T01:44:44.208Z] [INFO ] History size — Gold: 212, Silver: 209, Intl: 235
[2026-05-10T01:44:44.209Z] [INFO ] ════════════════════════════════
[2026-05-10T01:44:44.209Z] [INFO ] Starting BAJUS scrape v4.0 (sequential)...
[2026-05-10T01:44:44.210Z] [INFO ] Trying Strategy 1: BAJUSCTG API...
[2026-05-10T01:44:45.899Z] [INFO ] ✓ BAJUSCTG success: 22K gram ≈ 20980
[2026-05-10T01:44:45.899Z] [INFO ] SUCCESS — Source: bajusctg-api
[2026-05-10T01:44:45.900Z] [INFO ] Fetching international prices...
[2026-05-10T01:44:46.213Z] [INFO ] Gold: no change — skipping append
[2026-05-10T01:44:46.213Z] [INFO ] Silver: no change — skipping append
[2026-05-10T01:44:46.214Z] [INFO ] Intl: appended entry #236
[2026-05-10T01:44:46.229Z] [INFO ] latest.json written | Final source: bajusctg-api
[2026-05-10T01:44:46.230Z] [INFO ] ══════════════════════════════════════════════
[2026-05-10T05:25:48.738Z] [INFO ] ══════════════════════════════════════════════
[2026-05-10T05:25:48.739Z] [INFO ] SonarGold Scraper v4.0 starting...
[2026-05-10T05:25:48.740Z] [INFO ] Mode: LIVE
[2026-05-10T05:25:48.740Z] [INFO ] ══════════════════════════════════════════════
[2026-05-10T05:25:48.741Z] [INFO ] History size — Gold: 212, Silver: 209, Intl: 236
[2026-05-10T05:25:48.742Z] [INFO ] ════════════════════════════════
[2026-05-10T05:25:48.743Z] [INFO ] Starting BAJUS scrape v4.0 (sequential)...
[2026-05-10T05:25:48.743Z] [INFO ] Trying Strategy 1: BAJUSCTG API...
[2026-05-10T05:25:50.597Z] [INFO ] ✓ BAJUSCTG success: 22K gram ≈ 20980
[2026-05-10T05:25:50.597Z] [INFO ] SUCCESS — Source: bajusctg-api
[2026-05-10T05:25:50.598Z] [INFO ] Fetching international prices...
[2026-05-10T05:25:51.057Z] [INFO ] Gold: no change — skipping append
[2026-05-10T05:25:51.057Z] [INFO ] Silver: no change — skipping append
[2026-05-10T05:25:51.058Z] [INFO ] Intl: no change — skipping append
[2026-05-10T05:25:51.118Z] [INFO ] latest.json written | Final source: bajusctg-api
[2026-05-10T05:25:51.118Z] [INFO ] ══════════════════════════════════════════════
[2026-05-10T07:56:11.947Z] [INFO ] ══════════════════════════════════════════════
[2026-05-10T07:56:11.948Z] [INFO ] SonarGold Scraper v4.0 starting...
[2026-05-10T07:56:11.948Z] [INFO ] Mode: LIVE
[2026-05-10T07:56:11.949Z] [INFO ] ══════════════════════════════════════════════
[2026-05-10T07:56:11.950Z] [INFO ] History size — Gold: 212, Silver: 209, Intl: 236
[2026-05-10T07:56:11.951Z] [INFO ] ════════════════════════════════
[2026-05-10T07:56:11.951Z] [INFO ] Starting BAJUS scrape v4.0 (sequential)...
[2026-05-10T07:56:11.952Z] [INFO ] Trying Strategy 1: BAJUSCTG API...
[2026-05-10T07:56:13.643Z] [INFO ] ✓ BAJUSCTG success: 22K gram ≈ 20980
[2026-05-10T07:56:13.644Z] [INFO ] SUCCESS — Source: bajusctg-api
[2026-05-10T07:56:13.644Z] [INFO ] Fetching international prices...
[2026-05-10T07:56:14.263Z] [INFO ] Gold: no change — skipping append
[2026-05-10T07:56:14.264Z] [INFO ] Silver: no change — skipping append
[2026-05-10T07:56:14.264Z] [INFO ] Intl: no change — skipping append
[2026-05-10T07:56:14.318Z] [INFO ] latest.json written | Final source: bajusctg-api
[2026-05-10T07:56:14.319Z] [INFO ] ══════════════════════════════════════════════
[2026-05-10T09:19:38.692Z] [INFO ] ══════════════════════════════════════════════
[2026-05-10T09:19:38.694Z] [INFO ] SonarGold Scraper v4.0 starting...
[2026-05-10T09:19:38.695Z] [INFO ] Mode: LIVE
[2026-05-10T09:19:38.695Z] [INFO ] ══════════════════════════════════════════════
[2026-05-10T09:19:38.697Z] [INFO ] History size — Gold: 212, Silver: 209, Intl: 236
[2026-05-10T09:19:38.698Z] [INFO ] ════════════════════════════════
[2026-05-10T09:19:38.698Z] [INFO ] Starting BAJUS scrape v4.0 (sequential)...
[2026-05-10T09:19:38.699Z] [INFO ] Trying Strategy 1: BAJUSCTG API...
[2026-05-10T09:19:39.175Z] [INFO ] ✓ BAJUSCTG success: 22K gram ≈ 20980
[2026-05-10T09:19:39.176Z] [INFO ] SUCCESS — Source: bajusctg-api
[2026-05-10T09:19:39.176Z] [INFO ] Fetching international prices...
[2026-05-10T09:19:39.876Z] [INFO ] Gold: no change — skipping append
[2026-05-10T09:19:39.876Z] [INFO ] Silver: no change — skipping append
[2026-05-10T09:19:39.877Z] [INFO ] Intl: no change — skipping append
[2026-05-10T09:19:39.892Z] [INFO ] latest.json written | Final source: bajusctg-api
[2026-05-10T09:19:39.892Z] [INFO ] ══════════════════════════════════════════════
[2026-05-10T10:52:14.499Z] [INFO ] ══════════════════════════════════════════════
[2026-05-10T10:52:14.501Z] [INFO ] SonarGold Scraper v4.0 starting...
[2026-05-10T10:52:14.501Z] [INFO ] Mode: LIVE
[2026-05-10T10:52:14.502Z] [INFO ] ══════════════════════════════════════════════
[2026-05-10T10:52:14.503Z] [INFO ] History size — Gold: 212, Silver: 209, Intl: 236
[2026-05-10T10:52:14.504Z] [INFO ] ════════════════════════════════
[2026-05-10T10:52:14.504Z] [INFO ] Starting BAJUS scrape v4.0 (sequential)...
[2026-05-10T10:52:14.505Z] [INFO ] Trying Strategy 1: BAJUSCTG API...
[2026-05-10T10:52:15.466Z] [INFO ] ✓ BAJUSCTG success: 22K gram ≈ 20980
[2026-05-10T10:52:15.467Z] [INFO ] SUCCESS — Source: bajusctg-api
[2026-05-10T10:52:15.467Z] [INFO ] Fetching international prices...
[2026-05-10T10:52:15.730Z] [INFO ] Gold: no change — skipping append
[2026-05-10T10:52:15.731Z] [INFO ] Silver: no change — skipping append
[2026-05-10T10:52:15.731Z] [INFO ] Intl: no change — skipping append
[2026-05-10T10:52:15.749Z] [INFO ] latest.json written | Final source: bajusctg-api
[2026-05-10T10:52:15.749Z] [INFO ] ══════════════════════════════════════════════
[2026-05-10T11:39:55.721Z] [INFO ] ══════════════════════════════════════════════
[2026-05-10T11:39:55.723Z] [INFO ] SonarGold Scraper v4.0 starting...
[2026-05-10T11:39:55.723Z] [INFO ] Mode: LIVE
[2026-05-10T11:39:55.724Z] [INFO ] ══════════════════════════════════════════════
[2026-05-10T11:39:55.725Z] [INFO ] History size — Gold: 212, Silver: 209, Intl: 236
[2026-05-10T11:39:55.726Z] [INFO ] ════════════════════════════════
[2026-05-10T11:39:55.726Z] [INFO ] Starting BAJUS scrape v4.0 (sequential)...
[2026-05-10T11:39:55.727Z] [INFO ] Trying Strategy 1: BAJUSCTG API...
[2026-05-10T11:39:57.279Z] [INFO ] ✓ BAJUSCTG success: 22K gram ≈ 20980
[2026-05-10T11:39:57.280Z] [INFO ] SUCCESS — Source: bajusctg-api
[2026-05-10T11:39:57.280Z] [INFO ] Fetching international prices...
[2026-05-10T11:39:58.006Z] [INFO ] Gold: no change — skipping append
[2026-05-10T11:39:58.007Z] [INFO ] Silver: no change — skipping append
[2026-05-10T11:39:58.007Z] [INFO ] Intl: no change — skipping append
[2026-05-10T11:39:58.058Z] [INFO ] latest.json written | Final source: bajusctg-api
[2026-05-10T11:39:58.058Z] [INFO ] ══════════════════════════════════════════════
[2026-05-10T12:47:53.861Z] [INFO ] ══════════════════════════════════════════════
[2026-05-10T12:47:53.863Z] [INFO ] SonarGold Scraper v4.0 starting...
[2026-05-10T12:47:53.863Z] [INFO ] Mode: LIVE
[2026-05-10T12:47:53.864Z] [INFO ] ══════════════════════════════════════════════
[2026-05-10T12:47:53.865Z] [INFO ] History size — Gold: 212, Silver: 209, Intl: 236
[2026-05-10T12:47:53.866Z] [INFO ] ════════════════════════════════
[2026-05-10T12:47:53.866Z] [INFO ] Starting BAJUS scrape v4.0 (sequential)...
[2026-05-10T12:47:53.867Z] [INFO ] Trying Strategy 1: BAJUSCTG API...
[2026-05-10T12:47:54.355Z] [INFO ] ✓ BAJUSCTG success: 22K gram ≈ 20980
[2026-05-10T12:47:54.356Z] [INFO ] SUCCESS — Source: bajusctg-api
[2026-05-10T12:47:54.357Z] [INFO ] Fetching international prices...
[2026-05-10T12:47:55.100Z] [INFO ] Gold: no change — skipping append
[2026-05-10T12:47:55.100Z] [INFO ] Silver: no change — skipping append
[2026-05-10T12:47:55.101Z] [INFO ] Intl: no change — skipping append
[2026-05-10T12:47:55.119Z] [INFO ] latest.json written | Final source: bajusctg-api
[2026-05-10T12:47:55.119Z] [INFO ] ══════════════════════════════════════════════
[2026-05-10T14:14:46.184Z] [INFO ] ══════════════════════════════════════════════
[2026-05-10T14:14:46.186Z] [INFO ] SonarGold Scraper v4.0 starting...
[2026-05-10T14:14:46.186Z] [INFO ] Mode: LIVE
[2026-05-10T14:14:46.187Z] [INFO ] ══════════════════════════════════════════════
[2026-05-10T14:14:46.188Z] [INFO ] History size — Gold: 212, Silver: 209, Intl: 236
[2026-05-10T14:14:46.189Z] [INFO ] ════════════════════════════════
[2026-05-10T14:14:46.189Z] [INFO ] Starting BAJUS scrape v4.0 (sequential)...
[2026-05-10T14:14:46.190Z] [INFO ] Trying Strategy 1: BAJUSCTG API...
[2026-05-10T14:14:47.887Z] [INFO ] ✓ BAJUSCTG success: 22K gram ≈ 20980
[2026-05-10T14:14:47.888Z] [INFO ] SUCCESS — Source: bajusctg-api
[2026-05-10T14:14:47.888Z] [INFO ] Fetching international prices...
[2026-05-10T14:14:48.361Z] [INFO ] Gold: no change — skipping append
[2026-05-10T14:14:48.361Z] [INFO ] Silver: no change — skipping append
[2026-05-10T14:14:48.362Z] [INFO ] Intl: no change — skipping append
[2026-05-10T14:14:48.376Z] [INFO ] latest.json written | Final source: bajusctg-api
[2026-05-10T14:14:48.377Z] [INFO ] ══════════════════════════════════════════════
[2026-05-10T15:41:07.814Z] [INFO ] ══════════════════════════════════════════════
[2026-05-10T15:41:07.816Z] [INFO ] SonarGold Scraper v4.0 starting...
[2026-05-10T15:41:07.816Z] [INFO ] Mode: LIVE
[2026-05-10T15:41:07.817Z] [INFO ] ══════════════════════════════════════════════
[2026-05-10T15:41:07.818Z] [INFO ] History size — Gold: 212, Silver: 209, Intl: 236
[2026-05-10T15:41:07.819Z] [INFO ] ════════════════════════════════
[2026-05-10T15:41:07.819Z] [INFO ] Starting BAJUS scrape v4.0 (sequential)...
[2026-05-10T15:41:07.820Z] [INFO ] Trying Strategy 1: BAJUSCTG API...
[2026-05-10T15:41:09.509Z] [INFO ] ✓ BAJUSCTG success: 22K gram ≈ 20980
[2026-05-10T15:41:09.509Z] [INFO ] SUCCESS — Source: bajusctg-api
[2026-05-10T15:41:09.510Z] [INFO ] Fetching international prices...
[2026-05-10T15:41:09.785Z] [INFO ] Gold: no change — skipping append
[2026-05-10T15:41:09.785Z] [INFO ] Silver: no change — skipping append
[2026-05-10T15:41:09.786Z] [INFO ] Intl: no change — skipping append
[2026-05-10T15:41:09.800Z] [INFO ] latest.json written | Final source: bajusctg-api
[2026-05-10T15:41:09.800Z] [INFO ] ══════════════════════════════════════════════
[2026-05-10T16:39:29.475Z] [INFO ] ══════════════════════════════════════════════
[2026-05-10T16:39:29.476Z] [INFO ] SonarGold Scraper v4.0 starting...
[2026-05-10T16:39:29.477Z] [INFO ] Mode: LIVE
[2026-05-10T16:39:29.477Z] [INFO ] ══════════════════════════════════════════════
[2026-05-10T16:39:29.479Z] [INFO ] History size — Gold: 212, Silver: 209, Intl: 236
[2026-05-10T16:39:29.479Z] [INFO ] ════════════════════════════════
[2026-05-10T16:39:29.480Z] [INFO ] Starting BAJUS scrape v4.0 (sequential)...
[2026-05-10T16:39:29.480Z] [INFO ] Trying Strategy 1: BAJUSCTG API...
[2026-05-10T16:39:31.351Z] [INFO ] ✓ BAJUSCTG success: 22K gram ≈ 20980
[2026-05-10T16:39:31.352Z] [INFO ] SUCCESS — Source: bajusctg-api
[2026-05-10T16:39:31.352Z] [INFO ] Fetching international prices...
[2026-05-10T16:39:31.831Z] [INFO ] Gold: no change — skipping append
[2026-05-10T16:39:31.831Z] [INFO ] Silver: no change — skipping append
[2026-05-10T16:39:31.832Z] [INFO ] Intl: no change — skipping append
[2026-05-10T16:39:31.846Z] [INFO ] latest.json written | Final source: bajusctg-api
[2026-05-10T16:39:31.847Z] [INFO ] ══════════════════════════════════════════════
[2026-05-10T17:40:34.161Z] [INFO ] ══════════════════════════════════════════════
[2026-05-10T17:40:34.162Z] [INFO ] SonarGold Scraper v4.0 starting...
[2026-05-10T17:40:34.163Z] [INFO ] Mode: LIVE
[2026-05-10T17:40:34.163Z] [INFO ] ══════════════════════════════════════════════
[2026-05-10T17:40:34.165Z] [INFO ] History size — Gold: 212, Silver: 209, Intl: 236
[2026-05-10T17:40:34.165Z] [INFO ] ════════════════════════════════
[2026-05-10T17:40:34.166Z] [INFO ] Starting BAJUS scrape v4.0 (sequential)...
[2026-05-10T17:40:34.166Z] [INFO ] Trying Strategy 1: BAJUSCTG API...
[2026-05-10T17:40:35.201Z] [INFO ] ✓ BAJUSCTG success: 22K gram ≈ 20980
[2026-05-10T17:40:35.202Z] [INFO ] SUCCESS — Source: bajusctg-api
[2026-05-10T17:40:35.203Z] [INFO ] Fetching international prices...
[2026-05-10T17:40:35.380Z] [INFO ] Gold: no change — skipping append
[2026-05-10T17:40:35.381Z] [INFO ] Silver: no change — skipping append
[2026-05-10T17:40:35.381Z] [INFO ] Intl: no change — skipping append
[2026-05-10T17:40:35.396Z] [INFO ] latest.json written | Final source: bajusctg-api
[2026-05-10T17:40:35.396Z] [INFO ] ══════════════════════════════════════════════
[2026-05-10T18:42:38.655Z] [INFO ] ══════════════════════════════════════════════
[2026-05-10T18:42:38.657Z] [INFO ] SonarGold Scraper v4.0 starting...
[2026-05-10T18:42:38.657Z] [INFO ] Mode: LIVE
[2026-05-10T18:42:38.657Z] [INFO ] ══════════════════════════════════════════════
[2026-05-10T18:42:38.659Z] [INFO ] History size — Gold: 212, Silver: 209, Intl: 236
[2026-05-10T18:42:38.660Z] [INFO ] ════════════════════════════════
[2026-05-10T18:42:38.660Z] [INFO ] Starting BAJUS scrape v4.0 (sequential)...
[2026-05-10T18:42:38.660Z] [INFO ] Trying Strategy 1: BAJUSCTG API...
[2026-05-10T18:42:40.392Z] [INFO ] ✓ BAJUSCTG success: 22K gram ≈ 20980
[2026-05-10T18:42:40.392Z] [INFO ] SUCCESS — Source: bajusctg-api
[2026-05-10T18:42:40.393Z] [INFO ] Fetching international prices...
[2026-05-10T18:42:40.650Z] [INFO ] Gold: no change — skipping append
[2026-05-10T18:42:40.650Z] [INFO ] Silver: no change — skipping append
[2026-05-10T18:42:40.651Z] [INFO ] Intl: no change — skipping append
[2026-05-10T18:42:40.670Z] [INFO ] latest.json written | Final source: bajusctg-api
[2026-05-10T18:42:40.670Z] [INFO ] ══════════════════════════════════════════════
[2026-05-10T19:50:32.400Z] [INFO ] ══════════════════════════════════════════════
[2026-05-10T19:50:32.401Z] [INFO ] SonarGold Scraper v4.0 starting...
[2026-05-10T19:50:32.402Z] [INFO ] Mode: LIVE
[2026-05-10T19:50:32.402Z] [INFO ] ══════════════════════════════════════════════
[2026-05-10T19:50:32.404Z] [INFO ] History size — Gold: 212, Silver: 209, Intl: 236
[2026-05-10T19:50:32.404Z] [INFO ] ════════════════════════════════
[2026-05-10T19:50:32.405Z] [INFO ] Starting BAJUS scrape v4.0 (sequential)...
[2026-05-10T19:50:32.405Z] [INFO ] Trying Strategy 1: BAJUSCTG API...
[2026-05-10T19:50:34.138Z] [INFO ] ✓ BAJUSCTG success: 22K gram ≈ 20980
[2026-05-10T19:50:34.138Z] [INFO ] SUCCESS — Source: bajusctg-api
[2026-05-10T19:50:34.139Z] [INFO ] Fetching international prices...
[2026-05-10T19:50:34.706Z] [INFO ] Gold: no change — skipping append
[2026-05-10T19:50:34.706Z] [INFO ] Silver: no change — skipping append
[2026-05-10T19:50:34.707Z] [INFO ] Intl: no change — skipping append
[2026-05-10T19:50:34.728Z] [INFO ] latest.json written | Final source: bajusctg-api
[2026-05-10T19:50:34.729Z] [INFO ] ══════════════════════════════════════════════
