[2026-05-24T01:56:43.985Z] [INFO ] ══════════════════════════════════════════════
[2026-05-24T01:56:43.987Z] [INFO ] SonarGold Scraper v4.0 starting...
[2026-05-24T01:56:43.988Z] [INFO ] Mode: LIVE
[2026-05-24T01:56:43.989Z] [INFO ] ══════════════════════════════════════════════
[2026-05-24T01:56:43.991Z] [INFO ] History size — Gold: 217, Silver: 210, Intl: 249
[2026-05-24T01:56:43.992Z] [INFO ] ════════════════════════════════
[2026-05-24T01:56:43.992Z] [INFO ] Starting BAJUS scrape v4.0 (sequential)...
[2026-05-24T01:56:43.993Z] [INFO ] Trying Strategy 1: BAJUSCTG API...
[2026-05-24T01:56:44.337Z] [INFO ] ✓ BAJUSCTG success: 22K gram ≈ 20230
[2026-05-24T01:56:44.338Z] [INFO ] SUCCESS — Source: bajusctg-api
[2026-05-24T01:56:44.339Z] [INFO ] Fetching international prices...
[2026-05-24T01:56:44.943Z] [INFO ] Gold: no change — skipping append
[2026-05-24T01:56:44.943Z] [INFO ] Silver: no change — skipping append
[2026-05-24T01:56:44.944Z] [INFO ] Intl: appended entry #250
[2026-05-24T01:56:44.960Z] [INFO ] latest.json written | Final source: bajusctg-api
[2026-05-24T01:56:44.960Z] [INFO ] ══════════════════════════════════════════════
[2026-05-24T05:54:57.721Z] [INFO ] ══════════════════════════════════════════════
[2026-05-24T05:54:57.722Z] [INFO ] SonarGold Scraper v4.0 starting...
[2026-05-24T05:54:57.723Z] [INFO ] Mode: LIVE
[2026-05-24T05:54:57.723Z] [INFO ] ══════════════════════════════════════════════
[2026-05-24T05:54:57.725Z] [INFO ] History size — Gold: 217, Silver: 210, Intl: 250
[2026-05-24T05:54:57.725Z] [INFO ] ════════════════════════════════
[2026-05-24T05:54:57.725Z] [INFO ] Starting BAJUS scrape v4.0 (sequential)...
[2026-05-24T05:54:57.726Z] [INFO ] Trying Strategy 1: BAJUSCTG API...
[2026-05-24T05:54:58.755Z] [INFO ] ✓ BAJUSCTG success: 22K gram ≈ 20230
[2026-05-24T05:54:58.755Z] [INFO ] SUCCESS — Source: bajusctg-api
[2026-05-24T05:54:58.756Z] [INFO ] Fetching international prices...
[2026-05-24T05:54:59.340Z] [INFO ] Gold: no change — skipping append
[2026-05-24T05:54:59.341Z] [INFO ] Silver: no change — skipping append
[2026-05-24T05:54:59.341Z] [INFO ] Intl: no change — skipping append
[2026-05-24T05:54:59.352Z] [INFO ] latest.json written | Final source: bajusctg-api
[2026-05-24T05:54:59.353Z] [INFO ] ══════════════════════════════════════════════
[2026-05-24T08:13:23.390Z] [INFO ] ══════════════════════════════════════════════
[2026-05-24T08:13:23.391Z] [INFO ] SonarGold Scraper v4.0 starting...
[2026-05-24T08:13:23.391Z] [INFO ] Mode: LIVE
[2026-05-24T08:13:23.392Z] [INFO ] ══════════════════════════════════════════════
[2026-05-24T08:13:23.393Z] [INFO ] History size — Gold: 217, Silver: 210, Intl: 250
[2026-05-24T08:13:23.394Z] [INFO ] ════════════════════════════════
[2026-05-24T08:13:23.395Z] [INFO ] Starting BAJUS scrape v4.0 (sequential)...
[2026-05-24T08:13:23.395Z] [INFO ] Trying Strategy 1: BAJUSCTG API...
[2026-05-24T08:13:25.038Z] [INFO ] ✓ BAJUSCTG success: 22K gram ≈ 20230
[2026-05-24T08:13:25.039Z] [INFO ] SUCCESS — Source: bajusctg-api
[2026-05-24T08:13:25.039Z] [INFO ] Fetching international prices...
[2026-05-24T08:13:25.499Z] [INFO ] Gold: no change — skipping append
[2026-05-24T08:13:25.499Z] [INFO ] Silver: no change — skipping append
[2026-05-24T08:13:25.500Z] [INFO ] Intl: no change — skipping append
[2026-05-24T08:13:25.694Z] [INFO ] latest.json written | Final source: bajusctg-api
[2026-05-24T08:13:25.695Z] [INFO ] ══════════════════════════════════════════════
[2026-05-24T10:24:46.273Z] [INFO ] ══════════════════════════════════════════════
[2026-05-24T10:24:46.275Z] [INFO ] SonarGold Scraper v4.0 starting...
[2026-05-24T10:24:46.275Z] [INFO ] Mode: LIVE
[2026-05-24T10:24:46.276Z] [INFO ] ══════════════════════════════════════════════
[2026-05-24T10:24:46.278Z] [INFO ] History size — Gold: 217, Silver: 210, Intl: 250
[2026-05-24T10:24:46.278Z] [INFO ] ════════════════════════════════
[2026-05-24T10:24:46.279Z] [INFO ] Starting BAJUS scrape v4.0 (sequential)...
[2026-05-24T10:24:46.280Z] [INFO ] Trying Strategy 1: BAJUSCTG API...
[2026-05-24T10:24:47.761Z] [INFO ] ✓ BAJUSCTG success: 22K gram ≈ 20230
[2026-05-24T10:24:47.762Z] [INFO ] SUCCESS — Source: bajusctg-api
[2026-05-24T10:24:47.763Z] [INFO ] Fetching international prices...
[2026-05-24T10:24:48.307Z] [INFO ] Gold: no change — skipping append
[2026-05-24T10:24:48.307Z] [INFO ] Silver: no change — skipping append
[2026-05-24T10:24:48.308Z] [INFO ] Intl: no change — skipping append
[2026-05-24T10:24:48.323Z] [INFO ] latest.json written | Final source: bajusctg-api
[2026-05-24T10:24:48.323Z] [INFO ] ══════════════════════════════════════════════
