[2026-04-17T01:18:18.120Z] [INFO ] ══════════════════════════════════════════════
[2026-04-17T01:18:18.121Z] [INFO ] SonarGold Scraper v4.0 starting...
[2026-04-17T01:18:18.121Z] [INFO ] Mode: LIVE
[2026-04-17T01:18:18.122Z] [INFO ] ══════════════════════════════════════════════
[2026-04-17T01:18:18.123Z] [INFO ] History size — Gold: 203, Silver: 203, Intl: 212
[2026-04-17T01:18:18.123Z] [INFO ] ════════════════════════════════
[2026-04-17T01:18:18.124Z] [INFO ] Starting BAJUS scrape v4.0 (sequential)...
[2026-04-17T01:18:18.124Z] [INFO ] Trying Strategy 1: BAJUSCTG API...
[2026-04-17T01:18:19.976Z] [INFO ] ✓ BAJUSCTG success: 22K gram ≈ 21450
[2026-04-17T01:18:19.977Z] [INFO ] SUCCESS — Source: bajusctg-api
[2026-04-17T01:18:19.977Z] [INFO ] Fetching international prices...
[2026-04-17T01:18:20.250Z] [INFO ] Gold: no change — skipping append
[2026-04-17T01:18:20.251Z] [INFO ] Silver: no change — skipping append
[2026-04-17T01:18:20.251Z] [INFO ] Intl: appended entry #213
[2026-04-17T01:18:20.270Z] [INFO ] latest.json written | Final source: bajusctg-api
[2026-04-17T01:18:20.270Z] [INFO ] ══════════════════════════════════════════════
[2026-04-17T04:39:20.924Z] [INFO ] ══════════════════════════════════════════════
[2026-04-17T04:39:20.925Z] [INFO ] SonarGold Scraper v4.0 starting...
[2026-04-17T04:39:20.925Z] [INFO ] Mode: LIVE
[2026-04-17T04:39:20.926Z] [INFO ] ══════════════════════════════════════════════
[2026-04-17T04:39:20.927Z] [INFO ] History size — Gold: 203, Silver: 203, Intl: 213
[2026-04-17T04:39:20.927Z] [INFO ] ════════════════════════════════
[2026-04-17T04:39:20.927Z] [INFO ] Starting BAJUS scrape v4.0 (sequential)...
[2026-04-17T04:39:20.928Z] [INFO ] Trying Strategy 1: BAJUSCTG API...
[2026-04-17T04:39:22.569Z] [INFO ] ✓ BAJUSCTG success: 22K gram ≈ 21450
[2026-04-17T04:39:22.569Z] [INFO ] SUCCESS — Source: bajusctg-api
[2026-04-17T04:39:22.570Z] [INFO ] Fetching international prices...
[2026-04-17T04:39:22.888Z] [INFO ] Gold: no change — skipping append
[2026-04-17T04:39:22.888Z] [INFO ] Silver: no change — skipping append
[2026-04-17T04:39:22.888Z] [INFO ] Intl: updated same-day entry
[2026-04-17T04:39:22.957Z] [INFO ] latest.json written | Final source: bajusctg-api
[2026-04-17T04:39:22.957Z] [INFO ] ══════════════════════════════════════════════
[2026-04-17T06:27:48.369Z] [INFO ] ══════════════════════════════════════════════
[2026-04-17T06:27:48.371Z] [INFO ] SonarGold Scraper v4.0 starting...
[2026-04-17T06:27:48.371Z] [INFO ] Mode: LIVE
[2026-04-17T06:27:48.371Z] [INFO ] ══════════════════════════════════════════════
[2026-04-17T06:27:48.373Z] [INFO ] History size — Gold: 203, Silver: 203, Intl: 213
[2026-04-17T06:27:48.373Z] [INFO ] ════════════════════════════════
[2026-04-17T06:27:48.373Z] [INFO ] Starting BAJUS scrape v4.0 (sequential)...
[2026-04-17T06:27:48.374Z] [INFO ] Trying Strategy 1: BAJUSCTG API...
[2026-04-17T06:27:50.120Z] [INFO ] ✓ BAJUSCTG success: 22K gram ≈ 21450
[2026-04-17T06:27:50.121Z] [INFO ] SUCCESS — Source: bajusctg-api
[2026-04-17T06:27:50.121Z] [INFO ] Fetching international prices...
[2026-04-17T06:27:50.834Z] [INFO ] Gold: no change — skipping append
[2026-04-17T06:27:50.834Z] [INFO ] Silver: no change — skipping append
[2026-04-17T06:27:50.834Z] [INFO ] Intl: updated same-day entry
[2026-04-17T06:27:50.848Z] [INFO ] latest.json written | Final source: bajusctg-api
[2026-04-17T06:27:50.849Z] [INFO ] ══════════════════════════════════════════════
[2026-04-17T08:20:03.005Z] [INFO ] ══════════════════════════════════════════════
[2026-04-17T08:20:03.007Z] [INFO ] SonarGold Scraper v4.0 starting...
[2026-04-17T08:20:03.008Z] [INFO ] Mode: LIVE
[2026-04-17T08:20:03.008Z] [INFO ] ══════════════════════════════════════════════
[2026-04-17T08:20:03.010Z] [INFO ] History size — Gold: 203, Silver: 203, Intl: 213
[2026-04-17T08:20:03.011Z] [INFO ] ════════════════════════════════
[2026-04-17T08:20:03.011Z] [INFO ] Starting BAJUS scrape v4.0 (sequential)...
[2026-04-17T08:20:03.011Z] [INFO ] Trying Strategy 1: BAJUSCTG API...
[2026-04-17T08:20:04.822Z] [INFO ] ✓ BAJUSCTG success: 22K gram ≈ 21450
[2026-04-17T08:20:04.822Z] [INFO ] SUCCESS — Source: bajusctg-api
[2026-04-17T08:20:04.822Z] [INFO ] Fetching international prices...
[2026-04-17T08:20:05.433Z] [INFO ] Gold: no change — skipping append
[2026-04-17T08:20:05.433Z] [INFO ] Silver: no change — skipping append
[2026-04-17T08:20:05.433Z] [INFO ] Intl: updated same-day entry
[2026-04-17T08:20:05.448Z] [INFO ] latest.json written | Final source: bajusctg-api
[2026-04-17T08:20:05.448Z] [INFO ] ══════════════════════════════════════════════
[2026-04-17T10:02:54.626Z] [INFO ] ══════════════════════════════════════════════
[2026-04-17T10:02:54.627Z] [INFO ] SonarGold Scraper v4.0 starting...
[2026-04-17T10:02:54.627Z] [INFO ] Mode: LIVE
[2026-04-17T10:02:54.628Z] [INFO ] ══════════════════════════════════════════════
[2026-04-17T10:02:54.629Z] [INFO ] History size — Gold: 203, Silver: 203, Intl: 213
[2026-04-17T10:02:54.629Z] [INFO ] ════════════════════════════════
[2026-04-17T10:02:54.629Z] [INFO ] Starting BAJUS scrape v4.0 (sequential)...
[2026-04-17T10:02:54.630Z] [INFO ] Trying Strategy 1: BAJUSCTG API...
[2026-04-17T10:02:56.303Z] [INFO ] ✓ BAJUSCTG success: 22K gram ≈ 21450
[2026-04-17T10:02:56.304Z] [INFO ] SUCCESS — Source: bajusctg-api
[2026-04-17T10:02:56.304Z] [INFO ] Fetching international prices...
[2026-04-17T10:02:56.381Z] [INFO ] Gold: no change — skipping append
[2026-04-17T10:02:56.381Z] [INFO ] Silver: no change — skipping append
[2026-04-17T10:02:56.381Z] [INFO ] Intl: updated same-day entry
[2026-04-17T10:02:56.393Z] [INFO ] latest.json written | Final source: bajusctg-api
[2026-04-17T10:02:56.393Z] [INFO ] ══════════════════════════════════════════════
[2026-04-17T11:41:00.916Z] [INFO ] ══════════════════════════════════════════════
[2026-04-17T11:41:00.918Z] [INFO ] SonarGold Scraper v4.0 starting...
[2026-04-17T11:41:00.918Z] [INFO ] Mode: LIVE
[2026-04-17T11:41:00.918Z] [INFO ] ══════════════════════════════════════════════
[2026-04-17T11:41:00.920Z] [INFO ] History size — Gold: 203, Silver: 203, Intl: 213
[2026-04-17T11:41:00.920Z] [INFO ] ════════════════════════════════
[2026-04-17T11:41:00.920Z] [INFO ] Starting BAJUS scrape v4.0 (sequential)...
[2026-04-17T11:41:00.921Z] [INFO ] Trying Strategy 1: BAJUSCTG API...
[2026-04-17T11:41:02.462Z] [WARN ] BAJUSCTG API failed: HTTP 401
[2026-04-17T11:41:02.463Z] [INFO ] Trying BAJUSCTG HTML fallback...
[2026-04-17T11:41:04.402Z] [WARN ] BAJUSCTG HTML failed: HTTP 401
[2026-04-17T11:41:04.403Z] [INFO ] Trying Strategy 2: GoldR.org homepage...
[2026-04-17T11:41:04.832Z] [WARN ] GoldR.org parsed but data invalid
[2026-04-17T11:41:04.832Z] [INFO ] Trying Strategy 3: bdgoldprice.com...
[2026-04-17T11:41:05.128Z] [INFO ] Trying Strategy 4: Wayback Machine...
[2026-04-17T11:41:06.422Z] [INFO ] Using cached prices from 2026-04-15 (55h old)
[2026-04-17T11:41:06.423Z] [WARN ] ALL LIVE SOURCES FAILED — Using cached prices (mandatory fallback)
[2026-04-17T11:41:06.423Z] [INFO ] Fetching international prices...
[2026-04-17T11:41:06.911Z] [INFO ] Gold: no change — skipping append
[2026-04-17T11:41:06.911Z] [INFO ] Silver: no change — skipping append
[2026-04-17T11:41:06.912Z] [INFO ] Intl: updated same-day entry
[2026-04-17T11:41:06.985Z] [INFO ] latest.json written | Final source: cache
[2026-04-17T11:41:06.986Z] [INFO ] ══════════════════════════════════════════════
[2026-04-17T12:51:18.820Z] [INFO ] ══════════════════════════════════════════════
[2026-04-17T12:51:18.821Z] [INFO ] SonarGold Scraper v4.0 starting...
[2026-04-17T12:51:18.822Z] [INFO ] Mode: LIVE
[2026-04-17T12:51:18.822Z] [INFO ] ══════════════════════════════════════════════
[2026-04-17T12:51:18.824Z] [INFO ] History size — Gold: 203, Silver: 203, Intl: 213
[2026-04-17T12:51:18.825Z] [INFO ] ════════════════════════════════
[2026-04-17T12:51:18.825Z] [INFO ] Starting BAJUS scrape v4.0 (sequential)...
[2026-04-17T12:51:18.825Z] [INFO ] Trying Strategy 1: BAJUSCTG API...
[2026-04-17T12:51:20.635Z] [INFO ] ✓ BAJUSCTG success: 22K gram ≈ 21450
[2026-04-17T12:51:20.636Z] [INFO ] SUCCESS — Source: bajusctg-api
[2026-04-17T12:51:20.636Z] [INFO ] Fetching international prices...
[2026-04-17T12:51:21.241Z] [INFO ] Gold: no change — skipping append
[2026-04-17T12:51:21.241Z] [INFO ] Silver: no change — skipping append
[2026-04-17T12:51:21.241Z] [INFO ] Intl: updated same-day entry
[2026-04-17T12:51:21.256Z] [INFO ] latest.json written | Final source: bajusctg-api
[2026-04-17T12:51:21.256Z] [INFO ] ══════════════════════════════════════════════
[2026-04-17T14:15:10.100Z] [INFO ] ══════════════════════════════════════════════
[2026-04-17T14:15:10.101Z] [INFO ] SonarGold Scraper v4.0 starting...
[2026-04-17T14:15:10.102Z] [INFO ] Mode: LIVE
[2026-04-17T14:15:10.102Z] [INFO ] ══════════════════════════════════════════════
[2026-04-17T14:15:10.103Z] [INFO ] History size — Gold: 203, Silver: 203, Intl: 213
[2026-04-17T14:15:10.104Z] [INFO ] ════════════════════════════════
[2026-04-17T14:15:10.104Z] [INFO ] Starting BAJUS scrape v4.0 (sequential)...
[2026-04-17T14:15:10.104Z] [INFO ] Trying Strategy 1: BAJUSCTG API...
[2026-04-17T14:15:11.918Z] [INFO ] ✓ BAJUSCTG success: 22K gram ≈ 21450
[2026-04-17T14:15:11.919Z] [INFO ] SUCCESS — Source: bajusctg-api
[2026-04-17T14:15:11.919Z] [INFO ] Fetching international prices...
[2026-04-17T14:15:12.189Z] [INFO ] Gold: no change — skipping append
[2026-04-17T14:15:12.190Z] [INFO ] Silver: no change — skipping append
[2026-04-17T14:15:12.190Z] [INFO ] Intl: updated same-day entry
[2026-04-17T14:15:12.205Z] [INFO ] latest.json written | Final source: bajusctg-api
[2026-04-17T14:15:12.205Z] [INFO ] ══════════════════════════════════════════════
