[2026-07-16T02:55:10.968Z] [INFO ] ══════════════════════════════════════════════
[2026-07-16T02:55:10.970Z] [INFO ] SonarGold Scraper v4.0 starting...
[2026-07-16T02:55:10.971Z] [INFO ] Mode: LIVE
[2026-07-16T02:55:10.972Z] [INFO ] ══════════════════════════════════════════════
[2026-07-16T02:55:10.975Z] [INFO ] History size — Gold: 239, Silver: 228, Intl: 301
[2026-07-16T02:55:10.976Z] [INFO ] ════════════════════════════════
[2026-07-16T02:55:10.979Z] [INFO ] Starting BAJUS scrape v4.0 (sequential)...
[2026-07-16T02:55:10.980Z] [INFO ] Trying Strategy 1: BAJUSCTG API...
[2026-07-16T02:55:11.311Z] [INFO ] ✓ BAJUSCTG success: 22K gram ≈ 18845
[2026-07-16T02:55:11.312Z] [INFO ] SUCCESS — Source: bajusctg-api
[2026-07-16T02:55:11.313Z] [INFO ] Fetching international prices...
[2026-07-16T02:55:11.674Z] [INFO ] Gold: no change — skipping append
[2026-07-16T02:55:11.675Z] [INFO ] Silver: no change — skipping append
[2026-07-16T02:55:11.676Z] [INFO ] Intl: appended entry #302
[2026-07-16T02:55:11.697Z] [INFO ] latest.json written | Final source: bajusctg-api
[2026-07-16T02:55:11.697Z] [INFO ] ══════════════════════════════════════════════
[2026-07-16T05:44:39.709Z] [INFO ] ══════════════════════════════════════════════
[2026-07-16T05:44:39.711Z] [INFO ] SonarGold Scraper v4.0 starting...
[2026-07-16T05:44:39.712Z] [INFO ] Mode: LIVE
[2026-07-16T05:44:39.713Z] [INFO ] ══════════════════════════════════════════════
[2026-07-16T05:44:39.716Z] [INFO ] History size — Gold: 239, Silver: 228, Intl: 302
[2026-07-16T05:44:39.717Z] [INFO ] ════════════════════════════════
[2026-07-16T05:44:39.719Z] [INFO ] Starting BAJUS scrape v4.0 (sequential)...
[2026-07-16T05:44:39.720Z] [INFO ] Trying Strategy 1: BAJUSCTG API...
[2026-07-16T05:44:39.870Z] [INFO ] ✓ BAJUSCTG success: 22K gram ≈ 18845
[2026-07-16T05:44:39.871Z] [INFO ] SUCCESS — Source: bajusctg-api
[2026-07-16T05:44:39.872Z] [INFO ] Fetching international prices...
[2026-07-16T05:44:40.067Z] [INFO ] Gold: no change — skipping append
[2026-07-16T05:44:40.068Z] [INFO ] Silver: no change — skipping append
[2026-07-16T05:44:40.069Z] [INFO ] Intl: updated same-day entry
[2026-07-16T05:44:40.085Z] [INFO ] latest.json written | Final source: bajusctg-api
[2026-07-16T05:44:40.086Z] [INFO ] ══════════════════════════════════════════════
[2026-07-16T08:20:58.398Z] [INFO ] ══════════════════════════════════════════════
[2026-07-16T08:20:58.400Z] [INFO ] SonarGold Scraper v4.0 starting...
[2026-07-16T08:20:58.401Z] [INFO ] Mode: LIVE
[2026-07-16T08:20:58.402Z] [INFO ] ══════════════════════════════════════════════
[2026-07-16T08:20:58.405Z] [INFO ] History size — Gold: 239, Silver: 228, Intl: 302
[2026-07-16T08:20:58.406Z] [INFO ] ════════════════════════════════
[2026-07-16T08:20:58.408Z] [INFO ] Starting BAJUS scrape v4.0 (sequential)...
[2026-07-16T08:20:58.409Z] [INFO ] Trying Strategy 1: BAJUSCTG API...
[2026-07-16T08:20:58.885Z] [INFO ] ✓ BAJUSCTG success: 22K gram ≈ 18845
[2026-07-16T08:20:58.886Z] [INFO ] SUCCESS — Source: bajusctg-api
[2026-07-16T08:20:58.887Z] [INFO ] Fetching international prices...
[2026-07-16T08:20:59.325Z] [INFO ] Gold: no change — skipping append
[2026-07-16T08:20:59.326Z] [INFO ] Silver: no change — skipping append
[2026-07-16T08:20:59.327Z] [INFO ] Intl: updated same-day entry
[2026-07-16T08:20:59.668Z] [INFO ] latest.json written | Final source: bajusctg-api
[2026-07-16T08:20:59.669Z] [INFO ] ══════════════════════════════════════════════
[2026-07-16T10:28:30.147Z] [INFO ] ══════════════════════════════════════════════
[2026-07-16T10:28:30.149Z] [INFO ] SonarGold Scraper v4.0 starting...
[2026-07-16T10:28:30.150Z] [INFO ] Mode: LIVE
[2026-07-16T10:28:30.151Z] [INFO ] ══════════════════════════════════════════════
[2026-07-16T10:28:30.153Z] [INFO ] History size — Gold: 239, Silver: 228, Intl: 302
[2026-07-16T10:28:30.154Z] [INFO ] ════════════════════════════════
[2026-07-16T10:28:30.157Z] [INFO ] Starting BAJUS scrape v4.0 (sequential)...
[2026-07-16T10:28:30.157Z] [INFO ] Trying Strategy 1: BAJUSCTG API...
[2026-07-16T10:28:30.541Z] [INFO ] ✓ BAJUSCTG success: 22K gram ≈ 18845
[2026-07-16T10:28:30.541Z] [INFO ] SUCCESS — Source: bajusctg-api
[2026-07-16T10:28:30.542Z] [INFO ] Fetching international prices...
[2026-07-16T10:28:31.086Z] [INFO ] Gold: no change — skipping append
[2026-07-16T10:28:31.087Z] [INFO ] Silver: no change — skipping append
[2026-07-16T10:28:31.087Z] [INFO ] Intl: updated same-day entry
[2026-07-16T10:28:31.103Z] [INFO ] latest.json written | Final source: bajusctg-api
[2026-07-16T10:28:31.103Z] [INFO ] ══════════════════════════════════════════════
[2026-07-16T12:04:50.053Z] [INFO ] ══════════════════════════════════════════════
[2026-07-16T12:04:50.055Z] [INFO ] SonarGold Scraper v4.0 starting...
[2026-07-16T12:04:50.055Z] [INFO ] Mode: LIVE
[2026-07-16T12:04:50.056Z] [INFO ] ══════════════════════════════════════════════
[2026-07-16T12:04:50.058Z] [INFO ] History size — Gold: 239, Silver: 228, Intl: 302
[2026-07-16T12:04:50.059Z] [INFO ] ════════════════════════════════
[2026-07-16T12:04:50.061Z] [INFO ] Starting BAJUS scrape v4.0 (sequential)...
[2026-07-16T12:04:50.062Z] [INFO ] Trying Strategy 1: BAJUSCTG API...
[2026-07-16T12:04:50.208Z] [INFO ] ✓ BAJUSCTG success: 22K gram ≈ 18845
[2026-07-16T12:04:50.209Z] [INFO ] SUCCESS — Source: bajusctg-api
[2026-07-16T12:04:50.210Z] [INFO ] Fetching international prices...
[2026-07-16T12:04:50.952Z] [INFO ] Gold: no change — skipping append
[2026-07-16T12:04:50.952Z] [INFO ] Silver: no change — skipping append
[2026-07-16T12:04:50.953Z] [INFO ] Intl: updated same-day entry
[2026-07-16T12:04:50.971Z] [INFO ] latest.json written | Final source: bajusctg-api
[2026-07-16T12:04:50.972Z] [INFO ] ══════════════════════════════════════════════
