[2026-07-04T00:09:44.172Z] [INFO ] ══════════════════════════════════════════════
[2026-07-04T00:09:44.174Z] [INFO ] SonarGold Scraper v4.0 starting...
[2026-07-04T00:09:44.175Z] [INFO ] Mode: LIVE
[2026-07-04T00:09:44.176Z] [INFO ] ══════════════════════════════════════════════
[2026-07-04T00:09:44.178Z] [INFO ] History size — Gold: 234, Silver: 225, Intl: 289
[2026-07-04T00:09:44.179Z] [INFO ] ════════════════════════════════
[2026-07-04T00:09:44.183Z] [INFO ] Starting BAJUS scrape v4.0 (sequential)...
[2026-07-04T00:09:44.184Z] [INFO ] Trying Strategy 1: BAJUSCTG API...
[2026-07-04T00:09:44.588Z] [INFO ] ✓ BAJUSCTG success: 22K gram ≈ 19595
[2026-07-04T00:09:44.589Z] [INFO ] SUCCESS — Source: bajusctg-api
[2026-07-04T00:09:44.590Z] [INFO ] Fetching international prices...
[2026-07-04T00:09:45.284Z] [INFO ] Gold: no change — skipping append
[2026-07-04T00:09:45.285Z] [INFO ] Silver: no change — skipping append
[2026-07-04T00:09:45.285Z] [INFO ] Intl: no change — skipping append
[2026-07-04T00:09:45.300Z] [INFO ] latest.json written | Final source: bajusctg-api
[2026-07-04T00:09:45.301Z] [INFO ] ══════════════════════════════════════════════
[2026-07-04T04:21:13.997Z] [INFO ] ══════════════════════════════════════════════
[2026-07-04T04:21:13.999Z] [INFO ] SonarGold Scraper v4.0 starting...
[2026-07-04T04:21:13.999Z] [INFO ] Mode: LIVE
[2026-07-04T04:21:14.000Z] [INFO ] ══════════════════════════════════════════════
[2026-07-04T04:21:14.002Z] [INFO ] History size — Gold: 234, Silver: 225, Intl: 289
[2026-07-04T04:21:14.003Z] [INFO ] ════════════════════════════════
[2026-07-04T04:21:14.004Z] [INFO ] Starting BAJUS scrape v4.0 (sequential)...
[2026-07-04T04:21:14.006Z] [INFO ] Trying Strategy 1: BAJUSCTG API...
[2026-07-04T04:21:14.898Z] [INFO ] ✓ BAJUSCTG success: 22K gram ≈ 19595
[2026-07-04T04:21:14.899Z] [INFO ] SUCCESS — Source: bajusctg-api
[2026-07-04T04:21:14.900Z] [INFO ] Fetching international prices...
[2026-07-04T04:21:15.342Z] [INFO ] Gold: no change — skipping append
[2026-07-04T04:21:15.343Z] [INFO ] Silver: no change — skipping append
[2026-07-04T04:21:15.343Z] [INFO ] Intl: appended entry #290
[2026-07-04T04:21:15.358Z] [INFO ] latest.json written | Final source: bajusctg-api
[2026-07-04T04:21:15.359Z] [INFO ] ══════════════════════════════════════════════
