[2026-04-01T04:14:43.269Z] [INFO ] ══════════════════════════════════════════════
[2026-04-01T04:14:43.271Z] [INFO ] SonarGold Scraper v2 (Fixed) starting…
[2026-04-01T04:14:43.271Z] [INFO ] Mode: LIVE | Source: all
[2026-04-01T04:14:43.272Z] [INFO ] ══════════════════════════════════════════════
[2026-04-01T04:14:43.273Z] [INFO ] History — gold:196 silver:196 intl:196
[2026-04-01T04:14:43.273Z] [INFO ] Starting BAJUS scrape (Puppeteer + stealth)…
[2026-04-01T04:14:43.847Z] [INFO ] Attempt 1: GET https://bajus.org/gold-price
[2026-04-01T04:14:44.170Z] [WARN ] HTTP 403 — skipping
[2026-04-01T04:14:44.659Z] [INFO ] Attempt 1: GET https://www.bajus.org/gold-price
[2026-04-01T04:14:44.911Z] [WARN ] HTTP 403 — skipping
[2026-04-01T04:14:45.377Z] [INFO ] Attempt 1: GET https://bajus.org/index.php?action=goldprice
[2026-04-01T04:14:45.579Z] [WARN ] HTTP 403 — skipping
[2026-04-01T04:14:45.657Z] [ERROR] All BAJUS URLs failed
[2026-04-01T04:14:45.657Z] [ERROR] BAJUS failed — BD prices null this run
[2026-04-01T04:14:45.658Z] [INFO ] Fetching international prices from gold-api.com and open.er-api.com…
[2026-04-01T04:14:45.922Z] [ERROR] XAU fetch: request to https://api.gold-api.com/price/XAU failed, reason: getaddrinfo ENOTFOUND api.gold-api.com
[2026-04-01T04:14:46.017Z] [ERROR] XAG fetch: request to https://api.gold-api.com/price/XAG failed, reason: getaddrinfo ENOTFOUND api.gold-api.com
[2026-04-01T04:14:46.183Z] [INFO ] USD/BDT: 122.723389
[2026-04-01T04:14:46.183Z] [INFO ] Gold:   {"date":"2026-04-01","timestamp":"2026-04-01T04:14:43.273Z","bajus_g22":null,"bajus_g21":null,"bajus_g18":null,"bajus_gtr":null,"bajus_g22_vori":null,"bajus_g21_vori":null,"bajus_g18_vori":null,"bajus_gtr_vori":null}
[2026-04-01T04:14:46.184Z] [INFO ] Silver: {"date":"2026-04-01","timestamp":"2026-04-01T04:14:43.273Z","bajus_s22":null,"bajus_s21":null,"bajus_s18":null,"bajus_str":null,"bajus_s22_vori":null,"bajus_s21_vori":null,"bajus_s18_vori":null,"bajus_str_vori":null}
[2026-04-01T04:14:46.184Z] [INFO ] Intl:   {"date":"2026-04-01","timestamp":"2026-04-01T04:14:43.273Z","gold_usd_oz":null,"gold_prev_usd_oz":null,"gold_chg_usd":null,"gold_chg_pct":null,"gold_gram_bdt":null,"silver_usd_oz":null,"silver_prev_usd_oz":null,"silver_chg_usd":null,"silver_chg_pct":null,"silver_gram_bdt":null,"usd_bdt":122.723389}
[2026-04-01T04:14:46.184Z] [INFO ] Gold: appended entry #197 (2026-04-01)
[2026-04-01T04:14:46.185Z] [INFO ] Silver: appended entry #197 (2026-04-01)
[2026-04-01T04:14:46.185Z] [INFO ] Intl: appended entry #197 (2026-04-01)
[2026-04-01T04:14:46.204Z] [INFO ] latest.json written
[2026-04-01T04:14:46.204Z] [INFO ] Done — gold:stored silver:stored intl:stored
[2026-04-01T04:14:46.204Z] [INFO ] ══════════════════════════════════════════════
