[2026-06-01T02:12:57.323Z] [INFO ] ══════════════════════════════════════════════
[2026-06-01T02:12:57.324Z] [INFO ] SonarGold Scraper v4.0 starting...
[2026-06-01T02:12:57.325Z] [INFO ] Mode: LIVE
[2026-06-01T02:12:57.326Z] [INFO ] ══════════════════════════════════════════════
[2026-06-01T02:12:57.327Z] [INFO ] History size — Gold: 218, Silver: 211, Intl: 257
[2026-06-01T02:12:57.328Z] [INFO ] ════════════════════════════════
[2026-06-01T02:12:57.328Z] [INFO ] Starting BAJUS scrape v4.0 (sequential)...
[2026-06-01T02:12:57.329Z] [INFO ] Trying Strategy 1: BAJUSCTG API...
[2026-06-01T02:12:57.839Z] [WARN ] BAJUSCTG API failed: HTTP 526
[2026-06-01T02:12:57.840Z] [INFO ] Trying BAJUSCTG HTML fallback...
[2026-06-01T02:12:58.134Z] [WARN ] BAJUSCTG HTML failed: HTTP 526
[2026-06-01T02:12:58.134Z] [INFO ] Trying Strategy 2: GoldR.org homepage...
[2026-06-01T02:12:58.455Z] [WARN ] GoldR.org parsed but data invalid
[2026-06-01T02:12:58.456Z] [INFO ] Trying Strategy 3: bdgoldprice.com...
[2026-06-01T02:12:58.853Z] [INFO ] Trying Strategy 4: Wayback Machine...
[2026-06-01T02:12:59.742Z] [WARN ] Cache too old (163h)
[2026-06-01T02:12:59.742Z] [ERROR] CRITICAL FAILURE — All sources + cache unavailable. Using zero fallback.
[2026-06-01T02:12:59.743Z] [INFO ] Fetching international prices...
[2026-06-01T02:13:00.325Z] [INFO ] Gold: appended entry #219
[2026-06-01T02:13:00.326Z] [INFO ] Silver: appended entry #212
[2026-06-01T02:13:00.327Z] [INFO ] Intl: appended entry #258
[2026-06-01T02:13:00.358Z] [INFO ] latest.json written | Final source: fallback
[2026-06-01T02:13:00.359Z] [INFO ] ══════════════════════════════════════════════
