[2026-04-30T01:45:11.221Z] [INFO ] ══════════════════════════════════════════════
[2026-04-30T01:45:11.223Z] [INFO ] SonarGold Scraper v4.0 starting...
[2026-04-30T01:45:11.223Z] [INFO ] Mode: LIVE
[2026-04-30T01:45:11.223Z] [INFO ] ══════════════════════════════════════════════
[2026-04-30T01:45:11.224Z] [INFO ] History size — Gold: 208, Silver: 207, Intl: 225
[2026-04-30T01:45:11.225Z] [INFO ] ════════════════════════════════
[2026-04-30T01:45:11.225Z] [INFO ] Starting BAJUS scrape v4.0 (sequential)...
[2026-04-30T01:45:11.225Z] [INFO ] Trying Strategy 1: BAJUSCTG API...
[2026-04-30T01:45:12.801Z] [INFO ] ✓ BAJUSCTG success: 22K gram ≈ 20790
[2026-04-30T01:45:12.801Z] [INFO ] SUCCESS — Source: bajusctg-api
[2026-04-30T01:45:12.802Z] [INFO ] Fetching international prices...
[2026-04-30T01:45:13.157Z] [ERROR] XAU fetch failed: request to https://api.gold-api.com/price/XAU failed, reason: getaddrinfo ENOTFOUND api.gold-api.com
[2026-04-30T01:45:13.642Z] [INFO ] Gold: no change — skipping append
[2026-04-30T01:45:13.643Z] [INFO ] Silver: no change — skipping append
[2026-04-30T01:45:13.643Z] [INFO ] Intl: appended entry #226
[2026-04-30T01:45:13.655Z] [INFO ] latest.json written | Final source: bajusctg-api
[2026-04-30T01:45:13.655Z] [INFO ] ══════════════════════════════════════════════
[2026-04-30T05:19:56.164Z] [INFO ] ══════════════════════════════════════════════
[2026-04-30T05:19:56.166Z] [INFO ] SonarGold Scraper v4.0 starting...
[2026-04-30T05:19:56.166Z] [INFO ] Mode: LIVE
[2026-04-30T05:19:56.166Z] [INFO ] ══════════════════════════════════════════════
[2026-04-30T05:19:56.168Z] [INFO ] History size — Gold: 208, Silver: 207, Intl: 226
[2026-04-30T05:19:56.168Z] [INFO ] ════════════════════════════════
[2026-04-30T05:19:56.169Z] [INFO ] Starting BAJUS scrape v4.0 (sequential)...
[2026-04-30T05:19:56.169Z] [INFO ] Trying Strategy 1: BAJUSCTG API...
[2026-04-30T05:19:56.634Z] [INFO ] ✓ BAJUSCTG success: 22K gram ≈ 20605
[2026-04-30T05:19:56.635Z] [INFO ] SUCCESS — Source: bajusctg-api
[2026-04-30T05:19:56.635Z] [INFO ] Fetching international prices...
[2026-04-30T05:19:57.254Z] [INFO ] Gold: appended entry #209
[2026-04-30T05:19:57.255Z] [INFO ] Silver: no change — skipping append
[2026-04-30T05:19:57.255Z] [INFO ] Intl: updated same-day entry
[2026-04-30T05:19:57.270Z] [INFO ] latest.json written | Final source: bajusctg-api
[2026-04-30T05:19:57.270Z] [INFO ] ══════════════════════════════════════════════
[2026-04-30T07:58:31.880Z] [INFO ] ══════════════════════════════════════════════
[2026-04-30T07:58:31.882Z] [INFO ] SonarGold Scraper v4.0 starting...
[2026-04-30T07:58:31.882Z] [INFO ] Mode: LIVE
[2026-04-30T07:58:31.882Z] [INFO ] ══════════════════════════════════════════════
[2026-04-30T07:58:31.885Z] [INFO ] History size — Gold: 209, Silver: 207, Intl: 226
[2026-04-30T07:58:31.885Z] [INFO ] ════════════════════════════════
[2026-04-30T07:58:31.885Z] [INFO ] Starting BAJUS scrape v4.0 (sequential)...
[2026-04-30T07:58:31.886Z] [INFO ] Trying Strategy 1: BAJUSCTG API...
[2026-04-30T07:58:33.705Z] [INFO ] ✓ BAJUSCTG success: 22K gram ≈ 20605
[2026-04-30T07:58:33.705Z] [INFO ] SUCCESS — Source: bajusctg-api
[2026-04-30T07:58:33.706Z] [INFO ] Fetching international prices...
[2026-04-30T07:58:34.022Z] [INFO ] Gold: no change — skipping append
[2026-04-30T07:58:34.022Z] [INFO ] Silver: no change — skipping append
[2026-04-30T07:58:34.023Z] [INFO ] Intl: updated same-day entry
[2026-04-30T07:58:34.038Z] [INFO ] latest.json written | Final source: bajusctg-api
[2026-04-30T07:58:34.038Z] [INFO ] ══════════════════════════════════════════════
[2026-04-30T10:03:47.770Z] [INFO ] ══════════════════════════════════════════════
[2026-04-30T10:03:47.771Z] [INFO ] SonarGold Scraper v4.0 starting...
[2026-04-30T10:03:47.772Z] [INFO ] Mode: LIVE
[2026-04-30T10:03:47.772Z] [INFO ] ══════════════════════════════════════════════
[2026-04-30T10:03:47.774Z] [INFO ] History size — Gold: 209, Silver: 207, Intl: 226
[2026-04-30T10:03:47.774Z] [INFO ] ════════════════════════════════
[2026-04-30T10:03:47.774Z] [INFO ] Starting BAJUS scrape v4.0 (sequential)...
[2026-04-30T10:03:47.775Z] [INFO ] Trying Strategy 1: BAJUSCTG API...
[2026-04-30T10:03:49.592Z] [INFO ] ✓ BAJUSCTG success: 22K gram ≈ 20605
[2026-04-30T10:03:49.592Z] [INFO ] SUCCESS — Source: bajusctg-api
[2026-04-30T10:03:49.593Z] [INFO ] Fetching international prices...
[2026-04-30T10:03:49.909Z] [INFO ] Gold: no change — skipping append
[2026-04-30T10:03:49.909Z] [INFO ] Silver: no change — skipping append
[2026-04-30T10:03:49.909Z] [INFO ] Intl: updated same-day entry
[2026-04-30T10:03:49.984Z] [INFO ] latest.json written | Final source: bajusctg-api
[2026-04-30T10:03:49.985Z] [INFO ] ══════════════════════════════════════════════
[2026-04-30T12:06:34.616Z] [INFO ] ══════════════════════════════════════════════
[2026-04-30T12:06:34.617Z] [INFO ] SonarGold Scraper v4.0 starting...
[2026-04-30T12:06:34.617Z] [INFO ] Mode: LIVE
[2026-04-30T12:06:34.618Z] [INFO ] ══════════════════════════════════════════════
[2026-04-30T12:06:34.619Z] [INFO ] History size — Gold: 209, Silver: 207, Intl: 226
[2026-04-30T12:06:34.620Z] [INFO ] ════════════════════════════════
[2026-04-30T12:06:34.620Z] [INFO ] Starting BAJUS scrape v4.0 (sequential)...
[2026-04-30T12:06:34.620Z] [INFO ] Trying Strategy 1: BAJUSCTG API...
[2026-04-30T12:06:36.366Z] [INFO ] ✓ BAJUSCTG success: 22K gram ≈ 20605
[2026-04-30T12:06:36.366Z] [INFO ] SUCCESS — Source: bajusctg-api
[2026-04-30T12:06:36.367Z] [INFO ] Fetching international prices...
[2026-04-30T12:06:36.992Z] [INFO ] Gold: no change — skipping append
[2026-04-30T12:06:36.992Z] [INFO ] Silver: no change — skipping append
[2026-04-30T12:06:36.993Z] [INFO ] Intl: updated same-day entry
[2026-04-30T12:06:37.011Z] [INFO ] latest.json written | Final source: bajusctg-api
[2026-04-30T12:06:37.011Z] [INFO ] ══════════════════════════════════════════════
[2026-04-30T14:56:42.412Z] [INFO ] ══════════════════════════════════════════════
[2026-04-30T14:56:42.414Z] [INFO ] SonarGold Scraper v4.0 starting...
[2026-04-30T14:56:42.415Z] [INFO ] Mode: LIVE
[2026-04-30T14:56:42.415Z] [INFO ] ══════════════════════════════════════════════
[2026-04-30T14:56:42.418Z] [INFO ] History size — Gold: 209, Silver: 207, Intl: 226
[2026-04-30T14:56:42.418Z] [INFO ] ════════════════════════════════
[2026-04-30T14:56:42.419Z] [INFO ] Starting BAJUS scrape v4.0 (sequential)...
[2026-04-30T14:56:42.419Z] [INFO ] Trying Strategy 1: BAJUSCTG API...
[2026-04-30T14:56:42.930Z] [INFO ] ✓ BAJUSCTG success: 22K gram ≈ 20790
[2026-04-30T14:56:42.931Z] [INFO ] SUCCESS — Source: bajusctg-api
[2026-04-30T14:56:42.931Z] [INFO ] Fetching international prices...
[2026-04-30T14:56:43.432Z] [INFO ] Gold: updated same-day entry
[2026-04-30T14:56:43.433Z] [INFO ] Silver: no change — skipping append
[2026-04-30T14:56:43.433Z] [INFO ] Intl: updated same-day entry
[2026-04-30T14:56:43.448Z] [INFO ] latest.json written | Final source: bajusctg-api
[2026-04-30T14:56:43.448Z] [INFO ] ══════════════════════════════════════════════
[2026-04-30T16:13:43.580Z] [INFO ] ══════════════════════════════════════════════
[2026-04-30T16:13:43.582Z] [INFO ] SonarGold Scraper v4.0 starting...
[2026-04-30T16:13:43.582Z] [INFO ] Mode: LIVE
[2026-04-30T16:13:43.582Z] [INFO ] ══════════════════════════════════════════════
[2026-04-30T16:13:43.584Z] [INFO ] History size — Gold: 209, Silver: 207, Intl: 226
[2026-04-30T16:13:43.584Z] [INFO ] ════════════════════════════════
[2026-04-30T16:13:43.585Z] [INFO ] Starting BAJUS scrape v4.0 (sequential)...
[2026-04-30T16:13:43.585Z] [INFO ] Trying Strategy 1: BAJUSCTG API...
[2026-04-30T16:13:45.348Z] [INFO ] ✓ BAJUSCTG success: 22K gram ≈ 20790
[2026-04-30T16:13:45.348Z] [INFO ] SUCCESS — Source: bajusctg-api
[2026-04-30T16:13:45.349Z] [INFO ] Fetching international prices...
[2026-04-30T16:13:46.146Z] [INFO ] Gold: no change — skipping append
[2026-04-30T16:13:46.147Z] [INFO ] Silver: no change — skipping append
[2026-04-30T16:13:46.147Z] [INFO ] Intl: updated same-day entry
[2026-04-30T16:13:46.166Z] [INFO ] latest.json written | Final source: bajusctg-api
[2026-04-30T16:13:46.167Z] [INFO ] ══════════════════════════════════════════════
[2026-04-30T18:01:50.617Z] [INFO ] ══════════════════════════════════════════════
[2026-04-30T18:01:50.618Z] [INFO ] SonarGold Scraper v4.0 starting...
[2026-04-30T18:01:50.618Z] [INFO ] Mode: LIVE
[2026-04-30T18:01:50.619Z] [INFO ] ══════════════════════════════════════════════
[2026-04-30T18:01:50.620Z] [INFO ] History size — Gold: 209, Silver: 207, Intl: 226
[2026-04-30T18:01:50.621Z] [INFO ] ════════════════════════════════
[2026-04-30T18:01:50.621Z] [INFO ] Starting BAJUS scrape v4.0 (sequential)...
[2026-04-30T18:01:50.622Z] [INFO ] Trying Strategy 1: BAJUSCTG API...
[2026-04-30T18:01:50.982Z] [INFO ] ✓ BAJUSCTG success: 22K gram ≈ 20790
[2026-04-30T18:01:50.982Z] [INFO ] SUCCESS — Source: bajusctg-api
[2026-04-30T18:01:50.983Z] [INFO ] Fetching international prices...
[2026-04-30T18:01:51.426Z] [INFO ] Gold: no change — skipping append
[2026-04-30T18:01:51.427Z] [INFO ] Silver: no change — skipping append
[2026-04-30T18:01:51.427Z] [INFO ] Intl: updated same-day entry
[2026-04-30T18:01:51.439Z] [INFO ] latest.json written | Final source: bajusctg-api
[2026-04-30T18:01:51.439Z] [INFO ] ══════════════════════════════════════════════
