[2026-05-08T01:48:15.716Z] [INFO ] ══════════════════════════════════════════════
[2026-05-08T01:48:15.717Z] [INFO ] SonarGold Scraper v4.0 starting...
[2026-05-08T01:48:15.717Z] [INFO ] Mode: LIVE
[2026-05-08T01:48:15.718Z] [INFO ] ══════════════════════════════════════════════
[2026-05-08T01:48:15.719Z] [INFO ] History size — Gold: 212, Silver: 209, Intl: 233
[2026-05-08T01:48:15.719Z] [INFO ] ════════════════════════════════
[2026-05-08T01:48:15.720Z] [INFO ] Starting BAJUS scrape v4.0 (sequential)...
[2026-05-08T01:48:15.720Z] [INFO ] Trying Strategy 1: BAJUSCTG API...
[2026-05-08T01:48:16.182Z] [INFO ] ✓ BAJUSCTG success: 22K gram ≈ 20980
[2026-05-08T01:48:16.183Z] [INFO ] SUCCESS — Source: bajusctg-api
[2026-05-08T01:48:16.183Z] [INFO ] Fetching international prices...
[2026-05-08T01:48:16.435Z] [INFO ] Gold: no change — skipping append
[2026-05-08T01:48:16.436Z] [INFO ] Silver: no change — skipping append
[2026-05-08T01:48:16.436Z] [INFO ] Intl: appended entry #234
[2026-05-08T01:48:16.450Z] [INFO ] latest.json written | Final source: bajusctg-api
[2026-05-08T01:48:16.450Z] [INFO ] ══════════════════════════════════════════════
[2026-05-08T04:46:25.700Z] [INFO ] ══════════════════════════════════════════════
[2026-05-08T04:46:25.702Z] [INFO ] SonarGold Scraper v4.0 starting...
[2026-05-08T04:46:25.702Z] [INFO ] Mode: LIVE
[2026-05-08T04:46:25.703Z] [INFO ] ══════════════════════════════════════════════
[2026-05-08T04:46:25.704Z] [INFO ] History size — Gold: 212, Silver: 209, Intl: 234
[2026-05-08T04:46:25.705Z] [INFO ] ════════════════════════════════
[2026-05-08T04:46:25.705Z] [INFO ] Starting BAJUS scrape v4.0 (sequential)...
[2026-05-08T04:46:25.706Z] [INFO ] Trying Strategy 1: BAJUSCTG API...
[2026-05-08T04:46:27.414Z] [INFO ] ✓ BAJUSCTG success: 22K gram ≈ 20980
[2026-05-08T04:46:27.414Z] [INFO ] SUCCESS — Source: bajusctg-api
[2026-05-08T04:46:27.415Z] [INFO ] Fetching international prices...
[2026-05-08T04:46:27.853Z] [INFO ] Gold: no change — skipping append
[2026-05-08T04:46:27.854Z] [INFO ] Silver: no change — skipping append
[2026-05-08T04:46:27.854Z] [INFO ] Intl: updated same-day entry
[2026-05-08T04:46:27.869Z] [INFO ] latest.json written | Final source: bajusctg-api
[2026-05-08T04:46:27.870Z] [INFO ] ══════════════════════════════════════════════
[2026-05-08T06:26:27.048Z] [INFO ] ══════════════════════════════════════════════
[2026-05-08T06:26:27.049Z] [INFO ] SonarGold Scraper v4.0 starting...
[2026-05-08T06:26:27.050Z] [INFO ] Mode: LIVE
[2026-05-08T06:26:27.050Z] [INFO ] ══════════════════════════════════════════════
[2026-05-08T06:26:27.051Z] [INFO ] History size — Gold: 212, Silver: 209, Intl: 234
[2026-05-08T06:26:27.052Z] [INFO ] ════════════════════════════════
[2026-05-08T06:26:27.052Z] [INFO ] Starting BAJUS scrape v4.0 (sequential)...
[2026-05-08T06:26:27.052Z] [INFO ] Trying Strategy 1: BAJUSCTG API...
[2026-05-08T06:26:28.618Z] [INFO ] ✓ BAJUSCTG success: 22K gram ≈ 20980
[2026-05-08T06:26:28.619Z] [INFO ] SUCCESS — Source: bajusctg-api
[2026-05-08T06:26:28.619Z] [INFO ] Fetching international prices...
[2026-05-08T06:26:28.934Z] [INFO ] Gold: no change — skipping append
[2026-05-08T06:26:28.935Z] [INFO ] Silver: no change — skipping append
[2026-05-08T06:26:28.935Z] [INFO ] Intl: updated same-day entry
[2026-05-08T06:26:28.949Z] [INFO ] latest.json written | Final source: bajusctg-api
[2026-05-08T06:26:28.949Z] [INFO ] ══════════════════════════════════════════════
[2026-05-08T08:16:47.572Z] [INFO ] ══════════════════════════════════════════════
[2026-05-08T08:16:47.574Z] [INFO ] SonarGold Scraper v4.0 starting...
[2026-05-08T08:16:47.574Z] [INFO ] Mode: LIVE
[2026-05-08T08:16:47.575Z] [INFO ] ══════════════════════════════════════════════
[2026-05-08T08:16:47.576Z] [INFO ] History size — Gold: 212, Silver: 209, Intl: 234
[2026-05-08T08:16:47.577Z] [INFO ] ════════════════════════════════
[2026-05-08T08:16:47.577Z] [INFO ] Starting BAJUS scrape v4.0 (sequential)...
[2026-05-08T08:16:47.578Z] [INFO ] Trying Strategy 1: BAJUSCTG API...
[2026-05-08T08:16:49.289Z] [INFO ] ✓ BAJUSCTG success: 22K gram ≈ 20980
[2026-05-08T08:16:49.289Z] [INFO ] SUCCESS — Source: bajusctg-api
[2026-05-08T08:16:49.290Z] [INFO ] Fetching international prices...
[2026-05-08T08:16:49.652Z] [INFO ] Gold: no change — skipping append
[2026-05-08T08:16:49.653Z] [INFO ] Silver: no change — skipping append
[2026-05-08T08:16:49.653Z] [INFO ] Intl: updated same-day entry
[2026-05-08T08:16:49.668Z] [INFO ] latest.json written | Final source: bajusctg-api
[2026-05-08T08:16:49.669Z] [INFO ] ══════════════════════════════════════════════
[2026-05-08T10:14:33.933Z] [INFO ] ══════════════════════════════════════════════
[2026-05-08T10:14:33.935Z] [INFO ] SonarGold Scraper v4.0 starting...
[2026-05-08T10:14:33.935Z] [INFO ] Mode: LIVE
[2026-05-08T10:14:33.936Z] [INFO ] ══════════════════════════════════════════════
[2026-05-08T10:14:33.938Z] [INFO ] History size — Gold: 212, Silver: 209, Intl: 234
[2026-05-08T10:14:33.938Z] [INFO ] ════════════════════════════════
[2026-05-08T10:14:33.939Z] [INFO ] Starting BAJUS scrape v4.0 (sequential)...
[2026-05-08T10:14:33.939Z] [INFO ] Trying Strategy 1: BAJUSCTG API...
[2026-05-08T10:14:35.556Z] [INFO ] ✓ BAJUSCTG success: 22K gram ≈ 20980
[2026-05-08T10:14:35.557Z] [INFO ] SUCCESS — Source: bajusctg-api
[2026-05-08T10:14:35.557Z] [INFO ] Fetching international prices...
[2026-05-08T10:14:36.025Z] [INFO ] Gold: no change — skipping append
[2026-05-08T10:14:36.025Z] [INFO ] Silver: no change — skipping append
[2026-05-08T10:14:36.026Z] [INFO ] Intl: updated same-day entry
[2026-05-08T10:14:36.047Z] [INFO ] latest.json written | Final source: bajusctg-api
[2026-05-08T10:14:36.048Z] [INFO ] ══════════════════════════════════════════════
[2026-05-08T12:03:10.934Z] [INFO ] ══════════════════════════════════════════════
[2026-05-08T12:03:10.936Z] [INFO ] SonarGold Scraper v4.0 starting...
[2026-05-08T12:03:10.936Z] [INFO ] Mode: LIVE
[2026-05-08T12:03:10.937Z] [INFO ] ══════════════════════════════════════════════
[2026-05-08T12:03:10.938Z] [INFO ] History size — Gold: 212, Silver: 209, Intl: 234
[2026-05-08T12:03:10.939Z] [INFO ] ════════════════════════════════
[2026-05-08T12:03:10.939Z] [INFO ] Starting BAJUS scrape v4.0 (sequential)...
[2026-05-08T12:03:10.940Z] [INFO ] Trying Strategy 1: BAJUSCTG API...
[2026-05-08T12:03:12.731Z] [INFO ] ✓ BAJUSCTG success: 22K gram ≈ 20980
[2026-05-08T12:03:12.732Z] [INFO ] SUCCESS — Source: bajusctg-api
[2026-05-08T12:03:12.732Z] [INFO ] Fetching international prices...
[2026-05-08T12:03:13.346Z] [INFO ] Gold: no change — skipping append
[2026-05-08T12:03:13.346Z] [INFO ] Silver: no change — skipping append
[2026-05-08T12:03:13.347Z] [INFO ] Intl: updated same-day entry
[2026-05-08T12:03:13.361Z] [INFO ] latest.json written | Final source: bajusctg-api
[2026-05-08T12:03:13.362Z] [INFO ] ══════════════════════════════════════════════
[2026-05-08T14:28:51.557Z] [INFO ] ══════════════════════════════════════════════
[2026-05-08T14:28:51.559Z] [INFO ] SonarGold Scraper v4.0 starting...
[2026-05-08T14:28:51.559Z] [INFO ] Mode: LIVE
[2026-05-08T14:28:51.560Z] [INFO ] ══════════════════════════════════════════════
[2026-05-08T14:28:51.561Z] [INFO ] History size — Gold: 212, Silver: 209, Intl: 234
[2026-05-08T14:28:51.562Z] [INFO ] ════════════════════════════════
[2026-05-08T14:28:51.562Z] [INFO ] Starting BAJUS scrape v4.0 (sequential)...
[2026-05-08T14:28:51.563Z] [INFO ] Trying Strategy 1: BAJUSCTG API...
[2026-05-08T14:28:53.277Z] [INFO ] ✓ BAJUSCTG success: 22K gram ≈ 20980
[2026-05-08T14:28:53.278Z] [INFO ] SUCCESS — Source: bajusctg-api
[2026-05-08T14:28:53.278Z] [INFO ] Fetching international prices...
[2026-05-08T14:28:53.815Z] [INFO ] Gold: no change — skipping append
[2026-05-08T14:28:53.815Z] [INFO ] Silver: no change — skipping append
[2026-05-08T14:28:53.816Z] [INFO ] Intl: updated same-day entry
[2026-05-08T14:28:53.831Z] [INFO ] latest.json written | Final source: bajusctg-api
[2026-05-08T14:28:53.831Z] [INFO ] ══════════════════════════════════════════════
[2026-05-08T16:07:12.170Z] [INFO ] ══════════════════════════════════════════════
[2026-05-08T16:07:12.172Z] [INFO ] SonarGold Scraper v4.0 starting...
[2026-05-08T16:07:12.172Z] [INFO ] Mode: LIVE
[2026-05-08T16:07:12.173Z] [INFO ] ══════════════════════════════════════════════
[2026-05-08T16:07:12.174Z] [INFO ] History size — Gold: 212, Silver: 209, Intl: 234
[2026-05-08T16:07:12.175Z] [INFO ] ════════════════════════════════
[2026-05-08T16:07:12.175Z] [INFO ] Starting BAJUS scrape v4.0 (sequential)...
[2026-05-08T16:07:12.176Z] [INFO ] Trying Strategy 1: BAJUSCTG API...
[2026-05-08T16:07:12.697Z] [INFO ] ✓ BAJUSCTG success: 22K gram ≈ 20980
[2026-05-08T16:07:12.698Z] [INFO ] SUCCESS — Source: bajusctg-api
[2026-05-08T16:07:12.699Z] [INFO ] Fetching international prices...
[2026-05-08T16:07:13.411Z] [INFO ] Gold: no change — skipping append
[2026-05-08T16:07:13.411Z] [INFO ] Silver: no change — skipping append
[2026-05-08T16:07:13.412Z] [INFO ] Intl: updated same-day entry
[2026-05-08T16:07:13.427Z] [INFO ] latest.json written | Final source: bajusctg-api
[2026-05-08T16:07:13.428Z] [INFO ] ══════════════════════════════════════════════
[2026-05-08T18:02:17.830Z] [INFO ] ══════════════════════════════════════════════
[2026-05-08T18:02:17.831Z] [INFO ] SonarGold Scraper v4.0 starting...
[2026-05-08T18:02:17.832Z] [INFO ] Mode: LIVE
[2026-05-08T18:02:17.832Z] [INFO ] ══════════════════════════════════════════════
[2026-05-08T18:02:17.834Z] [INFO ] History size — Gold: 212, Silver: 209, Intl: 234
[2026-05-08T18:02:17.835Z] [INFO ] ════════════════════════════════
[2026-05-08T18:02:17.835Z] [INFO ] Starting BAJUS scrape v4.0 (sequential)...
[2026-05-08T18:02:17.836Z] [INFO ] Trying Strategy 1: BAJUSCTG API...
[2026-05-08T18:02:19.321Z] [INFO ] ✓ BAJUSCTG success: 22K gram ≈ 20980
[2026-05-08T18:02:19.322Z] [INFO ] SUCCESS — Source: bajusctg-api
[2026-05-08T18:02:19.322Z] [INFO ] Fetching international prices...
[2026-05-08T18:02:19.851Z] [INFO ] Gold: no change — skipping append
[2026-05-08T18:02:19.852Z] [INFO ] Silver: no change — skipping append
[2026-05-08T18:02:19.852Z] [INFO ] Intl: updated same-day entry
[2026-05-08T18:02:19.867Z] [INFO ] latest.json written | Final source: bajusctg-api
[2026-05-08T18:02:19.867Z] [INFO ] ══════════════════════════════════════════════
[2026-05-08T20:01:59.746Z] [INFO ] ══════════════════════════════════════════════
[2026-05-08T20:01:59.748Z] [INFO ] SonarGold Scraper v4.0 starting...
[2026-05-08T20:01:59.748Z] [INFO ] Mode: LIVE
[2026-05-08T20:01:59.749Z] [INFO ] ══════════════════════════════════════════════
[2026-05-08T20:01:59.750Z] [INFO ] History size — Gold: 212, Silver: 209, Intl: 234
[2026-05-08T20:01:59.751Z] [INFO ] ════════════════════════════════
[2026-05-08T20:01:59.751Z] [INFO ] Starting BAJUS scrape v4.0 (sequential)...
[2026-05-08T20:01:59.752Z] [INFO ] Trying Strategy 1: BAJUSCTG API...
[2026-05-08T20:02:01.594Z] [INFO ] ✓ BAJUSCTG success: 22K gram ≈ 20980
[2026-05-08T20:02:01.595Z] [INFO ] SUCCESS — Source: bajusctg-api
[2026-05-08T20:02:01.596Z] [INFO ] Fetching international prices...
[2026-05-08T20:02:02.182Z] [INFO ] Gold: no change — skipping append
[2026-05-08T20:02:02.183Z] [INFO ] Silver: no change — skipping append
[2026-05-08T20:02:02.183Z] [INFO ] Intl: updated same-day entry
[2026-05-08T20:02:02.198Z] [INFO ] latest.json written | Final source: bajusctg-api
[2026-05-08T20:02:02.198Z] [INFO ] ══════════════════════════════════════════════
[2026-05-08T21:46:35.039Z] [INFO ] ══════════════════════════════════════════════
[2026-05-08T21:46:35.041Z] [INFO ] SonarGold Scraper v4.0 starting...
[2026-05-08T21:46:35.041Z] [INFO ] Mode: LIVE
[2026-05-08T21:46:35.042Z] [INFO ] ══════════════════════════════════════════════
[2026-05-08T21:46:35.043Z] [INFO ] History size — Gold: 212, Silver: 209, Intl: 234
[2026-05-08T21:46:35.044Z] [INFO ] ════════════════════════════════
[2026-05-08T21:46:35.044Z] [INFO ] Starting BAJUS scrape v4.0 (sequential)...
[2026-05-08T21:46:35.045Z] [INFO ] Trying Strategy 1: BAJUSCTG API...
[2026-05-08T21:46:36.772Z] [INFO ] ✓ BAJUSCTG success: 22K gram ≈ 20980
[2026-05-08T21:46:36.773Z] [INFO ] SUCCESS — Source: bajusctg-api
[2026-05-08T21:46:36.773Z] [INFO ] Fetching international prices...
[2026-05-08T21:46:37.234Z] [INFO ] Gold: no change — skipping append
[2026-05-08T21:46:37.235Z] [INFO ] Silver: no change — skipping append
[2026-05-08T21:46:37.235Z] [INFO ] Intl: updated same-day entry
[2026-05-08T21:46:37.250Z] [INFO ] latest.json written | Final source: bajusctg-api
[2026-05-08T21:46:37.250Z] [INFO ] ══════════════════════════════════════════════
