[2026-07-14T03:20:40.966Z] [INFO ] ══════════════════════════════════════════════
[2026-07-14T03:20:40.968Z] [INFO ] SonarGold Scraper v4.0 starting...
[2026-07-14T03:20:40.969Z] [INFO ] Mode: LIVE
[2026-07-14T03:20:40.970Z] [INFO ] ══════════════════════════════════════════════
[2026-07-14T03:20:40.972Z] [INFO ] History size — Gold: 238, Silver: 228, Intl: 299
[2026-07-14T03:20:40.973Z] [INFO ] ════════════════════════════════
[2026-07-14T03:20:40.975Z] [INFO ] Starting BAJUS scrape v4.0 (sequential)...
[2026-07-14T03:20:40.976Z] [INFO ] Trying Strategy 1: BAJUSCTG API...
[2026-07-14T03:20:41.291Z] [INFO ] ✓ BAJUSCTG success: 22K gram ≈ 19030
[2026-07-14T03:20:41.292Z] [INFO ] SUCCESS — Source: bajusctg-api
[2026-07-14T03:20:41.293Z] [INFO ] Fetching international prices...
[2026-07-14T03:20:41.401Z] [INFO ] Gold: no change — skipping append
[2026-07-14T03:20:41.402Z] [INFO ] Silver: no change — skipping append
[2026-07-14T03:20:41.403Z] [INFO ] Intl: appended entry #300
[2026-07-14T03:20:41.418Z] [INFO ] latest.json written | Final source: bajusctg-api
[2026-07-14T03:20:41.419Z] [INFO ] ══════════════════════════════════════════════
[2026-07-14T05:53:14.810Z] [INFO ] ══════════════════════════════════════════════
[2026-07-14T05:53:14.811Z] [INFO ] SonarGold Scraper v4.0 starting...
[2026-07-14T05:53:14.812Z] [INFO ] Mode: LIVE
[2026-07-14T05:53:14.813Z] [INFO ] ══════════════════════════════════════════════
[2026-07-14T05:53:14.815Z] [INFO ] History size — Gold: 238, Silver: 228, Intl: 300
[2026-07-14T05:53:14.817Z] [INFO ] ════════════════════════════════
[2026-07-14T05:53:14.817Z] [INFO ] Starting BAJUS scrape v4.0 (sequential)...
[2026-07-14T05:53:14.820Z] [INFO ] Trying Strategy 1: BAJUSCTG API...
[2026-07-14T05:53:15.271Z] [INFO ] ✓ BAJUSCTG success: 22K gram ≈ 18845
[2026-07-14T05:53:15.272Z] [INFO ] SUCCESS — Source: bajusctg-api
[2026-07-14T05:53:15.273Z] [INFO ] Fetching international prices...
[2026-07-14T05:53:15.795Z] [INFO ] Gold: appended entry #239
[2026-07-14T05:53:15.796Z] [INFO ] Silver: no change — skipping append
[2026-07-14T05:53:15.797Z] [INFO ] Intl: updated same-day entry
[2026-07-14T05:53:15.812Z] [INFO ] latest.json written | Final source: bajusctg-api
[2026-07-14T05:53:15.813Z] [INFO ] ══════════════════════════════════════════════
[2026-07-14T08:16:01.528Z] [INFO ] ══════════════════════════════════════════════
[2026-07-14T08:16:01.530Z] [INFO ] SonarGold Scraper v4.0 starting...
[2026-07-14T08:16:01.531Z] [INFO ] Mode: LIVE
[2026-07-14T08:16:01.532Z] [INFO ] ══════════════════════════════════════════════
[2026-07-14T08:16:01.534Z] [INFO ] History size — Gold: 239, Silver: 228, Intl: 300
[2026-07-14T08:16:01.537Z] [INFO ] ════════════════════════════════
[2026-07-14T08:16:01.537Z] [INFO ] Starting BAJUS scrape v4.0 (sequential)...
[2026-07-14T08:16:01.538Z] [INFO ] Trying Strategy 1: BAJUSCTG API...
[2026-07-14T08:16:01.968Z] [INFO ] ✓ BAJUSCTG success: 22K gram ≈ 18845
[2026-07-14T08:16:01.969Z] [INFO ] SUCCESS — Source: bajusctg-api
[2026-07-14T08:16:01.970Z] [INFO ] Fetching international prices...
[2026-07-14T08:16:02.567Z] [INFO ] Gold: no change — skipping append
[2026-07-14T08:16:02.567Z] [INFO ] Silver: no change — skipping append
[2026-07-14T08:16:02.568Z] [INFO ] Intl: updated same-day entry
[2026-07-14T08:16:02.584Z] [INFO ] latest.json written | Final source: bajusctg-api
[2026-07-14T08:16:02.585Z] [INFO ] ══════════════════════════════════════════════
[2026-07-14T10:18:15.803Z] [INFO ] ══════════════════════════════════════════════
[2026-07-14T10:18:15.805Z] [INFO ] SonarGold Scraper v4.0 starting...
[2026-07-14T10:18:15.806Z] [INFO ] Mode: LIVE
[2026-07-14T10:18:15.807Z] [INFO ] ══════════════════════════════════════════════
[2026-07-14T10:18:15.809Z] [INFO ] History size — Gold: 239, Silver: 228, Intl: 300
[2026-07-14T10:18:15.810Z] [INFO ] ════════════════════════════════
[2026-07-14T10:18:15.812Z] [INFO ] Starting BAJUS scrape v4.0 (sequential)...
[2026-07-14T10:18:15.812Z] [INFO ] Trying Strategy 1: BAJUSCTG API...
[2026-07-14T10:18:16.449Z] [INFO ] ✓ BAJUSCTG success: 22K gram ≈ 18845
[2026-07-14T10:18:16.450Z] [INFO ] SUCCESS — Source: bajusctg-api
[2026-07-14T10:18:16.451Z] [INFO ] Fetching international prices...
[2026-07-14T10:18:16.580Z] [INFO ] Gold: no change — skipping append
[2026-07-14T10:18:16.581Z] [INFO ] Silver: no change — skipping append
[2026-07-14T10:18:16.581Z] [INFO ] Intl: updated same-day entry
[2026-07-14T10:18:16.596Z] [INFO ] latest.json written | Final source: bajusctg-api
[2026-07-14T10:18:16.597Z] [INFO ] ══════════════════════════════════════════════
[2026-07-14T11:56:18.994Z] [INFO ] ══════════════════════════════════════════════
[2026-07-14T11:56:18.996Z] [INFO ] SonarGold Scraper v4.0 starting...
[2026-07-14T11:56:18.997Z] [INFO ] Mode: LIVE
[2026-07-14T11:56:18.998Z] [INFO ] ══════════════════════════════════════════════
[2026-07-14T11:56:19.000Z] [INFO ] History size — Gold: 239, Silver: 228, Intl: 300
[2026-07-14T11:56:19.001Z] [INFO ] ════════════════════════════════
[2026-07-14T11:56:19.003Z] [INFO ] Starting BAJUS scrape v4.0 (sequential)...
[2026-07-14T11:56:19.004Z] [INFO ] Trying Strategy 1: BAJUSCTG API...
[2026-07-14T11:56:20.073Z] [WARN ] BAJUSCTG API failed: HTTP 401
[2026-07-14T11:56:20.074Z] [INFO ] Trying BAJUSCTG HTML fallback...
[2026-07-14T11:56:20.650Z] [WARN ] BAJUSCTG HTML failed: HTTP 401
[2026-07-14T11:56:20.652Z] [INFO ] Trying Strategy 2: GoldR.org homepage...
[2026-07-14T11:56:20.915Z] [WARN ] GoldR.org parsed but data invalid
[2026-07-14T11:56:20.916Z] [INFO ] Trying Strategy 3: bdgoldprice.com...
[2026-07-14T11:56:21.093Z] [INFO ] Trying Strategy 4: Wayback Machine...
[2026-07-14T11:56:25.389Z] [INFO ] Using cached prices from 2026-07-14 (6h old)
[2026-07-14T11:56:25.391Z] [WARN ] ALL LIVE SOURCES FAILED — Using cached prices (mandatory fallback)
[2026-07-14T11:56:25.392Z] [INFO ] Fetching international prices...
[2026-07-14T11:56:25.919Z] [INFO ] Gold: no change — skipping append
[2026-07-14T11:56:25.920Z] [INFO ] Silver: no change — skipping append
[2026-07-14T11:56:25.921Z] [INFO ] Intl: updated same-day entry
[2026-07-14T11:56:26.258Z] [INFO ] latest.json written | Final source: cache
[2026-07-14T11:56:26.259Z] [INFO ] ══════════════════════════════════════════════
