[2026-04-28T01:30:42.445Z] [INFO ] ══════════════════════════════════════════════
[2026-04-28T01:30:42.447Z] [INFO ] SonarGold Scraper v4.0 starting...
[2026-04-28T01:30:42.447Z] [INFO ] Mode: LIVE
[2026-04-28T01:30:42.447Z] [INFO ] ══════════════════════════════════════════════
[2026-04-28T01:30:42.449Z] [INFO ] History size — Gold: 206, Silver: 206, Intl: 223
[2026-04-28T01:30:42.449Z] [INFO ] ════════════════════════════════
[2026-04-28T01:30:42.450Z] [INFO ] Starting BAJUS scrape v4.0 (sequential)...
[2026-04-28T01:30:42.450Z] [INFO ] Trying Strategy 1: BAJUSCTG API...
[2026-04-28T01:30:44.089Z] [INFO ] ✓ BAJUSCTG success: 22K gram ≈ 21170
[2026-04-28T01:30:44.090Z] [INFO ] SUCCESS — Source: bajusctg-api
[2026-04-28T01:30:44.090Z] [INFO ] Fetching international prices...
[2026-04-28T01:30:45.102Z] [INFO ] Gold: no change — skipping append
[2026-04-28T01:30:45.102Z] [INFO ] Silver: no change — skipping append
[2026-04-28T01:30:45.103Z] [INFO ] Intl: appended entry #224
[2026-04-28T01:30:45.117Z] [INFO ] latest.json written | Final source: bajusctg-api
[2026-04-28T01:30:45.117Z] [INFO ] ══════════════════════════════════════════════
[2026-04-28T05:20:05.113Z] [INFO ] ══════════════════════════════════════════════
[2026-04-28T05:20:05.115Z] [INFO ] SonarGold Scraper v4.0 starting...
[2026-04-28T05:20:05.115Z] [INFO ] Mode: LIVE
[2026-04-28T05:20:05.116Z] [INFO ] ══════════════════════════════════════════════
[2026-04-28T05:20:05.117Z] [INFO ] History size — Gold: 206, Silver: 206, Intl: 224
[2026-04-28T05:20:05.118Z] [INFO ] ════════════════════════════════
[2026-04-28T05:20:05.118Z] [INFO ] Starting BAJUS scrape v4.0 (sequential)...
[2026-04-28T05:20:05.118Z] [INFO ] Trying Strategy 1: BAJUSCTG API...
[2026-04-28T05:20:06.783Z] [INFO ] ✓ BAJUSCTG success: 22K gram ≈ 20980
[2026-04-28T05:20:06.784Z] [INFO ] SUCCESS — Source: bajusctg-api
[2026-04-28T05:20:06.784Z] [INFO ] Fetching international prices...
[2026-04-28T05:20:07.013Z] [ERROR] XAU fetch failed: request to https://api.gold-api.com/price/XAU failed, reason: getaddrinfo ENOTFOUND api.gold-api.com
[2026-04-28T05:20:07.413Z] [INFO ] Gold: appended entry #207
[2026-04-28T05:20:07.414Z] [INFO ] Silver: appended entry #207
[2026-04-28T05:20:07.414Z] [INFO ] Intl: updated same-day entry
[2026-04-28T05:20:07.433Z] [INFO ] latest.json written | Final source: bajusctg-api
[2026-04-28T05:20:07.433Z] [INFO ] ══════════════════════════════════════════════
