[2026-06-11T04:17:26.032Z] [INFO ] ══════════════════════════════════════════════
[2026-06-11T04:17:26.034Z] [INFO ] SonarGold Scraper v4.1 starting...
[2026-06-11T04:17:26.035Z] [INFO ] Mode: LIVE
[2026-06-11T04:17:26.036Z] [INFO ] ══════════════════════════════════════════════
[2026-06-11T04:17:26.038Z] [INFO ] History size — Gold: 221, Silver: 214, Intl: 267
[2026-06-11T04:17:26.039Z] [INFO ] ════════════════════════════════
[2026-06-11T04:17:26.040Z] [INFO ] Starting BAJUS scrape v4.1 (sequential)...
[2026-06-11T04:17:26.041Z] [INFO ] Trying Strategy 0: BAJUS Official (bajus.org.bd)...
[2026-06-11T04:17:26.085Z] [WARN ] BAJUS Official failed: request to https://bajus.org.bd/ failed, reason: getaddrinfo ENOTFOUND bajus.org.bd
[2026-06-11T04:17:26.086Z] [INFO ] Trying Strategy 1: BajusHub (bajushub.com)...
[2026-06-11T04:17:27.384Z] [WARN ] BajusHub parsed but data invalid
[2026-06-11T04:17:27.384Z] [INFO ] Trying Strategy 2: GoldR.org homepage...
[2026-06-11T04:17:28.097Z] [WARN ] GoldR.org parsed but data invalid
[2026-06-11T04:17:28.098Z] [INFO ] Trying Strategy 3: bdgoldprice.com...
[2026-06-11T04:17:28.298Z] [INFO ] Trying Strategy 4: goldpricebd.com...
[2026-06-11T04:17:28.470Z] [INFO ] Trying Strategy 5: BAJUSCTG API...
[2026-06-11T04:17:29.352Z] [WARN ] BAJUSCTG API failed: Not JSON (text/html; charset=U)
[2026-06-11T04:17:29.352Z] [INFO ] Trying BAJUSCTG HTML fallback...
[2026-06-11T04:17:29.596Z] [INFO ] Trying Strategy 6: Wayback Machine...
[2026-06-11T04:17:31.217Z] [WARN ] Wayback failed: No snapshot
[2026-06-11T04:17:31.219Z] [INFO ] Using cached prices from 2026-06-05 (139h old)
[2026-06-11T04:17:31.219Z] [WARN ] ALL LIVE SOURCES FAILED — Using cached prices (mandatory fallback)
[2026-06-11T04:17:31.220Z] [INFO ] Fetching international prices...
[2026-06-11T04:17:31.865Z] [INFO ] Gold: no change — skipping append
[2026-06-11T04:17:31.865Z] [INFO ] Silver: no change — skipping append
[2026-06-11T04:17:31.866Z] [INFO ] Intl: appended entry #268
[2026-06-11T04:17:31.880Z] [INFO ] latest.json written | Final source: cache
[2026-06-11T04:17:31.881Z] [INFO ] ══════════════════════════════════════════════
