[2026-06-15T00:17:14.461Z] [INFO ] ══════════════════════════════════════════════
[2026-06-15T00:17:14.463Z] [INFO ] SonarGold Scraper v4.0 starting...
[2026-06-15T00:17:14.464Z] [INFO ] Mode: LIVE
[2026-06-15T00:17:14.465Z] [INFO ] ══════════════════════════════════════════════
[2026-06-15T00:17:14.467Z] [INFO ] History size — Gold: 223, Silver: 216, Intl: 271
[2026-06-15T00:17:14.467Z] [INFO ] ════════════════════════════════
[2026-06-15T00:17:14.468Z] [INFO ] Starting BAJUS scrape v4.0 (sequential)...
[2026-06-15T00:17:14.469Z] [INFO ] Trying Strategy 1: BAJUSCTG API...
[2026-06-15T00:17:15.006Z] [WARN ] BAJUSCTG API failed: HTTP 401
[2026-06-15T00:17:15.007Z] [INFO ] Trying BAJUSCTG HTML fallback...
[2026-06-15T00:17:15.669Z] [WARN ] BAJUSCTG HTML failed: HTTP 401
[2026-06-15T00:17:15.670Z] [INFO ] Trying Strategy 2: GoldR.org homepage...
[2026-06-15T00:17:15.973Z] [WARN ] GoldR.org parsed but data invalid
[2026-06-15T00:17:15.974Z] [INFO ] Trying Strategy 3: bdgoldprice.com...
[2026-06-15T00:17:16.107Z] [INFO ] Trying Strategy 4: Wayback Machine...
[2026-06-15T00:17:22.428Z] [INFO ] Using cached prices from 2026-06-13 (43h old)
[2026-06-15T00:17:22.429Z] [WARN ] ALL LIVE SOURCES FAILED — Using cached prices (mandatory fallback)
[2026-06-15T00:17:22.430Z] [INFO ] Fetching international prices...
[2026-06-15T00:17:23.008Z] [INFO ] Gold: no change — skipping append
[2026-06-15T00:17:23.008Z] [INFO ] Silver: no change — skipping append
[2026-06-15T00:17:23.009Z] [INFO ] Intl: appended entry #272
[2026-06-15T00:17:23.244Z] [INFO ] latest.json written | Final source: cache
[2026-06-15T00:17:23.245Z] [INFO ] ══════════════════════════════════════════════
[2026-06-15T05:39:21.246Z] [INFO ] ══════════════════════════════════════════════
[2026-06-15T05:39:21.248Z] [INFO ] SonarGold Scraper v4.0 starting...
[2026-06-15T05:39:21.249Z] [INFO ] Mode: LIVE
[2026-06-15T05:39:21.249Z] [INFO ] ══════════════════════════════════════════════
[2026-06-15T05:39:21.251Z] [INFO ] History size — Gold: 223, Silver: 216, Intl: 272
[2026-06-15T05:39:21.252Z] [INFO ] ════════════════════════════════
[2026-06-15T05:39:21.253Z] [INFO ] Starting BAJUS scrape v4.0 (sequential)...
[2026-06-15T05:39:21.255Z] [INFO ] Trying Strategy 1: BAJUSCTG API...
[2026-06-15T05:39:21.693Z] [INFO ] ✓ BAJUSCTG success: 22K gram ≈ 19755
[2026-06-15T05:39:21.694Z] [INFO ] SUCCESS — Source: bajusctg-api
[2026-06-15T05:39:21.695Z] [INFO ] Fetching international prices...
[2026-06-15T05:39:22.307Z] [INFO ] Gold: appended entry #224
[2026-06-15T05:39:22.308Z] [INFO ] Silver: appended entry #217
[2026-06-15T05:39:22.308Z] [INFO ] Intl: updated same-day entry
[2026-06-15T05:39:22.335Z] [INFO ] latest.json written | Final source: bajusctg-api
[2026-06-15T05:39:22.336Z] [INFO ] ══════════════════════════════════════════════
