[2026-06-03T00:22:02.910Z] [INFO ] ══════════════════════════════════════════════
[2026-06-03T00:22:02.912Z] [INFO ] SonarGold Scraper v4.0 starting...
[2026-06-03T00:22:02.912Z] [INFO ] Mode: LIVE
[2026-06-03T00:22:02.913Z] [INFO ] ══════════════════════════════════════════════
[2026-06-03T00:22:02.915Z] [INFO ] History size — Gold: 220, Silver: 213, Intl: 259
[2026-06-03T00:22:02.915Z] [INFO ] ════════════════════════════════
[2026-06-03T00:22:02.916Z] [INFO ] Starting BAJUS scrape v4.0 (sequential)...
[2026-06-03T00:22:02.917Z] [INFO ] Trying Strategy 1: BAJUSCTG API...
[2026-06-03T00:22:03.744Z] [INFO ] ✓ BAJUSCTG success: 22K gram ≈ 20135
[2026-06-03T00:22:03.745Z] [INFO ] SUCCESS — Source: bajusctg-api
[2026-06-03T00:22:03.745Z] [INFO ] Fetching international prices...
[2026-06-03T00:22:04.329Z] [INFO ] Gold: no change — skipping append
[2026-06-03T00:22:04.330Z] [INFO ] Silver: no change — skipping append
[2026-06-03T00:22:04.330Z] [INFO ] Intl: appended entry #260
[2026-06-03T00:22:04.358Z] [INFO ] latest.json written | Final source: bajusctg-api
[2026-06-03T00:22:04.359Z] [INFO ] ══════════════════════════════════════════════
[2026-06-03T05:53:32.022Z] [INFO ] ══════════════════════════════════════════════
[2026-06-03T05:53:32.024Z] [INFO ] SonarGold Scraper v4.0 starting...
[2026-06-03T05:53:32.025Z] [INFO ] Mode: LIVE
[2026-06-03T05:53:32.025Z] [INFO ] ══════════════════════════════════════════════
[2026-06-03T05:53:32.027Z] [INFO ] History size — Gold: 220, Silver: 213, Intl: 260
[2026-06-03T05:53:32.028Z] [INFO ] ════════════════════════════════
[2026-06-03T05:53:32.029Z] [INFO ] Starting BAJUS scrape v4.0 (sequential)...
[2026-06-03T05:53:32.030Z] [INFO ] Trying Strategy 1: BAJUSCTG API...
[2026-06-03T05:53:32.660Z] [INFO ] ✓ BAJUSCTG success: 22K gram ≈ 20135
[2026-06-03T05:53:32.661Z] [INFO ] SUCCESS — Source: bajusctg-api
[2026-06-03T05:53:32.662Z] [INFO ] Fetching international prices...
[2026-06-03T05:53:33.767Z] [INFO ] Gold: no change — skipping append
[2026-06-03T05:53:33.768Z] [INFO ] Silver: no change — skipping append
[2026-06-03T05:53:33.768Z] [INFO ] Intl: updated same-day entry
[2026-06-03T05:53:34.096Z] [INFO ] latest.json written | Final source: bajusctg-api
[2026-06-03T05:53:34.097Z] [INFO ] ══════════════════════════════════════════════
[2026-06-03T10:28:53.030Z] [INFO ] ══════════════════════════════════════════════
[2026-06-03T10:28:53.032Z] [INFO ] SonarGold Scraper v4.0 starting...
[2026-06-03T10:28:53.032Z] [INFO ] Mode: LIVE
[2026-06-03T10:28:53.033Z] [INFO ] ══════════════════════════════════════════════
[2026-06-03T10:28:53.035Z] [INFO ] History size — Gold: 220, Silver: 213, Intl: 260
[2026-06-03T10:28:53.035Z] [INFO ] ════════════════════════════════
[2026-06-03T10:28:53.036Z] [INFO ] Starting BAJUS scrape v4.0 (sequential)...
[2026-06-03T10:28:53.037Z] [INFO ] Trying Strategy 1: BAJUSCTG API...
[2026-06-03T10:28:53.827Z] [INFO ] ✓ BAJUSCTG success: 22K gram ≈ 20135
[2026-06-03T10:28:53.828Z] [INFO ] SUCCESS — Source: bajusctg-api
[2026-06-03T10:28:53.829Z] [INFO ] Fetching international prices...
[2026-06-03T10:28:54.350Z] [INFO ] Gold: no change — skipping append
[2026-06-03T10:28:54.351Z] [INFO ] Silver: no change — skipping append
[2026-06-03T10:28:54.352Z] [INFO ] Intl: updated same-day entry
[2026-06-03T10:28:54.384Z] [INFO ] latest.json written | Final source: bajusctg-api
[2026-06-03T10:28:54.384Z] [INFO ] ══════════════════════════════════════════════
[2026-06-03T15:23:25.502Z] [INFO ] ══════════════════════════════════════════════
[2026-06-03T15:23:25.504Z] [INFO ] SonarGold Scraper v4.0 starting...
[2026-06-03T15:23:25.505Z] [INFO ] Mode: LIVE
[2026-06-03T15:23:25.505Z] [INFO ] ══════════════════════════════════════════════
[2026-06-03T15:23:25.507Z] [INFO ] History size — Gold: 220, Silver: 213, Intl: 260
[2026-06-03T15:23:25.508Z] [INFO ] ════════════════════════════════
[2026-06-03T15:23:25.509Z] [INFO ] Starting BAJUS scrape v4.0 (sequential)...
[2026-06-03T15:23:25.509Z] [INFO ] Trying Strategy 1: BAJUSCTG API...
[2026-06-03T15:23:26.325Z] [INFO ] ✓ BAJUSCTG success: 22K gram ≈ 20135
[2026-06-03T15:23:26.326Z] [INFO ] SUCCESS — Source: bajusctg-api
[2026-06-03T15:23:26.326Z] [INFO ] Fetching international prices...
[2026-06-03T15:23:26.860Z] [INFO ] Gold: no change — skipping append
[2026-06-03T15:23:26.861Z] [INFO ] Silver: no change — skipping append
[2026-06-03T15:23:26.861Z] [INFO ] Intl: updated same-day entry
[2026-06-03T15:23:26.888Z] [INFO ] latest.json written | Final source: bajusctg-api
[2026-06-03T15:23:26.889Z] [INFO ] ══════════════════════════════════════════════
[2026-06-03T19:39:53.170Z] [INFO ] ══════════════════════════════════════════════
[2026-06-03T19:39:53.171Z] [INFO ] SonarGold Scraper v4.0 starting...
[2026-06-03T19:39:53.172Z] [INFO ] Mode: LIVE
[2026-06-03T19:39:53.172Z] [INFO ] ══════════════════════════════════════════════
[2026-06-03T19:39:53.174Z] [INFO ] History size — Gold: 220, Silver: 213, Intl: 260
[2026-06-03T19:39:53.174Z] [INFO ] ════════════════════════════════
[2026-06-03T19:39:53.174Z] [INFO ] Starting BAJUS scrape v4.0 (sequential)...
[2026-06-03T19:39:53.175Z] [INFO ] Trying Strategy 1: BAJUSCTG API...
[2026-06-03T19:39:54.264Z] [INFO ] ✓ BAJUSCTG success: 22K gram ≈ 20135
[2026-06-03T19:39:54.265Z] [INFO ] SUCCESS — Source: bajusctg-api
[2026-06-03T19:39:54.265Z] [INFO ] Fetching international prices...
[2026-06-03T19:39:54.768Z] [INFO ] Gold: no change — skipping append
[2026-06-03T19:39:54.768Z] [INFO ] Silver: no change — skipping append
[2026-06-03T19:39:54.768Z] [INFO ] Intl: updated same-day entry
[2026-06-03T19:39:55.098Z] [INFO ] latest.json written | Final source: bajusctg-api
[2026-06-03T19:39:55.099Z] [INFO ] ══════════════════════════════════════════════
[2026-06-03T22:21:50.144Z] [INFO ] ══════════════════════════════════════════════
[2026-06-03T22:21:50.146Z] [INFO ] SonarGold Scraper v4.0 starting...
[2026-06-03T22:21:50.147Z] [INFO ] Mode: LIVE
[2026-06-03T22:21:50.147Z] [INFO ] ══════════════════════════════════════════════
[2026-06-03T22:21:50.149Z] [INFO ] History size — Gold: 220, Silver: 213, Intl: 260
[2026-06-03T22:21:50.149Z] [INFO ] ════════════════════════════════
[2026-06-03T22:21:50.150Z] [INFO ] Starting BAJUS scrape v4.0 (sequential)...
[2026-06-03T22:21:50.151Z] [INFO ] Trying Strategy 1: BAJUSCTG API...
[2026-06-03T22:21:50.646Z] [WARN ] BAJUSCTG API failed: HTTP 401
[2026-06-03T22:21:50.647Z] [INFO ] Trying BAJUSCTG HTML fallback...
[2026-06-03T22:21:51.010Z] [WARN ] BAJUSCTG HTML failed: HTTP 401
[2026-06-03T22:21:51.011Z] [INFO ] Trying Strategy 2: GoldR.org homepage...
[2026-06-03T22:21:51.167Z] [WARN ] GoldR.org parsed but data invalid
[2026-06-03T22:21:51.168Z] [INFO ] Trying Strategy 3: bdgoldprice.com...
[2026-06-03T22:21:51.472Z] [INFO ] Trying Strategy 4: Wayback Machine...
[2026-06-03T22:21:52.528Z] [INFO ] Using cached prices from 2026-06-02 (41h old)
[2026-06-03T22:21:52.529Z] [WARN ] ALL LIVE SOURCES FAILED — Using cached prices (mandatory fallback)
[2026-06-03T22:21:52.530Z] [INFO ] Fetching international prices...
[2026-06-03T22:21:52.899Z] [INFO ] Gold: no change — skipping append
[2026-06-03T22:21:52.900Z] [INFO ] Silver: no change — skipping append
[2026-06-03T22:21:52.900Z] [INFO ] Intl: updated same-day entry
[2026-06-03T22:21:53.396Z] [INFO ] latest.json written | Final source: cache
[2026-06-03T22:21:53.397Z] [INFO ] ══════════════════════════════════════════════
