[2026-07-08T00:01:35.109Z] [INFO ] ══════════════════════════════════════════════
[2026-07-08T00:01:35.111Z] [INFO ] SonarGold Scraper v4.0 starting...
[2026-07-08T00:01:35.112Z] [INFO ] Mode: LIVE
[2026-07-08T00:01:35.113Z] [INFO ] ══════════════════════════════════════════════
[2026-07-08T00:01:35.115Z] [INFO ] History size — Gold: 235, Silver: 225, Intl: 293
[2026-07-08T00:01:35.116Z] [INFO ] ════════════════════════════════
[2026-07-08T00:01:35.117Z] [INFO ] Starting BAJUS scrape v4.0 (sequential)...
[2026-07-08T00:01:35.120Z] [INFO ] Trying Strategy 1: BAJUSCTG API...
[2026-07-08T00:01:35.487Z] [INFO ] ✓ BAJUSCTG success: 22K gram ≈ 19315
[2026-07-08T00:01:35.488Z] [INFO ] SUCCESS — Source: bajusctg-api
[2026-07-08T00:01:35.489Z] [INFO ] Fetching international prices...
[2026-07-08T00:01:36.092Z] [INFO ] Gold: no change — skipping append
[2026-07-08T00:01:36.093Z] [INFO ] Silver: no change — skipping append
[2026-07-08T00:01:36.094Z] [INFO ] Intl: appended entry #294
[2026-07-08T00:01:36.109Z] [INFO ] latest.json written | Final source: bajusctg-api
[2026-07-08T00:01:36.110Z] [INFO ] ══════════════════════════════════════════════
[2026-07-08T03:55:27.836Z] [INFO ] ══════════════════════════════════════════════
[2026-07-08T03:55:27.837Z] [INFO ] SonarGold Scraper v4.0 starting...
[2026-07-08T03:55:27.838Z] [INFO ] Mode: LIVE
[2026-07-08T03:55:27.840Z] [INFO ] ══════════════════════════════════════════════
[2026-07-08T03:55:27.842Z] [INFO ] History size — Gold: 235, Silver: 225, Intl: 294
[2026-07-08T03:55:27.843Z] [INFO ] ════════════════════════════════
[2026-07-08T03:55:27.844Z] [INFO ] Starting BAJUS scrape v4.0 (sequential)...
[2026-07-08T03:55:27.847Z] [INFO ] Trying Strategy 1: BAJUSCTG API...
[2026-07-08T03:55:28.650Z] [INFO ] ✓ BAJUSCTG success: 22K gram ≈ 19315
[2026-07-08T03:55:28.651Z] [INFO ] SUCCESS — Source: bajusctg-api
[2026-07-08T03:55:28.652Z] [INFO ] Fetching international prices...
[2026-07-08T03:55:29.352Z] [INFO ] Gold: no change — skipping append
[2026-07-08T03:55:29.353Z] [INFO ] Silver: no change — skipping append
[2026-07-08T03:55:29.353Z] [INFO ] Intl: updated same-day entry
[2026-07-08T03:55:29.368Z] [INFO ] latest.json written | Final source: bajusctg-api
[2026-07-08T03:55:29.369Z] [INFO ] ══════════════════════════════════════════════
[2026-07-08T06:32:49.705Z] [INFO ] ══════════════════════════════════════════════
[2026-07-08T06:32:49.707Z] [INFO ] SonarGold Scraper v4.0 starting...
[2026-07-08T06:32:49.708Z] [INFO ] Mode: LIVE
[2026-07-08T06:32:49.710Z] [INFO ] ══════════════════════════════════════════════
[2026-07-08T06:32:49.712Z] [INFO ] History size — Gold: 235, Silver: 225, Intl: 294
[2026-07-08T06:32:49.713Z] [INFO ] ════════════════════════════════
[2026-07-08T06:32:49.717Z] [INFO ] Starting BAJUS scrape v4.0 (sequential)...
[2026-07-08T06:32:49.717Z] [INFO ] Trying Strategy 1: BAJUSCTG API...
[2026-07-08T06:32:50.140Z] [INFO ] ✓ BAJUSCTG success: 22K gram ≈ 19315
[2026-07-08T06:32:50.140Z] [INFO ] SUCCESS — Source: bajusctg-api
[2026-07-08T06:32:50.141Z] [INFO ] Fetching international prices...
[2026-07-08T06:32:50.511Z] [INFO ] Gold: no change — skipping append
[2026-07-08T06:32:50.511Z] [INFO ] Silver: no change — skipping append
[2026-07-08T06:32:50.512Z] [INFO ] Intl: updated same-day entry
[2026-07-08T06:32:50.527Z] [INFO ] latest.json written | Final source: bajusctg-api
[2026-07-08T06:32:50.527Z] [INFO ] ══════════════════════════════════════════════
[2026-07-08T09:28:30.393Z] [INFO ] ══════════════════════════════════════════════
[2026-07-08T09:28:30.395Z] [INFO ] SonarGold Scraper v4.0 starting...
[2026-07-08T09:28:30.396Z] [INFO ] Mode: LIVE
[2026-07-08T09:28:30.397Z] [INFO ] ══════════════════════════════════════════════
[2026-07-08T09:28:30.399Z] [INFO ] History size — Gold: 235, Silver: 225, Intl: 294
[2026-07-08T09:28:30.399Z] [INFO ] ════════════════════════════════
[2026-07-08T09:28:30.402Z] [INFO ] Starting BAJUS scrape v4.0 (sequential)...
[2026-07-08T09:28:30.403Z] [INFO ] Trying Strategy 1: BAJUSCTG API...
[2026-07-08T09:28:30.718Z] [INFO ] ✓ BAJUSCTG success: 22K gram ≈ 19315
[2026-07-08T09:28:30.719Z] [INFO ] SUCCESS — Source: bajusctg-api
[2026-07-08T09:28:30.720Z] [INFO ] Fetching international prices...
[2026-07-08T09:28:30.828Z] [INFO ] Gold: no change — skipping append
[2026-07-08T09:28:30.829Z] [INFO ] Silver: no change — skipping append
[2026-07-08T09:28:30.829Z] [INFO ] Intl: updated same-day entry
[2026-07-08T09:28:30.863Z] [INFO ] latest.json written | Final source: bajusctg-api
[2026-07-08T09:28:30.863Z] [INFO ] ══════════════════════════════════════════════
[2026-07-08T11:25:30.174Z] [INFO ] ══════════════════════════════════════════════
[2026-07-08T11:25:30.176Z] [INFO ] SonarGold Scraper v4.0 starting...
[2026-07-08T11:25:30.176Z] [INFO ] Mode: LIVE
[2026-07-08T11:25:30.177Z] [INFO ] ══════════════════════════════════════════════
[2026-07-08T11:25:30.180Z] [INFO ] History size — Gold: 235, Silver: 225, Intl: 294
[2026-07-08T11:25:30.180Z] [INFO ] ════════════════════════════════
[2026-07-08T11:25:30.183Z] [INFO ] Starting BAJUS scrape v4.0 (sequential)...
[2026-07-08T11:25:30.183Z] [INFO ] Trying Strategy 1: BAJUSCTG API...
[2026-07-08T11:25:30.985Z] [INFO ] ✓ BAJUSCTG success: 22K gram ≈ 19315
[2026-07-08T11:25:30.986Z] [INFO ] SUCCESS — Source: bajusctg-api
[2026-07-08T11:25:30.986Z] [INFO ] Fetching international prices...
[2026-07-08T11:25:31.759Z] [INFO ] Gold: no change — skipping append
[2026-07-08T11:25:31.760Z] [INFO ] Silver: no change — skipping append
[2026-07-08T11:25:31.760Z] [INFO ] Intl: updated same-day entry
[2026-07-08T11:25:32.037Z] [INFO ] latest.json written | Final source: bajusctg-api
[2026-07-08T11:25:32.038Z] [INFO ] ══════════════════════════════════════════════
[2026-07-08T13:08:24.328Z] [INFO ] ══════════════════════════════════════════════
[2026-07-08T13:08:24.330Z] [INFO ] SonarGold Scraper v4.0 starting...
[2026-07-08T13:08:24.331Z] [INFO ] Mode: LIVE
[2026-07-08T13:08:24.331Z] [INFO ] ══════════════════════════════════════════════
[2026-07-08T13:08:24.333Z] [INFO ] History size — Gold: 235, Silver: 225, Intl: 294
[2026-07-08T13:08:24.334Z] [INFO ] ════════════════════════════════
[2026-07-08T13:08:24.335Z] [INFO ] Starting BAJUS scrape v4.0 (sequential)...
[2026-07-08T13:08:24.337Z] [INFO ] Trying Strategy 1: BAJUSCTG API...
[2026-07-08T13:08:24.654Z] [INFO ] ✓ BAJUSCTG success: 22K gram ≈ 19315
[2026-07-08T13:08:24.655Z] [INFO ] SUCCESS — Source: bajusctg-api
[2026-07-08T13:08:24.656Z] [INFO ] Fetching international prices...
[2026-07-08T13:08:25.531Z] [INFO ] Gold: no change — skipping append
[2026-07-08T13:08:25.532Z] [INFO ] Silver: no change — skipping append
[2026-07-08T13:08:25.532Z] [INFO ] Intl: updated same-day entry
[2026-07-08T13:08:25.568Z] [INFO ] latest.json written | Final source: bajusctg-api
[2026-07-08T13:08:25.569Z] [INFO ] ══════════════════════════════════════════════
[2026-07-08T15:43:39.067Z] [INFO ] ══════════════════════════════════════════════
[2026-07-08T15:43:39.069Z] [INFO ] SonarGold Scraper v4.0 starting...
[2026-07-08T15:43:39.069Z] [INFO ] Mode: LIVE
[2026-07-08T15:43:39.070Z] [INFO ] ══════════════════════════════════════════════
[2026-07-08T15:43:39.072Z] [INFO ] History size — Gold: 235, Silver: 225, Intl: 294
[2026-07-08T15:43:39.073Z] [INFO ] ════════════════════════════════
[2026-07-08T15:43:39.076Z] [INFO ] Starting BAJUS scrape v4.0 (sequential)...
[2026-07-08T15:43:39.077Z] [INFO ] Trying Strategy 1: BAJUSCTG API...
[2026-07-08T15:43:40.028Z] [INFO ] ✓ BAJUSCTG success: 22K gram ≈ 19315
[2026-07-08T15:43:40.029Z] [INFO ] SUCCESS — Source: bajusctg-api
[2026-07-08T15:43:40.029Z] [INFO ] Fetching international prices...
[2026-07-08T15:43:40.447Z] [INFO ] Gold: no change — skipping append
[2026-07-08T15:43:40.448Z] [INFO ] Silver: no change — skipping append
[2026-07-08T15:43:40.449Z] [INFO ] Intl: updated same-day entry
[2026-07-08T15:43:40.464Z] [INFO ] latest.json written | Final source: bajusctg-api
[2026-07-08T15:43:40.465Z] [INFO ] ══════════════════════════════════════════════
