[2026-04-20T01:20:41.903Z] [INFO ] ══════════════════════════════════════════════
[2026-04-20T01:20:41.904Z] [INFO ] SonarGold Scraper v4.0 starting...
[2026-04-20T01:20:41.904Z] [INFO ] Mode: LIVE
[2026-04-20T01:20:41.905Z] [INFO ] ══════════════════════════════════════════════
[2026-04-20T01:20:41.906Z] [INFO ] History size — Gold: 204, Silver: 204, Intl: 215
[2026-04-20T01:20:41.906Z] [INFO ] ════════════════════════════════
[2026-04-20T01:20:41.907Z] [INFO ] Starting BAJUS scrape v4.0 (sequential)...
[2026-04-20T01:20:41.907Z] [INFO ] Trying Strategy 1: BAJUSCTG API...
[2026-04-20T01:20:43.560Z] [INFO ] ✓ BAJUSCTG success: 22K gram ≈ 21450
[2026-04-20T01:20:43.561Z] [INFO ] SUCCESS — Source: bajusctg-api
[2026-04-20T01:20:43.561Z] [INFO ] Fetching international prices...
[2026-04-20T01:20:43.766Z] [INFO ] Gold: no change — skipping append
[2026-04-20T01:20:43.766Z] [INFO ] Silver: no change — skipping append
[2026-04-20T01:20:43.767Z] [INFO ] Intl: appended entry #216
[2026-04-20T01:20:43.781Z] [INFO ] latest.json written | Final source: bajusctg-api
[2026-04-20T01:20:43.781Z] [INFO ] ══════════════════════════════════════════════
[2026-04-20T04:48:08.564Z] [INFO ] ══════════════════════════════════════════════
[2026-04-20T04:48:08.565Z] [INFO ] SonarGold Scraper v4.0 starting...
[2026-04-20T04:48:08.565Z] [INFO ] Mode: LIVE
[2026-04-20T04:48:08.566Z] [INFO ] ══════════════════════════════════════════════
[2026-04-20T04:48:08.567Z] [INFO ] History size — Gold: 204, Silver: 204, Intl: 216
[2026-04-20T04:48:08.567Z] [INFO ] ════════════════════════════════
[2026-04-20T04:48:08.568Z] [INFO ] Starting BAJUS scrape v4.0 (sequential)...
[2026-04-20T04:48:08.568Z] [INFO ] Trying Strategy 1: BAJUSCTG API...
[2026-04-20T04:48:09.946Z] [INFO ] ✓ BAJUSCTG success: 22K gram ≈ 21450
[2026-04-20T04:48:09.947Z] [INFO ] SUCCESS — Source: bajusctg-api
[2026-04-20T04:48:09.947Z] [INFO ] Fetching international prices...
[2026-04-20T04:48:10.227Z] [INFO ] Gold: no change — skipping append
[2026-04-20T04:48:10.228Z] [INFO ] Silver: no change — skipping append
[2026-04-20T04:48:10.228Z] [INFO ] Intl: updated same-day entry
[2026-04-20T04:48:10.247Z] [INFO ] latest.json written | Final source: bajusctg-api
[2026-04-20T04:48:10.248Z] [INFO ] ══════════════════════════════════════════════
[2026-04-20T07:09:16.562Z] [INFO ] ══════════════════════════════════════════════
[2026-04-20T07:09:16.564Z] [INFO ] SonarGold Scraper v4.0 starting...
[2026-04-20T07:09:16.564Z] [INFO ] Mode: LIVE
[2026-04-20T07:09:16.564Z] [INFO ] ══════════════════════════════════════════════
[2026-04-20T07:09:16.565Z] [INFO ] History size — Gold: 204, Silver: 204, Intl: 216
[2026-04-20T07:09:16.566Z] [INFO ] ════════════════════════════════
[2026-04-20T07:09:16.566Z] [INFO ] Starting BAJUS scrape v4.0 (sequential)...
[2026-04-20T07:09:16.566Z] [INFO ] Trying Strategy 1: BAJUSCTG API...
[2026-04-20T07:09:18.203Z] [INFO ] ✓ BAJUSCTG success: 22K gram ≈ 21450
[2026-04-20T07:09:18.203Z] [INFO ] SUCCESS — Source: bajusctg-api
[2026-04-20T07:09:18.204Z] [INFO ] Fetching international prices...
[2026-04-20T07:09:18.382Z] [INFO ] Gold: no change — skipping append
[2026-04-20T07:09:18.382Z] [INFO ] Silver: no change — skipping append
[2026-04-20T07:09:18.383Z] [INFO ] Intl: updated same-day entry
[2026-04-20T07:09:18.399Z] [INFO ] latest.json written | Final source: bajusctg-api
[2026-04-20T07:09:18.399Z] [INFO ] ══════════════════════════════════════════════
[2026-04-20T09:30:49.381Z] [INFO ] ══════════════════════════════════════════════
[2026-04-20T09:30:49.382Z] [INFO ] SonarGold Scraper v4.0 starting...
[2026-04-20T09:30:49.382Z] [INFO ] Mode: LIVE
[2026-04-20T09:30:49.383Z] [INFO ] ══════════════════════════════════════════════
[2026-04-20T09:30:49.384Z] [INFO ] History size — Gold: 204, Silver: 204, Intl: 216
[2026-04-20T09:30:49.384Z] [INFO ] ════════════════════════════════
[2026-04-20T09:30:49.385Z] [INFO ] Starting BAJUS scrape v4.0 (sequential)...
[2026-04-20T09:30:49.385Z] [INFO ] Trying Strategy 1: BAJUSCTG API...
[2026-04-20T09:30:49.787Z] [INFO ] ✓ BAJUSCTG success: 22K gram ≈ 21450
[2026-04-20T09:30:49.788Z] [INFO ] SUCCESS — Source: bajusctg-api
[2026-04-20T09:30:49.789Z] [INFO ] Fetching international prices...
[2026-04-20T09:30:50.301Z] [INFO ] Gold: no change — skipping append
[2026-04-20T09:30:50.301Z] [INFO ] Silver: no change — skipping append
[2026-04-20T09:30:50.302Z] [INFO ] Intl: updated same-day entry
[2026-04-20T09:30:50.316Z] [INFO ] latest.json written | Final source: bajusctg-api
[2026-04-20T09:30:50.317Z] [INFO ] ══════════════════════════════════════════════
[2026-04-20T11:09:45.432Z] [INFO ] ══════════════════════════════════════════════
[2026-04-20T11:09:45.433Z] [INFO ] SonarGold Scraper v4.0 starting...
[2026-04-20T11:09:45.434Z] [INFO ] Mode: LIVE
[2026-04-20T11:09:45.434Z] [INFO ] ══════════════════════════════════════════════
[2026-04-20T11:09:45.435Z] [INFO ] History size — Gold: 204, Silver: 204, Intl: 216
[2026-04-20T11:09:45.435Z] [INFO ] ════════════════════════════════
[2026-04-20T11:09:45.436Z] [INFO ] Starting BAJUS scrape v4.0 (sequential)...
[2026-04-20T11:09:45.436Z] [INFO ] Trying Strategy 1: BAJUSCTG API...
[2026-04-20T11:09:45.935Z] [INFO ] ✓ BAJUSCTG success: 22K gram ≈ 21450
[2026-04-20T11:09:45.935Z] [INFO ] SUCCESS — Source: bajusctg-api
[2026-04-20T11:09:45.936Z] [INFO ] Fetching international prices...
[2026-04-20T11:09:46.380Z] [INFO ] Gold: no change — skipping append
[2026-04-20T11:09:46.381Z] [INFO ] Silver: no change — skipping append
[2026-04-20T11:09:46.381Z] [INFO ] Intl: updated same-day entry
[2026-04-20T11:09:46.459Z] [INFO ] latest.json written | Final source: bajusctg-api
[2026-04-20T11:09:46.459Z] [INFO ] ══════════════════════════════════════════════
[2026-04-20T13:00:21.813Z] [INFO ] ══════════════════════════════════════════════
[2026-04-20T13:00:21.815Z] [INFO ] SonarGold Scraper v4.0 starting...
[2026-04-20T13:00:21.815Z] [INFO ] Mode: LIVE
[2026-04-20T13:00:21.815Z] [INFO ] ══════════════════════════════════════════════
[2026-04-20T13:00:21.817Z] [INFO ] History size — Gold: 204, Silver: 204, Intl: 216
[2026-04-20T13:00:21.817Z] [INFO ] ════════════════════════════════
[2026-04-20T13:00:21.818Z] [INFO ] Starting BAJUS scrape v4.0 (sequential)...
[2026-04-20T13:00:21.818Z] [INFO ] Trying Strategy 1: BAJUSCTG API...
[2026-04-20T13:00:23.564Z] [INFO ] ✓ BAJUSCTG success: 22K gram ≈ 21450
[2026-04-20T13:00:23.565Z] [INFO ] SUCCESS — Source: bajusctg-api
[2026-04-20T13:00:23.565Z] [INFO ] Fetching international prices...
[2026-04-20T13:00:24.012Z] [INFO ] Gold: no change — skipping append
[2026-04-20T13:00:24.013Z] [INFO ] Silver: no change — skipping append
[2026-04-20T13:00:24.013Z] [INFO ] Intl: updated same-day entry
[2026-04-20T13:00:24.028Z] [INFO ] latest.json written | Final source: bajusctg-api
[2026-04-20T13:00:24.028Z] [INFO ] ══════════════════════════════════════════════
[2026-04-20T14:52:22.924Z] [INFO ] ══════════════════════════════════════════════
[2026-04-20T14:52:22.926Z] [INFO ] SonarGold Scraper v4.0 starting...
[2026-04-20T14:52:22.926Z] [INFO ] Mode: LIVE
[2026-04-20T14:52:22.926Z] [INFO ] ══════════════════════════════════════════════
[2026-04-20T14:52:22.928Z] [INFO ] History size — Gold: 204, Silver: 204, Intl: 216
[2026-04-20T14:52:22.928Z] [INFO ] ════════════════════════════════
[2026-04-20T14:52:22.928Z] [INFO ] Starting BAJUS scrape v4.0 (sequential)...
[2026-04-20T14:52:22.929Z] [INFO ] Trying Strategy 1: BAJUSCTG API...
[2026-04-20T14:52:23.087Z] [INFO ] ✓ BAJUSCTG success: 22K gram ≈ 21450
[2026-04-20T14:52:23.087Z] [INFO ] SUCCESS — Source: bajusctg-api
[2026-04-20T14:52:23.088Z] [INFO ] Fetching international prices...
[2026-04-20T14:52:23.452Z] [INFO ] Gold: no change — skipping append
[2026-04-20T14:52:23.453Z] [INFO ] Silver: no change — skipping append
[2026-04-20T14:52:23.453Z] [INFO ] Intl: updated same-day entry
[2026-04-20T14:52:23.468Z] [INFO ] latest.json written | Final source: bajusctg-api
[2026-04-20T14:52:23.468Z] [INFO ] ══════════════════════════════════════════════
[2026-04-20T16:04:19.985Z] [INFO ] ══════════════════════════════════════════════
[2026-04-20T16:04:19.987Z] [INFO ] SonarGold Scraper v4.0 starting...
[2026-04-20T16:04:19.987Z] [INFO ] Mode: LIVE
[2026-04-20T16:04:19.987Z] [INFO ] ══════════════════════════════════════════════
[2026-04-20T16:04:19.989Z] [INFO ] History size — Gold: 204, Silver: 204, Intl: 216
[2026-04-20T16:04:19.989Z] [INFO ] ════════════════════════════════
[2026-04-20T16:04:19.990Z] [INFO ] Starting BAJUS scrape v4.0 (sequential)...
[2026-04-20T16:04:19.990Z] [INFO ] Trying Strategy 1: BAJUSCTG API...
[2026-04-20T16:04:20.543Z] [INFO ] ✓ BAJUSCTG success: 22K gram ≈ 21450
[2026-04-20T16:04:20.543Z] [INFO ] SUCCESS — Source: bajusctg-api
[2026-04-20T16:04:20.544Z] [INFO ] Fetching international prices...
[2026-04-20T16:04:21.131Z] [INFO ] Gold: no change — skipping append
[2026-04-20T16:04:21.131Z] [INFO ] Silver: no change — skipping append
[2026-04-20T16:04:21.131Z] [INFO ] Intl: updated same-day entry
[2026-04-20T16:04:21.150Z] [INFO ] latest.json written | Final source: bajusctg-api
[2026-04-20T16:04:21.151Z] [INFO ] ══════════════════════════════════════════════
[2026-04-20T17:48:11.846Z] [INFO ] ══════════════════════════════════════════════
[2026-04-20T17:48:11.848Z] [INFO ] SonarGold Scraper v4.0 starting...
[2026-04-20T17:48:11.848Z] [INFO ] Mode: LIVE
[2026-04-20T17:48:11.848Z] [INFO ] ══════════════════════════════════════════════
[2026-04-20T17:48:11.850Z] [INFO ] History size — Gold: 204, Silver: 204, Intl: 216
[2026-04-20T17:48:11.850Z] [INFO ] ════════════════════════════════
[2026-04-20T17:48:11.850Z] [INFO ] Starting BAJUS scrape v4.0 (sequential)...
[2026-04-20T17:48:11.851Z] [INFO ] Trying Strategy 1: BAJUSCTG API...
[2026-04-20T17:48:13.238Z] [INFO ] ✓ BAJUSCTG success: 22K gram ≈ 21450
[2026-04-20T17:48:13.239Z] [INFO ] SUCCESS — Source: bajusctg-api
[2026-04-20T17:48:13.239Z] [INFO ] Fetching international prices...
[2026-04-20T17:48:13.917Z] [INFO ] Gold: no change — skipping append
[2026-04-20T17:48:13.917Z] [INFO ] Silver: no change — skipping append
[2026-04-20T17:48:13.918Z] [INFO ] Intl: updated same-day entry
[2026-04-20T17:48:13.936Z] [INFO ] latest.json written | Final source: bajusctg-api
[2026-04-20T17:48:13.936Z] [INFO ] ══════════════════════════════════════════════
