[2026-06-04T00:23:59.116Z] [INFO ] ══════════════════════════════════════════════
[2026-06-04T00:23:59.117Z] [INFO ] SonarGold Scraper v4.0 starting...
[2026-06-04T00:23:59.118Z] [INFO ] Mode: LIVE
[2026-06-04T00:23:59.122Z] [INFO ] ══════════════════════════════════════════════
[2026-06-04T00:23:59.124Z] [INFO ] History size — Gold: 220, Silver: 213, Intl: 260
[2026-06-04T00:23:59.125Z] [INFO ] ════════════════════════════════
[2026-06-04T00:23:59.129Z] [INFO ] Starting BAJUS scrape v4.0 (sequential)...
[2026-06-04T00:23:59.130Z] [INFO ] Trying Strategy 1: BAJUSCTG API...
[2026-06-04T00:23:59.791Z] [INFO ] ✓ BAJUSCTG success: 22K gram ≈ 20135
[2026-06-04T00:23:59.792Z] [INFO ] SUCCESS — Source: bajusctg-api
[2026-06-04T00:23:59.792Z] [INFO ] Fetching international prices...
[2026-06-04T00:23:59.970Z] [INFO ] Gold: no change — skipping append
[2026-06-04T00:23:59.970Z] [INFO ] Silver: no change — skipping append
[2026-06-04T00:23:59.970Z] [INFO ] Intl: appended entry #261
[2026-06-04T00:23:59.985Z] [INFO ] latest.json written | Final source: bajusctg-api
[2026-06-04T00:23:59.986Z] [INFO ] ══════════════════════════════════════════════
[2026-06-04T05:30:37.996Z] [INFO ] ══════════════════════════════════════════════
[2026-06-04T05:30:37.997Z] [INFO ] SonarGold Scraper v4.0 starting...
[2026-06-04T05:30:37.998Z] [INFO ] Mode: LIVE
[2026-06-04T05:30:37.998Z] [INFO ] ══════════════════════════════════════════════
[2026-06-04T05:30:38.000Z] [INFO ] History size — Gold: 220, Silver: 213, Intl: 261
[2026-06-04T05:30:38.000Z] [INFO ] ════════════════════════════════
[2026-06-04T05:30:38.001Z] [INFO ] Starting BAJUS scrape v4.0 (sequential)...
[2026-06-04T05:30:38.004Z] [INFO ] Trying Strategy 1: BAJUSCTG API...
[2026-06-04T05:30:39.092Z] [WARN ] BAJUSCTG API failed: HTTP 401
[2026-06-04T05:30:39.092Z] [INFO ] Trying BAJUSCTG HTML fallback...
[2026-06-04T05:30:39.499Z] [WARN ] BAJUSCTG HTML failed: HTTP 401
[2026-06-04T05:30:39.499Z] [INFO ] Trying Strategy 2: GoldR.org homepage...
[2026-06-04T05:30:39.818Z] [WARN ] GoldR.org parsed but data invalid
[2026-06-04T05:30:39.818Z] [INFO ] Trying Strategy 3: bdgoldprice.com...
[2026-06-04T05:30:40.155Z] [INFO ] Trying Strategy 4: Wayback Machine...
[2026-06-04T05:30:45.398Z] [WARN ] Wayback failed: No snapshot
[2026-06-04T05:30:45.399Z] [INFO ] Using cached prices from 2026-06-02 (48h old)
[2026-06-04T05:30:45.399Z] [WARN ] ALL LIVE SOURCES FAILED — Using cached prices (mandatory fallback)
[2026-06-04T05:30:45.400Z] [INFO ] Fetching international prices...
[2026-06-04T05:30:46.085Z] [INFO ] Gold: no change — skipping append
[2026-06-04T05:30:46.086Z] [INFO ] Silver: no change — skipping append
[2026-06-04T05:30:46.086Z] [INFO ] Intl: updated same-day entry
[2026-06-04T05:30:46.129Z] [INFO ] latest.json written | Final source: cache
[2026-06-04T05:30:46.130Z] [INFO ] ══════════════════════════════════════════════
[2026-06-04T09:39:02.555Z] [INFO ] ══════════════════════════════════════════════
[2026-06-04T09:39:02.556Z] [INFO ] SonarGold Scraper v4.0 starting...
[2026-06-04T09:39:02.557Z] [INFO ] Mode: LIVE
[2026-06-04T09:39:02.557Z] [INFO ] ══════════════════════════════════════════════
[2026-06-04T09:39:02.559Z] [INFO ] History size — Gold: 220, Silver: 213, Intl: 261
[2026-06-04T09:39:02.559Z] [INFO ] ════════════════════════════════
[2026-06-04T09:39:02.559Z] [INFO ] Starting BAJUS scrape v4.0 (sequential)...
[2026-06-04T09:39:02.560Z] [INFO ] Trying Strategy 1: BAJUSCTG API...
[2026-06-04T09:39:03.406Z] [INFO ] ✓ BAJUSCTG success: 22K gram ≈ 20135
[2026-06-04T09:39:03.406Z] [INFO ] SUCCESS — Source: bajusctg-api
[2026-06-04T09:39:03.407Z] [INFO ] Fetching international prices...
[2026-06-04T09:39:03.764Z] [INFO ] Gold: no change — skipping append
[2026-06-04T09:39:03.764Z] [INFO ] Silver: no change — skipping append
[2026-06-04T09:39:03.764Z] [INFO ] Intl: updated same-day entry
[2026-06-04T09:39:04.013Z] [INFO ] latest.json written | Final source: bajusctg-api
[2026-06-04T09:39:04.014Z] [INFO ] ══════════════════════════════════════════════
[2026-06-04T12:35:42.276Z] [INFO ] ══════════════════════════════════════════════
[2026-06-04T12:35:42.279Z] [INFO ] SonarGold Scraper v4.0 starting...
[2026-06-04T12:35:42.279Z] [INFO ] Mode: LIVE
[2026-06-04T12:35:42.280Z] [INFO ] ══════════════════════════════════════════════
[2026-06-04T12:35:42.283Z] [INFO ] History size — Gold: 220, Silver: 213, Intl: 261
[2026-06-04T12:35:42.284Z] [INFO ] ════════════════════════════════
[2026-06-04T12:35:42.284Z] [INFO ] Starting BAJUS scrape v4.0 (sequential)...
[2026-06-04T12:35:42.285Z] [INFO ] Trying Strategy 1: BAJUSCTG API...
[2026-06-04T12:35:44.611Z] [WARN ] BAJUSCTG API failed: invalid json response body at https://bajushub.com/ reason: Unexpected token '<', "<!DOCTYPE "... is not valid JSON
[2026-06-04T12:35:44.612Z] [INFO ] Trying BAJUSCTG HTML fallback...
[2026-06-04T12:35:44.880Z] [INFO ] Trying Strategy 2: GoldR.org homepage...
[2026-06-04T12:35:45.742Z] [WARN ] GoldR.org parsed but data invalid
[2026-06-04T12:35:45.743Z] [INFO ] Trying Strategy 3: bdgoldprice.com...
[2026-06-04T12:35:45.914Z] [INFO ] Trying Strategy 4: Wayback Machine...
[2026-06-04T12:35:47.126Z] [INFO ] Using cached prices from 2026-06-02 (55h old)
[2026-06-04T12:35:47.126Z] [WARN ] ALL LIVE SOURCES FAILED — Using cached prices (mandatory fallback)
[2026-06-04T12:35:47.127Z] [INFO ] Fetching international prices...
[2026-06-04T12:35:47.622Z] [INFO ] Gold: no change — skipping append
[2026-06-04T12:35:47.623Z] [INFO ] Silver: no change — skipping append
[2026-06-04T12:35:47.623Z] [INFO ] Intl: updated same-day entry
[2026-06-04T12:35:47.638Z] [INFO ] latest.json written | Final source: cache
[2026-06-04T12:35:47.639Z] [INFO ] ══════════════════════════════════════════════
[2026-06-04T16:14:49.197Z] [INFO ] ══════════════════════════════════════════════
[2026-06-04T16:14:49.198Z] [INFO ] SonarGold Scraper v4.0 starting...
[2026-06-04T16:14:49.199Z] [INFO ] Mode: LIVE
[2026-06-04T16:14:49.200Z] [INFO ] ══════════════════════════════════════════════
[2026-06-04T16:14:49.201Z] [INFO ] History size — Gold: 220, Silver: 213, Intl: 261
[2026-06-04T16:14:49.202Z] [INFO ] ════════════════════════════════
[2026-06-04T16:14:49.203Z] [INFO ] Starting BAJUS scrape v4.0 (sequential)...
[2026-06-04T16:14:49.204Z] [INFO ] Trying Strategy 1: BAJUSCTG API...
[2026-06-04T16:14:50.350Z] [WARN ] BAJUSCTG API failed: HTTP 401
[2026-06-04T16:14:50.351Z] [INFO ] Trying BAJUSCTG HTML fallback...
[2026-06-04T16:14:50.752Z] [WARN ] BAJUSCTG HTML failed: HTTP 401
[2026-06-04T16:14:50.752Z] [INFO ] Trying Strategy 2: GoldR.org homepage...
[2026-06-04T16:14:50.996Z] [WARN ] GoldR.org parsed but data invalid
[2026-06-04T16:14:50.997Z] [INFO ] Trying Strategy 3: bdgoldprice.com...
[2026-06-04T16:14:51.207Z] [INFO ] Trying Strategy 4: Wayback Machine...
[2026-06-04T16:14:56.324Z] [INFO ] Using cached prices from 2026-06-02 (59h old)
[2026-06-04T16:14:56.325Z] [WARN ] ALL LIVE SOURCES FAILED — Using cached prices (mandatory fallback)
[2026-06-04T16:14:56.326Z] [INFO ] Fetching international prices...
[2026-06-04T16:14:57.014Z] [INFO ] Gold: no change — skipping append
[2026-06-04T16:14:57.014Z] [INFO ] Silver: no change — skipping append
[2026-06-04T16:14:57.015Z] [INFO ] Intl: updated same-day entry
[2026-06-04T16:14:57.029Z] [INFO ] latest.json written | Final source: cache
[2026-06-04T16:14:57.030Z] [INFO ] ══════════════════════════════════════════════
[2026-06-04T19:10:49.247Z] [INFO ] ══════════════════════════════════════════════
[2026-06-04T19:10:49.249Z] [INFO ] SonarGold Scraper v4.0 starting...
[2026-06-04T19:10:49.249Z] [INFO ] Mode: LIVE
[2026-06-04T19:10:49.250Z] [INFO ] ══════════════════════════════════════════════
[2026-06-04T19:10:49.252Z] [INFO ] History size — Gold: 220, Silver: 213, Intl: 261
[2026-06-04T19:10:49.253Z] [INFO ] ════════════════════════════════
[2026-06-04T19:10:49.253Z] [INFO ] Starting BAJUS scrape v4.0 (sequential)...
[2026-06-04T19:10:49.254Z] [INFO ] Trying Strategy 1: BAJUSCTG API...
[2026-06-04T19:10:50.430Z] [WARN ] BAJUSCTG API failed: invalid json response body at https://bajushub.com/ reason: Unexpected token '<', "<!DOCTYPE "... is not valid JSON
[2026-06-04T19:10:50.431Z] [INFO ] Trying BAJUSCTG HTML fallback...
[2026-06-04T19:10:50.755Z] [INFO ] Trying Strategy 2: GoldR.org homepage...
[2026-06-04T19:10:51.950Z] [WARN ] GoldR.org parsed but data invalid
[2026-06-04T19:10:51.951Z] [INFO ] Trying Strategy 3: bdgoldprice.com...
[2026-06-04T19:10:52.248Z] [INFO ] Trying Strategy 4: Wayback Machine...
[2026-06-04T19:10:53.606Z] [INFO ] Using cached prices from 2026-06-02 (62h old)
[2026-06-04T19:10:53.607Z] [WARN ] ALL LIVE SOURCES FAILED — Using cached prices (mandatory fallback)
[2026-06-04T19:10:53.607Z] [INFO ] Fetching international prices...
[2026-06-04T19:10:53.978Z] [INFO ] Gold: no change — skipping append
[2026-06-04T19:10:53.978Z] [INFO ] Silver: no change — skipping append
[2026-06-04T19:10:53.979Z] [INFO ] Intl: updated same-day entry
[2026-06-04T19:10:54.012Z] [INFO ] latest.json written | Final source: cache
[2026-06-04T19:10:54.013Z] [INFO ] ══════════════════════════════════════════════
