[2026-04-24T01:21:04.775Z] [INFO ] ══════════════════════════════════════════════
[2026-04-24T01:21:04.776Z] [INFO ] SonarGold Scraper v4.0 starting...
[2026-04-24T01:21:04.777Z] [INFO ] Mode: LIVE
[2026-04-24T01:21:04.777Z] [INFO ] ══════════════════════════════════════════════
[2026-04-24T01:21:04.778Z] [INFO ] History size — Gold: 205, Silver: 205, Intl: 219
[2026-04-24T01:21:04.779Z] [INFO ] ════════════════════════════════
[2026-04-24T01:21:04.779Z] [INFO ] Starting BAJUS scrape v4.0 (sequential)...
[2026-04-24T01:21:04.779Z] [INFO ] Trying Strategy 1: BAJUSCTG API...
[2026-04-24T01:21:06.270Z] [INFO ] ✓ BAJUSCTG success: 22K gram ≈ 21170
[2026-04-24T01:21:06.270Z] [INFO ] SUCCESS — Source: bajusctg-api
[2026-04-24T01:21:06.271Z] [INFO ] Fetching international prices...
[2026-04-24T01:21:07.055Z] [INFO ] Gold: no change — skipping append
[2026-04-24T01:21:07.055Z] [INFO ] Silver: no change — skipping append
[2026-04-24T01:21:07.056Z] [INFO ] Intl: appended entry #220
[2026-04-24T01:21:07.074Z] [INFO ] latest.json written | Final source: bajusctg-api
[2026-04-24T01:21:07.074Z] [INFO ] ══════════════════════════════════════════════
[2026-04-24T04:44:43.753Z] [INFO ] ══════════════════════════════════════════════
[2026-04-24T04:44:43.754Z] [INFO ] SonarGold Scraper v4.0 starting...
[2026-04-24T04:44:43.755Z] [INFO ] Mode: LIVE
[2026-04-24T04:44:43.755Z] [INFO ] ══════════════════════════════════════════════
[2026-04-24T04:44:43.756Z] [INFO ] History size — Gold: 205, Silver: 205, Intl: 220
[2026-04-24T04:44:43.757Z] [INFO ] ════════════════════════════════
[2026-04-24T04:44:43.757Z] [INFO ] Starting BAJUS scrape v4.0 (sequential)...
[2026-04-24T04:44:43.758Z] [INFO ] Trying Strategy 1: BAJUSCTG API...
[2026-04-24T04:44:45.457Z] [INFO ] ✓ BAJUSCTG success: 22K gram ≈ 21170
[2026-04-24T04:44:45.458Z] [INFO ] SUCCESS — Source: bajusctg-api
[2026-04-24T04:44:45.458Z] [INFO ] Fetching international prices...
[2026-04-24T04:44:46.018Z] [INFO ] Gold: no change — skipping append
[2026-04-24T04:44:46.018Z] [INFO ] Silver: no change — skipping append
[2026-04-24T04:44:46.018Z] [INFO ] Intl: updated same-day entry
[2026-04-24T04:44:46.033Z] [INFO ] latest.json written | Final source: bajusctg-api
[2026-04-24T04:44:46.033Z] [INFO ] ══════════════════════════════════════════════
[2026-04-24T06:57:14.354Z] [INFO ] ══════════════════════════════════════════════
[2026-04-24T06:57:14.355Z] [INFO ] SonarGold Scraper v4.0 starting...
[2026-04-24T06:57:14.355Z] [INFO ] Mode: LIVE
[2026-04-24T06:57:14.356Z] [INFO ] ══════════════════════════════════════════════
[2026-04-24T06:57:14.357Z] [INFO ] History size — Gold: 205, Silver: 205, Intl: 220
[2026-04-24T06:57:14.357Z] [INFO ] ════════════════════════════════
[2026-04-24T06:57:14.358Z] [INFO ] Starting BAJUS scrape v4.0 (sequential)...
[2026-04-24T06:57:14.358Z] [INFO ] Trying Strategy 1: BAJUSCTG API...
[2026-04-24T06:57:16.078Z] [INFO ] ✓ BAJUSCTG success: 22K gram ≈ 21170
[2026-04-24T06:57:16.079Z] [INFO ] SUCCESS — Source: bajusctg-api
[2026-04-24T06:57:16.079Z] [INFO ] Fetching international prices...
[2026-04-24T06:57:16.768Z] [INFO ] Gold: no change — skipping append
[2026-04-24T06:57:16.769Z] [INFO ] Silver: no change — skipping append
[2026-04-24T06:57:16.769Z] [INFO ] Intl: updated same-day entry
[2026-04-24T06:57:16.787Z] [INFO ] latest.json written | Final source: bajusctg-api
[2026-04-24T06:57:16.787Z] [INFO ] ══════════════════════════════════════════════
[2026-04-24T08:57:05.008Z] [INFO ] ══════════════════════════════════════════════
[2026-04-24T08:57:05.009Z] [INFO ] SonarGold Scraper v4.0 starting...
[2026-04-24T08:57:05.010Z] [INFO ] Mode: LIVE
[2026-04-24T08:57:05.010Z] [INFO ] ══════════════════════════════════════════════
[2026-04-24T08:57:05.012Z] [INFO ] History size — Gold: 205, Silver: 205, Intl: 220
[2026-04-24T08:57:05.012Z] [INFO ] ════════════════════════════════
[2026-04-24T08:57:05.012Z] [INFO ] Starting BAJUS scrape v4.0 (sequential)...
[2026-04-24T08:57:05.013Z] [INFO ] Trying Strategy 1: BAJUSCTG API...
[2026-04-24T08:57:06.547Z] [WARN ] BAJUSCTG API failed: HTTP 401
[2026-04-24T08:57:06.547Z] [INFO ] Trying BAJUSCTG HTML fallback...
[2026-04-24T08:57:06.936Z] [INFO ] Trying Strategy 2: GoldR.org homepage...
[2026-04-24T08:57:07.370Z] [WARN ] GoldR.org parsed but data invalid
[2026-04-24T08:57:07.371Z] [INFO ] Trying Strategy 3: bdgoldprice.com...
[2026-04-24T08:57:07.463Z] [INFO ] Trying Strategy 4: Wayback Machine...
[2026-04-24T08:57:12.516Z] [WARN ] Wayback failed: No snapshot
[2026-04-24T08:57:12.517Z] [INFO ] Using cached prices from 2026-04-23 (28h old)
[2026-04-24T08:57:12.518Z] [WARN ] ALL LIVE SOURCES FAILED — Using cached prices (mandatory fallback)
[2026-04-24T08:57:12.518Z] [INFO ] Fetching international prices...
[2026-04-24T08:57:13.019Z] [INFO ] Gold: no change — skipping append
[2026-04-24T08:57:13.019Z] [INFO ] Silver: no change — skipping append
[2026-04-24T08:57:13.020Z] [INFO ] Intl: updated same-day entry
[2026-04-24T08:57:13.035Z] [INFO ] latest.json written | Final source: cache
[2026-04-24T08:57:13.035Z] [INFO ] ══════════════════════════════════════════════
[2026-04-24T10:16:44.285Z] [INFO ] ══════════════════════════════════════════════
[2026-04-24T10:16:44.286Z] [INFO ] SonarGold Scraper v4.0 starting...
[2026-04-24T10:16:44.287Z] [INFO ] Mode: LIVE
[2026-04-24T10:16:44.287Z] [INFO ] ══════════════════════════════════════════════
[2026-04-24T10:16:44.288Z] [INFO ] History size — Gold: 205, Silver: 205, Intl: 220
[2026-04-24T10:16:44.289Z] [INFO ] ════════════════════════════════
[2026-04-24T10:16:44.289Z] [INFO ] Starting BAJUS scrape v4.0 (sequential)...
[2026-04-24T10:16:44.290Z] [INFO ] Trying Strategy 1: BAJUSCTG API...
[2026-04-24T10:16:44.701Z] [INFO ] ✓ BAJUSCTG success: 22K gram ≈ 21170
[2026-04-24T10:16:44.701Z] [INFO ] SUCCESS — Source: bajusctg-api
[2026-04-24T10:16:44.702Z] [INFO ] Fetching international prices...
[2026-04-24T10:16:45.533Z] [INFO ] Gold: no change — skipping append
[2026-04-24T10:16:45.533Z] [INFO ] Silver: no change — skipping append
[2026-04-24T10:16:45.533Z] [INFO ] Intl: updated same-day entry
[2026-04-24T10:16:45.548Z] [INFO ] latest.json written | Final source: bajusctg-api
[2026-04-24T10:16:45.548Z] [INFO ] ══════════════════════════════════════════════
[2026-04-24T11:50:57.839Z] [INFO ] ══════════════════════════════════════════════
[2026-04-24T11:50:57.841Z] [INFO ] SonarGold Scraper v4.0 starting...
[2026-04-24T11:50:57.841Z] [INFO ] Mode: LIVE
[2026-04-24T11:50:57.841Z] [INFO ] ══════════════════════════════════════════════
[2026-04-24T11:50:57.843Z] [INFO ] History size — Gold: 205, Silver: 205, Intl: 220
[2026-04-24T11:50:57.843Z] [INFO ] ════════════════════════════════
[2026-04-24T11:50:57.844Z] [INFO ] Starting BAJUS scrape v4.0 (sequential)...
[2026-04-24T11:50:57.844Z] [INFO ] Trying Strategy 1: BAJUSCTG API...
[2026-04-24T11:50:59.502Z] [INFO ] ✓ BAJUSCTG success: 22K gram ≈ 21170
[2026-04-24T11:50:59.503Z] [INFO ] SUCCESS — Source: bajusctg-api
[2026-04-24T11:50:59.503Z] [INFO ] Fetching international prices...
[2026-04-24T11:50:59.977Z] [INFO ] Gold: no change — skipping append
[2026-04-24T11:50:59.978Z] [INFO ] Silver: no change — skipping append
[2026-04-24T11:50:59.978Z] [INFO ] Intl: updated same-day entry
[2026-04-24T11:50:59.993Z] [INFO ] latest.json written | Final source: bajusctg-api
[2026-04-24T11:50:59.993Z] [INFO ] ══════════════════════════════════════════════
[2026-04-24T12:54:08.391Z] [INFO ] ══════════════════════════════════════════════
[2026-04-24T12:54:08.392Z] [INFO ] SonarGold Scraper v4.0 starting...
[2026-04-24T12:54:08.392Z] [INFO ] Mode: LIVE
[2026-04-24T12:54:08.392Z] [INFO ] ══════════════════════════════════════════════
[2026-04-24T12:54:08.394Z] [INFO ] History size — Gold: 205, Silver: 205, Intl: 220
[2026-04-24T12:54:08.394Z] [INFO ] ════════════════════════════════
[2026-04-24T12:54:08.395Z] [INFO ] Starting BAJUS scrape v4.0 (sequential)...
[2026-04-24T12:54:08.395Z] [INFO ] Trying Strategy 1: BAJUSCTG API...
[2026-04-24T12:54:10.041Z] [INFO ] ✓ BAJUSCTG success: 22K gram ≈ 21170
[2026-04-24T12:54:10.042Z] [INFO ] SUCCESS — Source: bajusctg-api
[2026-04-24T12:54:10.042Z] [INFO ] Fetching international prices...
[2026-04-24T12:54:10.520Z] [INFO ] Gold: no change — skipping append
[2026-04-24T12:54:10.521Z] [INFO ] Silver: no change — skipping append
[2026-04-24T12:54:10.521Z] [INFO ] Intl: updated same-day entry
[2026-04-24T12:54:10.535Z] [INFO ] latest.json written | Final source: bajusctg-api
[2026-04-24T12:54:10.536Z] [INFO ] ══════════════════════════════════════════════
[2026-04-24T14:27:12.452Z] [INFO ] ══════════════════════════════════════════════
[2026-04-24T14:27:12.454Z] [INFO ] SonarGold Scraper v4.0 starting...
[2026-04-24T14:27:12.454Z] [INFO ] Mode: LIVE
[2026-04-24T14:27:12.454Z] [INFO ] ══════════════════════════════════════════════
[2026-04-24T14:27:12.456Z] [INFO ] History size — Gold: 205, Silver: 205, Intl: 220
[2026-04-24T14:27:12.456Z] [INFO ] ════════════════════════════════
[2026-04-24T14:27:12.457Z] [INFO ] Starting BAJUS scrape v4.0 (sequential)...
[2026-04-24T14:27:12.457Z] [INFO ] Trying Strategy 1: BAJUSCTG API...
[2026-04-24T14:27:14.665Z] [INFO ] ✓ BAJUSCTG success: 22K gram ≈ 21170
[2026-04-24T14:27:14.666Z] [INFO ] SUCCESS — Source: bajusctg-api
[2026-04-24T14:27:14.666Z] [INFO ] Fetching international prices...
[2026-04-24T14:27:14.759Z] [INFO ] Gold: no change — skipping append
[2026-04-24T14:27:14.759Z] [INFO ] Silver: no change — skipping append
[2026-04-24T14:27:14.760Z] [INFO ] Intl: updated same-day entry
[2026-04-24T14:27:14.774Z] [INFO ] latest.json written | Final source: bajusctg-api
[2026-04-24T14:27:14.775Z] [INFO ] ══════════════════════════════════════════════
[2026-04-24T15:56:49.886Z] [INFO ] ══════════════════════════════════════════════
[2026-04-24T15:56:49.887Z] [INFO ] SonarGold Scraper v4.0 starting...
[2026-04-24T15:56:49.888Z] [INFO ] Mode: LIVE
[2026-04-24T15:56:49.888Z] [INFO ] ══════════════════════════════════════════════
[2026-04-24T15:56:49.889Z] [INFO ] History size — Gold: 205, Silver: 205, Intl: 220
[2026-04-24T15:56:49.889Z] [INFO ] ════════════════════════════════
[2026-04-24T15:56:49.890Z] [INFO ] Starting BAJUS scrape v4.0 (sequential)...
[2026-04-24T15:56:49.890Z] [INFO ] Trying Strategy 1: BAJUSCTG API...
[2026-04-24T15:56:51.656Z] [INFO ] ✓ BAJUSCTG success: 22K gram ≈ 21170
[2026-04-24T15:56:51.656Z] [INFO ] SUCCESS — Source: bajusctg-api
[2026-04-24T15:56:51.657Z] [INFO ] Fetching international prices...
[2026-04-24T15:56:52.137Z] [INFO ] Gold: no change — skipping append
[2026-04-24T15:56:52.138Z] [INFO ] Silver: no change — skipping append
[2026-04-24T15:56:52.138Z] [INFO ] Intl: updated same-day entry
[2026-04-24T15:56:52.151Z] [INFO ] latest.json written | Final source: bajusctg-api
[2026-04-24T15:56:52.152Z] [INFO ] ══════════════════════════════════════════════
[2026-04-24T16:46:14.025Z] [INFO ] ══════════════════════════════════════════════
[2026-04-24T16:46:14.027Z] [INFO ] SonarGold Scraper v4.0 starting...
[2026-04-24T16:46:14.027Z] [INFO ] Mode: LIVE
[2026-04-24T16:46:14.028Z] [INFO ] ══════════════════════════════════════════════
[2026-04-24T16:46:14.029Z] [INFO ] History size — Gold: 205, Silver: 205, Intl: 220
[2026-04-24T16:46:14.030Z] [INFO ] ════════════════════════════════
[2026-04-24T16:46:14.030Z] [INFO ] Starting BAJUS scrape v4.0 (sequential)...
[2026-04-24T16:46:14.030Z] [INFO ] Trying Strategy 1: BAJUSCTG API...
[2026-04-24T16:46:15.779Z] [INFO ] ✓ BAJUSCTG success: 22K gram ≈ 21170
[2026-04-24T16:46:15.780Z] [INFO ] SUCCESS — Source: bajusctg-api
[2026-04-24T16:46:15.781Z] [INFO ] Fetching international prices...
[2026-04-24T16:46:16.351Z] [INFO ] Gold: no change — skipping append
[2026-04-24T16:46:16.352Z] [INFO ] Silver: no change — skipping append
[2026-04-24T16:46:16.352Z] [INFO ] Intl: updated same-day entry
[2026-04-24T16:46:16.366Z] [INFO ] latest.json written | Final source: bajusctg-api
[2026-04-24T16:46:16.367Z] [INFO ] ══════════════════════════════════════════════
