[2026-07-01T00:11:53.422Z] [INFO ] ══════════════════════════════════════════════
[2026-07-01T00:11:53.424Z] [INFO ] SonarGold Scraper v4.0 starting...
[2026-07-01T00:11:53.425Z] [INFO ] Mode: LIVE
[2026-07-01T00:11:53.426Z] [INFO ] ══════════════════════════════════════════════
[2026-07-01T00:11:53.428Z] [INFO ] History size — Gold: 232, Silver: 223, Intl: 286
[2026-07-01T00:11:53.429Z] [INFO ] ════════════════════════════════
[2026-07-01T00:11:53.430Z] [INFO ] Starting BAJUS scrape v4.0 (sequential)...
[2026-07-01T00:11:53.432Z] [INFO ] Trying Strategy 1: BAJUSCTG API...
[2026-07-01T00:11:53.875Z] [INFO ] ✓ BAJUSCTG success: 22K gram ≈ 19030
[2026-07-01T00:11:53.876Z] [INFO ] SUCCESS — Source: bajusctg-api
[2026-07-01T00:11:53.876Z] [INFO ] Fetching international prices...
[2026-07-01T00:11:54.351Z] [INFO ] Gold: no change — skipping append
[2026-07-01T00:11:54.352Z] [INFO ] Silver: no change — skipping append
[2026-07-01T00:11:54.352Z] [INFO ] Intl: appended entry #287
[2026-07-01T00:11:54.369Z] [INFO ] latest.json written | Final source: bajusctg-api
[2026-07-01T00:11:54.370Z] [INFO ] ══════════════════════════════════════════════
[2026-07-01T05:07:05.044Z] [INFO ] ══════════════════════════════════════════════
[2026-07-01T05:07:05.045Z] [INFO ] SonarGold Scraper v4.0 starting...
[2026-07-01T05:07:05.046Z] [INFO ] Mode: LIVE
[2026-07-01T05:07:05.047Z] [INFO ] ══════════════════════════════════════════════
[2026-07-01T05:07:05.049Z] [INFO ] History size — Gold: 232, Silver: 223, Intl: 287
[2026-07-01T05:07:05.050Z] [INFO ] ════════════════════════════════
[2026-07-01T05:07:05.051Z] [INFO ] Starting BAJUS scrape v4.0 (sequential)...
[2026-07-01T05:07:05.054Z] [INFO ] Trying Strategy 1: BAJUSCTG API...
[2026-07-01T05:07:05.246Z] [WARN ] BAJUSCTG API failed: Invalid response body while trying to fetch https://bajushub.com/pricesx.php: Premature close
[2026-07-01T05:07:05.247Z] [INFO ] Trying BAJUSCTG HTML fallback...
[2026-07-01T05:07:05.971Z] [WARN ] BAJUSCTG HTML failed: Invalid response body while trying to fetch https://bajushub.com/: Premature close
[2026-07-01T05:07:05.972Z] [INFO ] Trying Strategy 2: GoldR.org homepage...
[2026-07-01T05:07:06.269Z] [WARN ] GoldR.org failed: Invalid response body while trying to fetch https://www.goldr.org/: Premature close
[2026-07-01T05:07:06.270Z] [INFO ] Trying Strategy 3: bdgoldprice.com...
[2026-07-01T05:07:06.498Z] [WARN ] BDGoldPrice failed: Invalid response body while trying to fetch https://www.bdgoldprice.com/: Premature close
[2026-07-01T05:07:06.498Z] [INFO ] Trying Strategy 4: Wayback Machine...
[2026-07-01T05:07:07.184Z] [WARN ] Wayback failed: Invalid response body while trying to fetch http://web.archive.org/web/20250901185455/https://www.bajus.org/gold-price: Premature close
[2026-07-01T05:07:07.185Z] [INFO ] Using cached prices from 2026-06-30 (12h old)
[2026-07-01T05:07:07.186Z] [WARN ] ALL LIVE SOURCES FAILED — Using cached prices (mandatory fallback)
[2026-07-01T05:07:07.186Z] [INFO ] Fetching international prices...
[2026-07-01T05:07:07.918Z] [ERROR] FX fetch failed: Invalid response body while trying to fetch https://open.er-api.com/v6/latest/USD: Premature close
[2026-07-01T05:07:07.919Z] [INFO ] Gold: no change — skipping append
[2026-07-01T05:07:07.920Z] [INFO ] Silver: no change — skipping append
[2026-07-01T05:07:07.920Z] [INFO ] Intl: updated same-day entry
[2026-07-01T05:07:07.936Z] [INFO ] latest.json written | Final source: cache
[2026-07-01T05:07:07.936Z] [INFO ] ══════════════════════════════════════════════
