[2026-04-02T01:44:53.880Z] [INFO ] ══════════════════════════════════════════════
[2026-04-02T01:44:53.881Z] [INFO ] SonarGold Scraper v3.1 (Enhanced with BAJUSCTG Fallback) starting…
[2026-04-02T01:44:53.882Z] [INFO ] Mode: LIVE | Source: all
[2026-04-02T01:44:53.882Z] [INFO ] ══════════════════════════════════════════════
[2026-04-02T01:44:53.884Z] [INFO ] History — gold:197 silver:197 intl:197
[2026-04-02T01:44:53.884Z] [INFO ] Starting BAJUS scrape (v3.1 — multi-strategy with BAJUSCTG fallback)…
[2026-04-02T01:44:53.884Z] [INFO ] [fetch] Attempt 1: GET https://bajus.org/gold-price
[2026-04-02T01:44:54.030Z] [WARN ] [fetch] Attempt 1 failed: HTTP 403
[2026-04-02T01:44:57.034Z] [INFO ] [fetch] Attempt 2: GET https://bajus.org/gold-price
[2026-04-02T01:44:57.078Z] [WARN ] [fetch] Attempt 2 failed: HTTP 403
[2026-04-02T01:44:57.079Z] [INFO ] [curl] Attempt 1: GET https://bajus.org/gold-price
[2026-04-02T01:44:57.088Z] [INFO ] curl: using --impersonate chrome
[2026-04-02T01:44:57.095Z] [WARN ] [curl] Attempt 1 failed: curl failed: Command failed: curl -sL --max-time 20 --impersonate chrome          -H "Accept-Language: en-US,en;q=0.9"         "https://bajus.org/gold-price"
curl: option --impersonate: is unknown
curl: try 'curl --help' or 'curl --manual' for more information

[2026-04-02T01:45:00.097Z] [INFO ] [curl] Attempt 2: GET https://bajus.org/gold-price
[2026-04-02T01:45:00.106Z] [INFO ] curl: using --impersonate chrome
[2026-04-02T01:45:00.114Z] [WARN ] [curl] Attempt 2 failed: curl failed: Command failed: curl -sL --max-time 20 --impersonate chrome          -H "Accept-Language: en-US,en;q=0.9"         "https://bajus.org/gold-price"
curl: option --impersonate: is unknown
curl: try 'curl --help' or 'curl --manual' for more information

[2026-04-02T01:45:00.114Z] [INFO ] [puppeteer] Attempt 1: GET https://bajus.org/gold-price
[2026-04-02T01:45:03.840Z] [WARN ] [puppeteer] Attempt 1 failed: HTTP 403
[2026-04-02T01:45:08.847Z] [INFO ] [puppeteer] Attempt 2: GET https://bajus.org/gold-price
[2026-04-02T01:45:11.710Z] [WARN ] [puppeteer] Attempt 2 failed: HTTP 403
[2026-04-02T01:45:11.710Z] [INFO ] [fetch] Attempt 1: GET https://www.bajus.org/gold-price
[2026-04-02T01:45:11.775Z] [WARN ] [fetch] Attempt 1 failed: HTTP 403
[2026-04-02T01:45:14.776Z] [INFO ] [fetch] Attempt 2: GET https://www.bajus.org/gold-price
[2026-04-02T01:45:14.824Z] [WARN ] [fetch] Attempt 2 failed: HTTP 403
[2026-04-02T01:45:14.824Z] [INFO ] [curl] Attempt 1: GET https://www.bajus.org/gold-price
[2026-04-02T01:45:14.833Z] [INFO ] curl: using --impersonate chrome
[2026-04-02T01:45:14.840Z] [WARN ] [curl] Attempt 1 failed: curl failed: Command failed: curl -sL --max-time 20 --impersonate chrome          -H "Accept-Language: en-US,en;q=0.9"         "https://www.bajus.org/gold-price"
curl: option --impersonate: is unknown
curl: try 'curl --help' or 'curl --manual' for more information

[2026-04-02T01:45:17.841Z] [INFO ] [curl] Attempt 2: GET https://www.bajus.org/gold-price
[2026-04-02T01:45:17.850Z] [INFO ] curl: using --impersonate chrome
[2026-04-02T01:45:17.858Z] [WARN ] [curl] Attempt 2 failed: curl failed: Command failed: curl -sL --max-time 20 --impersonate chrome          -H "Accept-Language: en-US,en;q=0.9"         "https://www.bajus.org/gold-price"
curl: option --impersonate: is unknown
curl: try 'curl --help' or 'curl --manual' for more information

[2026-04-02T01:45:17.858Z] [INFO ] [puppeteer] Attempt 1: GET https://www.bajus.org/gold-price
[2026-04-02T01:45:20.556Z] [WARN ] [puppeteer] Attempt 1 failed: HTTP 403
[2026-04-02T01:45:25.562Z] [INFO ] [puppeteer] Attempt 2: GET https://www.bajus.org/gold-price
[2026-04-02T01:45:28.332Z] [WARN ] [puppeteer] Attempt 2 failed: HTTP 403
[2026-04-02T01:45:28.333Z] [INFO ] [fetch] Attempt 1: GET https://bajus.org/index.php?action=goldprice
[2026-04-02T01:45:28.378Z] [WARN ] [fetch] Attempt 1 failed: HTTP 403
[2026-04-02T01:45:31.381Z] [INFO ] [fetch] Attempt 2: GET https://bajus.org/index.php?action=goldprice
[2026-04-02T01:45:31.425Z] [WARN ] [fetch] Attempt 2 failed: HTTP 403
[2026-04-02T01:45:31.425Z] [INFO ] [curl] Attempt 1: GET https://bajus.org/index.php?action=goldprice
[2026-04-02T01:45:31.433Z] [INFO ] curl: using --impersonate chrome
[2026-04-02T01:45:31.441Z] [WARN ] [curl] Attempt 1 failed: curl failed: Command failed: curl -sL --max-time 20 --impersonate chrome          -H "Accept-Language: en-US,en;q=0.9"         "https://bajus.org/index.php?action=goldprice"
curl: option --impersonate: is unknown
curl: try 'curl --help' or 'curl --manual' for more information

[2026-04-02T01:45:34.440Z] [INFO ] [curl] Attempt 2: GET https://bajus.org/index.php?action=goldprice
[2026-04-02T01:45:34.449Z] [INFO ] curl: using --impersonate chrome
[2026-04-02T01:45:34.456Z] [WARN ] [curl] Attempt 2 failed: curl failed: Command failed: curl -sL --max-time 20 --impersonate chrome          -H "Accept-Language: en-US,en;q=0.9"         "https://bajus.org/index.php?action=goldprice"
curl: option --impersonate: is unknown
curl: try 'curl --help' or 'curl --manual' for more information

[2026-04-02T01:45:34.456Z] [INFO ] [puppeteer] Attempt 1: GET https://bajus.org/index.php?action=goldprice
[2026-04-02T01:45:37.290Z] [WARN ] [puppeteer] Attempt 1 failed: HTTP 403
[2026-04-02T01:45:42.296Z] [INFO ] [puppeteer] Attempt 2: GET https://bajus.org/index.php?action=goldprice
[2026-04-02T01:45:44.789Z] [WARN ] [puppeteer] Attempt 2 failed: HTTP 403
[2026-04-02T01:45:44.790Z] [INFO ] Trying BAJUSCTG alternative site…
[2026-04-02T01:45:46.250Z] [INFO ] BAJUSCTG API success: gold_22k=21260
[2026-04-02T01:45:46.250Z] [INFO ] Fetching international prices…
[2026-04-02T01:45:46.601Z] [INFO ] XAU: $4690.799805/oz
[2026-04-02T01:45:46.601Z] [INFO ] XAG: $72.929001/oz
[2026-04-02T01:45:46.601Z] [INFO ] USD/BDT: 122.928003
[2026-04-02T01:45:46.602Z] [INFO ] Gold:   {"date":"2026-04-02","timestamp":"2026-04-02T01:44:53.884Z","data_source":"bajusctg-api","bajus_g22":21260,"bajus_g21":20295,"bajus_g18":17395,"bajus_gtr":14170,"bajus_g22_vori":247977,"bajus_g21_vori":236721,"bajus_g18_vori":202895,"bajus_gtr_vori":165279}
[2026-04-02T01:45:46.602Z] [INFO ] Silver: {"date":"2026-04-02","timestamp":"2026-04-02T01:44:53.884Z","data_source":"bajusctg-api","bajus_s22":490,"bajus_s21":465,"bajus_s18":400,"bajus_str":300,"bajus_s22_vori":5715,"bajus_s21_vori":5424,"bajus_s18_vori":4666,"bajus_str_vori":3499}
[2026-04-02T01:45:46.602Z] [INFO ] Intl:   {"date":"2026-04-02","timestamp":"2026-04-02T01:44:53.884Z","gold_usd_oz":4690.799805,"gold_prev_usd_oz":null,"gold_chg_usd":null,"gold_chg_pct":null,"gold_gram_bdt":18539.09,"silver_usd_oz":72.929001,"silver_prev_usd_oz":null,"silver_chg_usd":null,"silver_chg_pct":null,"silver_gram_bdt":288.2318,"usd_bdt":122.928003}
[2026-04-02T01:45:46.602Z] [INFO ] Gold: no change — skipping history append
[2026-04-02T01:45:46.603Z] [INFO ] Silver: no change — skipping history append
[2026-04-02T01:45:46.603Z] [INFO ] Intl: appended entry #198 (2026-04-02)
[2026-04-02T01:45:46.618Z] [INFO ] latest.json written
[2026-04-02T01:45:46.618Z] [INFO ] Done — gold:no-change silver:no-change intl:stored
[2026-04-02T01:45:46.618Z] [INFO ] ══════════════════════════════════════════════
[2026-04-02T05:29:09.703Z] [INFO ] ══════════════════════════════════════════════
[2026-04-02T05:29:09.705Z] [INFO ] SonarGold Scraper v3.1 (Enhanced with BAJUSCTG Fallback) starting…
[2026-04-02T05:29:09.705Z] [INFO ] Mode: LIVE | Source: all
[2026-04-02T05:29:09.706Z] [INFO ] ══════════════════════════════════════════════
[2026-04-02T05:29:09.708Z] [INFO ] History — gold:197 silver:197 intl:198
[2026-04-02T05:29:09.709Z] [INFO ] Starting BAJUS scrape (v3.1 — multi-strategy with BAJUSCTG fallback)…
[2026-04-02T05:29:09.709Z] [INFO ] [fetch] Attempt 1: GET https://bajus.org/gold-price
[2026-04-02T05:29:09.958Z] [WARN ] [fetch] Attempt 1 failed: HTTP 403
[2026-04-02T05:29:12.962Z] [INFO ] [fetch] Attempt 2: GET https://bajus.org/gold-price
[2026-04-02T05:29:12.983Z] [WARN ] [fetch] Attempt 2 failed: HTTP 403
[2026-04-02T05:29:12.983Z] [INFO ] [curl] Attempt 1: GET https://bajus.org/gold-price
[2026-04-02T05:29:12.992Z] [INFO ] curl: using --impersonate chrome
[2026-04-02T05:29:13.000Z] [WARN ] [curl] Attempt 1 failed: curl failed: Command failed: curl -sL --max-time 20 --impersonate chrome          -H "Accept-Language: en-US,en;q=0.9"         "https://bajus.org/gold-price"
curl: option --impersonate: is unknown
curl: try 'curl --help' or 'curl --manual' for more information

[2026-04-02T05:29:16.002Z] [INFO ] [curl] Attempt 2: GET https://bajus.org/gold-price
[2026-04-02T05:29:16.011Z] [INFO ] curl: using --impersonate chrome
[2026-04-02T05:29:16.018Z] [WARN ] [curl] Attempt 2 failed: curl failed: Command failed: curl -sL --max-time 20 --impersonate chrome          -H "Accept-Language: en-US,en;q=0.9"         "https://bajus.org/gold-price"
curl: option --impersonate: is unknown
curl: try 'curl --help' or 'curl --manual' for more information

[2026-04-02T05:29:16.018Z] [INFO ] [puppeteer] Attempt 1: GET https://bajus.org/gold-price
[2026-04-02T05:29:19.126Z] [WARN ] [puppeteer] Attempt 1 failed: HTTP 403
[2026-04-02T05:29:24.132Z] [INFO ] [puppeteer] Attempt 2: GET https://bajus.org/gold-price
[2026-04-02T05:29:27.152Z] [WARN ] [puppeteer] Attempt 2 failed: HTTP 403
[2026-04-02T05:29:27.152Z] [INFO ] [fetch] Attempt 1: GET https://www.bajus.org/gold-price
[2026-04-02T05:29:27.185Z] [WARN ] [fetch] Attempt 1 failed: HTTP 403
[2026-04-02T05:29:30.186Z] [INFO ] [fetch] Attempt 2: GET https://www.bajus.org/gold-price
[2026-04-02T05:29:30.207Z] [WARN ] [fetch] Attempt 2 failed: HTTP 403
[2026-04-02T05:29:30.207Z] [INFO ] [curl] Attempt 1: GET https://www.bajus.org/gold-price
[2026-04-02T05:29:30.216Z] [INFO ] curl: using --impersonate chrome
[2026-04-02T05:29:30.223Z] [WARN ] [curl] Attempt 1 failed: curl failed: Command failed: curl -sL --max-time 20 --impersonate chrome          -H "Accept-Language: en-US,en;q=0.9"         "https://www.bajus.org/gold-price"
curl: option --impersonate: is unknown
curl: try 'curl --help' or 'curl --manual' for more information

[2026-04-02T05:29:33.224Z] [INFO ] [curl] Attempt 2: GET https://www.bajus.org/gold-price
[2026-04-02T05:29:33.233Z] [INFO ] curl: using --impersonate chrome
[2026-04-02T05:29:33.240Z] [WARN ] [curl] Attempt 2 failed: curl failed: Command failed: curl -sL --max-time 20 --impersonate chrome          -H "Accept-Language: en-US,en;q=0.9"         "https://www.bajus.org/gold-price"
curl: option --impersonate: is unknown
curl: try 'curl --help' or 'curl --manual' for more information

[2026-04-02T05:29:33.240Z] [INFO ] [puppeteer] Attempt 1: GET https://www.bajus.org/gold-price
[2026-04-02T05:29:36.973Z] [WARN ] [puppeteer] Attempt 1 failed: HTTP 403
[2026-04-02T05:29:41.977Z] [INFO ] [puppeteer] Attempt 2: GET https://www.bajus.org/gold-price
[2026-04-02T05:29:45.135Z] [WARN ] [puppeteer] Attempt 2 failed: HTTP 403
[2026-04-02T05:29:45.135Z] [INFO ] [fetch] Attempt 1: GET https://bajus.org/index.php?action=goldprice
[2026-04-02T05:29:45.155Z] [WARN ] [fetch] Attempt 1 failed: HTTP 403
[2026-04-02T05:29:48.157Z] [INFO ] [fetch] Attempt 2: GET https://bajus.org/index.php?action=goldprice
[2026-04-02T05:29:48.179Z] [WARN ] [fetch] Attempt 2 failed: HTTP 403
[2026-04-02T05:29:48.180Z] [INFO ] [curl] Attempt 1: GET https://bajus.org/index.php?action=goldprice
[2026-04-02T05:29:48.188Z] [INFO ] curl: using --impersonate chrome
[2026-04-02T05:29:48.197Z] [WARN ] [curl] Attempt 1 failed: curl failed: Command failed: curl -sL --max-time 20 --impersonate chrome          -H "Accept-Language: en-US,en;q=0.9"         "https://bajus.org/index.php?action=goldprice"
curl: option --impersonate: is unknown
curl: try 'curl --help' or 'curl --manual' for more information

[2026-04-02T05:29:51.197Z] [INFO ] [curl] Attempt 2: GET https://bajus.org/index.php?action=goldprice
[2026-04-02T05:29:51.206Z] [INFO ] curl: using --impersonate chrome
[2026-04-02T05:29:51.213Z] [WARN ] [curl] Attempt 2 failed: curl failed: Command failed: curl -sL --max-time 20 --impersonate chrome          -H "Accept-Language: en-US,en;q=0.9"         "https://bajus.org/index.php?action=goldprice"
curl: option --impersonate: is unknown
curl: try 'curl --help' or 'curl --manual' for more information

[2026-04-02T05:29:51.213Z] [INFO ] [puppeteer] Attempt 1: GET https://bajus.org/index.php?action=goldprice
[2026-04-02T05:29:53.943Z] [WARN ] [puppeteer] Attempt 1 failed: HTTP 403
[2026-04-02T05:29:58.943Z] [INFO ] [puppeteer] Attempt 2: GET https://bajus.org/index.php?action=goldprice
[2026-04-02T05:30:02.510Z] [WARN ] [puppeteer] Attempt 2 failed: HTTP 403
[2026-04-02T05:30:02.511Z] [INFO ] Trying BAJUSCTG alternative site…
[2026-04-02T05:30:03.485Z] [INFO ] BAJUSCTG API success: gold_22k=21260
[2026-04-02T05:30:03.485Z] [INFO ] Fetching international prices…
[2026-04-02T05:30:04.049Z] [INFO ] XAU: $4676.600098/oz
[2026-04-02T05:30:04.049Z] [INFO ] XAG: $71.995003/oz
[2026-04-02T05:30:04.050Z] [INFO ] USD/BDT: 122.928003
[2026-04-02T05:30:04.050Z] [INFO ] Gold:   {"date":"2026-04-02","timestamp":"2026-04-02T05:29:09.708Z","data_source":"bajusctg-api","bajus_g22":21260,"bajus_g21":20295,"bajus_g18":17395,"bajus_gtr":14170,"bajus_g22_vori":247977,"bajus_g21_vori":236721,"bajus_g18_vori":202895,"bajus_gtr_vori":165279}
[2026-04-02T05:30:04.050Z] [INFO ] Silver: {"date":"2026-04-02","timestamp":"2026-04-02T05:29:09.708Z","data_source":"bajusctg-api","bajus_s22":490,"bajus_s21":465,"bajus_s18":400,"bajus_str":300,"bajus_s22_vori":5715,"bajus_s21_vori":5424,"bajus_s18_vori":4666,"bajus_str_vori":3499}
[2026-04-02T05:30:04.050Z] [INFO ] Intl:   {"date":"2026-04-02","timestamp":"2026-04-02T05:29:09.708Z","gold_usd_oz":4676.600098,"gold_prev_usd_oz":null,"gold_chg_usd":null,"gold_chg_pct":null,"gold_gram_bdt":18482.97,"silver_usd_oz":71.995003,"silver_prev_usd_oz":null,"silver_chg_usd":null,"silver_chg_pct":null,"silver_gram_bdt":284.5404,"usd_bdt":122.928003}
[2026-04-02T05:30:04.050Z] [INFO ] Gold: no change — skipping history append
[2026-04-02T05:30:04.051Z] [INFO ] Silver: no change — skipping history append
[2026-04-02T05:30:04.051Z] [INFO ] Intl: updated same-day entry (2026-04-02)
[2026-04-02T05:30:04.075Z] [INFO ] latest.json written
[2026-04-02T05:30:04.075Z] [INFO ] Done — gold:no-change silver:no-change intl:stored
[2026-04-02T05:30:04.075Z] [INFO ] ══════════════════════════════════════════════
