[2026-04-27T01:24:10.682Z] [INFO ] ══════════════════════════════════════════════
[2026-04-27T01:24:10.683Z] [INFO ] SonarGold Scraper v4.0 starting...
[2026-04-27T01:24:10.684Z] [INFO ] Mode: LIVE
[2026-04-27T01:24:10.684Z] [INFO ] ══════════════════════════════════════════════
[2026-04-27T01:24:10.685Z] [INFO ] History size — Gold: 206, Silver: 206, Intl: 222
[2026-04-27T01:24:10.685Z] [INFO ] ════════════════════════════════
[2026-04-27T01:24:10.686Z] [INFO ] Starting BAJUS scrape v4.0 (sequential)...
[2026-04-27T01:24:10.686Z] [INFO ] Trying Strategy 1: BAJUSCTG API...
[2026-04-27T01:24:12.497Z] [INFO ] ✓ BAJUSCTG success: 22K gram ≈ 21170
[2026-04-27T01:24:12.498Z] [INFO ] SUCCESS — Source: bajusctg-api
[2026-04-27T01:24:12.498Z] [INFO ] Fetching international prices...
[2026-04-27T01:24:13.155Z] [INFO ] Gold: no change — skipping append
[2026-04-27T01:24:13.156Z] [INFO ] Silver: no change — skipping append
[2026-04-27T01:24:13.156Z] [INFO ] Intl: appended entry #223
[2026-04-27T01:24:13.169Z] [INFO ] latest.json written | Final source: bajusctg-api
[2026-04-27T01:24:13.169Z] [INFO ] ══════════════════════════════════════════════
[2026-04-27T04:57:34.628Z] [INFO ] ══════════════════════════════════════════════
[2026-04-27T04:57:34.629Z] [INFO ] SonarGold Scraper v4.0 starting...
[2026-04-27T04:57:34.630Z] [INFO ] Mode: LIVE
[2026-04-27T04:57:34.630Z] [INFO ] ══════════════════════════════════════════════
[2026-04-27T04:57:34.631Z] [INFO ] History size — Gold: 206, Silver: 206, Intl: 223
[2026-04-27T04:57:34.632Z] [INFO ] ════════════════════════════════
[2026-04-27T04:57:34.632Z] [INFO ] Starting BAJUS scrape v4.0 (sequential)...
[2026-04-27T04:57:34.633Z] [INFO ] Trying Strategy 1: BAJUSCTG API...
[2026-04-27T04:57:36.290Z] [INFO ] ✓ BAJUSCTG success: 22K gram ≈ 21170
[2026-04-27T04:57:36.291Z] [INFO ] SUCCESS — Source: bajusctg-api
[2026-04-27T04:57:36.291Z] [INFO ] Fetching international prices...
[2026-04-27T04:57:37.143Z] [INFO ] Gold: no change — skipping append
[2026-04-27T04:57:37.143Z] [INFO ] Silver: no change — skipping append
[2026-04-27T04:57:37.143Z] [INFO ] Intl: updated same-day entry
[2026-04-27T04:57:37.161Z] [INFO ] latest.json written | Final source: bajusctg-api
[2026-04-27T04:57:37.162Z] [INFO ] ══════════════════════════════════════════════
[2026-04-27T07:31:29.242Z] [INFO ] ══════════════════════════════════════════════
[2026-04-27T07:31:29.243Z] [INFO ] SonarGold Scraper v4.0 starting...
[2026-04-27T07:31:29.244Z] [INFO ] Mode: LIVE
[2026-04-27T07:31:29.244Z] [INFO ] ══════════════════════════════════════════════
[2026-04-27T07:31:29.245Z] [INFO ] History size — Gold: 206, Silver: 206, Intl: 223
[2026-04-27T07:31:29.246Z] [INFO ] ════════════════════════════════
[2026-04-27T07:31:29.246Z] [INFO ] Starting BAJUS scrape v4.0 (sequential)...
[2026-04-27T07:31:29.247Z] [INFO ] Trying Strategy 1: BAJUSCTG API...
[2026-04-27T07:31:30.899Z] [INFO ] ✓ BAJUSCTG success: 22K gram ≈ 21170
[2026-04-27T07:31:30.900Z] [INFO ] SUCCESS — Source: bajusctg-api
[2026-04-27T07:31:30.900Z] [INFO ] Fetching international prices...
[2026-04-27T07:31:31.364Z] [INFO ] Gold: no change — skipping append
[2026-04-27T07:31:31.364Z] [INFO ] Silver: no change — skipping append
[2026-04-27T07:31:31.365Z] [INFO ] Intl: updated same-day entry
[2026-04-27T07:31:31.379Z] [INFO ] latest.json written | Final source: bajusctg-api
[2026-04-27T07:31:31.380Z] [INFO ] ══════════════════════════════════════════════
[2026-04-27T10:03:11.174Z] [INFO ] ══════════════════════════════════════════════
[2026-04-27T10:03:11.175Z] [INFO ] SonarGold Scraper v4.0 starting...
[2026-04-27T10:03:11.175Z] [INFO ] Mode: LIVE
[2026-04-27T10:03:11.176Z] [INFO ] ══════════════════════════════════════════════
[2026-04-27T10:03:11.177Z] [INFO ] History size — Gold: 206, Silver: 206, Intl: 223
[2026-04-27T10:03:11.178Z] [INFO ] ════════════════════════════════
[2026-04-27T10:03:11.178Z] [INFO ] Starting BAJUS scrape v4.0 (sequential)...
[2026-04-27T10:03:11.178Z] [INFO ] Trying Strategy 1: BAJUSCTG API...
[2026-04-27T10:03:13.047Z] [INFO ] ✓ BAJUSCTG success: 22K gram ≈ 21170
[2026-04-27T10:03:13.047Z] [INFO ] SUCCESS — Source: bajusctg-api
[2026-04-27T10:03:13.048Z] [INFO ] Fetching international prices...
[2026-04-27T10:03:13.484Z] [INFO ] Gold: no change — skipping append
[2026-04-27T10:03:13.484Z] [INFO ] Silver: no change — skipping append
[2026-04-27T10:03:13.484Z] [INFO ] Intl: updated same-day entry
[2026-04-27T10:03:13.564Z] [INFO ] latest.json written | Final source: bajusctg-api
[2026-04-27T10:03:13.564Z] [INFO ] ══════════════════════════════════════════════
