[2026-04-16T01:20:28.576Z] [INFO ] ══════════════════════════════════════════════
[2026-04-16T01:20:28.578Z] [INFO ] SonarGold Scraper v4.0 starting...
[2026-04-16T01:20:28.578Z] [INFO ] Mode: LIVE
[2026-04-16T01:20:28.578Z] [INFO ] ══════════════════════════════════════════════
[2026-04-16T01:20:28.580Z] [INFO ] History size — Gold: 203, Silver: 203, Intl: 211
[2026-04-16T01:20:28.580Z] [INFO ] ════════════════════════════════
[2026-04-16T01:20:28.580Z] [INFO ] Starting BAJUS scrape v4.0 (sequential)...
[2026-04-16T01:20:28.581Z] [INFO ] Trying Strategy 1: BAJUSCTG API...
[2026-04-16T01:20:30.001Z] [INFO ] ✓ BAJUSCTG success: 22K gram ≈ 21450
[2026-04-16T01:20:30.002Z] [INFO ] SUCCESS — Source: bajusctg-api
[2026-04-16T01:20:30.002Z] [INFO ] Fetching international prices...
[2026-04-16T01:20:30.542Z] [INFO ] Gold: no change — skipping append
[2026-04-16T01:20:30.542Z] [INFO ] Silver: no change — skipping append
[2026-04-16T01:20:30.543Z] [INFO ] Intl: appended entry #212
[2026-04-16T01:20:30.688Z] [INFO ] latest.json written | Final source: bajusctg-api
[2026-04-16T01:20:30.689Z] [INFO ] ══════════════════════════════════════════════
[2026-04-16T04:42:02.698Z] [INFO ] ══════════════════════════════════════════════
[2026-04-16T04:42:02.699Z] [INFO ] SonarGold Scraper v4.0 starting...
[2026-04-16T04:42:02.699Z] [INFO ] Mode: LIVE
[2026-04-16T04:42:02.699Z] [INFO ] ══════════════════════════════════════════════
[2026-04-16T04:42:02.700Z] [INFO ] History size — Gold: 203, Silver: 203, Intl: 212
[2026-04-16T04:42:02.701Z] [INFO ] ════════════════════════════════
[2026-04-16T04:42:02.701Z] [INFO ] Starting BAJUS scrape v4.0 (sequential)...
[2026-04-16T04:42:02.701Z] [INFO ] Trying Strategy 1: BAJUSCTG API...
[2026-04-16T04:42:04.505Z] [INFO ] ✓ BAJUSCTG success: 22K gram ≈ 21450
[2026-04-16T04:42:04.506Z] [INFO ] SUCCESS — Source: bajusctg-api
[2026-04-16T04:42:04.506Z] [INFO ] Fetching international prices...
[2026-04-16T04:42:05.134Z] [INFO ] Gold: no change — skipping append
[2026-04-16T04:42:05.135Z] [INFO ] Silver: no change — skipping append
[2026-04-16T04:42:05.135Z] [INFO ] Intl: updated same-day entry
[2026-04-16T04:42:05.202Z] [INFO ] latest.json written | Final source: bajusctg-api
[2026-04-16T04:42:05.202Z] [INFO ] ══════════════════════════════════════════════
[2026-04-16T06:26:56.370Z] [INFO ] ══════════════════════════════════════════════
[2026-04-16T06:26:56.372Z] [INFO ] SonarGold Scraper v4.0 starting...
[2026-04-16T06:26:56.372Z] [INFO ] Mode: LIVE
[2026-04-16T06:26:56.372Z] [INFO ] ══════════════════════════════════════════════
[2026-04-16T06:26:56.373Z] [INFO ] History size — Gold: 203, Silver: 203, Intl: 212
[2026-04-16T06:26:56.373Z] [INFO ] ════════════════════════════════
[2026-04-16T06:26:56.373Z] [INFO ] Starting BAJUS scrape v4.0 (sequential)...
[2026-04-16T06:26:56.374Z] [INFO ] Trying Strategy 1: BAJUSCTG API...
[2026-04-16T06:26:58.053Z] [INFO ] ✓ BAJUSCTG success: 22K gram ≈ 21450
[2026-04-16T06:26:58.053Z] [INFO ] SUCCESS — Source: bajusctg-api
[2026-04-16T06:26:58.053Z] [INFO ] Fetching international prices...
[2026-04-16T06:26:58.815Z] [INFO ] Gold: no change — skipping append
[2026-04-16T06:26:58.815Z] [INFO ] Silver: no change — skipping append
[2026-04-16T06:26:58.815Z] [INFO ] Intl: updated same-day entry
[2026-04-16T06:26:58.830Z] [INFO ] latest.json written | Final source: bajusctg-api
[2026-04-16T06:26:58.830Z] [INFO ] ══════════════════════════════════════════════
[2026-04-16T08:21:05.195Z] [INFO ] ══════════════════════════════════════════════
[2026-04-16T08:21:05.196Z] [INFO ] SonarGold Scraper v4.0 starting...
[2026-04-16T08:21:05.197Z] [INFO ] Mode: LIVE
[2026-04-16T08:21:05.197Z] [INFO ] ══════════════════════════════════════════════
[2026-04-16T08:21:05.198Z] [INFO ] History size — Gold: 203, Silver: 203, Intl: 212
[2026-04-16T08:21:05.199Z] [INFO ] ════════════════════════════════
[2026-04-16T08:21:05.199Z] [INFO ] Starting BAJUS scrape v4.0 (sequential)...
[2026-04-16T08:21:05.199Z] [INFO ] Trying Strategy 1: BAJUSCTG API...
[2026-04-16T08:21:06.954Z] [INFO ] ✓ BAJUSCTG success: 22K gram ≈ 21450
[2026-04-16T08:21:06.955Z] [INFO ] SUCCESS — Source: bajusctg-api
[2026-04-16T08:21:06.955Z] [INFO ] Fetching international prices...
[2026-04-16T08:21:07.550Z] [INFO ] Gold: no change — skipping append
[2026-04-16T08:21:07.550Z] [INFO ] Silver: no change — skipping append
[2026-04-16T08:21:07.550Z] [INFO ] Intl: updated same-day entry
[2026-04-16T08:21:07.627Z] [INFO ] latest.json written | Final source: bajusctg-api
[2026-04-16T08:21:07.628Z] [INFO ] ══════════════════════════════════════════════
[2026-04-16T10:05:20.104Z] [INFO ] ══════════════════════════════════════════════
[2026-04-16T10:05:20.106Z] [INFO ] SonarGold Scraper v4.0 starting...
[2026-04-16T10:05:20.106Z] [INFO ] Mode: LIVE
[2026-04-16T10:05:20.106Z] [INFO ] ══════════════════════════════════════════════
[2026-04-16T10:05:20.108Z] [INFO ] History size — Gold: 203, Silver: 203, Intl: 212
[2026-04-16T10:05:20.108Z] [INFO ] ════════════════════════════════
[2026-04-16T10:05:20.108Z] [INFO ] Starting BAJUS scrape v4.0 (sequential)...
[2026-04-16T10:05:20.109Z] [INFO ] Trying Strategy 1: BAJUSCTG API...
[2026-04-16T10:05:21.774Z] [INFO ] ✓ BAJUSCTG success: 22K gram ≈ 21450
[2026-04-16T10:05:21.774Z] [INFO ] SUCCESS — Source: bajusctg-api
[2026-04-16T10:05:21.775Z] [INFO ] Fetching international prices...
[2026-04-16T10:05:21.888Z] [INFO ] Gold: no change — skipping append
[2026-04-16T10:05:21.888Z] [INFO ] Silver: no change — skipping append
[2026-04-16T10:05:21.888Z] [INFO ] Intl: updated same-day entry
[2026-04-16T10:05:21.903Z] [INFO ] latest.json written | Final source: bajusctg-api
[2026-04-16T10:05:21.903Z] [INFO ] ══════════════════════════════════════════════
[2026-04-16T11:49:39.383Z] [INFO ] ══════════════════════════════════════════════
[2026-04-16T11:49:39.384Z] [INFO ] SonarGold Scraper v4.0 starting...
[2026-04-16T11:49:39.385Z] [INFO ] Mode: LIVE
[2026-04-16T11:49:39.385Z] [INFO ] ══════════════════════════════════════════════
[2026-04-16T11:49:39.386Z] [INFO ] History size — Gold: 203, Silver: 203, Intl: 212
[2026-04-16T11:49:39.387Z] [INFO ] ════════════════════════════════
[2026-04-16T11:49:39.387Z] [INFO ] Starting BAJUS scrape v4.0 (sequential)...
[2026-04-16T11:49:39.387Z] [INFO ] Trying Strategy 1: BAJUSCTG API...
[2026-04-16T11:49:41.134Z] [INFO ] ✓ BAJUSCTG success: 22K gram ≈ 21450
[2026-04-16T11:49:41.134Z] [INFO ] SUCCESS — Source: bajusctg-api
[2026-04-16T11:49:41.135Z] [INFO ] Fetching international prices...
[2026-04-16T11:49:41.757Z] [INFO ] Gold: no change — skipping append
[2026-04-16T11:49:41.758Z] [INFO ] Silver: no change — skipping append
[2026-04-16T11:49:41.758Z] [INFO ] Intl: updated same-day entry
[2026-04-16T11:49:41.773Z] [INFO ] latest.json written | Final source: bajusctg-api
[2026-04-16T11:49:41.773Z] [INFO ] ══════════════════════════════════════════════
[2026-04-16T12:59:40.554Z] [INFO ] ══════════════════════════════════════════════
[2026-04-16T12:59:40.555Z] [INFO ] SonarGold Scraper v4.0 starting...
[2026-04-16T12:59:40.555Z] [INFO ] Mode: LIVE
[2026-04-16T12:59:40.556Z] [INFO ] ══════════════════════════════════════════════
[2026-04-16T12:59:40.557Z] [INFO ] History size — Gold: 203, Silver: 203, Intl: 212
[2026-04-16T12:59:40.557Z] [INFO ] ════════════════════════════════
[2026-04-16T12:59:40.557Z] [INFO ] Starting BAJUS scrape v4.0 (sequential)...
[2026-04-16T12:59:40.558Z] [INFO ] Trying Strategy 1: BAJUSCTG API...
[2026-04-16T12:59:40.990Z] [INFO ] ✓ BAJUSCTG success: 22K gram ≈ 21450
[2026-04-16T12:59:40.991Z] [INFO ] SUCCESS — Source: bajusctg-api
[2026-04-16T12:59:40.991Z] [INFO ] Fetching international prices...
[2026-04-16T12:59:41.703Z] [INFO ] Gold: no change — skipping append
[2026-04-16T12:59:41.703Z] [INFO ] Silver: no change — skipping append
[2026-04-16T12:59:41.703Z] [INFO ] Intl: updated same-day entry
[2026-04-16T12:59:41.853Z] [INFO ] latest.json written | Final source: bajusctg-api
[2026-04-16T12:59:41.854Z] [INFO ] ══════════════════════════════════════════════
[2026-04-16T14:55:43.783Z] [INFO ] ══════════════════════════════════════════════
[2026-04-16T14:55:43.784Z] [INFO ] SonarGold Scraper v4.0 starting...
[2026-04-16T14:55:43.785Z] [INFO ] Mode: LIVE
[2026-04-16T14:55:43.785Z] [INFO ] ══════════════════════════════════════════════
[2026-04-16T14:55:43.786Z] [INFO ] History size — Gold: 203, Silver: 203, Intl: 212
[2026-04-16T14:55:43.787Z] [INFO ] ════════════════════════════════
[2026-04-16T14:55:43.787Z] [INFO ] Starting BAJUS scrape v4.0 (sequential)...
[2026-04-16T14:55:43.788Z] [INFO ] Trying Strategy 1: BAJUSCTG API...
[2026-04-16T14:55:45.580Z] [INFO ] ✓ BAJUSCTG success: 22K gram ≈ 21450
[2026-04-16T14:55:45.580Z] [INFO ] SUCCESS — Source: bajusctg-api
[2026-04-16T14:55:45.581Z] [INFO ] Fetching international prices...
[2026-04-16T14:55:46.214Z] [INFO ] Gold: no change — skipping append
[2026-04-16T14:55:46.214Z] [INFO ] Silver: no change — skipping append
[2026-04-16T14:55:46.214Z] [INFO ] Intl: updated same-day entry
[2026-04-16T14:55:46.228Z] [INFO ] latest.json written | Final source: bajusctg-api
[2026-04-16T14:55:46.229Z] [INFO ] ══════════════════════════════════════════════
[2026-04-16T16:15:59.230Z] [INFO ] ══════════════════════════════════════════════
[2026-04-16T16:15:59.231Z] [INFO ] SonarGold Scraper v4.0 starting...
[2026-04-16T16:15:59.231Z] [INFO ] Mode: LIVE
[2026-04-16T16:15:59.231Z] [INFO ] ══════════════════════════════════════════════
[2026-04-16T16:15:59.232Z] [INFO ] History size — Gold: 203, Silver: 203, Intl: 212
[2026-04-16T16:15:59.233Z] [INFO ] ════════════════════════════════
[2026-04-16T16:15:59.233Z] [INFO ] Starting BAJUS scrape v4.0 (sequential)...
[2026-04-16T16:15:59.233Z] [INFO ] Trying Strategy 1: BAJUSCTG API...
[2026-04-16T16:15:59.706Z] [INFO ] ✓ BAJUSCTG success: 22K gram ≈ 21450
[2026-04-16T16:15:59.706Z] [INFO ] SUCCESS — Source: bajusctg-api
[2026-04-16T16:15:59.706Z] [INFO ] Fetching international prices...
[2026-04-16T16:16:00.313Z] [INFO ] Gold: no change — skipping append
[2026-04-16T16:16:00.314Z] [INFO ] Silver: no change — skipping append
[2026-04-16T16:16:00.314Z] [INFO ] Intl: updated same-day entry
[2026-04-16T16:16:00.332Z] [INFO ] latest.json written | Final source: bajusctg-api
[2026-04-16T16:16:00.332Z] [INFO ] ══════════════════════════════════════════════
[2026-04-16T18:01:54.556Z] [INFO ] ══════════════════════════════════════════════
[2026-04-16T18:01:54.557Z] [INFO ] SonarGold Scraper v4.0 starting...
[2026-04-16T18:01:54.558Z] [INFO ] Mode: LIVE
[2026-04-16T18:01:54.558Z] [INFO ] ══════════════════════════════════════════════
[2026-04-16T18:01:54.559Z] [INFO ] History size — Gold: 203, Silver: 203, Intl: 212
[2026-04-16T18:01:54.560Z] [INFO ] ════════════════════════════════
[2026-04-16T18:01:54.560Z] [INFO ] Starting BAJUS scrape v4.0 (sequential)...
[2026-04-16T18:01:54.560Z] [INFO ] Trying Strategy 1: BAJUSCTG API...
[2026-04-16T18:01:56.059Z] [WARN ] BAJUSCTG API failed: HTTP 401
[2026-04-16T18:01:56.059Z] [INFO ] Trying BAJUSCTG HTML fallback...
[2026-04-16T18:01:56.438Z] [INFO ] Trying Strategy 2: GoldR.org homepage...
[2026-04-16T18:01:56.549Z] [WARN ] GoldR.org parsed but data invalid
[2026-04-16T18:01:56.550Z] [INFO ] Trying Strategy 3: bdgoldprice.com...
[2026-04-16T18:01:56.817Z] [INFO ] Trying Strategy 4: Wayback Machine...
[2026-04-16T18:02:02.112Z] [WARN ] Wayback failed: Unexpected token '<', "<html><bod"... is not valid JSON
[2026-04-16T18:02:02.113Z] [INFO ] Using cached prices from 2026-04-15 (37h old)
[2026-04-16T18:02:02.113Z] [WARN ] ALL LIVE SOURCES FAILED — Using cached prices (mandatory fallback)
[2026-04-16T18:02:02.114Z] [INFO ] Fetching international prices...
[2026-04-16T18:02:02.588Z] [INFO ] Gold: no change — skipping append
[2026-04-16T18:02:02.588Z] [INFO ] Silver: no change — skipping append
[2026-04-16T18:02:02.589Z] [INFO ] Intl: updated same-day entry
[2026-04-16T18:02:02.608Z] [INFO ] latest.json written | Final source: cache
[2026-04-16T18:02:02.609Z] [INFO ] ══════════════════════════════════════════════
