[2026-07-13T00:03:27.869Z] [INFO ] ══════════════════════════════════════════════
[2026-07-13T00:03:27.871Z] [INFO ] SonarGold Scraper v4.0 starting...
[2026-07-13T00:03:27.872Z] [INFO ] Mode: LIVE
[2026-07-13T00:03:27.873Z] [INFO ] ══════════════════════════════════════════════
[2026-07-13T00:03:27.875Z] [INFO ] History size — Gold: 237, Silver: 227, Intl: 298
[2026-07-13T00:03:27.876Z] [INFO ] ════════════════════════════════
[2026-07-13T00:03:27.878Z] [INFO ] Starting BAJUS scrape v4.0 (sequential)...
[2026-07-13T00:03:27.879Z] [INFO ] Trying Strategy 1: BAJUSCTG API...
[2026-07-13T00:03:28.498Z] [WARN ] BAJUSCTG API failed: HTTP 401
[2026-07-13T00:03:28.499Z] [INFO ] Trying BAJUSCTG HTML fallback...
[2026-07-13T00:03:29.114Z] [WARN ] BAJUSCTG HTML failed: HTTP 401
[2026-07-13T00:03:29.115Z] [INFO ] Trying Strategy 2: GoldR.org homepage...
[2026-07-13T00:03:29.361Z] [WARN ] GoldR.org parsed but data invalid
[2026-07-13T00:03:29.362Z] [INFO ] Trying Strategy 3: bdgoldprice.com...
[2026-07-13T00:03:29.560Z] [INFO ] Trying Strategy 4: Wayback Machine...
[2026-07-13T00:03:31.001Z] [INFO ] Using cached prices from 2026-07-10 (66h old)
[2026-07-13T00:03:31.002Z] [WARN ] ALL LIVE SOURCES FAILED — Using cached prices (mandatory fallback)
[2026-07-13T00:03:31.003Z] [INFO ] Fetching international prices...
[2026-07-13T00:03:31.550Z] [INFO ] Gold: no change — skipping append
[2026-07-13T00:03:31.551Z] [INFO ] Silver: no change — skipping append
[2026-07-13T00:03:31.552Z] [INFO ] Intl: appended entry #299
[2026-07-13T00:03:31.568Z] [INFO ] latest.json written | Final source: cache
[2026-07-13T00:03:31.568Z] [INFO ] ══════════════════════════════════════════════
[2026-07-13T04:09:35.835Z] [INFO ] ══════════════════════════════════════════════
[2026-07-13T04:09:35.837Z] [INFO ] SonarGold Scraper v4.0 starting...
[2026-07-13T04:09:35.837Z] [INFO ] Mode: LIVE
[2026-07-13T04:09:35.838Z] [INFO ] ══════════════════════════════════════════════
[2026-07-13T04:09:35.840Z] [INFO ] History size — Gold: 237, Silver: 227, Intl: 299
[2026-07-13T04:09:35.840Z] [INFO ] ════════════════════════════════
[2026-07-13T04:09:35.842Z] [INFO ] Starting BAJUS scrape v4.0 (sequential)...
[2026-07-13T04:09:35.842Z] [INFO ] Trying Strategy 1: BAJUSCTG API...
[2026-07-13T04:09:36.375Z] [INFO ] ✓ BAJUSCTG success: 22K gram ≈ 19030
[2026-07-13T04:09:36.375Z] [INFO ] SUCCESS — Source: bajusctg-api
[2026-07-13T04:09:36.376Z] [INFO ] Fetching international prices...
[2026-07-13T04:09:36.789Z] [INFO ] Gold: appended entry #238
[2026-07-13T04:09:36.790Z] [INFO ] Silver: appended entry #228
[2026-07-13T04:09:36.791Z] [INFO ] Intl: updated same-day entry
[2026-07-13T04:09:36.803Z] [INFO ] latest.json written | Final source: bajusctg-api
[2026-07-13T04:09:36.804Z] [INFO ] ══════════════════════════════════════════════
[2026-07-13T07:49:02.691Z] [INFO ] ══════════════════════════════════════════════
[2026-07-13T07:49:02.693Z] [INFO ] SonarGold Scraper v4.0 starting...
[2026-07-13T07:49:02.694Z] [INFO ] Mode: LIVE
[2026-07-13T07:49:02.695Z] [INFO ] ══════════════════════════════════════════════
[2026-07-13T07:49:02.697Z] [INFO ] History size — Gold: 238, Silver: 228, Intl: 299
[2026-07-13T07:49:02.699Z] [INFO ] ════════════════════════════════
[2026-07-13T07:49:02.701Z] [INFO ] Starting BAJUS scrape v4.0 (sequential)...
[2026-07-13T07:49:02.701Z] [INFO ] Trying Strategy 1: BAJUSCTG API...
[2026-07-13T07:49:03.017Z] [INFO ] ✓ BAJUSCTG success: 22K gram ≈ 19030
[2026-07-13T07:49:03.018Z] [INFO ] SUCCESS — Source: bajusctg-api
[2026-07-13T07:49:03.019Z] [INFO ] Fetching international prices...
[2026-07-13T07:49:03.149Z] [INFO ] Gold: no change — skipping append
[2026-07-13T07:49:03.150Z] [INFO ] Silver: no change — skipping append
[2026-07-13T07:49:03.150Z] [INFO ] Intl: updated same-day entry
[2026-07-13T07:49:03.376Z] [INFO ] latest.json written | Final source: bajusctg-api
[2026-07-13T07:49:03.377Z] [INFO ] ══════════════════════════════════════════════
[2026-07-13T11:17:45.732Z] [INFO ] ══════════════════════════════════════════════
[2026-07-13T11:17:45.734Z] [INFO ] SonarGold Scraper v4.0 starting...
[2026-07-13T11:17:45.736Z] [INFO ] Mode: LIVE
[2026-07-13T11:17:45.737Z] [INFO ] ══════════════════════════════════════════════
[2026-07-13T11:17:45.740Z] [INFO ] History size — Gold: 238, Silver: 228, Intl: 299
[2026-07-13T11:17:45.742Z] [INFO ] ════════════════════════════════
[2026-07-13T11:17:45.743Z] [INFO ] Starting BAJUS scrape v4.0 (sequential)...
[2026-07-13T11:17:45.746Z] [INFO ] Trying Strategy 1: BAJUSCTG API...
[2026-07-13T11:17:45.904Z] [INFO ] ✓ BAJUSCTG success: 22K gram ≈ 19030
[2026-07-13T11:17:45.905Z] [INFO ] SUCCESS — Source: bajusctg-api
[2026-07-13T11:17:45.906Z] [INFO ] Fetching international prices...
[2026-07-13T11:17:46.713Z] [INFO ] Gold: no change — skipping append
[2026-07-13T11:17:46.713Z] [INFO ] Silver: no change — skipping append
[2026-07-13T11:17:46.714Z] [INFO ] Intl: updated same-day entry
[2026-07-13T11:17:46.729Z] [INFO ] latest.json written | Final source: bajusctg-api
[2026-07-13T11:17:46.730Z] [INFO ] ══════════════════════════════════════════════
[2026-07-13T13:40:13.536Z] [INFO ] ══════════════════════════════════════════════
[2026-07-13T13:40:13.538Z] [INFO ] SonarGold Scraper v4.0 starting...
[2026-07-13T13:40:13.539Z] [INFO ] Mode: LIVE
[2026-07-13T13:40:13.540Z] [INFO ] ══════════════════════════════════════════════
[2026-07-13T13:40:13.542Z] [INFO ] History size — Gold: 238, Silver: 228, Intl: 299
[2026-07-13T13:40:13.543Z] [INFO ] ════════════════════════════════
[2026-07-13T13:40:13.545Z] [INFO ] Starting BAJUS scrape v4.0 (sequential)...
[2026-07-13T13:40:13.546Z] [INFO ] Trying Strategy 1: BAJUSCTG API...
[2026-07-13T13:40:13.918Z] [INFO ] ✓ BAJUSCTG success: 22K gram ≈ 19030
[2026-07-13T13:40:13.919Z] [INFO ] SUCCESS — Source: bajusctg-api
[2026-07-13T13:40:13.920Z] [INFO ] Fetching international prices...
[2026-07-13T13:40:14.505Z] [INFO ] Gold: no change — skipping append
[2026-07-13T13:40:14.506Z] [INFO ] Silver: no change — skipping append
[2026-07-13T13:40:14.507Z] [INFO ] Intl: updated same-day entry
[2026-07-13T13:40:14.824Z] [INFO ] latest.json written | Final source: bajusctg-api
[2026-07-13T13:40:14.825Z] [INFO ] ══════════════════════════════════════════════
[2026-07-13T16:37:35.413Z] [INFO ] ══════════════════════════════════════════════
[2026-07-13T16:37:35.415Z] [INFO ] SonarGold Scraper v4.0 starting...
[2026-07-13T16:37:35.416Z] [INFO ] Mode: LIVE
[2026-07-13T16:37:35.417Z] [INFO ] ══════════════════════════════════════════════
[2026-07-13T16:37:35.419Z] [INFO ] History size — Gold: 238, Silver: 228, Intl: 299
[2026-07-13T16:37:35.420Z] [INFO ] ════════════════════════════════
[2026-07-13T16:37:35.420Z] [INFO ] Starting BAJUS scrape v4.0 (sequential)...
[2026-07-13T16:37:35.422Z] [INFO ] Trying Strategy 1: BAJUSCTG API...
[2026-07-13T16:37:35.756Z] [INFO ] ✓ BAJUSCTG success: 22K gram ≈ 19030
[2026-07-13T16:37:35.756Z] [INFO ] SUCCESS — Source: bajusctg-api
[2026-07-13T16:37:35.757Z] [INFO ] Fetching international prices...
[2026-07-13T16:37:35.927Z] [INFO ] Gold: no change — skipping append
[2026-07-13T16:37:35.928Z] [INFO ] Silver: no change — skipping append
[2026-07-13T16:37:35.929Z] [INFO ] Intl: updated same-day entry
[2026-07-13T16:37:35.944Z] [INFO ] latest.json written | Final source: bajusctg-api
[2026-07-13T16:37:35.944Z] [INFO ] ══════════════════════════════════════════════
[2026-07-13T18:45:54.352Z] [INFO ] ══════════════════════════════════════════════
[2026-07-13T18:45:54.354Z] [INFO ] SonarGold Scraper v4.0 starting...
[2026-07-13T18:45:54.354Z] [INFO ] Mode: LIVE
[2026-07-13T18:45:54.355Z] [INFO ] ══════════════════════════════════════════════
[2026-07-13T18:45:54.357Z] [INFO ] History size — Gold: 238, Silver: 228, Intl: 299
[2026-07-13T18:45:54.359Z] [INFO ] ════════════════════════════════
[2026-07-13T18:45:54.361Z] [INFO ] Starting BAJUS scrape v4.0 (sequential)...
[2026-07-13T18:45:54.362Z] [INFO ] Trying Strategy 1: BAJUSCTG API...
[2026-07-13T18:45:54.749Z] [INFO ] ✓ BAJUSCTG success: 22K gram ≈ 19030
[2026-07-13T18:45:54.750Z] [INFO ] SUCCESS — Source: bajusctg-api
[2026-07-13T18:45:54.750Z] [INFO ] Fetching international prices...
[2026-07-13T18:45:55.456Z] [INFO ] Gold: no change — skipping append
[2026-07-13T18:45:55.457Z] [INFO ] Silver: no change — skipping append
[2026-07-13T18:45:55.457Z] [INFO ] Intl: updated same-day entry
[2026-07-13T18:45:55.473Z] [INFO ] latest.json written | Final source: bajusctg-api
[2026-07-13T18:45:55.474Z] [INFO ] ══════════════════════════════════════════════
[2026-07-13T20:18:51.250Z] [INFO ] ══════════════════════════════════════════════
[2026-07-13T20:18:51.252Z] [INFO ] SonarGold Scraper v4.0 starting...
[2026-07-13T20:18:51.253Z] [INFO ] Mode: LIVE
[2026-07-13T20:18:51.253Z] [INFO ] ══════════════════════════════════════════════
[2026-07-13T20:18:51.255Z] [INFO ] History size — Gold: 238, Silver: 228, Intl: 299
[2026-07-13T20:18:51.256Z] [INFO ] ════════════════════════════════
[2026-07-13T20:18:51.258Z] [INFO ] Starting BAJUS scrape v4.0 (sequential)...
[2026-07-13T20:18:51.258Z] [INFO ] Trying Strategy 1: BAJUSCTG API...
[2026-07-13T20:18:51.565Z] [INFO ] ✓ BAJUSCTG success: 22K gram ≈ 19030
[2026-07-13T20:18:51.565Z] [INFO ] SUCCESS — Source: bajusctg-api
[2026-07-13T20:18:51.566Z] [INFO ] Fetching international prices...
[2026-07-13T20:18:51.820Z] [INFO ] Gold: no change — skipping append
[2026-07-13T20:18:51.820Z] [INFO ] Silver: no change — skipping append
[2026-07-13T20:18:51.821Z] [INFO ] Intl: updated same-day entry
[2026-07-13T20:18:51.952Z] [INFO ] latest.json written | Final source: bajusctg-api
[2026-07-13T20:18:51.953Z] [INFO ] ══════════════════════════════════════════════
[2026-07-13T21:29:30.524Z] [INFO ] ══════════════════════════════════════════════
[2026-07-13T21:29:30.526Z] [INFO ] SonarGold Scraper v4.0 starting...
[2026-07-13T21:29:30.527Z] [INFO ] Mode: LIVE
[2026-07-13T21:29:30.528Z] [INFO ] ══════════════════════════════════════════════
[2026-07-13T21:29:30.530Z] [INFO ] History size — Gold: 238, Silver: 228, Intl: 299
[2026-07-13T21:29:30.531Z] [INFO ] ════════════════════════════════
[2026-07-13T21:29:30.534Z] [INFO ] Starting BAJUS scrape v4.0 (sequential)...
[2026-07-13T21:29:30.535Z] [INFO ] Trying Strategy 1: BAJUSCTG API...
[2026-07-13T21:29:31.139Z] [INFO ] ✓ BAJUSCTG success: 22K gram ≈ 19030
[2026-07-13T21:29:31.140Z] [INFO ] SUCCESS — Source: bajusctg-api
[2026-07-13T21:29:31.141Z] [INFO ] Fetching international prices...
[2026-07-13T21:29:31.702Z] [INFO ] Gold: no change — skipping append
[2026-07-13T21:29:31.703Z] [INFO ] Silver: no change — skipping append
[2026-07-13T21:29:31.704Z] [INFO ] Intl: updated same-day entry
[2026-07-13T21:29:31.719Z] [INFO ] latest.json written | Final source: bajusctg-api
[2026-07-13T21:29:31.720Z] [INFO ] ══════════════════════════════════════════════
[2026-07-13T22:31:59.541Z] [INFO ] ══════════════════════════════════════════════
[2026-07-13T22:31:59.543Z] [INFO ] SonarGold Scraper v4.0 starting...
[2026-07-13T22:31:59.543Z] [INFO ] Mode: LIVE
[2026-07-13T22:31:59.544Z] [INFO ] ══════════════════════════════════════════════
[2026-07-13T22:31:59.545Z] [INFO ] History size — Gold: 238, Silver: 228, Intl: 299
[2026-07-13T22:31:59.546Z] [INFO ] ════════════════════════════════
[2026-07-13T22:31:59.548Z] [INFO ] Starting BAJUS scrape v4.0 (sequential)...
[2026-07-13T22:31:59.549Z] [INFO ] Trying Strategy 1: BAJUSCTG API...
[2026-07-13T22:32:00.453Z] [INFO ] ✓ BAJUSCTG success: 22K gram ≈ 19030
[2026-07-13T22:32:00.454Z] [INFO ] SUCCESS — Source: bajusctg-api
[2026-07-13T22:32:00.454Z] [INFO ] Fetching international prices...
[2026-07-13T22:32:00.978Z] [INFO ] Gold: no change — skipping append
[2026-07-13T22:32:00.979Z] [INFO ] Silver: no change — skipping append
[2026-07-13T22:32:00.980Z] [INFO ] Intl: updated same-day entry
[2026-07-13T22:32:01.009Z] [INFO ] latest.json written | Final source: bajusctg-api
[2026-07-13T22:32:01.009Z] [INFO ] ══════════════════════════════════════════════
