[2026-04-05T01:50:32.506Z] [INFO ] ══════════════════════════════════════════════
[2026-04-05T01:50:32.507Z] [INFO ] SonarGold Scraper v3.2 (Simplified with Working Sources) starting…
[2026-04-05T01:50:32.507Z] [INFO ] Mode: LIVE | Source: all
[2026-04-05T01:50:32.508Z] [INFO ] ══════════════════════════════════════════════
[2026-04-05T01:50:32.509Z] [INFO ] History — gold:197 silver:197 intl:200
[2026-04-05T01:50:32.509Z] [INFO ] Starting BAJUS scrape (v3.2 — simplified with working sources)…
[2026-04-05T01:50:32.509Z] [INFO ] Trying BAJUSCTG API…
[2026-04-05T01:50:33.840Z] [INFO ] BAJUSCTG API success: gold_22k=21260
[2026-04-05T01:50:33.840Z] [INFO ] Fetching international prices…
[2026-04-05T01:50:34.370Z] [INFO ] XAU: $4678/oz
[2026-04-05T01:50:34.370Z] [INFO ] XAG: $73.151001/oz
[2026-04-05T01:50:34.370Z] [INFO ] USD/BDT: 122.761347
[2026-04-05T01:50:34.370Z] [INFO ] Gold:   {"date":"2026-04-05","timestamp":"2026-04-05T01:50:32.509Z","data_source":"bajusctg-api","bajus_g22":21260,"bajus_g21":20295,"bajus_g18":17395,"bajus_gtr":14170,"bajus_g22_vori":247977,"bajus_g21_vori":236721,"bajus_g18_vori":202895,"bajus_gtr_vori":165279}
[2026-04-05T01:50:34.370Z] [INFO ] Silver: {"date":"2026-04-05","timestamp":"2026-04-05T01:50:32.509Z","data_source":"bajusctg-api","bajus_s22":490,"bajus_s21":465,"bajus_s18":400,"bajus_str":300,"bajus_s22_vori":5715,"bajus_s21_vori":5424,"bajus_s18_vori":4666,"bajus_str_vori":3499}
[2026-04-05T01:50:34.371Z] [INFO ] Intl:   {"date":"2026-04-05","timestamp":"2026-04-05T01:50:32.509Z","gold_usd_oz":4678,"gold_prev_usd_oz":null,"gold_chg_usd":null,"gold_chg_pct":null,"gold_gram_bdt":18463.44,"silver_usd_oz":73.151001,"silver_prev_usd_oz":null,"silver_chg_usd":null,"silver_chg_pct":null,"silver_gram_bdt":288.7172,"usd_bdt":122.761347}
[2026-04-05T01:50:34.371Z] [INFO ] Gold: no change — skipping history append
[2026-04-05T01:50:34.371Z] [INFO ] Silver: no change — skipping history append
[2026-04-05T01:50:34.371Z] [INFO ] Intl: appended entry #201 (2026-04-05)
[2026-04-05T01:50:34.385Z] [INFO ] latest.json written
[2026-04-05T01:50:34.385Z] [INFO ] Done — gold:no-change silver:no-change intl:stored
[2026-04-05T01:50:34.385Z] [INFO ] ══════════════════════════════════════════════
[2026-04-05T05:43:25.664Z] [INFO ] ══════════════════════════════════════════════
[2026-04-05T05:43:25.665Z] [INFO ] SonarGold Scraper v3.2 (Simplified with Working Sources) starting…
[2026-04-05T05:43:25.666Z] [INFO ] Mode: LIVE | Source: all
[2026-04-05T05:43:25.666Z] [INFO ] ══════════════════════════════════════════════
[2026-04-05T05:43:25.667Z] [INFO ] History — gold:197 silver:197 intl:201
[2026-04-05T05:43:25.667Z] [INFO ] Starting BAJUS scrape (v3.2 — simplified with working sources)…
[2026-04-05T05:43:25.668Z] [INFO ] Trying BAJUSCTG API…
[2026-04-05T05:43:27.118Z] [INFO ] BAJUSCTG API success: gold_22k=21260
[2026-04-05T05:43:27.118Z] [INFO ] Fetching international prices…
[2026-04-05T05:43:27.941Z] [INFO ] XAU: $4678/oz
[2026-04-05T05:43:27.941Z] [INFO ] XAG: $73.151001/oz
[2026-04-05T05:43:27.941Z] [INFO ] USD/BDT: 122.761347
[2026-04-05T05:43:27.941Z] [INFO ] Gold:   {"date":"2026-04-05","timestamp":"2026-04-05T05:43:25.667Z","data_source":"bajusctg-api","bajus_g22":21260,"bajus_g21":20295,"bajus_g18":17395,"bajus_gtr":14170,"bajus_g22_vori":247977,"bajus_g21_vori":236721,"bajus_g18_vori":202895,"bajus_gtr_vori":165279}
[2026-04-05T05:43:27.942Z] [INFO ] Silver: {"date":"2026-04-05","timestamp":"2026-04-05T05:43:25.667Z","data_source":"bajusctg-api","bajus_s22":490,"bajus_s21":465,"bajus_s18":400,"bajus_str":300,"bajus_s22_vori":5715,"bajus_s21_vori":5424,"bajus_s18_vori":4666,"bajus_str_vori":3499}
[2026-04-05T05:43:27.942Z] [INFO ] Intl:   {"date":"2026-04-05","timestamp":"2026-04-05T05:43:25.667Z","gold_usd_oz":4678,"gold_prev_usd_oz":null,"gold_chg_usd":null,"gold_chg_pct":null,"gold_gram_bdt":18463.44,"silver_usd_oz":73.151001,"silver_prev_usd_oz":null,"silver_chg_usd":null,"silver_chg_pct":null,"silver_gram_bdt":288.7172,"usd_bdt":122.761347}
[2026-04-05T05:43:27.942Z] [INFO ] Gold: no change — skipping history append
[2026-04-05T05:43:27.942Z] [INFO ] Silver: no change — skipping history append
[2026-04-05T05:43:27.942Z] [INFO ] Intl: no change — skipping history append
[2026-04-05T05:43:27.956Z] [INFO ] latest.json written
[2026-04-05T05:43:27.957Z] [INFO ] Done — gold:no-change silver:no-change intl:no-change
[2026-04-05T05:43:27.957Z] [INFO ] ══════════════════════════════════════════════
