[2026-05-09T01:44:10.161Z] [INFO ] ══════════════════════════════════════════════
[2026-05-09T01:44:10.162Z] [INFO ] SonarGold Scraper v4.0 starting...
[2026-05-09T01:44:10.162Z] [INFO ] Mode: LIVE
[2026-05-09T01:44:10.163Z] [INFO ] ══════════════════════════════════════════════
[2026-05-09T01:44:10.164Z] [INFO ] History size — Gold: 212, Silver: 209, Intl: 234
[2026-05-09T01:44:10.165Z] [INFO ] ════════════════════════════════
[2026-05-09T01:44:10.165Z] [INFO ] Starting BAJUS scrape v4.0 (sequential)...
[2026-05-09T01:44:10.166Z] [INFO ] Trying Strategy 1: BAJUSCTG API...
[2026-05-09T01:44:10.630Z] [INFO ] ✓ BAJUSCTG success: 22K gram ≈ 20980
[2026-05-09T01:44:10.631Z] [INFO ] SUCCESS — Source: bajusctg-api
[2026-05-09T01:44:10.631Z] [INFO ] Fetching international prices...
[2026-05-09T01:44:11.257Z] [INFO ] Gold: no change — skipping append
[2026-05-09T01:44:11.257Z] [INFO ] Silver: no change — skipping append
[2026-05-09T01:44:11.257Z] [INFO ] Intl: appended entry #235
[2026-05-09T01:44:11.271Z] [INFO ] latest.json written | Final source: bajusctg-api
[2026-05-09T01:44:11.271Z] [INFO ] ══════════════════════════════════════════════
[2026-05-09T04:58:43.453Z] [INFO ] ══════════════════════════════════════════════
[2026-05-09T04:58:43.454Z] [INFO ] SonarGold Scraper v4.0 starting...
[2026-05-09T04:58:43.455Z] [INFO ] Mode: LIVE
[2026-05-09T04:58:43.455Z] [INFO ] ══════════════════════════════════════════════
[2026-05-09T04:58:43.457Z] [INFO ] History size — Gold: 212, Silver: 209, Intl: 235
[2026-05-09T04:58:43.457Z] [INFO ] ════════════════════════════════
[2026-05-09T04:58:43.458Z] [INFO ] Starting BAJUS scrape v4.0 (sequential)...
[2026-05-09T04:58:43.458Z] [INFO ] Trying Strategy 1: BAJUSCTG API...
[2026-05-09T04:58:45.103Z] [INFO ] ✓ BAJUSCTG success: 22K gram ≈ 20980
[2026-05-09T04:58:45.103Z] [INFO ] SUCCESS — Source: bajusctg-api
[2026-05-09T04:58:45.104Z] [INFO ] Fetching international prices...
[2026-05-09T04:58:45.815Z] [INFO ] Gold: no change — skipping append
[2026-05-09T04:58:45.815Z] [INFO ] Silver: no change — skipping append
[2026-05-09T04:58:45.816Z] [INFO ] Intl: no change — skipping append
[2026-05-09T04:58:45.830Z] [INFO ] latest.json written | Final source: bajusctg-api
[2026-05-09T04:58:45.830Z] [INFO ] ══════════════════════════════════════════════
[2026-05-09T07:04:14.657Z] [INFO ] ══════════════════════════════════════════════
[2026-05-09T07:04:14.658Z] [INFO ] SonarGold Scraper v4.0 starting...
[2026-05-09T07:04:14.659Z] [INFO ] Mode: LIVE
[2026-05-09T07:04:14.659Z] [INFO ] ══════════════════════════════════════════════
[2026-05-09T07:04:14.661Z] [INFO ] History size — Gold: 212, Silver: 209, Intl: 235
[2026-05-09T07:04:14.662Z] [INFO ] ════════════════════════════════
[2026-05-09T07:04:14.663Z] [INFO ] Starting BAJUS scrape v4.0 (sequential)...
[2026-05-09T07:04:14.663Z] [INFO ] Trying Strategy 1: BAJUSCTG API...
[2026-05-09T07:04:16.425Z] [INFO ] ✓ BAJUSCTG success: 22K gram ≈ 20980
[2026-05-09T07:04:16.425Z] [INFO ] SUCCESS — Source: bajusctg-api
[2026-05-09T07:04:16.426Z] [INFO ] Fetching international prices...
[2026-05-09T07:04:17.148Z] [INFO ] Gold: no change — skipping append
[2026-05-09T07:04:17.148Z] [INFO ] Silver: no change — skipping append
[2026-05-09T07:04:17.149Z] [INFO ] Intl: no change — skipping append
[2026-05-09T07:04:17.163Z] [INFO ] latest.json written | Final source: bajusctg-api
[2026-05-09T07:04:17.164Z] [INFO ] ══════════════════════════════════════════════
[2026-05-09T09:05:30.788Z] [INFO ] ══════════════════════════════════════════════
[2026-05-09T09:05:30.789Z] [INFO ] SonarGold Scraper v4.0 starting...
[2026-05-09T09:05:30.790Z] [INFO ] Mode: LIVE
[2026-05-09T09:05:30.790Z] [INFO ] ══════════════════════════════════════════════
[2026-05-09T09:05:30.792Z] [INFO ] History size — Gold: 212, Silver: 209, Intl: 235
[2026-05-09T09:05:30.792Z] [INFO ] ════════════════════════════════
[2026-05-09T09:05:30.793Z] [INFO ] Starting BAJUS scrape v4.0 (sequential)...
[2026-05-09T09:05:30.793Z] [INFO ] Trying Strategy 1: BAJUSCTG API...
[2026-05-09T09:05:34.698Z] [INFO ] ✓ BAJUSCTG success: 22K gram ≈ 20980
[2026-05-09T09:05:34.699Z] [INFO ] SUCCESS — Source: bajusctg-api
[2026-05-09T09:05:34.700Z] [INFO ] Fetching international prices...
[2026-05-09T09:05:35.534Z] [INFO ] Gold: no change — skipping append
[2026-05-09T09:05:35.534Z] [INFO ] Silver: no change — skipping append
[2026-05-09T09:05:35.535Z] [INFO ] Intl: no change — skipping append
[2026-05-09T09:05:35.553Z] [INFO ] latest.json written | Final source: bajusctg-api
[2026-05-09T09:05:35.553Z] [INFO ] ══════════════════════════════════════════════
[2026-05-09T10:44:28.374Z] [INFO ] ══════════════════════════════════════════════
[2026-05-09T10:44:28.375Z] [INFO ] SonarGold Scraper v4.0 starting...
[2026-05-09T10:44:28.376Z] [INFO ] Mode: LIVE
[2026-05-09T10:44:28.376Z] [INFO ] ══════════════════════════════════════════════
[2026-05-09T10:44:28.378Z] [INFO ] History size — Gold: 212, Silver: 209, Intl: 235
[2026-05-09T10:44:28.378Z] [INFO ] ════════════════════════════════
[2026-05-09T10:44:28.379Z] [INFO ] Starting BAJUS scrape v4.0 (sequential)...
[2026-05-09T10:44:28.379Z] [INFO ] Trying Strategy 1: BAJUSCTG API...
[2026-05-09T10:44:28.861Z] [INFO ] ✓ BAJUSCTG success: 22K gram ≈ 20980
[2026-05-09T10:44:28.861Z] [INFO ] SUCCESS — Source: bajusctg-api
[2026-05-09T10:44:28.862Z] [INFO ] Fetching international prices...
[2026-05-09T10:44:29.839Z] [INFO ] Gold: no change — skipping append
[2026-05-09T10:44:29.840Z] [INFO ] Silver: no change — skipping append
[2026-05-09T10:44:29.840Z] [INFO ] Intl: no change — skipping append
[2026-05-09T10:44:29.855Z] [INFO ] latest.json written | Final source: bajusctg-api
[2026-05-09T10:44:29.855Z] [INFO ] ══════════════════════════════════════════════
[2026-05-09T11:40:10.271Z] [INFO ] ══════════════════════════════════════════════
[2026-05-09T11:40:10.272Z] [INFO ] SonarGold Scraper v4.0 starting...
[2026-05-09T11:40:10.273Z] [INFO ] Mode: LIVE
[2026-05-09T11:40:10.273Z] [INFO ] ══════════════════════════════════════════════
[2026-05-09T11:40:10.274Z] [INFO ] History size — Gold: 212, Silver: 209, Intl: 235
[2026-05-09T11:40:10.275Z] [INFO ] ════════════════════════════════
[2026-05-09T11:40:10.275Z] [INFO ] Starting BAJUS scrape v4.0 (sequential)...
[2026-05-09T11:40:10.276Z] [INFO ] Trying Strategy 1: BAJUSCTG API...
[2026-05-09T11:40:12.010Z] [INFO ] ✓ BAJUSCTG success: 22K gram ≈ 20980
[2026-05-09T11:40:12.010Z] [INFO ] SUCCESS — Source: bajusctg-api
[2026-05-09T11:40:12.011Z] [INFO ] Fetching international prices...
[2026-05-09T11:40:12.491Z] [INFO ] Gold: no change — skipping append
[2026-05-09T11:40:12.491Z] [INFO ] Silver: no change — skipping append
[2026-05-09T11:40:12.491Z] [INFO ] Intl: no change — skipping append
[2026-05-09T11:40:12.505Z] [INFO ] latest.json written | Final source: bajusctg-api
[2026-05-09T11:40:12.505Z] [INFO ] ══════════════════════════════════════════════
[2026-05-09T12:46:36.189Z] [INFO ] ══════════════════════════════════════════════
[2026-05-09T12:46:36.191Z] [INFO ] SonarGold Scraper v4.0 starting...
[2026-05-09T12:46:36.191Z] [INFO ] Mode: LIVE
[2026-05-09T12:46:36.192Z] [INFO ] ══════════════════════════════════════════════
[2026-05-09T12:46:36.193Z] [INFO ] History size — Gold: 212, Silver: 209, Intl: 235
[2026-05-09T12:46:36.194Z] [INFO ] ════════════════════════════════
[2026-05-09T12:46:36.194Z] [INFO ] Starting BAJUS scrape v4.0 (sequential)...
[2026-05-09T12:46:36.195Z] [INFO ] Trying Strategy 1: BAJUSCTG API...
[2026-05-09T12:46:37.896Z] [INFO ] ✓ BAJUSCTG success: 22K gram ≈ 20980
[2026-05-09T12:46:37.896Z] [INFO ] SUCCESS — Source: bajusctg-api
[2026-05-09T12:46:37.897Z] [INFO ] Fetching international prices...
[2026-05-09T12:46:38.763Z] [INFO ] Gold: no change — skipping append
[2026-05-09T12:46:38.763Z] [INFO ] Silver: no change — skipping append
[2026-05-09T12:46:38.764Z] [INFO ] Intl: no change — skipping append
[2026-05-09T12:46:38.778Z] [INFO ] latest.json written | Final source: bajusctg-api
[2026-05-09T12:46:38.779Z] [INFO ] ══════════════════════════════════════════════
[2026-05-09T14:11:28.697Z] [INFO ] ══════════════════════════════════════════════
[2026-05-09T14:11:28.699Z] [INFO ] SonarGold Scraper v4.0 starting...
[2026-05-09T14:11:28.699Z] [INFO ] Mode: LIVE
[2026-05-09T14:11:28.699Z] [INFO ] ══════════════════════════════════════════════
[2026-05-09T14:11:28.701Z] [INFO ] History size — Gold: 212, Silver: 209, Intl: 235
[2026-05-09T14:11:28.701Z] [INFO ] ════════════════════════════════
[2026-05-09T14:11:28.702Z] [INFO ] Starting BAJUS scrape v4.0 (sequential)...
[2026-05-09T14:11:28.703Z] [INFO ] Trying Strategy 1: BAJUSCTG API...
[2026-05-09T14:11:30.384Z] [INFO ] ✓ BAJUSCTG success: 22K gram ≈ 20980
[2026-05-09T14:11:30.384Z] [INFO ] SUCCESS — Source: bajusctg-api
[2026-05-09T14:11:30.385Z] [INFO ] Fetching international prices...
[2026-05-09T14:11:31.159Z] [INFO ] Gold: no change — skipping append
[2026-05-09T14:11:31.159Z] [INFO ] Silver: no change — skipping append
[2026-05-09T14:11:31.160Z] [INFO ] Intl: no change — skipping append
[2026-05-09T14:11:31.178Z] [INFO ] latest.json written | Final source: bajusctg-api
[2026-05-09T14:11:31.178Z] [INFO ] ══════════════════════════════════════════════
[2026-05-09T15:39:27.422Z] [INFO ] ══════════════════════════════════════════════
[2026-05-09T15:39:27.424Z] [INFO ] SonarGold Scraper v4.0 starting...
[2026-05-09T15:39:27.424Z] [INFO ] Mode: LIVE
[2026-05-09T15:39:27.425Z] [INFO ] ══════════════════════════════════════════════
[2026-05-09T15:39:27.427Z] [INFO ] History size — Gold: 212, Silver: 209, Intl: 235
[2026-05-09T15:39:27.427Z] [INFO ] ════════════════════════════════
[2026-05-09T15:39:27.428Z] [INFO ] Starting BAJUS scrape v4.0 (sequential)...
[2026-05-09T15:39:27.428Z] [INFO ] Trying Strategy 1: BAJUSCTG API...
[2026-05-09T15:39:29.252Z] [INFO ] ✓ BAJUSCTG success: 22K gram ≈ 20980
[2026-05-09T15:39:29.253Z] [INFO ] SUCCESS — Source: bajusctg-api
[2026-05-09T15:39:29.253Z] [INFO ] Fetching international prices...
[2026-05-09T15:39:29.683Z] [INFO ] Gold: no change — skipping append
[2026-05-09T15:39:29.683Z] [INFO ] Silver: no change — skipping append
[2026-05-09T15:39:29.684Z] [INFO ] Intl: no change — skipping append
[2026-05-09T15:39:29.698Z] [INFO ] latest.json written | Final source: bajusctg-api
[2026-05-09T15:39:29.698Z] [INFO ] ══════════════════════════════════════════════
[2026-05-09T16:38:38.845Z] [INFO ] ══════════════════════════════════════════════
[2026-05-09T16:38:38.846Z] [INFO ] SonarGold Scraper v4.0 starting...
[2026-05-09T16:38:38.846Z] [INFO ] Mode: LIVE
[2026-05-09T16:38:38.847Z] [INFO ] ══════════════════════════════════════════════
[2026-05-09T16:38:38.848Z] [INFO ] History size — Gold: 212, Silver: 209, Intl: 235
[2026-05-09T16:38:38.849Z] [INFO ] ════════════════════════════════
[2026-05-09T16:38:38.849Z] [INFO ] Starting BAJUS scrape v4.0 (sequential)...
[2026-05-09T16:38:38.850Z] [INFO ] Trying Strategy 1: BAJUSCTG API...
[2026-05-09T16:38:40.201Z] [WARN ] BAJUSCTG API failed: HTTP 403
[2026-05-09T16:38:40.202Z] [INFO ] Trying BAJUSCTG HTML fallback...
[2026-05-09T16:38:41.494Z] [WARN ] BAJUSCTG HTML failed: HTTP 403
[2026-05-09T16:38:41.495Z] [INFO ] Trying Strategy 2: GoldR.org homepage...
[2026-05-09T16:38:41.736Z] [WARN ] GoldR.org parsed but data invalid
[2026-05-09T16:38:41.736Z] [INFO ] Trying Strategy 3: bdgoldprice.com...
[2026-05-09T16:38:41.887Z] [INFO ] Trying Strategy 4: Wayback Machine...
[2026-05-09T16:38:46.948Z] [WARN ] Wayback failed: No snapshot
[2026-05-09T16:38:46.949Z] [INFO ] Using cached prices from 2026-05-07 (59h old)
[2026-05-09T16:38:46.949Z] [WARN ] ALL LIVE SOURCES FAILED — Using cached prices (mandatory fallback)
[2026-05-09T16:38:46.950Z] [INFO ] Fetching international prices...
[2026-05-09T16:38:47.235Z] [INFO ] Gold: no change — skipping append
[2026-05-09T16:38:47.235Z] [INFO ] Silver: no change — skipping append
[2026-05-09T16:38:47.236Z] [INFO ] Intl: no change — skipping append
[2026-05-09T16:38:47.250Z] [INFO ] latest.json written | Final source: cache
[2026-05-09T16:38:47.250Z] [INFO ] ══════════════════════════════════════════════
[2026-05-09T17:39:45.119Z] [INFO ] ══════════════════════════════════════════════
[2026-05-09T17:39:45.120Z] [INFO ] SonarGold Scraper v4.0 starting...
[2026-05-09T17:39:45.121Z] [INFO ] Mode: LIVE
[2026-05-09T17:39:45.121Z] [INFO ] ══════════════════════════════════════════════
[2026-05-09T17:39:45.123Z] [INFO ] History size — Gold: 212, Silver: 209, Intl: 235
[2026-05-09T17:39:45.123Z] [INFO ] ════════════════════════════════
[2026-05-09T17:39:45.124Z] [INFO ] Starting BAJUS scrape v4.0 (sequential)...
[2026-05-09T17:39:45.124Z] [INFO ] Trying Strategy 1: BAJUSCTG API...
[2026-05-09T17:39:46.841Z] [INFO ] ✓ BAJUSCTG success: 22K gram ≈ 20980
[2026-05-09T17:39:46.842Z] [INFO ] SUCCESS — Source: bajusctg-api
[2026-05-09T17:39:46.842Z] [INFO ] Fetching international prices...
[2026-05-09T17:39:47.280Z] [INFO ] Gold: no change — skipping append
[2026-05-09T17:39:47.281Z] [INFO ] Silver: no change — skipping append
[2026-05-09T17:39:47.281Z] [INFO ] Intl: no change — skipping append
[2026-05-09T17:39:47.341Z] [INFO ] latest.json written | Final source: bajusctg-api
[2026-05-09T17:39:47.341Z] [INFO ] ══════════════════════════════════════════════
[2026-05-09T18:41:15.084Z] [INFO ] ══════════════════════════════════════════════
[2026-05-09T18:41:15.085Z] [INFO ] SonarGold Scraper v4.0 starting...
[2026-05-09T18:41:15.085Z] [INFO ] Mode: LIVE
[2026-05-09T18:41:15.086Z] [INFO ] ══════════════════════════════════════════════
[2026-05-09T18:41:15.087Z] [INFO ] History size — Gold: 212, Silver: 209, Intl: 235
[2026-05-09T18:41:15.088Z] [INFO ] ════════════════════════════════
[2026-05-09T18:41:15.088Z] [INFO ] Starting BAJUS scrape v4.0 (sequential)...
[2026-05-09T18:41:15.089Z] [INFO ] Trying Strategy 1: BAJUSCTG API...
[2026-05-09T18:41:16.655Z] [INFO ] ✓ BAJUSCTG success: 22K gram ≈ 20980
[2026-05-09T18:41:16.656Z] [INFO ] SUCCESS — Source: bajusctg-api
[2026-05-09T18:41:16.656Z] [INFO ] Fetching international prices...
[2026-05-09T18:41:17.338Z] [INFO ] Gold: no change — skipping append
[2026-05-09T18:41:17.339Z] [INFO ] Silver: no change — skipping append
[2026-05-09T18:41:17.339Z] [INFO ] Intl: no change — skipping append
[2026-05-09T18:41:17.354Z] [INFO ] latest.json written | Final source: bajusctg-api
[2026-05-09T18:41:17.354Z] [INFO ] ══════════════════════════════════════════════
[2026-05-09T19:48:49.096Z] [INFO ] ══════════════════════════════════════════════
[2026-05-09T19:48:49.097Z] [INFO ] SonarGold Scraper v4.0 starting...
[2026-05-09T19:48:49.098Z] [INFO ] Mode: LIVE
[2026-05-09T19:48:49.099Z] [INFO ] ══════════════════════════════════════════════
[2026-05-09T19:48:49.100Z] [INFO ] History size — Gold: 212, Silver: 209, Intl: 235
[2026-05-09T19:48:49.101Z] [INFO ] ════════════════════════════════
[2026-05-09T19:48:49.101Z] [INFO ] Starting BAJUS scrape v4.0 (sequential)...
[2026-05-09T19:48:49.102Z] [INFO ] Trying Strategy 1: BAJUSCTG API...
[2026-05-09T19:48:50.864Z] [INFO ] ✓ BAJUSCTG success: 22K gram ≈ 20980
[2026-05-09T19:48:50.865Z] [INFO ] SUCCESS — Source: bajusctg-api
[2026-05-09T19:48:50.866Z] [INFO ] Fetching international prices...
[2026-05-09T19:48:51.309Z] [INFO ] Gold: no change — skipping append
[2026-05-09T19:48:51.309Z] [INFO ] Silver: no change — skipping append
[2026-05-09T19:48:51.310Z] [INFO ] Intl: no change — skipping append
[2026-05-09T19:48:51.324Z] [INFO ] latest.json written | Final source: bajusctg-api
[2026-05-09T19:48:51.325Z] [INFO ] ══════════════════════════════════════════════
[2026-05-09T20:32:34.869Z] [INFO ] ══════════════════════════════════════════════
[2026-05-09T20:32:34.871Z] [INFO ] SonarGold Scraper v4.0 starting...
[2026-05-09T20:32:34.871Z] [INFO ] Mode: LIVE
[2026-05-09T20:32:34.872Z] [INFO ] ══════════════════════════════════════════════
[2026-05-09T20:32:34.874Z] [INFO ] History size — Gold: 212, Silver: 209, Intl: 235
[2026-05-09T20:32:34.874Z] [INFO ] ════════════════════════════════
[2026-05-09T20:32:34.875Z] [INFO ] Starting BAJUS scrape v4.0 (sequential)...
[2026-05-09T20:32:34.875Z] [INFO ] Trying Strategy 1: BAJUSCTG API...
[2026-05-09T20:32:36.601Z] [INFO ] ✓ BAJUSCTG success: 22K gram ≈ 20980
[2026-05-09T20:32:36.601Z] [INFO ] SUCCESS — Source: bajusctg-api
[2026-05-09T20:32:36.602Z] [INFO ] Fetching international prices...
[2026-05-09T20:32:37.273Z] [INFO ] Gold: no change — skipping append
[2026-05-09T20:32:37.273Z] [INFO ] Silver: no change — skipping append
[2026-05-09T20:32:37.274Z] [INFO ] Intl: no change — skipping append
[2026-05-09T20:32:37.289Z] [INFO ] latest.json written | Final source: bajusctg-api
[2026-05-09T20:32:37.289Z] [INFO ] ══════════════════════════════════════════════
[2026-05-09T21:32:21.109Z] [INFO ] ══════════════════════════════════════════════
[2026-05-09T21:32:21.110Z] [INFO ] SonarGold Scraper v4.0 starting...
[2026-05-09T21:32:21.111Z] [INFO ] Mode: LIVE
[2026-05-09T21:32:21.111Z] [INFO ] ══════════════════════════════════════════════
[2026-05-09T21:32:21.113Z] [INFO ] History size — Gold: 212, Silver: 209, Intl: 235
[2026-05-09T21:32:21.113Z] [INFO ] ════════════════════════════════
[2026-05-09T21:32:21.114Z] [INFO ] Starting BAJUS scrape v4.0 (sequential)...
[2026-05-09T21:32:21.115Z] [INFO ] Trying Strategy 1: BAJUSCTG API...
[2026-05-09T21:32:22.679Z] [INFO ] ✓ BAJUSCTG success: 22K gram ≈ 20980
[2026-05-09T21:32:22.679Z] [INFO ] SUCCESS — Source: bajusctg-api
[2026-05-09T21:32:22.680Z] [INFO ] Fetching international prices...
[2026-05-09T21:32:23.202Z] [INFO ] Gold: no change — skipping append
[2026-05-09T21:32:23.202Z] [INFO ] Silver: no change — skipping append
[2026-05-09T21:32:23.203Z] [INFO ] Intl: no change — skipping append
[2026-05-09T21:32:23.266Z] [INFO ] latest.json written | Final source: bajusctg-api
[2026-05-09T21:32:23.266Z] [INFO ] ══════════════════════════════════════════════
[2026-05-09T22:30:50.778Z] [INFO ] ══════════════════════════════════════════════
[2026-05-09T22:30:50.780Z] [INFO ] SonarGold Scraper v4.0 starting...
[2026-05-09T22:30:50.781Z] [INFO ] Mode: LIVE
[2026-05-09T22:30:50.781Z] [INFO ] ══════════════════════════════════════════════
[2026-05-09T22:30:50.783Z] [INFO ] History size — Gold: 212, Silver: 209, Intl: 235
[2026-05-09T22:30:50.784Z] [INFO ] ════════════════════════════════
[2026-05-09T22:30:50.784Z] [INFO ] Starting BAJUS scrape v4.0 (sequential)...
[2026-05-09T22:30:50.785Z] [INFO ] Trying Strategy 1: BAJUSCTG API...
[2026-05-09T22:30:52.522Z] [INFO ] ✓ BAJUSCTG success: 22K gram ≈ 20980
[2026-05-09T22:30:52.522Z] [INFO ] SUCCESS — Source: bajusctg-api
[2026-05-09T22:30:52.523Z] [INFO ] Fetching international prices...
[2026-05-09T22:30:53.343Z] [INFO ] Gold: no change — skipping append
[2026-05-09T22:30:53.343Z] [INFO ] Silver: no change — skipping append
[2026-05-09T22:30:53.343Z] [INFO ] Intl: no change — skipping append
[2026-05-09T22:30:53.358Z] [INFO ] latest.json written | Final source: bajusctg-api
[2026-05-09T22:30:53.358Z] [INFO ] ══════════════════════════════════════════════
[2026-05-09T23:35:07.295Z] [INFO ] ══════════════════════════════════════════════
[2026-05-09T23:35:07.296Z] [INFO ] SonarGold Scraper v4.0 starting...
[2026-05-09T23:35:07.297Z] [INFO ] Mode: LIVE
[2026-05-09T23:35:07.297Z] [INFO ] ══════════════════════════════════════════════
[2026-05-09T23:35:07.299Z] [INFO ] History size — Gold: 212, Silver: 209, Intl: 235
[2026-05-09T23:35:07.299Z] [INFO ] ════════════════════════════════
[2026-05-09T23:35:07.300Z] [INFO ] Starting BAJUS scrape v4.0 (sequential)...
[2026-05-09T23:35:07.300Z] [INFO ] Trying Strategy 1: BAJUSCTG API...
[2026-05-09T23:35:09.240Z] [INFO ] ✓ BAJUSCTG success: 22K gram ≈ 20980
[2026-05-09T23:35:09.240Z] [INFO ] SUCCESS — Source: bajusctg-api
[2026-05-09T23:35:09.241Z] [INFO ] Fetching international prices...
[2026-05-09T23:35:09.733Z] [INFO ] Gold: no change — skipping append
[2026-05-09T23:35:09.733Z] [INFO ] Silver: no change — skipping append
[2026-05-09T23:35:09.734Z] [INFO ] Intl: no change — skipping append
[2026-05-09T23:35:09.749Z] [INFO ] latest.json written | Final source: bajusctg-api
[2026-05-09T23:35:09.749Z] [INFO ] ══════════════════════════════════════════════
