[2026-07-21T01:00:26.839Z] [INFO ] ══════════════════════════════════════════════
[2026-07-21T01:00:26.841Z] [INFO ] SonarGold Scraper v4.0 starting...
[2026-07-21T01:00:26.842Z] [INFO ] Mode: LIVE
[2026-07-21T01:00:26.843Z] [INFO ] ══════════════════════════════════════════════
[2026-07-21T01:00:26.845Z] [INFO ] History size — Gold: 240, Silver: 229, Intl: 306
[2026-07-21T01:00:26.848Z] [INFO ] ════════════════════════════════
[2026-07-21T01:00:26.849Z] [INFO ] Starting BAJUS scrape v4.0 (sequential)...
[2026-07-21T01:00:26.849Z] [INFO ] Trying Strategy 1: BAJUSCTG API...
[2026-07-21T01:00:27.418Z] [WARN ] BAJUSCTG API failed: HTTP 401
[2026-07-21T01:00:27.419Z] [INFO ] Trying BAJUSCTG HTML fallback...
[2026-07-21T01:00:28.087Z] [WARN ] BAJUSCTG HTML failed: HTTP 401
[2026-07-21T01:00:28.088Z] [INFO ] Trying Strategy 2: GoldR.org homepage...
[2026-07-21T01:00:28.332Z] [WARN ] GoldR.org parsed but data invalid
[2026-07-21T01:00:28.333Z] [INFO ] Trying Strategy 3: bdgoldprice.com...
[2026-07-21T01:00:28.589Z] [INFO ] Trying Strategy 4: Wayback Machine...
[2026-07-21T01:00:29.790Z] [WARN ] Cache too old (78h)
[2026-07-21T01:00:29.791Z] [ERROR] CRITICAL FAILURE — All sources + cache unavailable. Using zero fallback.
[2026-07-21T01:00:29.791Z] [INFO ] Fetching international prices...
[2026-07-21T01:00:30.421Z] [INFO ] Gold: appended entry #241
[2026-07-21T01:00:30.422Z] [INFO ] Silver: appended entry #230
[2026-07-21T01:00:30.423Z] [INFO ] Intl: appended entry #307
[2026-07-21T01:00:30.439Z] [INFO ] latest.json written | Final source: fallback
[2026-07-21T01:00:30.440Z] [INFO ] ══════════════════════════════════════════════
