[2026-04-06T01:52:18.953Z] [INFO ] ══════════════════════════════════════════════
[2026-04-06T01:52:18.954Z] [INFO ] SonarGold Scraper v3.2 (Simplified with Working Sources) starting…
[2026-04-06T01:52:18.954Z] [INFO ] Mode: LIVE | Source: all
[2026-04-06T01:52:18.954Z] [INFO ] ══════════════════════════════════════════════
[2026-04-06T01:52:18.956Z] [INFO ] History — gold:198 silver:198 intl:201
[2026-04-06T01:52:18.956Z] [INFO ] Starting BAJUS scrape (v3.2 — simplified with working sources)…
[2026-04-06T01:52:18.956Z] [INFO ] Trying BAJUSCTG API…
[2026-04-06T01:52:21.966Z] [INFO ] BAJUSCTG API success: gold_22k=21260
[2026-04-06T01:52:21.967Z] [INFO ] Fetching international prices…
[2026-04-06T01:52:22.072Z] [INFO ] XAU: $4624.799805/oz
[2026-04-06T01:52:22.072Z] [INFO ] XAG: $72.07/oz
[2026-04-06T01:52:22.072Z] [INFO ] USD/BDT: 122.69224
[2026-04-06T01:52:22.073Z] [INFO ] Gold:   {"date":"2026-04-06","timestamp":"2026-04-06T01:52:18.956Z","data_source":"bajusctg-api","bajus_g22":21260,"bajus_g21":20295,"bajus_g18":17395,"bajus_gtr":14170,"bajus_g22_vori":247977,"bajus_g21_vori":236721,"bajus_g18_vori":202895,"bajus_gtr_vori":165279}
[2026-04-06T01:52:22.073Z] [INFO ] Silver: {"date":"2026-04-06","timestamp":"2026-04-06T01:52:18.956Z","data_source":"bajusctg-api","bajus_s22":490,"bajus_s21":465,"bajus_s18":400,"bajus_str":300,"bajus_s22_vori":5715,"bajus_s21_vori":5424,"bajus_s18_vori":4666,"bajus_str_vori":3499}
[2026-04-06T01:52:22.073Z] [INFO ] Intl:   {"date":"2026-04-06","timestamp":"2026-04-06T01:52:18.956Z","gold_usd_oz":4624.799805,"gold_prev_usd_oz":null,"gold_chg_usd":null,"gold_chg_pct":null,"gold_gram_bdt":18243.19,"silver_usd_oz":72.07,"silver_prev_usd_oz":null,"silver_chg_usd":null,"silver_chg_pct":null,"silver_gram_bdt":284.2905,"usd_bdt":122.69224}
[2026-04-06T01:52:22.073Z] [INFO ] Gold: no change — skipping history append
[2026-04-06T01:52:22.073Z] [INFO ] Silver: no change — skipping history append
[2026-04-06T01:52:22.074Z] [INFO ] Intl: appended entry #202 (2026-04-06)
[2026-04-06T01:52:22.088Z] [INFO ] latest.json written
[2026-04-06T01:52:22.088Z] [INFO ] Done — gold:no-change silver:no-change intl:stored
[2026-04-06T01:52:22.088Z] [INFO ] ══════════════════════════════════════════════
[2026-04-06T05:55:59.769Z] [INFO ] ══════════════════════════════════════════════
[2026-04-06T05:55:59.771Z] [INFO ] SonarGold Scraper v3.2 (Simplified with Working Sources) starting…
[2026-04-06T05:55:59.771Z] [INFO ] Mode: LIVE | Source: all
[2026-04-06T05:55:59.771Z] [INFO ] ══════════════════════════════════════════════
[2026-04-06T05:55:59.773Z] [INFO ] History — gold:198 silver:198 intl:202
[2026-04-06T05:55:59.773Z] [INFO ] Starting BAJUS scrape (v3.2 — simplified with working sources)…
[2026-04-06T05:55:59.774Z] [INFO ] Trying BAJUSCTG API…
[2026-04-06T05:56:00.198Z] [INFO ] BAJUSCTG API success: gold_22k=21075
[2026-04-06T05:56:00.198Z] [INFO ] Fetching international prices…
[2026-04-06T05:56:00.879Z] [INFO ] XAU: $4668.200195/oz
[2026-04-06T05:56:00.880Z] [INFO ] XAG: $72.577003/oz
[2026-04-06T05:56:00.880Z] [INFO ] USD/BDT: 122.69224
[2026-04-06T05:56:00.880Z] [INFO ] Gold:   {"date":"2026-04-06","timestamp":"2026-04-06T05:55:59.773Z","data_source":"bajusctg-api","bajus_g22":21075,"bajus_g21":20115,"bajus_g18":17245,"bajus_gtr":14045,"bajus_g22_vori":245819,"bajus_g21_vori":234621,"bajus_g18_vori":201146,"bajus_gtr_vori":163821}
[2026-04-06T05:56:00.880Z] [INFO ] Silver: {"date":"2026-04-06","timestamp":"2026-04-06T05:55:59.773Z","data_source":"bajusctg-api","bajus_s22":475,"bajus_s21":455,"bajus_s18":390,"bajus_str":290,"bajus_s22_vori":5540,"bajus_s21_vori":5307,"bajus_s18_vori":4549,"bajus_str_vori":3383}
[2026-04-06T05:56:00.881Z] [INFO ] Intl:   {"date":"2026-04-06","timestamp":"2026-04-06T05:55:59.773Z","gold_usd_oz":4668.200195,"gold_prev_usd_oz":null,"gold_chg_usd":null,"gold_chg_pct":null,"gold_gram_bdt":18414.39,"silver_usd_oz":72.577003,"silver_prev_usd_oz":null,"silver_chg_usd":null,"silver_chg_pct":null,"silver_gram_bdt":286.2905,"usd_bdt":122.69224}
[2026-04-06T05:56:00.881Z] [INFO ] Gold: appended entry #199 (2026-04-06)
[2026-04-06T05:56:00.881Z] [INFO ] Silver: appended entry #199 (2026-04-06)
[2026-04-06T05:56:00.882Z] [INFO ] Intl: updated same-day entry (2026-04-06)
[2026-04-06T05:56:00.896Z] [INFO ] latest.json written
[2026-04-06T05:56:00.896Z] [INFO ] Done — gold:stored silver:stored intl:stored
[2026-04-06T05:56:00.897Z] [INFO ] ══════════════════════════════════════════════
[2026-04-06T06:44:11.610Z] [INFO ] ══════════════════════════════════════════════
[2026-04-06T06:44:11.611Z] [INFO ] SonarGold Scraper v4.0 starting...
[2026-04-06T06:44:11.611Z] [INFO ] Mode: LIVE
[2026-04-06T06:44:11.611Z] [INFO ] ══════════════════════════════════════════════
[2026-04-06T06:44:11.612Z] [INFO ] History size — Gold: 199, Silver: 199, Intl: 202
[2026-04-06T06:44:11.613Z] [INFO ] ════════════════════════════════
[2026-04-06T06:44:11.613Z] [INFO ] Starting BAJUS scrape v4.0 (sequential)...
[2026-04-06T06:44:11.613Z] [INFO ] Trying Strategy 1: BAJUSCTG API...
[2026-04-06T06:44:12.086Z] [INFO ] ✓ BAJUSCTG success: 22K gram ≈ 21075
[2026-04-06T06:44:12.087Z] [INFO ] SUCCESS — Source: bajusctg-api
[2026-04-06T06:44:12.087Z] [INFO ] Fetching international prices...
[2026-04-06T06:44:12.511Z] [INFO ] Gold: no change — skipping append
[2026-04-06T06:44:12.512Z] [INFO ] Silver: no change — skipping append
[2026-04-06T06:44:12.512Z] [INFO ] Intl: updated same-day entry
[2026-04-06T06:44:12.528Z] [INFO ] latest.json written | Final source: bajusctg-api
[2026-04-06T06:44:12.528Z] [INFO ] ══════════════════════════════════════════════
[2026-04-06T09:02:37.809Z] [INFO ] ══════════════════════════════════════════════
[2026-04-06T09:02:37.810Z] [INFO ] SonarGold Scraper v4.0 starting...
[2026-04-06T09:02:37.811Z] [INFO ] Mode: LIVE
[2026-04-06T09:02:37.811Z] [INFO ] ══════════════════════════════════════════════
[2026-04-06T09:02:37.812Z] [INFO ] History size — Gold: 199, Silver: 199, Intl: 202
[2026-04-06T09:02:37.812Z] [INFO ] ════════════════════════════════
[2026-04-06T09:02:37.812Z] [INFO ] Starting BAJUS scrape v4.0 (sequential)...
[2026-04-06T09:02:37.813Z] [INFO ] Trying Strategy 1: BAJUSCTG API...
[2026-04-06T09:02:38.186Z] [INFO ] ✓ BAJUSCTG success: 22K gram ≈ 21075
[2026-04-06T09:02:38.186Z] [INFO ] SUCCESS — Source: bajusctg-api
[2026-04-06T09:02:38.187Z] [INFO ] Fetching international prices...
[2026-04-06T09:02:38.786Z] [INFO ] Gold: no change — skipping append
[2026-04-06T09:02:38.786Z] [INFO ] Silver: no change — skipping append
[2026-04-06T09:02:38.786Z] [INFO ] Intl: updated same-day entry
[2026-04-06T09:02:38.801Z] [INFO ] latest.json written | Final source: bajusctg-api
[2026-04-06T09:02:38.801Z] [INFO ] ══════════════════════════════════════════════
[2026-04-06T12:55:02.783Z] [INFO ] ══════════════════════════════════════════════
[2026-04-06T12:55:02.784Z] [INFO ] SonarGold Scraper v4.0 starting...
[2026-04-06T12:55:02.785Z] [INFO ] Mode: LIVE
[2026-04-06T12:55:02.785Z] [INFO ] ══════════════════════════════════════════════
[2026-04-06T12:55:02.787Z] [INFO ] History size — Gold: 199, Silver: 199, Intl: 202
[2026-04-06T12:55:02.787Z] [INFO ] ════════════════════════════════
[2026-04-06T12:55:02.787Z] [INFO ] Starting BAJUS scrape v4.0 (sequential)...
[2026-04-06T12:55:02.787Z] [INFO ] Trying Strategy 1: BAJUSCTG API...
[2026-04-06T12:55:03.277Z] [INFO ] ✓ BAJUSCTG success: 22K gram ≈ 21075
[2026-04-06T12:55:03.277Z] [INFO ] SUCCESS — Source: bajusctg-api
[2026-04-06T12:55:03.278Z] [INFO ] Fetching international prices...
[2026-04-06T12:55:03.802Z] [INFO ] Gold: no change — skipping append
[2026-04-06T12:55:03.802Z] [INFO ] Silver: no change — skipping append
[2026-04-06T12:55:03.802Z] [INFO ] Intl: updated same-day entry
[2026-04-06T12:55:03.817Z] [INFO ] latest.json written | Final source: bajusctg-api
[2026-04-06T12:55:03.817Z] [INFO ] ══════════════════════════════════════════════
[2026-04-06T16:38:47.440Z] [INFO ] ══════════════════════════════════════════════
[2026-04-06T16:38:47.442Z] [INFO ] SonarGold Scraper v4.0 starting...
[2026-04-06T16:38:47.442Z] [INFO ] Mode: LIVE
[2026-04-06T16:38:47.442Z] [INFO ] ══════════════════════════════════════════════
[2026-04-06T16:38:47.443Z] [INFO ] History size — Gold: 199, Silver: 199, Intl: 202
[2026-04-06T16:38:47.444Z] [INFO ] ════════════════════════════════
[2026-04-06T16:38:47.444Z] [INFO ] Starting BAJUS scrape v4.0 (sequential)...
[2026-04-06T16:38:47.444Z] [INFO ] Trying Strategy 1: BAJUSCTG API...
[2026-04-06T16:38:49.015Z] [INFO ] ✓ BAJUSCTG success: 22K gram ≈ 21075
[2026-04-06T16:38:49.015Z] [INFO ] SUCCESS — Source: bajusctg-api
[2026-04-06T16:38:49.016Z] [INFO ] Fetching international prices...
[2026-04-06T16:38:49.574Z] [INFO ] Gold: no change — skipping append
[2026-04-06T16:38:49.574Z] [INFO ] Silver: no change — skipping append
[2026-04-06T16:38:49.575Z] [INFO ] Intl: updated same-day entry
[2026-04-06T16:38:49.593Z] [INFO ] latest.json written | Final source: bajusctg-api
[2026-04-06T16:38:49.593Z] [INFO ] ══════════════════════════════════════════════
[2026-04-06T20:31:45.075Z] [INFO ] ══════════════════════════════════════════════
[2026-04-06T20:31:45.076Z] [INFO ] SonarGold Scraper v4.0 starting...
[2026-04-06T20:31:45.076Z] [INFO ] Mode: LIVE
[2026-04-06T20:31:45.076Z] [INFO ] ══════════════════════════════════════════════
[2026-04-06T20:31:45.077Z] [INFO ] History size — Gold: 199, Silver: 199, Intl: 202
[2026-04-06T20:31:45.078Z] [INFO ] ════════════════════════════════
[2026-04-06T20:31:45.078Z] [INFO ] Starting BAJUS scrape v4.0 (sequential)...
[2026-04-06T20:31:45.078Z] [INFO ] Trying Strategy 1: BAJUSCTG API...
[2026-04-06T20:31:46.444Z] [INFO ] ✓ BAJUSCTG success: 22K gram ≈ 21075
[2026-04-06T20:31:46.444Z] [INFO ] SUCCESS — Source: bajusctg-api
[2026-04-06T20:31:46.445Z] [INFO ] Fetching international prices...
[2026-04-06T20:31:46.769Z] [INFO ] Gold: no change — skipping append
[2026-04-06T20:31:46.769Z] [INFO ] Silver: no change — skipping append
[2026-04-06T20:31:46.770Z] [INFO ] Intl: updated same-day entry
[2026-04-06T20:31:46.787Z] [INFO ] latest.json written | Final source: bajusctg-api
[2026-04-06T20:31:46.787Z] [INFO ] ══════════════════════════════════════════════
