[2026-06-22T02:03:55.099Z] [INFO ] ══════════════════════════════════════════════
[2026-06-22T02:03:55.100Z] [INFO ] SonarGold Scraper v4.0 starting...
[2026-06-22T02:03:55.101Z] [INFO ] Mode: LIVE
[2026-06-22T02:03:55.102Z] [INFO ] ══════════════════════════════════════════════
[2026-06-22T02:03:55.104Z] [INFO ] History size — Gold: 227, Silver: 219, Intl: 278
[2026-06-22T02:03:55.105Z] [INFO ] ════════════════════════════════
[2026-06-22T02:03:55.106Z] [INFO ] Starting BAJUS scrape v4.0 (sequential)...
[2026-06-22T02:03:55.107Z] [INFO ] Trying Strategy 1: BAJUSCTG API...
[2026-06-22T02:03:56.099Z] [WARN ] BAJUSCTG API failed: HTTP 401
[2026-06-22T02:03:56.100Z] [INFO ] Trying BAJUSCTG HTML fallback...
[2026-06-22T02:03:56.763Z] [WARN ] BAJUSCTG HTML failed: HTTP 401
[2026-06-22T02:03:56.764Z] [INFO ] Trying Strategy 2: GoldR.org homepage...
[2026-06-22T02:03:57.075Z] [WARN ] GoldR.org parsed but data invalid
[2026-06-22T02:03:57.076Z] [INFO ] Trying Strategy 3: bdgoldprice.com...
[2026-06-22T02:03:57.275Z] [INFO ] Trying Strategy 4: Wayback Machine...
[2026-06-22T02:04:02.768Z] [WARN ] Wayback failed: No snapshot
[2026-06-22T02:04:02.770Z] [INFO ] Using cached prices from 2026-06-20 (38h old)
[2026-06-22T02:04:02.770Z] [WARN ] ALL LIVE SOURCES FAILED — Using cached prices (mandatory fallback)
[2026-06-22T02:04:02.771Z] [INFO ] Fetching international prices...
[2026-06-22T02:04:03.368Z] [INFO ] Gold: no change — skipping append
[2026-06-22T02:04:03.368Z] [INFO ] Silver: no change — skipping append
[2026-06-22T02:04:03.369Z] [INFO ] Intl: appended entry #279
[2026-06-22T02:04:03.398Z] [INFO ] latest.json written | Final source: cache
[2026-06-22T02:04:03.399Z] [INFO ] ══════════════════════════════════════════════
