[2026-05-14T01:54:53.822Z] [INFO ] ══════════════════════════════════════════════
[2026-05-14T01:54:53.824Z] [INFO ] SonarGold Scraper v4.0 starting...
[2026-05-14T01:54:53.824Z] [INFO ] Mode: LIVE
[2026-05-14T01:54:53.825Z] [INFO ] ══════════════════════════════════════════════
[2026-05-14T01:54:53.826Z] [INFO ] History size — Gold: 212, Silver: 209, Intl: 239
[2026-05-14T01:54:53.827Z] [INFO ] ════════════════════════════════
[2026-05-14T01:54:53.827Z] [INFO ] Starting BAJUS scrape v4.0 (sequential)...
[2026-05-14T01:54:53.828Z] [INFO ] Trying Strategy 1: BAJUSCTG API...
[2026-05-14T01:54:55.488Z] [INFO ] ✓ BAJUSCTG success: 22K gram ≈ 20980
[2026-05-14T01:54:55.488Z] [INFO ] SUCCESS — Source: bajusctg-api
[2026-05-14T01:54:55.489Z] [INFO ] Fetching international prices...
[2026-05-14T01:54:56.267Z] [INFO ] Gold: no change — skipping append
[2026-05-14T01:54:56.267Z] [INFO ] Silver: no change — skipping append
[2026-05-14T01:54:56.268Z] [INFO ] Intl: appended entry #240
[2026-05-14T01:54:56.282Z] [INFO ] latest.json written | Final source: bajusctg-api
[2026-05-14T01:54:56.283Z] [INFO ] ══════════════════════════════════════════════
[2026-05-14T05:38:44.334Z] [INFO ] ══════════════════════════════════════════════
[2026-05-14T05:38:44.335Z] [INFO ] SonarGold Scraper v4.0 starting...
[2026-05-14T05:38:44.336Z] [INFO ] Mode: LIVE
[2026-05-14T05:38:44.336Z] [INFO ] ══════════════════════════════════════════════
[2026-05-14T05:38:44.338Z] [INFO ] History size — Gold: 212, Silver: 209, Intl: 240
[2026-05-14T05:38:44.338Z] [INFO ] ════════════════════════════════
[2026-05-14T05:38:44.339Z] [INFO ] Starting BAJUS scrape v4.0 (sequential)...
[2026-05-14T05:38:44.339Z] [INFO ] Trying Strategy 1: BAJUSCTG API...
[2026-05-14T05:38:44.647Z] [INFO ] ✓ BAJUSCTG success: 22K gram ≈ 20980
[2026-05-14T05:38:44.648Z] [INFO ] SUCCESS — Source: bajusctg-api
[2026-05-14T05:38:44.648Z] [INFO ] Fetching international prices...
[2026-05-14T05:38:45.269Z] [INFO ] Gold: no change — skipping append
[2026-05-14T05:38:45.270Z] [INFO ] Silver: no change — skipping append
[2026-05-14T05:38:45.270Z] [INFO ] Intl: updated same-day entry
[2026-05-14T05:38:45.285Z] [INFO ] latest.json written | Final source: bajusctg-api
[2026-05-14T05:38:45.285Z] [INFO ] ══════════════════════════════════════════════
[2026-05-14T08:23:35.868Z] [INFO ] ══════════════════════════════════════════════
[2026-05-14T08:23:35.869Z] [INFO ] SonarGold Scraper v4.0 starting...
[2026-05-14T08:23:35.870Z] [INFO ] Mode: LIVE
[2026-05-14T08:23:35.870Z] [INFO ] ══════════════════════════════════════════════
[2026-05-14T08:23:35.872Z] [INFO ] History size — Gold: 212, Silver: 209, Intl: 240
[2026-05-14T08:23:35.872Z] [INFO ] ════════════════════════════════
[2026-05-14T08:23:35.873Z] [INFO ] Starting BAJUS scrape v4.0 (sequential)...
[2026-05-14T08:23:35.873Z] [INFO ] Trying Strategy 1: BAJUSCTG API...
[2026-05-14T08:23:36.272Z] [INFO ] ✓ BAJUSCTG success: 22K gram ≈ 20980
[2026-05-14T08:23:36.273Z] [INFO ] SUCCESS — Source: bajusctg-api
[2026-05-14T08:23:36.273Z] [INFO ] Fetching international prices...
[2026-05-14T08:23:36.485Z] [INFO ] Gold: no change — skipping append
[2026-05-14T08:23:36.485Z] [INFO ] Silver: no change — skipping append
[2026-05-14T08:23:36.486Z] [INFO ] Intl: updated same-day entry
[2026-05-14T08:23:36.513Z] [INFO ] latest.json written | Final source: bajusctg-api
[2026-05-14T08:23:36.513Z] [INFO ] ══════════════════════════════════════════════
[2026-05-14T11:06:56.624Z] [INFO ] ══════════════════════════════════════════════
[2026-05-14T11:06:56.625Z] [INFO ] SonarGold Scraper v4.0 starting...
[2026-05-14T11:06:56.626Z] [INFO ] Mode: LIVE
[2026-05-14T11:06:56.626Z] [INFO ] ══════════════════════════════════════════════
[2026-05-14T11:06:56.628Z] [INFO ] History size — Gold: 212, Silver: 209, Intl: 240
[2026-05-14T11:06:56.629Z] [INFO ] ════════════════════════════════
[2026-05-14T11:06:56.629Z] [INFO ] Starting BAJUS scrape v4.0 (sequential)...
[2026-05-14T11:06:56.630Z] [INFO ] Trying Strategy 1: BAJUSCTG API...
[2026-05-14T11:06:57.034Z] [INFO ] ✓ BAJUSCTG success: 22K gram ≈ 20980
[2026-05-14T11:06:57.035Z] [INFO ] SUCCESS — Source: bajusctg-api
[2026-05-14T11:06:57.035Z] [INFO ] Fetching international prices...
[2026-05-14T11:06:57.791Z] [INFO ] Gold: no change — skipping append
[2026-05-14T11:06:57.791Z] [INFO ] Silver: no change — skipping append
[2026-05-14T11:06:57.792Z] [INFO ] Intl: updated same-day entry
[2026-05-14T11:06:57.810Z] [INFO ] latest.json written | Final source: bajusctg-api
[2026-05-14T11:06:57.811Z] [INFO ] ══════════════════════════════════════════════
[2026-05-14T13:24:12.455Z] [INFO ] ══════════════════════════════════════════════
[2026-05-14T13:24:12.456Z] [INFO ] SonarGold Scraper v4.0 starting...
[2026-05-14T13:24:12.457Z] [INFO ] Mode: LIVE
[2026-05-14T13:24:12.457Z] [INFO ] ══════════════════════════════════════════════
[2026-05-14T13:24:12.459Z] [INFO ] History size — Gold: 212, Silver: 209, Intl: 240
[2026-05-14T13:24:12.459Z] [INFO ] ════════════════════════════════
[2026-05-14T13:24:12.460Z] [INFO ] Starting BAJUS scrape v4.0 (sequential)...
[2026-05-14T13:24:12.460Z] [INFO ] Trying Strategy 1: BAJUSCTG API...
[2026-05-14T13:24:12.950Z] [INFO ] ✓ BAJUSCTG success: 22K gram ≈ 20980
[2026-05-14T13:24:12.951Z] [INFO ] SUCCESS — Source: bajusctg-api
[2026-05-14T13:24:12.951Z] [INFO ] Fetching international prices...
[2026-05-14T13:24:13.558Z] [INFO ] Gold: no change — skipping append
[2026-05-14T13:24:13.559Z] [INFO ] Silver: no change — skipping append
[2026-05-14T13:24:13.559Z] [INFO ] Intl: updated same-day entry
[2026-05-14T13:24:13.574Z] [INFO ] latest.json written | Final source: bajusctg-api
[2026-05-14T13:24:13.574Z] [INFO ] ══════════════════════════════════════════════
