[2026-07-20T01:06:00.783Z] [INFO ] ══════════════════════════════════════════════
[2026-07-20T01:06:00.785Z] [INFO ] SonarGold Scraper v4.0 starting...
[2026-07-20T01:06:00.785Z] [INFO ] Mode: LIVE
[2026-07-20T01:06:00.786Z] [INFO ] ══════════════════════════════════════════════
[2026-07-20T01:06:00.788Z] [INFO ] History size — Gold: 240, Silver: 229, Intl: 305
[2026-07-20T01:06:00.791Z] [INFO ] ════════════════════════════════
[2026-07-20T01:06:00.791Z] [INFO ] Starting BAJUS scrape v4.0 (sequential)...
[2026-07-20T01:06:00.792Z] [INFO ] Trying Strategy 1: BAJUSCTG API...
[2026-07-20T01:06:01.130Z] [INFO ] ✓ BAJUSCTG success: 22K gram ≈ 18845
[2026-07-20T01:06:01.131Z] [INFO ] SUCCESS — Source: bajusctg-api
[2026-07-20T01:06:01.132Z] [INFO ] Fetching international prices...
[2026-07-20T01:06:01.438Z] [INFO ] Gold: no change — skipping append
[2026-07-20T01:06:01.439Z] [INFO ] Silver: no change — skipping append
[2026-07-20T01:06:01.440Z] [INFO ] Intl: appended entry #306
[2026-07-20T01:06:01.452Z] [INFO ] latest.json written | Final source: bajusctg-api
[2026-07-20T01:06:01.452Z] [INFO ] ══════════════════════════════════════════════
[2026-07-20T05:07:54.142Z] [INFO ] ══════════════════════════════════════════════
[2026-07-20T05:07:54.144Z] [INFO ] SonarGold Scraper v4.0 starting...
[2026-07-20T05:07:54.145Z] [INFO ] Mode: LIVE
[2026-07-20T05:07:54.146Z] [INFO ] ══════════════════════════════════════════════
[2026-07-20T05:07:54.148Z] [INFO ] History size — Gold: 240, Silver: 229, Intl: 306
[2026-07-20T05:07:54.149Z] [INFO ] ════════════════════════════════
[2026-07-20T05:07:54.152Z] [INFO ] Starting BAJUS scrape v4.0 (sequential)...
[2026-07-20T05:07:54.153Z] [INFO ] Trying Strategy 1: BAJUSCTG API...
[2026-07-20T05:07:54.296Z] [INFO ] ✓ BAJUSCTG success: 22K gram ≈ 18845
[2026-07-20T05:07:54.297Z] [INFO ] SUCCESS — Source: bajusctg-api
[2026-07-20T05:07:54.298Z] [INFO ] Fetching international prices...
[2026-07-20T05:07:54.405Z] [INFO ] Gold: no change — skipping append
[2026-07-20T05:07:54.405Z] [INFO ] Silver: no change — skipping append
[2026-07-20T05:07:54.406Z] [INFO ] Intl: updated same-day entry
[2026-07-20T05:07:54.422Z] [INFO ] latest.json written | Final source: bajusctg-api
[2026-07-20T05:07:54.422Z] [INFO ] ══════════════════════════════════════════════
[2026-07-20T08:25:40.162Z] [INFO ] ══════════════════════════════════════════════
[2026-07-20T08:25:40.164Z] [INFO ] SonarGold Scraper v4.0 starting...
[2026-07-20T08:25:40.165Z] [INFO ] Mode: LIVE
[2026-07-20T08:25:40.166Z] [INFO ] ══════════════════════════════════════════════
[2026-07-20T08:25:40.168Z] [INFO ] History size — Gold: 240, Silver: 229, Intl: 306
[2026-07-20T08:25:40.169Z] [INFO ] ════════════════════════════════
[2026-07-20T08:25:40.171Z] [INFO ] Starting BAJUS scrape v4.0 (sequential)...
[2026-07-20T08:25:40.172Z] [INFO ] Trying Strategy 1: BAJUSCTG API...
[2026-07-20T08:25:41.130Z] [INFO ] ✓ BAJUSCTG success: 22K gram ≈ 18845
[2026-07-20T08:25:41.131Z] [INFO ] SUCCESS — Source: bajusctg-api
[2026-07-20T08:25:41.132Z] [INFO ] Fetching international prices...
[2026-07-20T08:25:41.634Z] [INFO ] Gold: no change — skipping append
[2026-07-20T08:25:41.635Z] [INFO ] Silver: no change — skipping append
[2026-07-20T08:25:41.636Z] [INFO ] Intl: updated same-day entry
[2026-07-20T08:25:41.651Z] [INFO ] latest.json written | Final source: bajusctg-api
[2026-07-20T08:25:41.652Z] [INFO ] ══════════════════════════════════════════════
[2026-07-20T11:23:32.318Z] [INFO ] ══════════════════════════════════════════════
[2026-07-20T11:23:32.320Z] [INFO ] SonarGold Scraper v4.0 starting...
[2026-07-20T11:23:32.320Z] [INFO ] Mode: LIVE
[2026-07-20T11:23:32.321Z] [INFO ] ══════════════════════════════════════════════
[2026-07-20T11:23:32.324Z] [INFO ] History size — Gold: 240, Silver: 229, Intl: 306
[2026-07-20T11:23:32.325Z] [INFO ] ════════════════════════════════
[2026-07-20T11:23:32.328Z] [INFO ] Starting BAJUS scrape v4.0 (sequential)...
[2026-07-20T11:23:32.329Z] [INFO ] Trying Strategy 1: BAJUSCTG API...
[2026-07-20T11:23:33.032Z] [INFO ] ✓ BAJUSCTG success: 22K gram ≈ 18845
[2026-07-20T11:23:33.033Z] [INFO ] SUCCESS — Source: bajusctg-api
[2026-07-20T11:23:33.034Z] [INFO ] Fetching international prices...
[2026-07-20T11:23:33.153Z] [INFO ] Gold: no change — skipping append
[2026-07-20T11:23:33.154Z] [INFO ] Silver: no change — skipping append
[2026-07-20T11:23:33.154Z] [INFO ] Intl: updated same-day entry
[2026-07-20T11:23:33.170Z] [INFO ] latest.json written | Final source: bajusctg-api
[2026-07-20T11:23:33.170Z] [INFO ] ══════════════════════════════════════════════
[2026-07-20T13:27:24.876Z] [INFO ] ══════════════════════════════════════════════
[2026-07-20T13:27:24.878Z] [INFO ] SonarGold Scraper v4.0 starting...
[2026-07-20T13:27:24.879Z] [INFO ] Mode: LIVE
[2026-07-20T13:27:24.880Z] [INFO ] ══════════════════════════════════════════════
[2026-07-20T13:27:24.882Z] [INFO ] History size — Gold: 240, Silver: 229, Intl: 306
[2026-07-20T13:27:24.884Z] [INFO ] ════════════════════════════════
[2026-07-20T13:27:24.886Z] [INFO ] Starting BAJUS scrape v4.0 (sequential)...
[2026-07-20T13:27:24.887Z] [INFO ] Trying Strategy 1: BAJUSCTG API...
[2026-07-20T13:27:25.177Z] [INFO ] ✓ BAJUSCTG success: 22K gram ≈ 18845
[2026-07-20T13:27:25.178Z] [INFO ] SUCCESS — Source: bajusctg-api
[2026-07-20T13:27:25.179Z] [INFO ] Fetching international prices...
[2026-07-20T13:27:25.430Z] [INFO ] Gold: no change — skipping append
[2026-07-20T13:27:25.431Z] [INFO ] Silver: no change — skipping append
[2026-07-20T13:27:25.431Z] [INFO ] Intl: updated same-day entry
[2026-07-20T13:27:25.449Z] [INFO ] latest.json written | Final source: bajusctg-api
[2026-07-20T13:27:25.449Z] [INFO ] ══════════════════════════════════════════════
