[2026-04-26T01:23:22.970Z] [INFO ] ══════════════════════════════════════════════
[2026-04-26T01:23:22.972Z] [INFO ] SonarGold Scraper v4.0 starting...
[2026-04-26T01:23:22.972Z] [INFO ] Mode: LIVE
[2026-04-26T01:23:22.973Z] [INFO ] ══════════════════════════════════════════════
[2026-04-26T01:23:22.975Z] [INFO ] History size — Gold: 205, Silver: 205, Intl: 221
[2026-04-26T01:23:22.976Z] [INFO ] ════════════════════════════════
[2026-04-26T01:23:22.976Z] [INFO ] Starting BAJUS scrape v4.0 (sequential)...
[2026-04-26T01:23:22.976Z] [INFO ] Trying Strategy 1: BAJUSCTG API...
[2026-04-26T01:23:23.476Z] [INFO ] ✓ BAJUSCTG success: 22K gram ≈ 21170
[2026-04-26T01:23:23.477Z] [INFO ] SUCCESS — Source: bajusctg-api
[2026-04-26T01:23:23.478Z] [INFO ] Fetching international prices...
[2026-04-26T01:23:24.146Z] [INFO ] Gold: no change — skipping append
[2026-04-26T01:23:24.146Z] [INFO ] Silver: no change — skipping append
[2026-04-26T01:23:24.146Z] [INFO ] Intl: appended entry #222
[2026-04-26T01:23:24.171Z] [INFO ] latest.json written | Final source: bajusctg-api
[2026-04-26T01:23:24.172Z] [INFO ] ══════════════════════════════════════════════
[2026-04-26T04:49:47.126Z] [INFO ] ══════════════════════════════════════════════
[2026-04-26T04:49:47.128Z] [INFO ] SonarGold Scraper v4.0 starting...
[2026-04-26T04:49:47.128Z] [INFO ] Mode: LIVE
[2026-04-26T04:49:47.128Z] [INFO ] ══════════════════════════════════════════════
[2026-04-26T04:49:47.130Z] [INFO ] History size — Gold: 205, Silver: 205, Intl: 222
[2026-04-26T04:49:47.131Z] [INFO ] ════════════════════════════════
[2026-04-26T04:49:47.131Z] [INFO ] Starting BAJUS scrape v4.0 (sequential)...
[2026-04-26T04:49:47.131Z] [INFO ] Trying Strategy 1: BAJUSCTG API...
[2026-04-26T04:49:47.581Z] [INFO ] ✓ BAJUSCTG success: 22K gram ≈ 21170
[2026-04-26T04:49:47.581Z] [INFO ] SUCCESS — Source: bajusctg-api
[2026-04-26T04:49:47.582Z] [INFO ] Fetching international prices...
[2026-04-26T04:49:48.188Z] [INFO ] Gold: no change — skipping append
[2026-04-26T04:49:48.188Z] [INFO ] Silver: no change — skipping append
[2026-04-26T04:49:48.188Z] [INFO ] Intl: no change — skipping append
[2026-04-26T04:49:48.203Z] [INFO ] latest.json written | Final source: bajusctg-api
[2026-04-26T04:49:48.203Z] [INFO ] ══════════════════════════════════════════════
[2026-04-26T06:53:00.965Z] [INFO ] ══════════════════════════════════════════════
[2026-04-26T06:53:00.967Z] [INFO ] SonarGold Scraper v4.0 starting...
[2026-04-26T06:53:00.967Z] [INFO ] Mode: LIVE
[2026-04-26T06:53:00.967Z] [INFO ] ══════════════════════════════════════════════
[2026-04-26T06:53:00.969Z] [INFO ] History size — Gold: 205, Silver: 205, Intl: 222
[2026-04-26T06:53:00.969Z] [INFO ] ════════════════════════════════
[2026-04-26T06:53:00.970Z] [INFO ] Starting BAJUS scrape v4.0 (sequential)...
[2026-04-26T06:53:00.970Z] [INFO ] Trying Strategy 1: BAJUSCTG API...
[2026-04-26T06:53:01.405Z] [INFO ] ✓ BAJUSCTG success: 22K gram ≈ 21170
[2026-04-26T06:53:01.405Z] [INFO ] SUCCESS — Source: bajusctg-api
[2026-04-26T06:53:01.406Z] [INFO ] Fetching international prices...
[2026-04-26T06:53:01.688Z] [INFO ] Gold: no change — skipping append
[2026-04-26T06:53:01.688Z] [INFO ] Silver: no change — skipping append
[2026-04-26T06:53:01.688Z] [INFO ] Intl: no change — skipping append
[2026-04-26T06:53:01.781Z] [INFO ] latest.json written | Final source: bajusctg-api
[2026-04-26T06:53:01.781Z] [INFO ] ══════════════════════════════════════════════
[2026-04-26T08:09:55.416Z] [INFO ] ══════════════════════════════════════════════
[2026-04-26T08:09:55.417Z] [INFO ] SonarGold Scraper v4.0 starting...
[2026-04-26T08:09:55.418Z] [INFO ] Mode: LIVE
[2026-04-26T08:09:55.418Z] [INFO ] ══════════════════════════════════════════════
[2026-04-26T08:09:55.420Z] [INFO ] History size — Gold: 205, Silver: 205, Intl: 222
[2026-04-26T08:09:55.420Z] [INFO ] ════════════════════════════════
[2026-04-26T08:09:55.420Z] [INFO ] Starting BAJUS scrape v4.0 (sequential)...
[2026-04-26T08:09:55.421Z] [INFO ] Trying Strategy 1: BAJUSCTG API...
[2026-04-26T08:09:57.708Z] [INFO ] ✓ BAJUSCTG success: 22K gram ≈ 21170
[2026-04-26T08:09:57.709Z] [INFO ] SUCCESS — Source: bajusctg-api
[2026-04-26T08:09:57.709Z] [INFO ] Fetching international prices...
[2026-04-26T08:09:57.827Z] [INFO ] Gold: no change — skipping append
[2026-04-26T08:09:57.827Z] [INFO ] Silver: no change — skipping append
[2026-04-26T08:09:57.828Z] [INFO ] Intl: no change — skipping append
[2026-04-26T08:09:57.842Z] [INFO ] latest.json written | Final source: bajusctg-api
[2026-04-26T08:09:57.842Z] [INFO ] ══════════════════════════════════════════════
[2026-04-26T09:42:24.750Z] [INFO ] ══════════════════════════════════════════════
[2026-04-26T09:42:24.752Z] [INFO ] SonarGold Scraper v4.0 starting...
[2026-04-26T09:42:24.752Z] [INFO ] Mode: LIVE
[2026-04-26T09:42:24.752Z] [INFO ] ══════════════════════════════════════════════
[2026-04-26T09:42:24.754Z] [INFO ] History size — Gold: 205, Silver: 205, Intl: 222
[2026-04-26T09:42:24.755Z] [INFO ] ════════════════════════════════
[2026-04-26T09:42:24.755Z] [INFO ] Starting BAJUS scrape v4.0 (sequential)...
[2026-04-26T09:42:24.756Z] [INFO ] Trying Strategy 1: BAJUSCTG API...
[2026-04-26T09:42:26.538Z] [INFO ] ✓ BAJUSCTG success: 22K gram ≈ 21170
[2026-04-26T09:42:26.538Z] [INFO ] SUCCESS — Source: bajusctg-api
[2026-04-26T09:42:26.539Z] [INFO ] Fetching international prices...
[2026-04-26T09:42:27.046Z] [INFO ] Gold: no change — skipping append
[2026-04-26T09:42:27.046Z] [INFO ] Silver: no change — skipping append
[2026-04-26T09:42:27.047Z] [INFO ] Intl: no change — skipping append
[2026-04-26T09:42:27.061Z] [INFO ] latest.json written | Final source: bajusctg-api
[2026-04-26T09:42:27.061Z] [INFO ] ══════════════════════════════════════════════
[2026-04-26T10:35:08.705Z] [INFO ] ══════════════════════════════════════════════
[2026-04-26T10:35:08.707Z] [INFO ] SonarGold Scraper v4.0 starting...
[2026-04-26T10:35:08.707Z] [INFO ] Mode: LIVE
[2026-04-26T10:35:08.708Z] [INFO ] ══════════════════════════════════════════════
[2026-04-26T10:35:08.710Z] [INFO ] History size — Gold: 205, Silver: 205, Intl: 222
[2026-04-26T10:35:08.711Z] [INFO ] ════════════════════════════════
[2026-04-26T10:35:08.711Z] [INFO ] Starting BAJUS scrape v4.0 (sequential)...
[2026-04-26T10:35:08.711Z] [INFO ] Trying Strategy 1: BAJUSCTG API...
[2026-04-26T10:35:10.259Z] [INFO ] ✓ BAJUSCTG success: 22K gram ≈ 21170
[2026-04-26T10:35:10.259Z] [INFO ] SUCCESS — Source: bajusctg-api
[2026-04-26T10:35:10.260Z] [INFO ] Fetching international prices...
[2026-04-26T10:35:10.906Z] [INFO ] Gold: no change — skipping append
[2026-04-26T10:35:10.906Z] [INFO ] Silver: no change — skipping append
[2026-04-26T10:35:10.907Z] [INFO ] Intl: no change — skipping append
[2026-04-26T10:35:10.921Z] [INFO ] latest.json written | Final source: bajusctg-api
[2026-04-26T10:35:10.921Z] [INFO ] ══════════════════════════════════════════════
[2026-04-26T11:30:59.244Z] [INFO ] ══════════════════════════════════════════════
[2026-04-26T11:30:59.245Z] [INFO ] SonarGold Scraper v4.0 starting...
[2026-04-26T11:30:59.245Z] [INFO ] Mode: LIVE
[2026-04-26T11:30:59.246Z] [INFO ] ══════════════════════════════════════════════
[2026-04-26T11:30:59.247Z] [INFO ] History size — Gold: 205, Silver: 205, Intl: 222
[2026-04-26T11:30:59.248Z] [INFO ] ════════════════════════════════
[2026-04-26T11:30:59.248Z] [INFO ] Starting BAJUS scrape v4.0 (sequential)...
[2026-04-26T11:30:59.248Z] [INFO ] Trying Strategy 1: BAJUSCTG API...
[2026-04-26T11:30:59.607Z] [INFO ] ✓ BAJUSCTG success: 22K gram ≈ 21170
[2026-04-26T11:30:59.607Z] [INFO ] SUCCESS — Source: bajusctg-api
[2026-04-26T11:30:59.607Z] [INFO ] Fetching international prices...
[2026-04-26T11:31:00.125Z] [INFO ] Gold: no change — skipping append
[2026-04-26T11:31:00.125Z] [INFO ] Silver: no change — skipping append
[2026-04-26T11:31:00.126Z] [INFO ] Intl: no change — skipping append
[2026-04-26T11:31:00.140Z] [INFO ] latest.json written | Final source: bajusctg-api
[2026-04-26T11:31:00.141Z] [INFO ] ══════════════════════════════════════════════
[2026-04-26T12:36:50.528Z] [INFO ] ══════════════════════════════════════════════
[2026-04-26T12:36:50.530Z] [INFO ] SonarGold Scraper v4.0 starting...
[2026-04-26T12:36:50.530Z] [INFO ] Mode: LIVE
[2026-04-26T12:36:50.530Z] [INFO ] ══════════════════════════════════════════════
[2026-04-26T12:36:50.532Z] [INFO ] History size — Gold: 205, Silver: 205, Intl: 222
[2026-04-26T12:36:50.532Z] [INFO ] ════════════════════════════════
[2026-04-26T12:36:50.533Z] [INFO ] Starting BAJUS scrape v4.0 (sequential)...
[2026-04-26T12:36:50.533Z] [INFO ] Trying Strategy 1: BAJUSCTG API...
[2026-04-26T12:36:52.298Z] [INFO ] ✓ BAJUSCTG success: 22K gram ≈ 21170
[2026-04-26T12:36:52.298Z] [INFO ] SUCCESS — Source: bajusctg-api
[2026-04-26T12:36:52.299Z] [INFO ] Fetching international prices...
[2026-04-26T12:36:52.863Z] [INFO ] Gold: no change — skipping append
[2026-04-26T12:36:52.863Z] [INFO ] Silver: no change — skipping append
[2026-04-26T12:36:52.863Z] [INFO ] Intl: no change — skipping append
[2026-04-26T12:36:52.918Z] [INFO ] latest.json written | Final source: bajusctg-api
[2026-04-26T12:36:52.918Z] [INFO ] ══════════════════════════════════════════════
[2026-04-26T13:57:22.997Z] [INFO ] ══════════════════════════════════════════════
[2026-04-26T13:57:22.998Z] [INFO ] SonarGold Scraper v4.0 starting...
[2026-04-26T13:57:22.999Z] [INFO ] Mode: LIVE
[2026-04-26T13:57:22.999Z] [INFO ] ══════════════════════════════════════════════
[2026-04-26T13:57:23.001Z] [INFO ] History size — Gold: 205, Silver: 205, Intl: 222
[2026-04-26T13:57:23.001Z] [INFO ] ════════════════════════════════
[2026-04-26T13:57:23.001Z] [INFO ] Starting BAJUS scrape v4.0 (sequential)...
[2026-04-26T13:57:23.002Z] [INFO ] Trying Strategy 1: BAJUSCTG API...
[2026-04-26T13:57:24.660Z] [INFO ] ✓ BAJUSCTG success: 22K gram ≈ 21170
[2026-04-26T13:57:24.661Z] [INFO ] SUCCESS — Source: bajusctg-api
[2026-04-26T13:57:24.661Z] [INFO ] Fetching international prices...
[2026-04-26T13:57:25.234Z] [INFO ] Gold: no change — skipping append
[2026-04-26T13:57:25.234Z] [INFO ] Silver: no change — skipping append
[2026-04-26T13:57:25.234Z] [INFO ] Intl: no change — skipping append
[2026-04-26T13:57:25.248Z] [INFO ] latest.json written | Final source: bajusctg-api
[2026-04-26T13:57:25.248Z] [INFO ] ══════════════════════════════════════════════
[2026-04-26T14:38:30.852Z] [INFO ] ══════════════════════════════════════════════
[2026-04-26T14:38:30.853Z] [INFO ] SonarGold Scraper v4.0 starting...
[2026-04-26T14:38:30.854Z] [INFO ] Mode: LIVE
[2026-04-26T14:38:30.854Z] [INFO ] ══════════════════════════════════════════════
[2026-04-26T14:38:30.856Z] [INFO ] History size — Gold: 205, Silver: 205, Intl: 222
[2026-04-26T14:38:30.856Z] [INFO ] ════════════════════════════════
[2026-04-26T14:38:30.857Z] [INFO ] Starting BAJUS scrape v4.0 (sequential)...
[2026-04-26T14:38:30.857Z] [INFO ] Trying Strategy 1: BAJUSCTG API...
[2026-04-26T14:38:32.543Z] [INFO ] ✓ BAJUSCTG success: 22K gram ≈ 21170
[2026-04-26T14:38:32.543Z] [INFO ] SUCCESS — Source: bajusctg-api
[2026-04-26T14:38:32.544Z] [INFO ] Fetching international prices...
[2026-04-26T14:38:33.092Z] [INFO ] Gold: no change — skipping append
[2026-04-26T14:38:33.093Z] [INFO ] Silver: no change — skipping append
[2026-04-26T14:38:33.093Z] [INFO ] Intl: no change — skipping append
[2026-04-26T14:38:33.108Z] [INFO ] latest.json written | Final source: bajusctg-api
[2026-04-26T14:38:33.108Z] [INFO ] ══════════════════════════════════════════════
[2026-04-26T15:32:28.680Z] [INFO ] ══════════════════════════════════════════════
[2026-04-26T15:32:28.681Z] [INFO ] SonarGold Scraper v4.0 starting...
[2026-04-26T15:32:28.682Z] [INFO ] Mode: LIVE
[2026-04-26T15:32:28.682Z] [INFO ] ══════════════════════════════════════════════
[2026-04-26T15:32:28.683Z] [INFO ] History size — Gold: 205, Silver: 205, Intl: 222
[2026-04-26T15:32:28.684Z] [INFO ] ════════════════════════════════
[2026-04-26T15:32:28.684Z] [INFO ] Starting BAJUS scrape v4.0 (sequential)...
[2026-04-26T15:32:28.685Z] [INFO ] Trying Strategy 1: BAJUSCTG API...
[2026-04-26T15:32:30.435Z] [INFO ] ✓ BAJUSCTG success: 22K gram ≈ 21170
[2026-04-26T15:32:30.436Z] [INFO ] SUCCESS — Source: bajusctg-api
[2026-04-26T15:32:30.436Z] [INFO ] Fetching international prices...
[2026-04-26T15:32:30.958Z] [INFO ] Gold: no change — skipping append
[2026-04-26T15:32:30.958Z] [INFO ] Silver: no change — skipping append
[2026-04-26T15:32:30.959Z] [INFO ] Intl: no change — skipping append
[2026-04-26T15:32:30.972Z] [INFO ] latest.json written | Final source: bajusctg-api
[2026-04-26T15:32:30.973Z] [INFO ] ══════════════════════════════════════════════
[2026-04-26T16:29:01.485Z] [INFO ] ══════════════════════════════════════════════
[2026-04-26T16:29:01.487Z] [INFO ] SonarGold Scraper v4.0 starting...
[2026-04-26T16:29:01.487Z] [INFO ] Mode: LIVE
[2026-04-26T16:29:01.487Z] [INFO ] ══════════════════════════════════════════════
[2026-04-26T16:29:01.489Z] [INFO ] History size — Gold: 205, Silver: 205, Intl: 222
[2026-04-26T16:29:01.489Z] [INFO ] ════════════════════════════════
[2026-04-26T16:29:01.490Z] [INFO ] Starting BAJUS scrape v4.0 (sequential)...
[2026-04-26T16:29:01.490Z] [INFO ] Trying Strategy 1: BAJUSCTG API...
[2026-04-26T16:29:03.236Z] [INFO ] ✓ BAJUSCTG success: 22K gram ≈ 21170
[2026-04-26T16:29:03.237Z] [INFO ] SUCCESS — Source: bajusctg-api
[2026-04-26T16:29:03.237Z] [INFO ] Fetching international prices...
[2026-04-26T16:29:03.421Z] [ERROR] XAU fetch failed: request to https://api.gold-api.com/price/XAU failed, reason: getaddrinfo ENOTFOUND api.gold-api.com
[2026-04-26T16:29:03.882Z] [INFO ] Gold: no change — skipping append
[2026-04-26T16:29:03.882Z] [INFO ] Silver: no change — skipping append
[2026-04-26T16:29:03.882Z] [INFO ] Intl: updated same-day entry
[2026-04-26T16:29:03.897Z] [INFO ] latest.json written | Final source: bajusctg-api
[2026-04-26T16:29:03.897Z] [INFO ] ══════════════════════════════════════════════
[2026-04-26T17:29:34.685Z] [INFO ] ══════════════════════════════════════════════
[2026-04-26T17:29:34.686Z] [INFO ] SonarGold Scraper v4.0 starting...
[2026-04-26T17:29:34.686Z] [INFO ] Mode: LIVE
[2026-04-26T17:29:34.686Z] [INFO ] ══════════════════════════════════════════════
[2026-04-26T17:29:34.687Z] [INFO ] History size — Gold: 205, Silver: 205, Intl: 222
[2026-04-26T17:29:34.688Z] [INFO ] ════════════════════════════════
[2026-04-26T17:29:34.688Z] [INFO ] Starting BAJUS scrape v4.0 (sequential)...
[2026-04-26T17:29:34.688Z] [INFO ] Trying Strategy 1: BAJUSCTG API...
[2026-04-26T17:29:36.533Z] [INFO ] ✓ BAJUSCTG success: 22K gram ≈ 21170
[2026-04-26T17:29:36.533Z] [INFO ] SUCCESS — Source: bajusctg-api
[2026-04-26T17:29:36.534Z] [INFO ] Fetching international prices...
[2026-04-26T17:29:36.791Z] [INFO ] Gold: no change — skipping append
[2026-04-26T17:29:36.791Z] [INFO ] Silver: no change — skipping append
[2026-04-26T17:29:36.792Z] [INFO ] Intl: updated same-day entry
[2026-04-26T17:29:36.805Z] [INFO ] latest.json written | Final source: bajusctg-api
[2026-04-26T17:29:36.805Z] [INFO ] ══════════════════════════════════════════════
