[2026-04-10T01:13:52.063Z] [INFO ] ══════════════════════════════════════════════
[2026-04-10T01:13:52.064Z] [INFO ] SonarGold Scraper v4.0 starting...
[2026-04-10T01:13:52.065Z] [INFO ] Mode: LIVE
[2026-04-10T01:13:52.065Z] [INFO ] ══════════════════════════════════════════════
[2026-04-10T01:13:52.066Z] [INFO ] History size — Gold: 201, Silver: 201, Intl: 205
[2026-04-10T01:13:52.066Z] [INFO ] ════════════════════════════════
[2026-04-10T01:13:52.067Z] [INFO ] Starting BAJUS scrape v4.0 (sequential)...
[2026-04-10T01:13:52.067Z] [INFO ] Trying Strategy 1: BAJUSCTG API...
[2026-04-10T01:13:53.660Z] [INFO ] ✓ BAJUSCTG success: 22K gram ≈ 21260
[2026-04-10T01:13:53.661Z] [INFO ] SUCCESS — Source: bajusctg-api
[2026-04-10T01:13:53.661Z] [INFO ] Fetching international prices...
[2026-04-10T01:13:54.284Z] [INFO ] Gold: no change — skipping append
[2026-04-10T01:13:54.284Z] [INFO ] Silver: no change — skipping append
[2026-04-10T01:13:54.284Z] [INFO ] Intl: appended entry #206
[2026-04-10T01:13:54.298Z] [INFO ] latest.json written | Final source: bajusctg-api
[2026-04-10T01:13:54.299Z] [INFO ] ══════════════════════════════════════════════
[2026-04-10T04:36:27.507Z] [INFO ] ══════════════════════════════════════════════
[2026-04-10T04:36:27.508Z] [INFO ] SonarGold Scraper v4.0 starting...
[2026-04-10T04:36:27.508Z] [INFO ] Mode: LIVE
[2026-04-10T04:36:27.508Z] [INFO ] ══════════════════════════════════════════════
[2026-04-10T04:36:27.509Z] [INFO ] History size — Gold: 201, Silver: 201, Intl: 206
[2026-04-10T04:36:27.510Z] [INFO ] ════════════════════════════════
[2026-04-10T04:36:27.510Z] [INFO ] Starting BAJUS scrape v4.0 (sequential)...
[2026-04-10T04:36:27.510Z] [INFO ] Trying Strategy 1: BAJUSCTG API...
[2026-04-10T04:36:29.300Z] [INFO ] ✓ BAJUSCTG success: 22K gram ≈ 21260
[2026-04-10T04:36:29.300Z] [INFO ] SUCCESS — Source: bajusctg-api
[2026-04-10T04:36:29.300Z] [INFO ] Fetching international prices...
[2026-04-10T04:36:29.832Z] [INFO ] Gold: no change — skipping append
[2026-04-10T04:36:29.832Z] [INFO ] Silver: no change — skipping append
[2026-04-10T04:36:29.832Z] [INFO ] Intl: updated same-day entry
[2026-04-10T04:36:29.847Z] [INFO ] latest.json written | Final source: bajusctg-api
[2026-04-10T04:36:29.847Z] [INFO ] ══════════════════════════════════════════════
[2026-04-10T06:25:21.740Z] [INFO ] ══════════════════════════════════════════════
[2026-04-10T06:25:21.741Z] [INFO ] SonarGold Scraper v4.0 starting...
[2026-04-10T06:25:21.741Z] [INFO ] Mode: LIVE
[2026-04-10T06:25:21.741Z] [INFO ] ══════════════════════════════════════════════
[2026-04-10T06:25:21.743Z] [INFO ] History size — Gold: 201, Silver: 201, Intl: 206
[2026-04-10T06:25:21.743Z] [INFO ] ════════════════════════════════
[2026-04-10T06:25:21.744Z] [INFO ] Starting BAJUS scrape v4.0 (sequential)...
[2026-04-10T06:25:21.744Z] [INFO ] Trying Strategy 1: BAJUSCTG API...
[2026-04-10T06:25:23.334Z] [INFO ] ✓ BAJUSCTG success: 22K gram ≈ 21260
[2026-04-10T06:25:23.335Z] [INFO ] SUCCESS — Source: bajusctg-api
[2026-04-10T06:25:23.335Z] [INFO ] Fetching international prices...
[2026-04-10T06:25:23.945Z] [INFO ] Gold: no change — skipping append
[2026-04-10T06:25:23.946Z] [INFO ] Silver: no change — skipping append
[2026-04-10T06:25:23.946Z] [INFO ] Intl: updated same-day entry
[2026-04-10T06:25:23.961Z] [INFO ] latest.json written | Final source: bajusctg-api
[2026-04-10T06:25:23.961Z] [INFO ] ══════════════════════════════════════════════
