[2026-05-15T01:52:40.293Z] [INFO ] ══════════════════════════════════════════════
[2026-05-15T01:52:40.294Z] [INFO ] SonarGold Scraper v4.0 starting...
[2026-05-15T01:52:40.295Z] [INFO ] Mode: LIVE
[2026-05-15T01:52:40.295Z] [INFO ] ══════════════════════════════════════════════
[2026-05-15T01:52:40.297Z] [INFO ] History size — Gold: 212, Silver: 209, Intl: 240
[2026-05-15T01:52:40.298Z] [INFO ] ════════════════════════════════
[2026-05-15T01:52:40.298Z] [INFO ] Starting BAJUS scrape v4.0 (sequential)...
[2026-05-15T01:52:40.299Z] [INFO ] Trying Strategy 1: BAJUSCTG API...
[2026-05-15T01:52:42.592Z] [INFO ] ✓ BAJUSCTG success: 22K gram ≈ 20980
[2026-05-15T01:52:42.593Z] [INFO ] SUCCESS — Source: bajusctg-api
[2026-05-15T01:52:42.593Z] [INFO ] Fetching international prices...
[2026-05-15T01:52:43.412Z] [INFO ] Gold: no change — skipping append
[2026-05-15T01:52:43.412Z] [INFO ] Silver: no change — skipping append
[2026-05-15T01:52:43.413Z] [INFO ] Intl: appended entry #241
[2026-05-15T01:52:43.428Z] [INFO ] latest.json written | Final source: bajusctg-api
[2026-05-15T01:52:43.428Z] [INFO ] ══════════════════════════════════════════════
[2026-05-15T05:44:24.675Z] [INFO ] ══════════════════════════════════════════════
[2026-05-15T05:44:24.677Z] [INFO ] SonarGold Scraper v4.0 starting...
[2026-05-15T05:44:24.677Z] [INFO ] Mode: LIVE
[2026-05-15T05:44:24.678Z] [INFO ] ══════════════════════════════════════════════
[2026-05-15T05:44:24.679Z] [INFO ] History size — Gold: 212, Silver: 209, Intl: 241
[2026-05-15T05:44:24.680Z] [INFO ] ════════════════════════════════
[2026-05-15T05:44:24.681Z] [INFO ] Starting BAJUS scrape v4.0 (sequential)...
[2026-05-15T05:44:24.681Z] [INFO ] Trying Strategy 1: BAJUSCTG API...
[2026-05-15T05:44:25.187Z] [INFO ] ✓ BAJUSCTG success: 22K gram ≈ 20790
[2026-05-15T05:44:25.188Z] [INFO ] SUCCESS — Source: bajusctg-api
[2026-05-15T05:44:25.189Z] [INFO ] Fetching international prices...
[2026-05-15T05:44:25.855Z] [INFO ] Gold: appended entry #213
[2026-05-15T05:44:25.856Z] [INFO ] Silver: no change — skipping append
[2026-05-15T05:44:25.856Z] [INFO ] Intl: updated same-day entry
[2026-05-15T05:44:25.871Z] [INFO ] latest.json written | Final source: bajusctg-api
[2026-05-15T05:44:25.872Z] [INFO ] ══════════════════════════════════════════════
[2026-05-15T08:35:23.617Z] [INFO ] ══════════════════════════════════════════════
[2026-05-15T08:35:23.618Z] [INFO ] SonarGold Scraper v4.0 starting...
[2026-05-15T08:35:23.619Z] [INFO ] Mode: LIVE
[2026-05-15T08:35:23.619Z] [INFO ] ══════════════════════════════════════════════
[2026-05-15T08:35:23.621Z] [INFO ] History size — Gold: 213, Silver: 209, Intl: 241
[2026-05-15T08:35:23.621Z] [INFO ] ════════════════════════════════
[2026-05-15T08:35:23.622Z] [INFO ] Starting BAJUS scrape v4.0 (sequential)...
[2026-05-15T08:35:23.622Z] [INFO ] Trying Strategy 1: BAJUSCTG API...
[2026-05-15T08:35:24.680Z] [INFO ] ✓ BAJUSCTG success: 22K gram ≈ 20790
[2026-05-15T08:35:24.680Z] [INFO ] SUCCESS — Source: bajusctg-api
[2026-05-15T08:35:24.681Z] [INFO ] Fetching international prices...
[2026-05-15T08:35:25.024Z] [INFO ] Gold: no change — skipping append
[2026-05-15T08:35:25.025Z] [INFO ] Silver: no change — skipping append
[2026-05-15T08:35:25.025Z] [INFO ] Intl: updated same-day entry
[2026-05-15T08:35:25.040Z] [INFO ] latest.json written | Final source: bajusctg-api
[2026-05-15T08:35:25.040Z] [INFO ] ══════════════════════════════════════════════
[2026-05-15T11:10:26.346Z] [INFO ] ══════════════════════════════════════════════
[2026-05-15T11:10:26.348Z] [INFO ] SonarGold Scraper v4.0 starting...
[2026-05-15T11:10:26.348Z] [INFO ] Mode: LIVE
[2026-05-15T11:10:26.349Z] [INFO ] ══════════════════════════════════════════════
[2026-05-15T11:10:26.350Z] [INFO ] History size — Gold: 213, Silver: 209, Intl: 241
[2026-05-15T11:10:26.351Z] [INFO ] ════════════════════════════════
[2026-05-15T11:10:26.351Z] [INFO ] Starting BAJUS scrape v4.0 (sequential)...
[2026-05-15T11:10:26.352Z] [INFO ] Trying Strategy 1: BAJUSCTG API...
[2026-05-15T11:10:28.130Z] [INFO ] ✓ BAJUSCTG success: 22K gram ≈ 20790
[2026-05-15T11:10:28.131Z] [INFO ] SUCCESS — Source: bajusctg-api
[2026-05-15T11:10:28.131Z] [INFO ] Fetching international prices...
[2026-05-15T11:10:28.650Z] [INFO ] Gold: no change — skipping append
[2026-05-15T11:10:28.650Z] [INFO ] Silver: no change — skipping append
[2026-05-15T11:10:28.651Z] [INFO ] Intl: updated same-day entry
[2026-05-15T11:10:28.666Z] [INFO ] latest.json written | Final source: bajusctg-api
[2026-05-15T11:10:28.666Z] [INFO ] ══════════════════════════════════════════════
[2026-05-15T13:23:11.635Z] [INFO ] ══════════════════════════════════════════════
[2026-05-15T13:23:11.636Z] [INFO ] SonarGold Scraper v4.0 starting...
[2026-05-15T13:23:11.637Z] [INFO ] Mode: LIVE
[2026-05-15T13:23:11.637Z] [INFO ] ══════════════════════════════════════════════
[2026-05-15T13:23:11.639Z] [INFO ] History size — Gold: 213, Silver: 209, Intl: 241
[2026-05-15T13:23:11.640Z] [INFO ] ════════════════════════════════
[2026-05-15T13:23:11.640Z] [INFO ] Starting BAJUS scrape v4.0 (sequential)...
[2026-05-15T13:23:11.641Z] [INFO ] Trying Strategy 1: BAJUSCTG API...
[2026-05-15T13:23:13.301Z] [INFO ] ✓ BAJUSCTG success: 22K gram ≈ 20790
[2026-05-15T13:23:13.301Z] [INFO ] SUCCESS — Source: bajusctg-api
[2026-05-15T13:23:13.302Z] [INFO ] Fetching international prices...
[2026-05-15T13:23:13.909Z] [INFO ] Gold: no change — skipping append
[2026-05-15T13:23:13.910Z] [INFO ] Silver: no change — skipping append
[2026-05-15T13:23:13.910Z] [INFO ] Intl: updated same-day entry
[2026-05-15T13:23:13.925Z] [INFO ] latest.json written | Final source: bajusctg-api
[2026-05-15T13:23:13.925Z] [INFO ] ══════════════════════════════════════════════
[2026-05-15T15:53:45.832Z] [INFO ] ══════════════════════════════════════════════
[2026-05-15T15:53:45.834Z] [INFO ] SonarGold Scraper v4.0 starting...
[2026-05-15T15:53:45.834Z] [INFO ] Mode: LIVE
[2026-05-15T15:53:45.835Z] [INFO ] ══════════════════════════════════════════════
[2026-05-15T15:53:45.836Z] [INFO ] History size — Gold: 213, Silver: 209, Intl: 241
[2026-05-15T15:53:45.837Z] [INFO ] ════════════════════════════════
[2026-05-15T15:53:45.838Z] [INFO ] Starting BAJUS scrape v4.0 (sequential)...
[2026-05-15T15:53:45.839Z] [INFO ] Trying Strategy 1: BAJUSCTG API...
[2026-05-15T15:53:47.720Z] [INFO ] ✓ BAJUSCTG success: 22K gram ≈ 20790
[2026-05-15T15:53:47.720Z] [INFO ] SUCCESS — Source: bajusctg-api
[2026-05-15T15:53:47.721Z] [INFO ] Fetching international prices...
[2026-05-15T15:53:48.372Z] [INFO ] Gold: no change — skipping append
[2026-05-15T15:53:48.372Z] [INFO ] Silver: no change — skipping append
[2026-05-15T15:53:48.373Z] [INFO ] Intl: updated same-day entry
[2026-05-15T15:53:48.388Z] [INFO ] latest.json written | Final source: bajusctg-api
[2026-05-15T15:53:48.389Z] [INFO ] ══════════════════════════════════════════════
