[2026-05-23T01:50:15.312Z] [INFO ] ══════════════════════════════════════════════
[2026-05-23T01:50:15.313Z] [INFO ] SonarGold Scraper v4.0 starting...
[2026-05-23T01:50:15.314Z] [INFO ] Mode: LIVE
[2026-05-23T01:50:15.314Z] [INFO ] ══════════════════════════════════════════════
[2026-05-23T01:50:15.315Z] [INFO ] History size — Gold: 216, Silver: 210, Intl: 248
[2026-05-23T01:50:15.316Z] [INFO ] ════════════════════════════════
[2026-05-23T01:50:15.316Z] [INFO ] Starting BAJUS scrape v4.0 (sequential)...
[2026-05-23T01:50:15.317Z] [INFO ] Trying Strategy 1: BAJUSCTG API...
[2026-05-23T01:50:15.760Z] [INFO ] ✓ BAJUSCTG success: 22K gram ≈ 20415
[2026-05-23T01:50:15.761Z] [INFO ] SUCCESS — Source: bajusctg-api
[2026-05-23T01:50:15.761Z] [INFO ] Fetching international prices...
[2026-05-23T01:50:15.993Z] [INFO ] Gold: no change — skipping append
[2026-05-23T01:50:15.993Z] [INFO ] Silver: no change — skipping append
[2026-05-23T01:50:15.993Z] [INFO ] Intl: appended entry #249
[2026-05-23T01:50:16.008Z] [INFO ] latest.json written | Final source: bajusctg-api
[2026-05-23T01:50:16.008Z] [INFO ] ══════════════════════════════════════════════
[2026-05-23T05:30:26.465Z] [INFO ] ══════════════════════════════════════════════
[2026-05-23T05:30:26.467Z] [INFO ] SonarGold Scraper v4.0 starting...
[2026-05-23T05:30:26.467Z] [INFO ] Mode: LIVE
[2026-05-23T05:30:26.468Z] [INFO ] ══════════════════════════════════════════════
[2026-05-23T05:30:26.470Z] [INFO ] History size — Gold: 216, Silver: 210, Intl: 249
[2026-05-23T05:30:26.470Z] [INFO ] ════════════════════════════════
[2026-05-23T05:30:26.471Z] [INFO ] Starting BAJUS scrape v4.0 (sequential)...
[2026-05-23T05:30:26.472Z] [INFO ] Trying Strategy 1: BAJUSCTG API...
[2026-05-23T05:30:28.007Z] [INFO ] ✓ BAJUSCTG success: 22K gram ≈ 20230
[2026-05-23T05:30:28.007Z] [INFO ] SUCCESS — Source: bajusctg-api
[2026-05-23T05:30:28.008Z] [INFO ] Fetching international prices...
[2026-05-23T05:30:28.889Z] [INFO ] Gold: appended entry #217
[2026-05-23T05:30:28.890Z] [INFO ] Silver: no change — skipping append
[2026-05-23T05:30:28.891Z] [INFO ] Intl: no change — skipping append
[2026-05-23T05:30:28.920Z] [INFO ] latest.json written | Final source: bajusctg-api
[2026-05-23T05:30:28.920Z] [INFO ] ══════════════════════════════════════════════
[2026-05-23T10:19:27.180Z] [INFO ] ══════════════════════════════════════════════
[2026-05-23T10:19:27.181Z] [INFO ] SonarGold Scraper v4.0 starting...
[2026-05-23T10:19:27.182Z] [INFO ] Mode: LIVE
[2026-05-23T10:19:27.182Z] [INFO ] ══════════════════════════════════════════════
[2026-05-23T10:19:27.184Z] [INFO ] History size — Gold: 217, Silver: 210, Intl: 249
[2026-05-23T10:19:27.184Z] [INFO ] ════════════════════════════════
[2026-05-23T10:19:27.185Z] [INFO ] Starting BAJUS scrape v4.0 (sequential)...
[2026-05-23T10:19:27.185Z] [INFO ] Trying Strategy 1: BAJUSCTG API...
[2026-05-23T10:19:28.818Z] [INFO ] ✓ BAJUSCTG success: 22K gram ≈ 20230
[2026-05-23T10:19:28.819Z] [INFO ] SUCCESS — Source: bajusctg-api
[2026-05-23T10:19:28.820Z] [INFO ] Fetching international prices...
[2026-05-23T10:19:28.942Z] [INFO ] Gold: no change — skipping append
[2026-05-23T10:19:28.942Z] [INFO ] Silver: no change — skipping append
[2026-05-23T10:19:28.943Z] [INFO ] Intl: no change — skipping append
[2026-05-23T10:19:28.961Z] [INFO ] latest.json written | Final source: bajusctg-api
[2026-05-23T10:19:28.961Z] [INFO ] ══════════════════════════════════════════════
[2026-05-23T11:52:12.895Z] [INFO ] ══════════════════════════════════════════════
[2026-05-23T11:52:12.896Z] [INFO ] SonarGold Scraper v4.0 starting...
[2026-05-23T11:52:12.897Z] [INFO ] Mode: LIVE
[2026-05-23T11:52:12.898Z] [INFO ] ══════════════════════════════════════════════
[2026-05-23T11:52:12.899Z] [INFO ] History size — Gold: 217, Silver: 210, Intl: 249
[2026-05-23T11:52:12.900Z] [INFO ] ════════════════════════════════
[2026-05-23T11:52:12.900Z] [INFO ] Starting BAJUS scrape v4.0 (sequential)...
[2026-05-23T11:52:12.901Z] [INFO ] Trying Strategy 1: BAJUSCTG API...
[2026-05-23T11:52:14.470Z] [INFO ] ✓ BAJUSCTG success: 22K gram ≈ 20230
[2026-05-23T11:52:14.471Z] [INFO ] SUCCESS — Source: bajusctg-api
[2026-05-23T11:52:14.471Z] [INFO ] Fetching international prices...
[2026-05-23T11:52:15.053Z] [INFO ] Gold: no change — skipping append
[2026-05-23T11:52:15.053Z] [INFO ] Silver: no change — skipping append
[2026-05-23T11:52:15.054Z] [INFO ] Intl: no change — skipping append
[2026-05-23T11:52:15.069Z] [INFO ] latest.json written | Final source: bajusctg-api
[2026-05-23T11:52:15.069Z] [INFO ] ══════════════════════════════════════════════
[2026-05-23T14:24:13.373Z] [INFO ] ══════════════════════════════════════════════
[2026-05-23T14:24:13.374Z] [INFO ] SonarGold Scraper v4.0 starting...
[2026-05-23T14:24:13.375Z] [INFO ] Mode: LIVE
[2026-05-23T14:24:13.375Z] [INFO ] ══════════════════════════════════════════════
[2026-05-23T14:24:13.377Z] [INFO ] History size — Gold: 217, Silver: 210, Intl: 249
[2026-05-23T14:24:13.378Z] [INFO ] ════════════════════════════════
[2026-05-23T14:24:13.378Z] [INFO ] Starting BAJUS scrape v4.0 (sequential)...
[2026-05-23T14:24:13.379Z] [INFO ] Trying Strategy 1: BAJUSCTG API...
[2026-05-23T14:24:13.765Z] [INFO ] ✓ BAJUSCTG success: 22K gram ≈ 20230
[2026-05-23T14:24:13.765Z] [INFO ] SUCCESS — Source: bajusctg-api
[2026-05-23T14:24:13.766Z] [INFO ] Fetching international prices...
[2026-05-23T14:24:14.009Z] [INFO ] Gold: no change — skipping append
[2026-05-23T14:24:14.010Z] [INFO ] Silver: no change — skipping append
[2026-05-23T14:24:14.010Z] [INFO ] Intl: no change — skipping append
[2026-05-23T14:24:14.025Z] [INFO ] latest.json written | Final source: bajusctg-api
[2026-05-23T14:24:14.025Z] [INFO ] ══════════════════════════════════════════════
[2026-05-23T15:52:51.375Z] [INFO ] ══════════════════════════════════════════════
[2026-05-23T15:52:51.376Z] [INFO ] SonarGold Scraper v4.0 starting...
[2026-05-23T15:52:51.377Z] [INFO ] Mode: LIVE
[2026-05-23T15:52:51.377Z] [INFO ] ══════════════════════════════════════════════
[2026-05-23T15:52:51.379Z] [INFO ] History size — Gold: 217, Silver: 210, Intl: 249
[2026-05-23T15:52:51.379Z] [INFO ] ════════════════════════════════
[2026-05-23T15:52:51.379Z] [INFO ] Starting BAJUS scrape v4.0 (sequential)...
[2026-05-23T15:52:51.380Z] [INFO ] Trying Strategy 1: BAJUSCTG API...
[2026-05-23T15:52:52.296Z] [INFO ] ✓ BAJUSCTG success: 22K gram ≈ 20230
[2026-05-23T15:52:52.296Z] [INFO ] SUCCESS — Source: bajusctg-api
[2026-05-23T15:52:52.297Z] [INFO ] Fetching international prices...
[2026-05-23T15:52:52.583Z] [INFO ] Gold: no change — skipping append
[2026-05-23T15:52:52.583Z] [INFO ] Silver: no change — skipping append
[2026-05-23T15:52:52.584Z] [INFO ] Intl: no change — skipping append
[2026-05-23T15:52:52.597Z] [INFO ] latest.json written | Final source: bajusctg-api
[2026-05-23T15:52:52.597Z] [INFO ] ══════════════════════════════════════════════
[2026-05-23T16:45:25.580Z] [INFO ] ══════════════════════════════════════════════
[2026-05-23T16:45:25.581Z] [INFO ] SonarGold Scraper v4.0 starting...
[2026-05-23T16:45:25.582Z] [INFO ] Mode: LIVE
[2026-05-23T16:45:25.582Z] [INFO ] ══════════════════════════════════════════════
[2026-05-23T16:45:25.584Z] [INFO ] History size — Gold: 217, Silver: 210, Intl: 249
[2026-05-23T16:45:25.585Z] [INFO ] ════════════════════════════════
[2026-05-23T16:45:25.585Z] [INFO ] Starting BAJUS scrape v4.0 (sequential)...
[2026-05-23T16:45:25.586Z] [INFO ] Trying Strategy 1: BAJUSCTG API...
[2026-05-23T16:45:27.172Z] [INFO ] ✓ BAJUSCTG success: 22K gram ≈ 20230
[2026-05-23T16:45:27.172Z] [INFO ] SUCCESS — Source: bajusctg-api
[2026-05-23T16:45:27.173Z] [INFO ] Fetching international prices...
[2026-05-23T16:45:27.805Z] [INFO ] Gold: no change — skipping append
[2026-05-23T16:45:27.805Z] [INFO ] Silver: no change — skipping append
[2026-05-23T16:45:27.806Z] [INFO ] Intl: no change — skipping append
[2026-05-23T16:45:27.828Z] [INFO ] latest.json written | Final source: bajusctg-api
[2026-05-23T16:45:27.829Z] [INFO ] ══════════════════════════════════════════════
[2026-05-23T17:51:55.915Z] [INFO ] ══════════════════════════════════════════════
[2026-05-23T17:51:55.916Z] [INFO ] SonarGold Scraper v4.0 starting...
[2026-05-23T17:51:55.917Z] [INFO ] Mode: LIVE
[2026-05-23T17:51:55.917Z] [INFO ] ══════════════════════════════════════════════
[2026-05-23T17:51:55.919Z] [INFO ] History size — Gold: 217, Silver: 210, Intl: 249
[2026-05-23T17:51:55.920Z] [INFO ] ════════════════════════════════
[2026-05-23T17:51:55.920Z] [INFO ] Starting BAJUS scrape v4.0 (sequential)...
[2026-05-23T17:51:55.921Z] [INFO ] Trying Strategy 1: BAJUSCTG API...
[2026-05-23T17:51:56.736Z] [INFO ] ✓ BAJUSCTG success: 22K gram ≈ 20230
[2026-05-23T17:51:56.737Z] [INFO ] SUCCESS — Source: bajusctg-api
[2026-05-23T17:51:56.738Z] [INFO ] Fetching international prices...
[2026-05-23T17:51:57.354Z] [INFO ] Gold: no change — skipping append
[2026-05-23T17:51:57.354Z] [INFO ] Silver: no change — skipping append
[2026-05-23T17:51:57.355Z] [INFO ] Intl: no change — skipping append
[2026-05-23T17:51:57.369Z] [INFO ] latest.json written | Final source: bajusctg-api
[2026-05-23T17:51:57.370Z] [INFO ] ══════════════════════════════════════════════
