[2026-06-06T02:29:22.824Z] [INFO ] ══════════════════════════════════════════════
[2026-06-06T02:29:22.826Z] [INFO ] SonarGold Scraper v4.0 starting...
[2026-06-06T02:29:22.826Z] [INFO ] Mode: LIVE
[2026-06-06T02:29:22.827Z] [INFO ] ══════════════════════════════════════════════
[2026-06-06T02:29:22.829Z] [INFO ] History size — Gold: 221, Silver: 214, Intl: 262
[2026-06-06T02:29:22.830Z] [INFO ] ════════════════════════════════
[2026-06-06T02:29:22.831Z] [INFO ] Starting BAJUS scrape v4.0 (sequential)...
[2026-06-06T02:29:22.831Z] [INFO ] Trying Strategy 1: BAJUSCTG API...
[2026-06-06T02:29:23.521Z] [WARN ] BAJUSCTG API failed: invalid json response body at https://bajushub.com/ reason: Unexpected token '<', "<!DOCTYPE "... is not valid JSON
[2026-06-06T02:29:23.522Z] [INFO ] Trying BAJUSCTG HTML fallback...
[2026-06-06T02:29:23.812Z] [INFO ] Trying Strategy 2: GoldR.org homepage...
[2026-06-06T02:29:23.964Z] [WARN ] GoldR.org parsed but data invalid
[2026-06-06T02:29:23.964Z] [INFO ] Trying Strategy 3: bdgoldprice.com...
[2026-06-06T02:29:24.109Z] [INFO ] Trying Strategy 4: Wayback Machine...
[2026-06-06T02:29:29.441Z] [WARN ] Wayback failed: No snapshot
[2026-06-06T02:29:29.442Z] [INFO ] Using cached prices from 2026-06-05 (17h old)
[2026-06-06T02:29:29.443Z] [WARN ] ALL LIVE SOURCES FAILED — Using cached prices (mandatory fallback)
[2026-06-06T02:29:29.443Z] [INFO ] Fetching international prices...
[2026-06-06T02:29:30.028Z] [INFO ] Gold: no change — skipping append
[2026-06-06T02:29:30.029Z] [INFO ] Silver: no change — skipping append
[2026-06-06T02:29:30.029Z] [INFO ] Intl: appended entry #263
[2026-06-06T02:29:30.726Z] [INFO ] latest.json written | Final source: cache
[2026-06-06T02:29:30.727Z] [INFO ] ══════════════════════════════════════════════
