[2026-06-26T04:07:54.821Z] [INFO ] ══════════════════════════════════════════════
[2026-06-26T04:07:54.823Z] [INFO ] SonarGold Scraper v4.0 starting...
[2026-06-26T04:07:54.824Z] [INFO ] Mode: LIVE
[2026-06-26T04:07:54.825Z] [INFO ] ══════════════════════════════════════════════
[2026-06-26T04:07:54.827Z] [INFO ] History size — Gold: 230, Silver: 221, Intl: 282
[2026-06-26T04:07:54.828Z] [INFO ] ════════════════════════════════
[2026-06-26T04:07:54.829Z] [INFO ] Starting BAJUS scrape v4.0 (sequential)...
[2026-06-26T04:07:54.831Z] [INFO ] Trying Strategy 1: BAJUSCTG API...
[2026-06-26T04:07:55.177Z] [WARN ] BAJUSCTG API failed: Invalid response body while trying to fetch https://bajushub.com/pricesx.php: Premature close
[2026-06-26T04:07:55.178Z] [INFO ] Trying BAJUSCTG HTML fallback...
[2026-06-26T04:07:55.740Z] [WARN ] BAJUSCTG HTML failed: Invalid response body while trying to fetch https://bajushub.com/: Premature close
[2026-06-26T04:07:55.741Z] [INFO ] Trying Strategy 2: GoldR.org homepage...
[2026-06-26T04:07:56.075Z] [WARN ] GoldR.org failed: Invalid response body while trying to fetch https://www.goldr.org/: Premature close
[2026-06-26T04:07:56.076Z] [INFO ] Trying Strategy 3: bdgoldprice.com...
[2026-06-26T04:07:56.344Z] [WARN ] BDGoldPrice failed: Invalid response body while trying to fetch https://www.bdgoldprice.com/: Premature close
[2026-06-26T04:07:56.344Z] [INFO ] Trying Strategy 4: Wayback Machine...
[2026-06-26T04:07:57.757Z] [WARN ] Wayback failed: Invalid response body while trying to fetch http://web.archive.org/web/20250901185455/https://www.bajus.org/gold-price: Premature close
[2026-06-26T04:07:57.758Z] [INFO ] Using cached prices from 2026-06-25 (18h old)
[2026-06-26T04:07:57.759Z] [WARN ] ALL LIVE SOURCES FAILED — Using cached prices (mandatory fallback)
[2026-06-26T04:07:57.759Z] [INFO ] Fetching international prices...
[2026-06-26T04:07:58.046Z] [ERROR] FX fetch failed: Invalid response body while trying to fetch https://open.er-api.com/v6/latest/USD: Premature close
[2026-06-26T04:07:58.047Z] [INFO ] Gold: no change — skipping append
[2026-06-26T04:07:58.047Z] [INFO ] Silver: no change — skipping append
[2026-06-26T04:07:58.048Z] [INFO ] Intl: appended entry #283
[2026-06-26T04:07:58.062Z] [INFO ] latest.json written | Final source: cache
[2026-06-26T04:07:58.063Z] [INFO ] ══════════════════════════════════════════════
