[2026-06-09T01:51:34.410Z] [INFO ] ══════════════════════════════════════════════
[2026-06-09T01:51:34.411Z] [INFO ] SonarGold Scraper v4.0 starting...
[2026-06-09T01:51:34.412Z] [INFO ] Mode: LIVE
[2026-06-09T01:51:34.413Z] [INFO ] ══════════════════════════════════════════════
[2026-06-09T01:51:34.415Z] [INFO ] History size — Gold: 221, Silver: 214, Intl: 265
[2026-06-09T01:51:34.415Z] [INFO ] ════════════════════════════════
[2026-06-09T01:51:34.416Z] [INFO ] Starting BAJUS scrape v4.0 (sequential)...
[2026-06-09T01:51:34.417Z] [INFO ] Trying Strategy 1: BAJUSCTG API...
[2026-06-09T01:51:35.547Z] [WARN ] BAJUSCTG API failed: invalid json response body at https://bajushub.com/ reason: Unexpected token '<', "<!DOCTYPE "... is not valid JSON
[2026-06-09T01:51:35.548Z] [INFO ] Trying BAJUSCTG HTML fallback...
[2026-06-09T01:51:36.259Z] [INFO ] Trying Strategy 2: GoldR.org homepage...
[2026-06-09T01:51:36.542Z] [WARN ] GoldR.org parsed but data invalid
[2026-06-09T01:51:36.543Z] [INFO ] Trying Strategy 3: bdgoldprice.com...
[2026-06-09T01:51:36.706Z] [INFO ] Trying Strategy 4: Wayback Machine...
[2026-06-09T01:51:39.677Z] [WARN ] Cache too old (89h)
[2026-06-09T01:51:39.678Z] [ERROR] CRITICAL FAILURE — All sources + cache unavailable. Using zero fallback.
[2026-06-09T01:51:39.679Z] [INFO ] Fetching international prices...
[2026-06-09T01:51:40.256Z] [INFO ] Gold: no change — skipping append
[2026-06-09T01:51:40.256Z] [INFO ] Silver: no change — skipping append
[2026-06-09T01:51:40.257Z] [INFO ] Intl: appended entry #266
[2026-06-09T01:51:40.283Z] [INFO ] latest.json written | Final source: fallback
[2026-06-09T01:51:40.283Z] [INFO ] ══════════════════════════════════════════════
