[2026-06-08T02:14:17.544Z] [INFO ] ══════════════════════════════════════════════
[2026-06-08T02:14:17.545Z] [INFO ] SonarGold Scraper v4.0 starting...
[2026-06-08T02:14:17.546Z] [INFO ] Mode: LIVE
[2026-06-08T02:14:17.547Z] [INFO ] ══════════════════════════════════════════════
[2026-06-08T02:14:17.549Z] [INFO ] History size — Gold: 221, Silver: 214, Intl: 264
[2026-06-08T02:14:17.549Z] [INFO ] ════════════════════════════════
[2026-06-08T02:14:17.550Z] [INFO ] Starting BAJUS scrape v4.0 (sequential)...
[2026-06-08T02:14:17.551Z] [INFO ] Trying Strategy 1: BAJUSCTG API...
[2026-06-08T02:14:18.571Z] [WARN ] BAJUSCTG API failed: invalid json response body at https://bajushub.com/ reason: Unexpected token '<', "<!DOCTYPE "... is not valid JSON
[2026-06-08T02:14:18.572Z] [INFO ] Trying BAJUSCTG HTML fallback...
[2026-06-08T02:14:18.829Z] [INFO ] Trying Strategy 2: GoldR.org homepage...
[2026-06-08T02:14:18.968Z] [WARN ] GoldR.org parsed but data invalid
[2026-06-08T02:14:18.969Z] [INFO ] Trying Strategy 3: bdgoldprice.com...
[2026-06-08T02:14:19.239Z] [INFO ] Trying Strategy 4: Wayback Machine...
[2026-06-08T02:14:21.565Z] [INFO ] Using cached prices from 2026-06-05 (65h old)
[2026-06-08T02:14:21.566Z] [WARN ] ALL LIVE SOURCES FAILED — Using cached prices (mandatory fallback)
[2026-06-08T02:14:21.566Z] [INFO ] Fetching international prices...
[2026-06-08T02:14:21.906Z] [INFO ] Gold: no change — skipping append
[2026-06-08T02:14:21.907Z] [INFO ] Silver: no change — skipping append
[2026-06-08T02:14:21.908Z] [INFO ] Intl: appended entry #265
[2026-06-08T02:14:21.922Z] [INFO ] latest.json written | Final source: cache
[2026-06-08T02:14:21.923Z] [INFO ] ══════════════════════════════════════════════
