[2026-05-29T03:32:36.634Z] [INFO ] ══════════════════════════════════════════════
[2026-05-29T03:32:36.636Z] [INFO ] SonarGold Scraper v4.0 starting...
[2026-05-29T03:32:36.637Z] [INFO ] Mode: LIVE
[2026-05-29T03:32:36.637Z] [INFO ] ══════════════════════════════════════════════
[2026-05-29T03:32:36.639Z] [INFO ] History size — Gold: 218, Silver: 211, Intl: 254
[2026-05-29T03:32:36.640Z] [INFO ] ════════════════════════════════
[2026-05-29T03:32:36.641Z] [INFO ] Starting BAJUS scrape v4.0 (sequential)...
[2026-05-29T03:32:36.642Z] [INFO ] Trying Strategy 1: BAJUSCTG API...
[2026-05-29T03:32:37.713Z] [INFO ] ✓ BAJUSCTG success: 22K gram ≈ 20415
[2026-05-29T03:32:37.714Z] [INFO ] SUCCESS — Source: bajusctg-api
[2026-05-29T03:32:37.715Z] [INFO ] Fetching international prices...
[2026-05-29T03:32:37.832Z] [ERROR] XAU fetch failed: request to https://api.gold-api.com/price/XAU failed, reason: getaddrinfo ENOTFOUND api.gold-api.com
[2026-05-29T03:32:37.908Z] [ERROR] XAG fetch failed: request to https://api.gold-api.com/price/XAG failed, reason: getaddrinfo ENOTFOUND api.gold-api.com
[2026-05-29T03:32:38.008Z] [INFO ] Gold: no change — skipping append
[2026-05-29T03:32:38.008Z] [INFO ] Silver: no change — skipping append
[2026-05-29T03:32:38.009Z] [INFO ] Intl: appended entry #255
[2026-05-29T03:32:38.172Z] [INFO ] latest.json written | Final source: bajusctg-api
[2026-05-29T03:32:38.172Z] [INFO ] ══════════════════════════════════════════════
[2026-05-29T07:43:34.995Z] [INFO ] ══════════════════════════════════════════════
[2026-05-29T07:43:34.997Z] [INFO ] SonarGold Scraper v4.0 starting...
[2026-05-29T07:43:34.998Z] [INFO ] Mode: LIVE
[2026-05-29T07:43:34.998Z] [INFO ] ══════════════════════════════════════════════
[2026-05-29T07:43:35.001Z] [INFO ] History size — Gold: 218, Silver: 211, Intl: 255
[2026-05-29T07:43:35.002Z] [INFO ] ════════════════════════════════
[2026-05-29T07:43:35.002Z] [INFO ] Starting BAJUS scrape v4.0 (sequential)...
[2026-05-29T07:43:35.003Z] [INFO ] Trying Strategy 1: BAJUSCTG API...
[2026-05-29T07:43:36.744Z] [INFO ] ✓ BAJUSCTG success: 22K gram ≈ 20415
[2026-05-29T07:43:36.745Z] [INFO ] SUCCESS — Source: bajusctg-api
[2026-05-29T07:43:36.746Z] [INFO ] Fetching international prices...
[2026-05-29T07:43:37.507Z] [INFO ] Gold: no change — skipping append
[2026-05-29T07:43:37.507Z] [INFO ] Silver: no change — skipping append
[2026-05-29T07:43:37.508Z] [INFO ] Intl: updated same-day entry
[2026-05-29T07:43:37.828Z] [INFO ] latest.json written | Final source: bajusctg-api
[2026-05-29T07:43:37.828Z] [INFO ] ══════════════════════════════════════════════
[2026-05-29T11:16:40.694Z] [INFO ] ══════════════════════════════════════════════
[2026-05-29T11:16:40.696Z] [INFO ] SonarGold Scraper v4.0 starting...
[2026-05-29T11:16:40.697Z] [INFO ] Mode: LIVE
[2026-05-29T11:16:40.697Z] [INFO ] ══════════════════════════════════════════════
[2026-05-29T11:16:40.699Z] [INFO ] History size — Gold: 218, Silver: 211, Intl: 255
[2026-05-29T11:16:40.700Z] [INFO ] ════════════════════════════════
[2026-05-29T11:16:40.700Z] [INFO ] Starting BAJUS scrape v4.0 (sequential)...
[2026-05-29T11:16:40.701Z] [INFO ] Trying Strategy 1: BAJUSCTG API...
[2026-05-29T11:16:42.458Z] [INFO ] ✓ BAJUSCTG success: 22K gram ≈ 20415
[2026-05-29T11:16:42.459Z] [INFO ] SUCCESS — Source: bajusctg-api
[2026-05-29T11:16:42.459Z] [INFO ] Fetching international prices...
[2026-05-29T11:16:43.049Z] [INFO ] Gold: no change — skipping append
[2026-05-29T11:16:43.050Z] [INFO ] Silver: no change — skipping append
[2026-05-29T11:16:43.050Z] [INFO ] Intl: updated same-day entry
[2026-05-29T11:16:43.322Z] [INFO ] latest.json written | Final source: bajusctg-api
[2026-05-29T11:16:43.322Z] [INFO ] ══════════════════════════════════════════════
