[2026-07-19T01:05:03.347Z] [INFO ] ══════════════════════════════════════════════
[2026-07-19T01:05:03.349Z] [INFO ] SonarGold Scraper v4.0 starting...
[2026-07-19T01:05:03.350Z] [INFO ] Mode: LIVE
[2026-07-19T01:05:03.351Z] [INFO ] ══════════════════════════════════════════════
[2026-07-19T01:05:03.354Z] [INFO ] History size — Gold: 240, Silver: 229, Intl: 304
[2026-07-19T01:05:03.355Z] [INFO ] ════════════════════════════════
[2026-07-19T01:05:03.358Z] [INFO ] Starting BAJUS scrape v4.0 (sequential)...
[2026-07-19T01:05:03.359Z] [INFO ] Trying Strategy 1: BAJUSCTG API...
[2026-07-19T01:05:04.180Z] [INFO ] ✓ BAJUSCTG success: 22K gram ≈ 18845
[2026-07-19T01:05:04.181Z] [INFO ] SUCCESS — Source: bajusctg-api
[2026-07-19T01:05:04.182Z] [INFO ] Fetching international prices...
[2026-07-19T01:05:04.910Z] [INFO ] Gold: no change — skipping append
[2026-07-19T01:05:04.911Z] [INFO ] Silver: no change — skipping append
[2026-07-19T01:05:04.912Z] [INFO ] Intl: appended entry #305
[2026-07-19T01:05:04.928Z] [INFO ] latest.json written | Final source: bajusctg-api
[2026-07-19T01:05:04.929Z] [INFO ] ══════════════════════════════════════════════
[2026-07-19T04:50:47.037Z] [INFO ] ══════════════════════════════════════════════
[2026-07-19T04:50:47.039Z] [INFO ] SonarGold Scraper v4.0 starting...
[2026-07-19T04:50:47.040Z] [INFO ] Mode: LIVE
[2026-07-19T04:50:47.041Z] [INFO ] ══════════════════════════════════════════════
[2026-07-19T04:50:47.043Z] [INFO ] History size — Gold: 240, Silver: 229, Intl: 305
[2026-07-19T04:50:47.044Z] [INFO ] ════════════════════════════════
[2026-07-19T04:50:47.047Z] [INFO ] Starting BAJUS scrape v4.0 (sequential)...
[2026-07-19T04:50:47.047Z] [INFO ] Trying Strategy 1: BAJUSCTG API...
[2026-07-19T04:50:47.838Z] [INFO ] ✓ BAJUSCTG success: 22K gram ≈ 18845
[2026-07-19T04:50:47.839Z] [INFO ] SUCCESS — Source: bajusctg-api
[2026-07-19T04:50:47.840Z] [INFO ] Fetching international prices...
[2026-07-19T04:50:48.397Z] [INFO ] Gold: no change — skipping append
[2026-07-19T04:50:48.398Z] [INFO ] Silver: no change — skipping append
[2026-07-19T04:50:48.399Z] [INFO ] Intl: no change — skipping append
[2026-07-19T04:50:48.446Z] [INFO ] latest.json written | Final source: bajusctg-api
[2026-07-19T04:50:48.447Z] [INFO ] ══════════════════════════════════════════════
[2026-07-19T07:29:01.342Z] [INFO ] ══════════════════════════════════════════════
[2026-07-19T07:29:01.344Z] [INFO ] SonarGold Scraper v4.0 starting...
[2026-07-19T07:29:01.345Z] [INFO ] Mode: LIVE
[2026-07-19T07:29:01.347Z] [INFO ] ══════════════════════════════════════════════
[2026-07-19T07:29:01.349Z] [INFO ] History size — Gold: 240, Silver: 229, Intl: 305
[2026-07-19T07:29:01.350Z] [INFO ] ════════════════════════════════
[2026-07-19T07:29:01.354Z] [INFO ] Starting BAJUS scrape v4.0 (sequential)...
[2026-07-19T07:29:01.355Z] [INFO ] Trying Strategy 1: BAJUSCTG API...
[2026-07-19T07:29:01.735Z] [INFO ] ✓ BAJUSCTG success: 22K gram ≈ 18845
[2026-07-19T07:29:01.736Z] [INFO ] SUCCESS — Source: bajusctg-api
[2026-07-19T07:29:01.737Z] [INFO ] Fetching international prices...
[2026-07-19T07:29:02.309Z] [INFO ] Gold: no change — skipping append
[2026-07-19T07:29:02.310Z] [INFO ] Silver: no change — skipping append
[2026-07-19T07:29:02.311Z] [INFO ] Intl: no change — skipping append
[2026-07-19T07:29:02.326Z] [INFO ] latest.json written | Final source: bajusctg-api
[2026-07-19T07:29:02.326Z] [INFO ] ══════════════════════════════════════════════
[2026-07-19T09:29:39.969Z] [INFO ] ══════════════════════════════════════════════
[2026-07-19T09:29:39.972Z] [INFO ] SonarGold Scraper v4.0 starting...
[2026-07-19T09:29:39.973Z] [INFO ] Mode: LIVE
[2026-07-19T09:29:39.974Z] [INFO ] ══════════════════════════════════════════════
[2026-07-19T09:29:39.976Z] [INFO ] History size — Gold: 240, Silver: 229, Intl: 305
[2026-07-19T09:29:39.977Z] [INFO ] ════════════════════════════════
[2026-07-19T09:29:39.980Z] [INFO ] Starting BAJUS scrape v4.0 (sequential)...
[2026-07-19T09:29:39.981Z] [INFO ] Trying Strategy 1: BAJUSCTG API...
[2026-07-19T09:29:40.400Z] [INFO ] ✓ BAJUSCTG success: 22K gram ≈ 18845
[2026-07-19T09:29:40.401Z] [INFO ] SUCCESS — Source: bajusctg-api
[2026-07-19T09:29:40.402Z] [INFO ] Fetching international prices...
[2026-07-19T09:29:41.016Z] [INFO ] Gold: no change — skipping append
[2026-07-19T09:29:41.017Z] [INFO ] Silver: no change — skipping append
[2026-07-19T09:29:41.018Z] [INFO ] Intl: no change — skipping append
[2026-07-19T09:29:41.033Z] [INFO ] latest.json written | Final source: bajusctg-api
[2026-07-19T09:29:41.033Z] [INFO ] ══════════════════════════════════════════════
[2026-07-19T10:57:01.672Z] [INFO ] ══════════════════════════════════════════════
[2026-07-19T10:57:01.674Z] [INFO ] SonarGold Scraper v4.0 starting...
[2026-07-19T10:57:01.675Z] [INFO ] Mode: LIVE
[2026-07-19T10:57:01.676Z] [INFO ] ══════════════════════════════════════════════
[2026-07-19T10:57:01.679Z] [INFO ] History size — Gold: 240, Silver: 229, Intl: 305
[2026-07-19T10:57:01.680Z] [INFO ] ════════════════════════════════
[2026-07-19T10:57:01.681Z] [INFO ] Starting BAJUS scrape v4.0 (sequential)...
[2026-07-19T10:57:01.683Z] [INFO ] Trying Strategy 1: BAJUSCTG API...
[2026-07-19T10:57:02.059Z] [INFO ] ✓ BAJUSCTG success: 22K gram ≈ 18845
[2026-07-19T10:57:02.060Z] [INFO ] SUCCESS — Source: bajusctg-api
[2026-07-19T10:57:02.060Z] [INFO ] Fetching international prices...
[2026-07-19T10:57:02.484Z] [INFO ] Gold: no change — skipping append
[2026-07-19T10:57:02.485Z] [INFO ] Silver: no change — skipping append
[2026-07-19T10:57:02.485Z] [INFO ] Intl: no change — skipping append
[2026-07-19T10:57:02.507Z] [INFO ] latest.json written | Final source: bajusctg-api
[2026-07-19T10:57:02.507Z] [INFO ] ══════════════════════════════════════════════
[2026-07-19T12:03:09.822Z] [INFO ] ══════════════════════════════════════════════
[2026-07-19T12:03:09.824Z] [INFO ] SonarGold Scraper v4.0 starting...
[2026-07-19T12:03:09.826Z] [INFO ] Mode: LIVE
[2026-07-19T12:03:09.827Z] [INFO ] ══════════════════════════════════════════════
[2026-07-19T12:03:09.829Z] [INFO ] History size — Gold: 240, Silver: 229, Intl: 305
[2026-07-19T12:03:09.830Z] [INFO ] ════════════════════════════════
[2026-07-19T12:03:09.833Z] [INFO ] Starting BAJUS scrape v4.0 (sequential)...
[2026-07-19T12:03:09.834Z] [INFO ] Trying Strategy 1: BAJUSCTG API...
[2026-07-19T12:03:10.148Z] [INFO ] ✓ BAJUSCTG success: 22K gram ≈ 18845
[2026-07-19T12:03:10.149Z] [INFO ] SUCCESS — Source: bajusctg-api
[2026-07-19T12:03:10.150Z] [INFO ] Fetching international prices...
[2026-07-19T12:03:10.889Z] [INFO ] Gold: no change — skipping append
[2026-07-19T12:03:10.890Z] [INFO ] Silver: no change — skipping append
[2026-07-19T12:03:10.890Z] [INFO ] Intl: no change — skipping append
[2026-07-19T12:03:10.906Z] [INFO ] latest.json written | Final source: bajusctg-api
[2026-07-19T12:03:10.907Z] [INFO ] ══════════════════════════════════════════════
[2026-07-19T14:03:00.968Z] [INFO ] ══════════════════════════════════════════════
[2026-07-19T14:03:00.970Z] [INFO ] SonarGold Scraper v4.0 starting...
[2026-07-19T14:03:00.971Z] [INFO ] Mode: LIVE
[2026-07-19T14:03:00.972Z] [INFO ] ══════════════════════════════════════════════
[2026-07-19T14:03:00.974Z] [INFO ] History size — Gold: 240, Silver: 229, Intl: 305
[2026-07-19T14:03:00.976Z] [INFO ] ════════════════════════════════
[2026-07-19T14:03:00.978Z] [INFO ] Starting BAJUS scrape v4.0 (sequential)...
[2026-07-19T14:03:00.979Z] [INFO ] Trying Strategy 1: BAJUSCTG API...
[2026-07-19T14:03:01.368Z] [INFO ] ✓ BAJUSCTG success: 22K gram ≈ 18845
[2026-07-19T14:03:01.369Z] [INFO ] SUCCESS — Source: bajusctg-api
[2026-07-19T14:03:01.370Z] [INFO ] Fetching international prices...
[2026-07-19T14:03:02.058Z] [INFO ] Gold: no change — skipping append
[2026-07-19T14:03:02.059Z] [INFO ] Silver: no change — skipping append
[2026-07-19T14:03:02.059Z] [INFO ] Intl: no change — skipping append
[2026-07-19T14:03:02.093Z] [INFO ] latest.json written | Final source: bajusctg-api
[2026-07-19T14:03:02.093Z] [INFO ] ══════════════════════════════════════════════
[2026-07-19T15:31:53.989Z] [INFO ] ══════════════════════════════════════════════
[2026-07-19T15:31:53.991Z] [INFO ] SonarGold Scraper v4.0 starting...
[2026-07-19T15:31:53.992Z] [INFO ] Mode: LIVE
[2026-07-19T15:31:53.993Z] [INFO ] ══════════════════════════════════════════════
[2026-07-19T15:31:53.995Z] [INFO ] History size — Gold: 240, Silver: 229, Intl: 305
[2026-07-19T15:31:53.996Z] [INFO ] ════════════════════════════════
[2026-07-19T15:31:53.998Z] [INFO ] Starting BAJUS scrape v4.0 (sequential)...
[2026-07-19T15:31:53.999Z] [INFO ] Trying Strategy 1: BAJUSCTG API...
[2026-07-19T15:31:54.414Z] [INFO ] ✓ BAJUSCTG success: 22K gram ≈ 18845
[2026-07-19T15:31:54.415Z] [INFO ] SUCCESS — Source: bajusctg-api
[2026-07-19T15:31:54.416Z] [INFO ] Fetching international prices...
[2026-07-19T15:31:55.037Z] [INFO ] Gold: no change — skipping append
[2026-07-19T15:31:55.038Z] [INFO ] Silver: no change — skipping append
[2026-07-19T15:31:55.039Z] [INFO ] Intl: no change — skipping append
[2026-07-19T15:31:55.054Z] [INFO ] latest.json written | Final source: bajusctg-api
[2026-07-19T15:31:55.055Z] [INFO ] ══════════════════════════════════════════════
[2026-07-19T17:02:42.750Z] [INFO ] ══════════════════════════════════════════════
[2026-07-19T17:02:42.753Z] [INFO ] SonarGold Scraper v4.0 starting...
[2026-07-19T17:02:42.755Z] [INFO ] Mode: LIVE
[2026-07-19T17:02:42.756Z] [INFO ] ══════════════════════════════════════════════
[2026-07-19T17:02:42.759Z] [INFO ] History size — Gold: 240, Silver: 229, Intl: 305
[2026-07-19T17:02:42.761Z] [INFO ] ════════════════════════════════
[2026-07-19T17:02:42.764Z] [INFO ] Starting BAJUS scrape v4.0 (sequential)...
[2026-07-19T17:02:42.765Z] [INFO ] Trying Strategy 1: BAJUSCTG API...
[2026-07-19T17:02:43.099Z] [INFO ] ✓ BAJUSCTG success: 22K gram ≈ 18845
[2026-07-19T17:02:43.100Z] [INFO ] SUCCESS — Source: bajusctg-api
[2026-07-19T17:02:43.101Z] [INFO ] Fetching international prices...
[2026-07-19T17:02:43.769Z] [INFO ] Gold: no change — skipping append
[2026-07-19T17:02:43.770Z] [INFO ] Silver: no change — skipping append
[2026-07-19T17:02:43.770Z] [INFO ] Intl: no change — skipping append
[2026-07-19T17:02:43.785Z] [INFO ] latest.json written | Final source: bajusctg-api
[2026-07-19T17:02:43.786Z] [INFO ] ══════════════════════════════════════════════
[2026-07-19T18:29:07.881Z] [INFO ] ══════════════════════════════════════════════
[2026-07-19T18:29:07.883Z] [INFO ] SonarGold Scraper v4.0 starting...
[2026-07-19T18:29:07.884Z] [INFO ] Mode: LIVE
[2026-07-19T18:29:07.885Z] [INFO ] ══════════════════════════════════════════════
[2026-07-19T18:29:07.888Z] [INFO ] History size — Gold: 240, Silver: 229, Intl: 305
[2026-07-19T18:29:07.889Z] [INFO ] ════════════════════════════════
[2026-07-19T18:29:07.891Z] [INFO ] Starting BAJUS scrape v4.0 (sequential)...
[2026-07-19T18:29:07.892Z] [INFO ] Trying Strategy 1: BAJUSCTG API...
[2026-07-19T18:29:08.418Z] [INFO ] ✓ BAJUSCTG success: 22K gram ≈ 18845
[2026-07-19T18:29:08.419Z] [INFO ] SUCCESS — Source: bajusctg-api
[2026-07-19T18:29:08.420Z] [INFO ] Fetching international prices...
[2026-07-19T18:29:09.036Z] [INFO ] Gold: no change — skipping append
[2026-07-19T18:29:09.037Z] [INFO ] Silver: no change — skipping append
[2026-07-19T18:29:09.038Z] [INFO ] Intl: no change — skipping append
[2026-07-19T18:29:09.053Z] [INFO ] latest.json written | Final source: bajusctg-api
[2026-07-19T18:29:09.054Z] [INFO ] ══════════════════════════════════════════════
