[2026-04-13T01:19:28.351Z] [INFO ] ══════════════════════════════════════════════
[2026-04-13T01:19:28.353Z] [INFO ] SonarGold Scraper v4.0 starting...
[2026-04-13T01:19:28.353Z] [INFO ] Mode: LIVE
[2026-04-13T01:19:28.353Z] [INFO ] ══════════════════════════════════════════════
[2026-04-13T01:19:28.354Z] [INFO ] History size — Gold: 201, Silver: 201, Intl: 208
[2026-04-13T01:19:28.355Z] [INFO ] ════════════════════════════════
[2026-04-13T01:19:28.355Z] [INFO ] Starting BAJUS scrape v4.0 (sequential)...
[2026-04-13T01:19:28.355Z] [INFO ] Trying Strategy 1: BAJUSCTG API...
[2026-04-13T01:19:30.101Z] [INFO ] ✓ BAJUSCTG success: 22K gram ≈ 21260
[2026-04-13T01:19:30.101Z] [INFO ] SUCCESS — Source: bajusctg-api
[2026-04-13T01:19:30.101Z] [INFO ] Fetching international prices...
[2026-04-13T01:19:30.549Z] [INFO ] Gold: no change — skipping append
[2026-04-13T01:19:30.550Z] [INFO ] Silver: no change — skipping append
[2026-04-13T01:19:30.550Z] [INFO ] Intl: appended entry #209
[2026-04-13T01:19:30.565Z] [INFO ] latest.json written | Final source: bajusctg-api
[2026-04-13T01:19:30.565Z] [INFO ] ══════════════════════════════════════════════
[2026-04-13T04:48:17.372Z] [INFO ] ══════════════════════════════════════════════
[2026-04-13T04:48:17.373Z] [INFO ] SonarGold Scraper v4.0 starting...
[2026-04-13T04:48:17.373Z] [INFO ] Mode: LIVE
[2026-04-13T04:48:17.374Z] [INFO ] ══════════════════════════════════════════════
[2026-04-13T04:48:17.375Z] [INFO ] History size — Gold: 201, Silver: 201, Intl: 209
[2026-04-13T04:48:17.375Z] [INFO ] ════════════════════════════════
[2026-04-13T04:48:17.376Z] [INFO ] Starting BAJUS scrape v4.0 (sequential)...
[2026-04-13T04:48:17.376Z] [INFO ] Trying Strategy 1: BAJUSCTG API...
[2026-04-13T04:48:19.003Z] [INFO ] ✓ BAJUSCTG success: 22K gram ≈ 21260
[2026-04-13T04:48:19.004Z] [INFO ] SUCCESS — Source: bajusctg-api
[2026-04-13T04:48:19.004Z] [INFO ] Fetching international prices...
[2026-04-13T04:48:19.167Z] [ERROR] XAU fetch failed: request to https://api.gold-api.com/price/XAU failed, reason: getaddrinfo ENOTFOUND api.gold-api.com
[2026-04-13T04:48:19.580Z] [INFO ] Gold: no change — skipping append
[2026-04-13T04:48:19.580Z] [INFO ] Silver: no change — skipping append
[2026-04-13T04:48:19.580Z] [INFO ] Intl: updated same-day entry
[2026-04-13T04:48:19.595Z] [INFO ] latest.json written | Final source: bajusctg-api
[2026-04-13T04:48:19.595Z] [INFO ] ══════════════════════════════════════════════
[2026-04-13T07:07:02.806Z] [INFO ] ══════════════════════════════════════════════
[2026-04-13T07:07:02.807Z] [INFO ] SonarGold Scraper v4.0 starting...
[2026-04-13T07:07:02.808Z] [INFO ] Mode: LIVE
[2026-04-13T07:07:02.808Z] [INFO ] ══════════════════════════════════════════════
[2026-04-13T07:07:02.809Z] [INFO ] History size — Gold: 201, Silver: 201, Intl: 209
[2026-04-13T07:07:02.809Z] [INFO ] ════════════════════════════════
[2026-04-13T07:07:02.810Z] [INFO ] Starting BAJUS scrape v4.0 (sequential)...
[2026-04-13T07:07:02.810Z] [INFO ] Trying Strategy 1: BAJUSCTG API...
[2026-04-13T07:07:04.666Z] [INFO ] ✓ BAJUSCTG success: 22K gram ≈ 21260
[2026-04-13T07:07:04.666Z] [INFO ] SUCCESS — Source: bajusctg-api
[2026-04-13T07:07:04.667Z] [INFO ] Fetching international prices...
[2026-04-13T07:07:05.321Z] [INFO ] Gold: no change — skipping append
[2026-04-13T07:07:05.321Z] [INFO ] Silver: no change — skipping append
[2026-04-13T07:07:05.321Z] [INFO ] Intl: updated same-day entry
[2026-04-13T07:07:05.407Z] [INFO ] latest.json written | Final source: bajusctg-api
[2026-04-13T07:07:05.408Z] [INFO ] ══════════════════════════════════════════════
[2026-04-13T09:24:42.889Z] [INFO ] ══════════════════════════════════════════════
[2026-04-13T09:24:42.890Z] [INFO ] SonarGold Scraper v4.0 starting...
[2026-04-13T09:24:42.891Z] [INFO ] Mode: LIVE
[2026-04-13T09:24:42.891Z] [INFO ] ══════════════════════════════════════════════
[2026-04-13T09:24:42.892Z] [INFO ] History size — Gold: 201, Silver: 201, Intl: 209
[2026-04-13T09:24:42.892Z] [INFO ] ════════════════════════════════
[2026-04-13T09:24:42.893Z] [INFO ] Starting BAJUS scrape v4.0 (sequential)...
[2026-04-13T09:24:42.893Z] [INFO ] Trying Strategy 1: BAJUSCTG API...
[2026-04-13T09:24:44.626Z] [INFO ] ✓ BAJUSCTG success: 22K gram ≈ 21260
[2026-04-13T09:24:44.626Z] [INFO ] SUCCESS — Source: bajusctg-api
[2026-04-13T09:24:44.627Z] [INFO ] Fetching international prices...
[2026-04-13T09:24:45.234Z] [INFO ] Gold: no change — skipping append
[2026-04-13T09:24:45.235Z] [INFO ] Silver: no change — skipping append
[2026-04-13T09:24:45.235Z] [INFO ] Intl: updated same-day entry
[2026-04-13T09:24:45.251Z] [INFO ] latest.json written | Final source: bajusctg-api
[2026-04-13T09:24:45.251Z] [INFO ] ══════════════════════════════════════════════
[2026-04-13T11:07:11.404Z] [INFO ] ══════════════════════════════════════════════
[2026-04-13T11:07:11.406Z] [INFO ] SonarGold Scraper v4.0 starting...
[2026-04-13T11:07:11.406Z] [INFO ] Mode: LIVE
[2026-04-13T11:07:11.406Z] [INFO ] ══════════════════════════════════════════════
[2026-04-13T11:07:11.407Z] [INFO ] History size — Gold: 201, Silver: 201, Intl: 209
[2026-04-13T11:07:11.408Z] [INFO ] ════════════════════════════════
[2026-04-13T11:07:11.408Z] [INFO ] Starting BAJUS scrape v4.0 (sequential)...
[2026-04-13T11:07:11.408Z] [INFO ] Trying Strategy 1: BAJUSCTG API...
[2026-04-13T11:07:11.762Z] [INFO ] ✓ BAJUSCTG success: 22K gram ≈ 21260
[2026-04-13T11:07:11.762Z] [INFO ] SUCCESS — Source: bajusctg-api
[2026-04-13T11:07:11.763Z] [INFO ] Fetching international prices...
[2026-04-13T11:07:12.293Z] [INFO ] Gold: no change — skipping append
[2026-04-13T11:07:12.294Z] [INFO ] Silver: no change — skipping append
[2026-04-13T11:07:12.294Z] [INFO ] Intl: updated same-day entry
[2026-04-13T11:07:12.312Z] [INFO ] latest.json written | Final source: bajusctg-api
[2026-04-13T11:07:12.313Z] [INFO ] ══════════════════════════════════════════════
