[2026-06-20T01:36:44.570Z] [INFO ] ══════════════════════════════════════════════
[2026-06-20T01:36:44.572Z] [INFO ] SonarGold Scraper v4.0 starting...
[2026-06-20T01:36:44.573Z] [INFO ] Mode: LIVE
[2026-06-20T01:36:44.574Z] [INFO ] ══════════════════════════════════════════════
[2026-06-20T01:36:44.576Z] [INFO ] History size — Gold: 226, Silver: 219, Intl: 276
[2026-06-20T01:36:44.577Z] [INFO ] ════════════════════════════════
[2026-06-20T01:36:44.578Z] [INFO ] Starting BAJUS scrape v4.0 (sequential)...
[2026-06-20T01:36:44.579Z] [INFO ] Trying Strategy 1: BAJUSCTG API...
[2026-06-20T01:36:44.963Z] [INFO ] ✓ BAJUSCTG success: 22K gram ≈ 19595
[2026-06-20T01:36:44.964Z] [INFO ] SUCCESS — Source: bajusctg-api
[2026-06-20T01:36:44.965Z] [INFO ] Fetching international prices...
[2026-06-20T01:36:45.644Z] [INFO ] Gold: no change — skipping append
[2026-06-20T01:36:45.644Z] [INFO ] Silver: no change — skipping append
[2026-06-20T01:36:45.645Z] [INFO ] Intl: appended entry #277
[2026-06-20T01:36:45.906Z] [INFO ] latest.json written | Final source: bajusctg-api
[2026-06-20T01:36:45.907Z] [INFO ] ══════════════════════════════════════════════
[2026-06-20T06:26:30.445Z] [INFO ] ══════════════════════════════════════════════
[2026-06-20T06:26:30.447Z] [INFO ] SonarGold Scraper v4.0 starting...
[2026-06-20T06:26:30.447Z] [INFO ] Mode: LIVE
[2026-06-20T06:26:30.448Z] [INFO ] ══════════════════════════════════════════════
[2026-06-20T06:26:30.450Z] [INFO ] History size — Gold: 226, Silver: 219, Intl: 277
[2026-06-20T06:26:30.451Z] [INFO ] ════════════════════════════════
[2026-06-20T06:26:30.452Z] [INFO ] Starting BAJUS scrape v4.0 (sequential)...
[2026-06-20T06:26:30.453Z] [INFO ] Trying Strategy 1: BAJUSCTG API...
[2026-06-20T06:26:31.393Z] [WARN ] BAJUSCTG API failed: HTTP 401
[2026-06-20T06:26:31.394Z] [INFO ] Trying BAJUSCTG HTML fallback...
[2026-06-20T06:26:32.082Z] [WARN ] BAJUSCTG HTML failed: HTTP 401
[2026-06-20T06:26:32.083Z] [INFO ] Trying Strategy 2: GoldR.org homepage...
[2026-06-20T06:26:32.410Z] [WARN ] GoldR.org parsed but data invalid
[2026-06-20T06:26:32.411Z] [INFO ] Trying Strategy 3: bdgoldprice.com...
[2026-06-20T06:26:32.544Z] [INFO ] Trying Strategy 4: Wayback Machine...
[2026-06-20T06:26:33.726Z] [INFO ] Using cached prices from 2026-06-19 (23h old)
[2026-06-20T06:26:33.727Z] [WARN ] ALL LIVE SOURCES FAILED — Using cached prices (mandatory fallback)
[2026-06-20T06:26:33.728Z] [INFO ] Fetching international prices...
[2026-06-20T06:26:34.228Z] [INFO ] Gold: no change — skipping append
[2026-06-20T06:26:34.229Z] [INFO ] Silver: no change — skipping append
[2026-06-20T06:26:34.230Z] [INFO ] Intl: no change — skipping append
[2026-06-20T06:26:34.475Z] [INFO ] latest.json written | Final source: cache
[2026-06-20T06:26:34.475Z] [INFO ] ══════════════════════════════════════════════
[2026-06-20T09:50:56.249Z] [INFO ] ══════════════════════════════════════════════
[2026-06-20T09:50:56.251Z] [INFO ] SonarGold Scraper v4.0 starting...
[2026-06-20T09:50:56.251Z] [INFO ] Mode: LIVE
[2026-06-20T09:50:56.252Z] [INFO ] ══════════════════════════════════════════════
[2026-06-20T09:50:56.254Z] [INFO ] History size — Gold: 226, Silver: 219, Intl: 277
[2026-06-20T09:50:56.255Z] [INFO ] ════════════════════════════════
[2026-06-20T09:50:56.255Z] [INFO ] Starting BAJUS scrape v4.0 (sequential)...
[2026-06-20T09:50:56.256Z] [INFO ] Trying Strategy 1: BAJUSCTG API...
[2026-06-20T09:50:56.799Z] [WARN ] BAJUSCTG API failed: HTTP 401
[2026-06-20T09:50:56.800Z] [INFO ] Trying BAJUSCTG HTML fallback...
[2026-06-20T09:50:57.311Z] [WARN ] BAJUSCTG HTML failed: HTTP 401
[2026-06-20T09:50:57.312Z] [INFO ] Trying Strategy 2: GoldR.org homepage...
[2026-06-20T09:50:57.630Z] [WARN ] GoldR.org parsed but data invalid
[2026-06-20T09:50:57.631Z] [INFO ] Trying Strategy 3: bdgoldprice.com...
[2026-06-20T09:50:57.784Z] [INFO ] Trying Strategy 4: Wayback Machine...
[2026-06-20T09:51:01.130Z] [INFO ] Using cached prices from 2026-06-19 (26h old)
[2026-06-20T09:51:01.131Z] [WARN ] ALL LIVE SOURCES FAILED — Using cached prices (mandatory fallback)
[2026-06-20T09:51:01.132Z] [INFO ] Fetching international prices...
[2026-06-20T09:51:01.717Z] [INFO ] Gold: no change — skipping append
[2026-06-20T09:51:01.718Z] [INFO ] Silver: no change — skipping append
[2026-06-20T09:51:01.720Z] [INFO ] Intl: no change — skipping append
[2026-06-20T09:51:01.764Z] [INFO ] latest.json written | Final source: cache
[2026-06-20T09:51:01.765Z] [INFO ] ══════════════════════════════════════════════
[2026-06-20T12:00:27.874Z] [INFO ] ══════════════════════════════════════════════
[2026-06-20T12:00:27.876Z] [INFO ] SonarGold Scraper v4.0 starting...
[2026-06-20T12:00:27.877Z] [INFO ] Mode: LIVE
[2026-06-20T12:00:27.877Z] [INFO ] ══════════════════════════════════════════════
[2026-06-20T12:00:27.879Z] [INFO ] History size — Gold: 226, Silver: 219, Intl: 277
[2026-06-20T12:00:27.880Z] [INFO ] ════════════════════════════════
[2026-06-20T12:00:27.881Z] [INFO ] Starting BAJUS scrape v4.0 (sequential)...
[2026-06-20T12:00:27.882Z] [INFO ] Trying Strategy 1: BAJUSCTG API...
[2026-06-20T12:00:28.236Z] [INFO ] ✓ BAJUSCTG success: 22K gram ≈ 19405
[2026-06-20T12:00:28.237Z] [INFO ] SUCCESS — Source: bajusctg-api
[2026-06-20T12:00:28.237Z] [INFO ] Fetching international prices...
[2026-06-20T12:00:28.765Z] [INFO ] Gold: appended entry #227
[2026-06-20T12:00:28.766Z] [INFO ] Silver: no change — skipping append
[2026-06-20T12:00:28.767Z] [INFO ] Intl: no change — skipping append
[2026-06-20T12:00:29.031Z] [INFO ] latest.json written | Final source: bajusctg-api
[2026-06-20T12:00:29.032Z] [INFO ] ══════════════════════════════════════════════
[2026-06-20T14:42:23.989Z] [INFO ] ══════════════════════════════════════════════
[2026-06-20T14:42:23.991Z] [INFO ] SonarGold Scraper v4.0 starting...
[2026-06-20T14:42:23.991Z] [INFO ] Mode: LIVE
[2026-06-20T14:42:23.992Z] [INFO ] ══════════════════════════════════════════════
[2026-06-20T14:42:23.994Z] [INFO ] History size — Gold: 227, Silver: 219, Intl: 277
[2026-06-20T14:42:23.995Z] [INFO ] ════════════════════════════════
[2026-06-20T14:42:23.996Z] [INFO ] Starting BAJUS scrape v4.0 (sequential)...
[2026-06-20T14:42:23.997Z] [INFO ] Trying Strategy 1: BAJUSCTG API...
[2026-06-20T14:42:24.367Z] [INFO ] ✓ BAJUSCTG success: 22K gram ≈ 19405
[2026-06-20T14:42:24.368Z] [INFO ] SUCCESS — Source: bajusctg-api
[2026-06-20T14:42:24.368Z] [INFO ] Fetching international prices...
[2026-06-20T14:42:24.932Z] [INFO ] Gold: no change — skipping append
[2026-06-20T14:42:24.933Z] [INFO ] Silver: no change — skipping append
[2026-06-20T14:42:24.933Z] [INFO ] Intl: no change — skipping append
[2026-06-20T14:42:25.180Z] [INFO ] latest.json written | Final source: bajusctg-api
[2026-06-20T14:42:25.181Z] [INFO ] ══════════════════════════════════════════════
[2026-06-20T16:23:54.041Z] [INFO ] ══════════════════════════════════════════════
[2026-06-20T16:23:54.043Z] [INFO ] SonarGold Scraper v4.0 starting...
[2026-06-20T16:23:54.043Z] [INFO ] Mode: LIVE
[2026-06-20T16:23:54.044Z] [INFO ] ══════════════════════════════════════════════
[2026-06-20T16:23:54.046Z] [INFO ] History size — Gold: 227, Silver: 219, Intl: 277
[2026-06-20T16:23:54.047Z] [INFO ] ════════════════════════════════
[2026-06-20T16:23:54.048Z] [INFO ] Starting BAJUS scrape v4.0 (sequential)...
[2026-06-20T16:23:54.049Z] [INFO ] Trying Strategy 1: BAJUSCTG API...
[2026-06-20T16:23:54.367Z] [INFO ] ✓ BAJUSCTG success: 22K gram ≈ 19405
[2026-06-20T16:23:54.368Z] [INFO ] SUCCESS — Source: bajusctg-api
[2026-06-20T16:23:54.369Z] [INFO ] Fetching international prices...
[2026-06-20T16:23:55.155Z] [INFO ] Gold: no change — skipping append
[2026-06-20T16:23:55.156Z] [INFO ] Silver: no change — skipping append
[2026-06-20T16:23:55.156Z] [INFO ] Intl: no change — skipping append
[2026-06-20T16:23:55.167Z] [INFO ] latest.json written | Final source: bajusctg-api
[2026-06-20T16:23:55.168Z] [INFO ] ══════════════════════════════════════════════
[2026-06-20T17:55:38.592Z] [INFO ] ══════════════════════════════════════════════
[2026-06-20T17:55:38.594Z] [INFO ] SonarGold Scraper v4.0 starting...
[2026-06-20T17:55:38.595Z] [INFO ] Mode: LIVE
[2026-06-20T17:55:38.596Z] [INFO ] ══════════════════════════════════════════════
[2026-06-20T17:55:38.598Z] [INFO ] History size — Gold: 227, Silver: 219, Intl: 277
[2026-06-20T17:55:38.599Z] [INFO ] ════════════════════════════════
[2026-06-20T17:55:38.599Z] [INFO ] Starting BAJUS scrape v4.0 (sequential)...
[2026-06-20T17:55:38.600Z] [INFO ] Trying Strategy 1: BAJUSCTG API...
[2026-06-20T17:55:39.165Z] [INFO ] ✓ BAJUSCTG success: 22K gram ≈ 19405
[2026-06-20T17:55:39.166Z] [INFO ] SUCCESS — Source: bajusctg-api
[2026-06-20T17:55:39.167Z] [INFO ] Fetching international prices...
[2026-06-20T17:55:39.714Z] [INFO ] Gold: no change — skipping append
[2026-06-20T17:55:39.714Z] [INFO ] Silver: no change — skipping append
[2026-06-20T17:55:39.715Z] [INFO ] Intl: no change — skipping append
[2026-06-20T17:55:39.756Z] [INFO ] latest.json written | Final source: bajusctg-api
[2026-06-20T17:55:39.756Z] [INFO ] ══════════════════════════════════════════════
