[2026-04-12T01:17:38.805Z] [INFO ] ══════════════════════════════════════════════
[2026-04-12T01:17:38.806Z] [INFO ] SonarGold Scraper v4.0 starting...
[2026-04-12T01:17:38.806Z] [INFO ] Mode: LIVE
[2026-04-12T01:17:38.806Z] [INFO ] ══════════════════════════════════════════════
[2026-04-12T01:17:38.807Z] [INFO ] History size — Gold: 201, Silver: 201, Intl: 207
[2026-04-12T01:17:38.808Z] [INFO ] ════════════════════════════════
[2026-04-12T01:17:38.808Z] [INFO ] Starting BAJUS scrape v4.0 (sequential)...
[2026-04-12T01:17:38.808Z] [INFO ] Trying Strategy 1: BAJUSCTG API...
[2026-04-12T01:17:40.527Z] [INFO ] ✓ BAJUSCTG success: 22K gram ≈ 21260
[2026-04-12T01:17:40.527Z] [INFO ] SUCCESS — Source: bajusctg-api
[2026-04-12T01:17:40.528Z] [INFO ] Fetching international prices...
[2026-04-12T01:17:40.969Z] [INFO ] Gold: no change — skipping append
[2026-04-12T01:17:40.969Z] [INFO ] Silver: no change — skipping append
[2026-04-12T01:17:40.970Z] [INFO ] Intl: appended entry #208
[2026-04-12T01:17:40.984Z] [INFO ] latest.json written | Final source: bajusctg-api
[2026-04-12T01:17:40.985Z] [INFO ] ══════════════════════════════════════════════
[2026-04-12T04:37:00.118Z] [INFO ] ══════════════════════════════════════════════
[2026-04-12T04:37:00.119Z] [INFO ] SonarGold Scraper v4.0 starting...
[2026-04-12T04:37:00.119Z] [INFO ] Mode: LIVE
[2026-04-12T04:37:00.120Z] [INFO ] ══════════════════════════════════════════════
[2026-04-12T04:37:00.121Z] [INFO ] History size — Gold: 201, Silver: 201, Intl: 208
[2026-04-12T04:37:00.121Z] [INFO ] ════════════════════════════════
[2026-04-12T04:37:00.121Z] [INFO ] Starting BAJUS scrape v4.0 (sequential)...
[2026-04-12T04:37:00.122Z] [INFO ] Trying Strategy 1: BAJUSCTG API...
[2026-04-12T04:37:01.502Z] [INFO ] ✓ BAJUSCTG success: 22K gram ≈ 21260
[2026-04-12T04:37:01.503Z] [INFO ] SUCCESS — Source: bajusctg-api
[2026-04-12T04:37:01.503Z] [INFO ] Fetching international prices...
[2026-04-12T04:37:01.938Z] [INFO ] Gold: no change — skipping append
[2026-04-12T04:37:01.939Z] [INFO ] Silver: no change — skipping append
[2026-04-12T04:37:01.939Z] [INFO ] Intl: no change — skipping append
[2026-04-12T04:37:02.028Z] [INFO ] latest.json written | Final source: bajusctg-api
[2026-04-12T04:37:02.028Z] [INFO ] ══════════════════════════════════════════════
[2026-04-12T06:17:42.097Z] [INFO ] ══════════════════════════════════════════════
[2026-04-12T06:17:42.098Z] [INFO ] SonarGold Scraper v4.0 starting...
[2026-04-12T06:17:42.098Z] [INFO ] Mode: LIVE
[2026-04-12T06:17:42.098Z] [INFO ] ══════════════════════════════════════════════
[2026-04-12T06:17:42.100Z] [INFO ] History size — Gold: 201, Silver: 201, Intl: 208
[2026-04-12T06:17:42.100Z] [INFO ] ════════════════════════════════
[2026-04-12T06:17:42.100Z] [INFO ] Starting BAJUS scrape v4.0 (sequential)...
[2026-04-12T06:17:42.101Z] [INFO ] Trying Strategy 1: BAJUSCTG API...
[2026-04-12T06:17:42.511Z] [INFO ] ✓ BAJUSCTG success: 22K gram ≈ 21260
[2026-04-12T06:17:42.512Z] [INFO ] SUCCESS — Source: bajusctg-api
[2026-04-12T06:17:42.512Z] [INFO ] Fetching international prices...
[2026-04-12T06:17:42.967Z] [INFO ] Gold: no change — skipping append
[2026-04-12T06:17:42.968Z] [INFO ] Silver: no change — skipping append
[2026-04-12T06:17:42.968Z] [INFO ] Intl: no change — skipping append
[2026-04-12T06:17:42.982Z] [INFO ] latest.json written | Final source: bajusctg-api
[2026-04-12T06:17:42.982Z] [INFO ] ══════════════════════════════════════════════
[2026-04-12T07:56:17.931Z] [INFO ] ══════════════════════════════════════════════
[2026-04-12T07:56:17.932Z] [INFO ] SonarGold Scraper v4.0 starting...
[2026-04-12T07:56:17.932Z] [INFO ] Mode: LIVE
[2026-04-12T07:56:17.932Z] [INFO ] ══════════════════════════════════════════════
[2026-04-12T07:56:17.934Z] [INFO ] History size — Gold: 201, Silver: 201, Intl: 208
[2026-04-12T07:56:17.934Z] [INFO ] ════════════════════════════════
[2026-04-12T07:56:17.934Z] [INFO ] Starting BAJUS scrape v4.0 (sequential)...
[2026-04-12T07:56:17.935Z] [INFO ] Trying Strategy 1: BAJUSCTG API...
[2026-04-12T07:56:18.286Z] [INFO ] ✓ BAJUSCTG success: 22K gram ≈ 21260
[2026-04-12T07:56:18.286Z] [INFO ] SUCCESS — Source: bajusctg-api
[2026-04-12T07:56:18.287Z] [INFO ] Fetching international prices...
[2026-04-12T07:56:18.974Z] [INFO ] Gold: no change — skipping append
[2026-04-12T07:56:18.974Z] [INFO ] Silver: no change — skipping append
[2026-04-12T07:56:18.975Z] [INFO ] Intl: no change — skipping append
[2026-04-12T07:56:18.988Z] [INFO ] latest.json written | Final source: bajusctg-api
[2026-04-12T07:56:18.989Z] [INFO ] ══════════════════════════════════════════════
[2026-04-12T08:37:30.992Z] [INFO ] ══════════════════════════════════════════════
[2026-04-12T08:37:30.993Z] [INFO ] SonarGold Scraper v4.0 starting...
[2026-04-12T08:37:30.994Z] [INFO ] Mode: LIVE
[2026-04-12T08:37:30.994Z] [INFO ] ══════════════════════════════════════════════
[2026-04-12T08:37:30.995Z] [INFO ] History size — Gold: 201, Silver: 201, Intl: 208
[2026-04-12T08:37:30.995Z] [INFO ] ════════════════════════════════
[2026-04-12T08:37:30.995Z] [INFO ] Starting BAJUS scrape v4.0 (sequential)...
[2026-04-12T08:37:30.996Z] [INFO ] Trying Strategy 1: BAJUSCTG API...
[2026-04-12T08:37:32.652Z] [INFO ] ✓ BAJUSCTG success: 22K gram ≈ 21260
[2026-04-12T08:37:32.652Z] [INFO ] SUCCESS — Source: bajusctg-api
[2026-04-12T08:37:32.653Z] [INFO ] Fetching international prices...
[2026-04-12T08:37:33.155Z] [INFO ] Gold: no change — skipping append
[2026-04-12T08:37:33.155Z] [INFO ] Silver: no change — skipping append
[2026-04-12T08:37:33.155Z] [INFO ] Intl: no change — skipping append
[2026-04-12T08:37:33.168Z] [INFO ] latest.json written | Final source: bajusctg-api
[2026-04-12T08:37:33.168Z] [INFO ] ══════════════════════════════════════════════
[2026-04-12T09:35:29.073Z] [INFO ] ══════════════════════════════════════════════
[2026-04-12T09:35:29.074Z] [INFO ] SonarGold Scraper v4.0 starting...
[2026-04-12T09:35:29.074Z] [INFO ] Mode: LIVE
[2026-04-12T09:35:29.074Z] [INFO ] ══════════════════════════════════════════════
[2026-04-12T09:35:29.075Z] [INFO ] History size — Gold: 201, Silver: 201, Intl: 208
[2026-04-12T09:35:29.076Z] [INFO ] ════════════════════════════════
[2026-04-12T09:35:29.076Z] [INFO ] Starting BAJUS scrape v4.0 (sequential)...
[2026-04-12T09:35:29.076Z] [INFO ] Trying Strategy 1: BAJUSCTG API...
[2026-04-12T09:35:29.482Z] [INFO ] ✓ BAJUSCTG success: 22K gram ≈ 21260
[2026-04-12T09:35:29.483Z] [INFO ] SUCCESS — Source: bajusctg-api
[2026-04-12T09:35:29.483Z] [INFO ] Fetching international prices...
[2026-04-12T09:35:29.809Z] [INFO ] Gold: no change — skipping append
[2026-04-12T09:35:29.810Z] [INFO ] Silver: no change — skipping append
[2026-04-12T09:35:29.810Z] [INFO ] Intl: no change — skipping append
[2026-04-12T09:35:29.828Z] [INFO ] latest.json written | Final source: bajusctg-api
[2026-04-12T09:35:29.828Z] [INFO ] ══════════════════════════════════════════════
