[2026-06-13T00:03:56.136Z] [INFO ] ══════════════════════════════════════════════
[2026-06-13T00:03:56.138Z] [INFO ] SonarGold Scraper v4.0 starting...
[2026-06-13T00:03:56.138Z] [INFO ] Mode: LIVE
[2026-06-13T00:03:56.139Z] [INFO ] ══════════════════════════════════════════════
[2026-06-13T00:03:56.143Z] [INFO ] History size — Gold: 222, Silver: 215, Intl: 269
[2026-06-13T00:03:56.144Z] [INFO ] ════════════════════════════════
[2026-06-13T00:03:56.144Z] [INFO ] Starting BAJUS scrape v4.0 (sequential)...
[2026-06-13T00:03:56.145Z] [INFO ] Trying Strategy 1: BAJUSCTG API...
[2026-06-13T00:03:56.792Z] [INFO ] ✓ BAJUSCTG success: 22K gram ≈ 18720
[2026-06-13T00:03:56.793Z] [INFO ] SUCCESS — Source: bajusctg-api
[2026-06-13T00:03:56.794Z] [INFO ] Fetching international prices...
[2026-06-13T00:03:56.955Z] [ERROR] XAU fetch failed: request to https://api.gold-api.com/price/XAU failed, reason: getaddrinfo ENOTFOUND api.gold-api.com
[2026-06-13T00:03:57.047Z] [ERROR] XAG fetch failed: request to https://api.gold-api.com/price/XAG failed, reason: getaddrinfo ENOTFOUND api.gold-api.com
[2026-06-13T00:03:57.206Z] [INFO ] Gold: no change — skipping append
[2026-06-13T00:03:57.207Z] [INFO ] Silver: no change — skipping append
[2026-06-13T00:03:57.208Z] [INFO ] Intl: appended entry #270
[2026-06-13T00:03:57.224Z] [INFO ] latest.json written | Final source: bajusctg-api
[2026-06-13T00:03:57.225Z] [INFO ] ══════════════════════════════════════════════
[2026-06-13T05:06:06.180Z] [INFO ] ══════════════════════════════════════════════
[2026-06-13T05:06:06.181Z] [INFO ] SonarGold Scraper v4.0 starting...
[2026-06-13T05:06:06.182Z] [INFO ] Mode: LIVE
[2026-06-13T05:06:06.183Z] [INFO ] ══════════════════════════════════════════════
[2026-06-13T05:06:06.185Z] [INFO ] History size — Gold: 222, Silver: 215, Intl: 270
[2026-06-13T05:06:06.185Z] [INFO ] ════════════════════════════════
[2026-06-13T05:06:06.186Z] [INFO ] Starting BAJUS scrape v4.0 (sequential)...
[2026-06-13T05:06:06.187Z] [INFO ] Trying Strategy 1: BAJUSCTG API...
[2026-06-13T05:06:07.002Z] [INFO ] ✓ BAJUSCTG success: 22K gram ≈ 19285
[2026-06-13T05:06:07.003Z] [INFO ] SUCCESS — Source: bajusctg-api
[2026-06-13T05:06:07.003Z] [INFO ] Fetching international prices...
[2026-06-13T05:06:07.526Z] [INFO ] Gold: appended entry #223
[2026-06-13T05:06:07.527Z] [INFO ] Silver: appended entry #216
[2026-06-13T05:06:07.528Z] [INFO ] Intl: updated same-day entry
[2026-06-13T05:06:07.566Z] [INFO ] latest.json written | Final source: bajusctg-api
[2026-06-13T05:06:07.567Z] [INFO ] ══════════════════════════════════════════════
[2026-06-13T08:38:41.974Z] [INFO ] ══════════════════════════════════════════════
[2026-06-13T08:38:41.976Z] [INFO ] SonarGold Scraper v4.0 starting...
[2026-06-13T08:38:41.976Z] [INFO ] Mode: LIVE
[2026-06-13T08:38:41.977Z] [INFO ] ══════════════════════════════════════════════
[2026-06-13T08:38:41.979Z] [INFO ] History size — Gold: 223, Silver: 216, Intl: 270
[2026-06-13T08:38:41.980Z] [INFO ] ════════════════════════════════
[2026-06-13T08:38:41.980Z] [INFO ] Starting BAJUS scrape v4.0 (sequential)...
[2026-06-13T08:38:41.981Z] [INFO ] Trying Strategy 1: BAJUSCTG API...
[2026-06-13T08:38:42.357Z] [INFO ] ✓ BAJUSCTG success: 22K gram ≈ 19285
[2026-06-13T08:38:42.358Z] [INFO ] SUCCESS — Source: bajusctg-api
[2026-06-13T08:38:42.358Z] [INFO ] Fetching international prices...
[2026-06-13T08:38:42.953Z] [INFO ] Gold: no change — skipping append
[2026-06-13T08:38:42.953Z] [INFO ] Silver: no change — skipping append
[2026-06-13T08:38:42.954Z] [INFO ] Intl: no change — skipping append
[2026-06-13T08:38:42.968Z] [INFO ] latest.json written | Final source: bajusctg-api
[2026-06-13T08:38:42.969Z] [INFO ] ══════════════════════════════════════════════
