[2026-05-05T01:28:20.601Z] [INFO ] ══════════════════════════════════════════════
[2026-05-05T01:28:20.602Z] [INFO ] SonarGold Scraper v4.0 starting...
[2026-05-05T01:28:20.602Z] [INFO ] Mode: LIVE
[2026-05-05T01:28:20.603Z] [INFO ] ══════════════════════════════════════════════
[2026-05-05T01:28:20.605Z] [INFO ] History size — Gold: 209, Silver: 207, Intl: 230
[2026-05-05T01:28:20.605Z] [INFO ] ════════════════════════════════
[2026-05-05T01:28:20.606Z] [INFO ] Starting BAJUS scrape v4.0 (sequential)...
[2026-05-05T01:28:20.606Z] [INFO ] Trying Strategy 1: BAJUSCTG API...
[2026-05-05T01:28:22.348Z] [INFO ] ✓ BAJUSCTG success: 22K gram ≈ 20790
[2026-05-05T01:28:22.349Z] [INFO ] SUCCESS — Source: bajusctg-api
[2026-05-05T01:28:22.349Z] [INFO ] Fetching international prices...
[2026-05-05T01:28:22.939Z] [INFO ] Gold: no change — skipping append
[2026-05-05T01:28:22.939Z] [INFO ] Silver: no change — skipping append
[2026-05-05T01:28:22.940Z] [INFO ] Intl: appended entry #231
[2026-05-05T01:28:22.958Z] [INFO ] latest.json written | Final source: bajusctg-api
[2026-05-05T01:28:22.958Z] [INFO ] ══════════════════════════════════════════════
[2026-05-05T04:51:04.293Z] [INFO ] ══════════════════════════════════════════════
[2026-05-05T04:51:04.295Z] [INFO ] SonarGold Scraper v4.0 starting...
[2026-05-05T04:51:04.295Z] [INFO ] Mode: LIVE
[2026-05-05T04:51:04.296Z] [INFO ] ══════════════════════════════════════════════
[2026-05-05T04:51:04.297Z] [INFO ] History size — Gold: 209, Silver: 207, Intl: 231
[2026-05-05T04:51:04.298Z] [INFO ] ════════════════════════════════
[2026-05-05T04:51:04.298Z] [INFO ] Starting BAJUS scrape v4.0 (sequential)...
[2026-05-05T04:51:04.299Z] [INFO ] Trying Strategy 1: BAJUSCTG API...
[2026-05-05T04:51:06.075Z] [INFO ] ✓ BAJUSCTG success: 22K gram ≈ 20605
[2026-05-05T04:51:06.076Z] [INFO ] SUCCESS — Source: bajusctg-api
[2026-05-05T04:51:06.076Z] [INFO ] Fetching international prices...
[2026-05-05T04:51:06.538Z] [INFO ] Gold: appended entry #210
[2026-05-05T04:51:06.539Z] [INFO ] Silver: no change — skipping append
[2026-05-05T04:51:06.539Z] [INFO ] Intl: updated same-day entry
[2026-05-05T04:51:06.554Z] [INFO ] latest.json written | Final source: bajusctg-api
[2026-05-05T04:51:06.555Z] [INFO ] ══════════════════════════════════════════════
[2026-05-05T07:09:55.602Z] [INFO ] ══════════════════════════════════════════════
[2026-05-05T07:09:55.604Z] [INFO ] SonarGold Scraper v4.0 starting...
[2026-05-05T07:09:55.604Z] [INFO ] Mode: LIVE
[2026-05-05T07:09:55.605Z] [INFO ] ══════════════════════════════════════════════
[2026-05-05T07:09:55.606Z] [INFO ] History size — Gold: 210, Silver: 207, Intl: 231
[2026-05-05T07:09:55.607Z] [INFO ] ════════════════════════════════
[2026-05-05T07:09:55.607Z] [INFO ] Starting BAJUS scrape v4.0 (sequential)...
[2026-05-05T07:09:55.608Z] [INFO ] Trying Strategy 1: BAJUSCTG API...
[2026-05-05T07:09:56.075Z] [INFO ] ✓ BAJUSCTG success: 22K gram ≈ 20605
[2026-05-05T07:09:56.076Z] [INFO ] SUCCESS — Source: bajusctg-api
[2026-05-05T07:09:56.076Z] [INFO ] Fetching international prices...
[2026-05-05T07:09:56.697Z] [INFO ] Gold: no change — skipping append
[2026-05-05T07:09:56.697Z] [INFO ] Silver: no change — skipping append
[2026-05-05T07:09:56.698Z] [INFO ] Intl: updated same-day entry
[2026-05-05T07:09:56.713Z] [INFO ] latest.json written | Final source: bajusctg-api
[2026-05-05T07:09:56.713Z] [INFO ] ══════════════════════════════════════════════
[2026-05-05T09:49:46.579Z] [INFO ] ══════════════════════════════════════════════
[2026-05-05T09:49:46.580Z] [INFO ] SonarGold Scraper v4.0 starting...
[2026-05-05T09:49:46.580Z] [INFO ] Mode: LIVE
[2026-05-05T09:49:46.581Z] [INFO ] ══════════════════════════════════════════════
[2026-05-05T09:49:46.582Z] [INFO ] History size — Gold: 210, Silver: 207, Intl: 231
[2026-05-05T09:49:46.583Z] [INFO ] ════════════════════════════════
[2026-05-05T09:49:46.583Z] [INFO ] Starting BAJUS scrape v4.0 (sequential)...
[2026-05-05T09:49:46.584Z] [INFO ] Trying Strategy 1: BAJUSCTG API...
[2026-05-05T09:49:48.499Z] [INFO ] ✓ BAJUSCTG success: 22K gram ≈ 20605
[2026-05-05T09:49:48.500Z] [INFO ] SUCCESS — Source: bajusctg-api
[2026-05-05T09:49:48.500Z] [INFO ] Fetching international prices...
[2026-05-05T09:49:49.096Z] [INFO ] Gold: no change — skipping append
[2026-05-05T09:49:49.097Z] [INFO ] Silver: no change — skipping append
[2026-05-05T09:49:49.097Z] [INFO ] Intl: updated same-day entry
[2026-05-05T09:49:49.169Z] [INFO ] latest.json written | Final source: bajusctg-api
[2026-05-05T09:49:49.170Z] [INFO ] ══════════════════════════════════════════════
