[2026-07-11T03:12:52.770Z] [INFO ] ══════════════════════════════════════════════
[2026-07-11T03:12:52.772Z] [INFO ] SonarGold Scraper v4.0 starting...
[2026-07-11T03:12:52.772Z] [INFO ] Mode: LIVE
[2026-07-11T03:12:52.773Z] [INFO ] ══════════════════════════════════════════════
[2026-07-11T03:12:52.776Z] [INFO ] History size — Gold: 237, Silver: 227, Intl: 296
[2026-07-11T03:12:52.777Z] [INFO ] ════════════════════════════════
[2026-07-11T03:12:52.779Z] [INFO ] Starting BAJUS scrape v4.0 (sequential)...
[2026-07-11T03:12:52.780Z] [INFO ] Trying Strategy 1: BAJUSCTG API...
[2026-07-11T03:12:53.215Z] [INFO ] ✓ BAJUSCTG success: 22K gram ≈ 19220
[2026-07-11T03:12:53.216Z] [INFO ] SUCCESS — Source: bajusctg-api
[2026-07-11T03:12:53.217Z] [INFO ] Fetching international prices...
[2026-07-11T03:12:53.836Z] [INFO ] Gold: no change — skipping append
[2026-07-11T03:12:53.836Z] [INFO ] Silver: no change — skipping append
[2026-07-11T03:12:53.837Z] [INFO ] Intl: appended entry #297
[2026-07-11T03:12:53.875Z] [INFO ] latest.json written | Final source: bajusctg-api
[2026-07-11T03:12:53.876Z] [INFO ] ══════════════════════════════════════════════
[2026-07-11T05:57:57.322Z] [INFO ] ══════════════════════════════════════════════
[2026-07-11T05:57:57.324Z] [INFO ] SonarGold Scraper v4.0 starting...
[2026-07-11T05:57:57.325Z] [INFO ] Mode: LIVE
[2026-07-11T05:57:57.325Z] [INFO ] ══════════════════════════════════════════════
[2026-07-11T05:57:57.327Z] [INFO ] History size — Gold: 237, Silver: 227, Intl: 297
[2026-07-11T05:57:57.328Z] [INFO ] ════════════════════════════════
[2026-07-11T05:57:57.329Z] [INFO ] Starting BAJUS scrape v4.0 (sequential)...
[2026-07-11T05:57:57.331Z] [INFO ] Trying Strategy 1: BAJUSCTG API...
[2026-07-11T05:57:57.744Z] [INFO ] ✓ BAJUSCTG success: 22K gram ≈ 19220
[2026-07-11T05:57:57.745Z] [INFO ] SUCCESS — Source: bajusctg-api
[2026-07-11T05:57:57.746Z] [INFO ] Fetching international prices...
[2026-07-11T05:57:58.319Z] [INFO ] Gold: no change — skipping append
[2026-07-11T05:57:58.320Z] [INFO ] Silver: no change — skipping append
[2026-07-11T05:57:58.320Z] [INFO ] Intl: no change — skipping append
[2026-07-11T05:57:58.357Z] [INFO ] latest.json written | Final source: bajusctg-api
[2026-07-11T05:57:58.358Z] [INFO ] ══════════════════════════════════════════════
[2026-07-11T08:08:26.725Z] [INFO ] ══════════════════════════════════════════════
[2026-07-11T08:08:26.727Z] [INFO ] SonarGold Scraper v4.0 starting...
[2026-07-11T08:08:26.728Z] [INFO ] Mode: LIVE
[2026-07-11T08:08:26.729Z] [INFO ] ══════════════════════════════════════════════
[2026-07-11T08:08:26.731Z] [INFO ] History size — Gold: 237, Silver: 227, Intl: 297
[2026-07-11T08:08:26.732Z] [INFO ] ════════════════════════════════
[2026-07-11T08:08:26.734Z] [INFO ] Starting BAJUS scrape v4.0 (sequential)...
[2026-07-11T08:08:26.735Z] [INFO ] Trying Strategy 1: BAJUSCTG API...
[2026-07-11T08:08:27.091Z] [INFO ] ✓ BAJUSCTG success: 22K gram ≈ 19220
[2026-07-11T08:08:27.092Z] [INFO ] SUCCESS — Source: bajusctg-api
[2026-07-11T08:08:27.093Z] [INFO ] Fetching international prices...
[2026-07-11T08:08:27.715Z] [INFO ] Gold: no change — skipping append
[2026-07-11T08:08:27.716Z] [INFO ] Silver: no change — skipping append
[2026-07-11T08:08:27.717Z] [INFO ] Intl: no change — skipping append
[2026-07-11T08:08:27.735Z] [INFO ] latest.json written | Final source: bajusctg-api
[2026-07-11T08:08:27.736Z] [INFO ] ══════════════════════════════════════════════
[2026-07-11T10:00:06.941Z] [INFO ] ══════════════════════════════════════════════
[2026-07-11T10:00:06.943Z] [INFO ] SonarGold Scraper v4.0 starting...
[2026-07-11T10:00:06.944Z] [INFO ] Mode: LIVE
[2026-07-11T10:00:06.945Z] [INFO ] ══════════════════════════════════════════════
[2026-07-11T10:00:06.946Z] [INFO ] History size — Gold: 237, Silver: 227, Intl: 297
[2026-07-11T10:00:06.947Z] [INFO ] ════════════════════════════════
[2026-07-11T10:00:06.950Z] [INFO ] Starting BAJUS scrape v4.0 (sequential)...
[2026-07-11T10:00:06.950Z] [INFO ] Trying Strategy 1: BAJUSCTG API...
[2026-07-11T10:00:07.319Z] [INFO ] ✓ BAJUSCTG success: 22K gram ≈ 19220
[2026-07-11T10:00:07.320Z] [INFO ] SUCCESS — Source: bajusctg-api
[2026-07-11T10:00:07.320Z] [INFO ] Fetching international prices...
[2026-07-11T10:00:07.752Z] [INFO ] Gold: no change — skipping append
[2026-07-11T10:00:07.753Z] [INFO ] Silver: no change — skipping append
[2026-07-11T10:00:07.754Z] [INFO ] Intl: no change — skipping append
[2026-07-11T10:00:07.765Z] [INFO ] latest.json written | Final source: bajusctg-api
[2026-07-11T10:00:07.766Z] [INFO ] ══════════════════════════════════════════════
[2026-07-11T11:15:27.695Z] [INFO ] ══════════════════════════════════════════════
[2026-07-11T11:15:27.697Z] [INFO ] SonarGold Scraper v4.0 starting...
[2026-07-11T11:15:27.698Z] [INFO ] Mode: LIVE
[2026-07-11T11:15:27.698Z] [INFO ] ══════════════════════════════════════════════
[2026-07-11T11:15:27.700Z] [INFO ] History size — Gold: 237, Silver: 227, Intl: 297
[2026-07-11T11:15:27.701Z] [INFO ] ════════════════════════════════
[2026-07-11T11:15:27.703Z] [INFO ] Starting BAJUS scrape v4.0 (sequential)...
[2026-07-11T11:15:27.704Z] [INFO ] Trying Strategy 1: BAJUSCTG API...
[2026-07-11T11:15:28.176Z] [INFO ] ✓ BAJUSCTG success: 22K gram ≈ 19220
[2026-07-11T11:15:28.176Z] [INFO ] SUCCESS — Source: bajusctg-api
[2026-07-11T11:15:28.177Z] [INFO ] Fetching international prices...
[2026-07-11T11:15:28.938Z] [INFO ] Gold: no change — skipping append
[2026-07-11T11:15:28.939Z] [INFO ] Silver: no change — skipping append
[2026-07-11T11:15:28.939Z] [INFO ] Intl: no change — skipping append
[2026-07-11T11:15:29.157Z] [INFO ] latest.json written | Final source: bajusctg-api
[2026-07-11T11:15:29.158Z] [INFO ] ══════════════════════════════════════════════
[2026-07-11T12:30:28.032Z] [INFO ] ══════════════════════════════════════════════
[2026-07-11T12:30:28.034Z] [INFO ] SonarGold Scraper v4.0 starting...
[2026-07-11T12:30:28.034Z] [INFO ] Mode: LIVE
[2026-07-11T12:30:28.035Z] [INFO ] ══════════════════════════════════════════════
[2026-07-11T12:30:28.038Z] [INFO ] History size — Gold: 237, Silver: 227, Intl: 297
[2026-07-11T12:30:28.039Z] [INFO ] ════════════════════════════════
[2026-07-11T12:30:28.041Z] [INFO ] Starting BAJUS scrape v4.0 (sequential)...
[2026-07-11T12:30:28.042Z] [INFO ] Trying Strategy 1: BAJUSCTG API...
[2026-07-11T12:30:28.475Z] [INFO ] ✓ BAJUSCTG success: 22K gram ≈ 19220
[2026-07-11T12:30:28.476Z] [INFO ] SUCCESS — Source: bajusctg-api
[2026-07-11T12:30:28.477Z] [INFO ] Fetching international prices...
[2026-07-11T12:30:29.037Z] [INFO ] Gold: no change — skipping append
[2026-07-11T12:30:29.038Z] [INFO ] Silver: no change — skipping append
[2026-07-11T12:30:29.039Z] [INFO ] Intl: no change — skipping append
[2026-07-11T12:30:29.054Z] [INFO ] latest.json written | Final source: bajusctg-api
[2026-07-11T12:30:29.055Z] [INFO ] ══════════════════════════════════════════════
[2026-07-11T14:23:40.909Z] [INFO ] ══════════════════════════════════════════════
[2026-07-11T14:23:40.911Z] [INFO ] SonarGold Scraper v4.0 starting...
[2026-07-11T14:23:40.912Z] [INFO ] Mode: LIVE
[2026-07-11T14:23:40.913Z] [INFO ] ══════════════════════════════════════════════
[2026-07-11T14:23:40.915Z] [INFO ] History size — Gold: 237, Silver: 227, Intl: 297
[2026-07-11T14:23:40.916Z] [INFO ] ════════════════════════════════
[2026-07-11T14:23:40.918Z] [INFO ] Starting BAJUS scrape v4.0 (sequential)...
[2026-07-11T14:23:40.919Z] [INFO ] Trying Strategy 1: BAJUSCTG API...
[2026-07-11T14:23:41.388Z] [INFO ] ✓ BAJUSCTG success: 22K gram ≈ 19220
[2026-07-11T14:23:41.390Z] [INFO ] SUCCESS — Source: bajusctg-api
[2026-07-11T14:23:41.391Z] [INFO ] Fetching international prices...
[2026-07-11T14:23:41.923Z] [INFO ] Gold: no change — skipping append
[2026-07-11T14:23:41.924Z] [INFO ] Silver: no change — skipping append
[2026-07-11T14:23:41.925Z] [INFO ] Intl: no change — skipping append
[2026-07-11T14:23:41.939Z] [INFO ] latest.json written | Final source: bajusctg-api
[2026-07-11T14:23:41.940Z] [INFO ] ══════════════════════════════════════════════
[2026-07-11T15:32:04.240Z] [INFO ] ══════════════════════════════════════════════
[2026-07-11T15:32:04.242Z] [INFO ] SonarGold Scraper v4.0 starting...
[2026-07-11T15:32:04.244Z] [INFO ] Mode: LIVE
[2026-07-11T15:32:04.245Z] [INFO ] ══════════════════════════════════════════════
[2026-07-11T15:32:04.247Z] [INFO ] History size — Gold: 237, Silver: 227, Intl: 297
[2026-07-11T15:32:04.248Z] [INFO ] ════════════════════════════════
[2026-07-11T15:32:04.251Z] [INFO ] Starting BAJUS scrape v4.0 (sequential)...
[2026-07-11T15:32:04.252Z] [INFO ] Trying Strategy 1: BAJUSCTG API...
[2026-07-11T15:32:04.649Z] [INFO ] ✓ BAJUSCTG success: 22K gram ≈ 19220
[2026-07-11T15:32:04.650Z] [INFO ] SUCCESS — Source: bajusctg-api
[2026-07-11T15:32:04.651Z] [INFO ] Fetching international prices...
[2026-07-11T15:32:05.278Z] [INFO ] Gold: no change — skipping append
[2026-07-11T15:32:05.279Z] [INFO ] Silver: no change — skipping append
[2026-07-11T15:32:05.280Z] [INFO ] Intl: no change — skipping append
[2026-07-11T15:32:05.295Z] [INFO ] latest.json written | Final source: bajusctg-api
[2026-07-11T15:32:05.296Z] [INFO ] ══════════════════════════════════════════════
[2026-07-11T17:02:38.872Z] [INFO ] ══════════════════════════════════════════════
[2026-07-11T17:02:38.874Z] [INFO ] SonarGold Scraper v4.0 starting...
[2026-07-11T17:02:38.875Z] [INFO ] Mode: LIVE
[2026-07-11T17:02:38.876Z] [INFO ] ══════════════════════════════════════════════
[2026-07-11T17:02:38.878Z] [INFO ] History size — Gold: 237, Silver: 227, Intl: 297
[2026-07-11T17:02:38.879Z] [INFO ] ════════════════════════════════
[2026-07-11T17:02:38.882Z] [INFO ] Starting BAJUS scrape v4.0 (sequential)...
[2026-07-11T17:02:38.882Z] [INFO ] Trying Strategy 1: BAJUSCTG API...
[2026-07-11T17:02:39.275Z] [INFO ] ✓ BAJUSCTG success: 22K gram ≈ 19220
[2026-07-11T17:02:39.276Z] [INFO ] SUCCESS — Source: bajusctg-api
[2026-07-11T17:02:39.277Z] [INFO ] Fetching international prices...
[2026-07-11T17:02:39.997Z] [INFO ] Gold: no change — skipping append
[2026-07-11T17:02:39.998Z] [INFO ] Silver: no change — skipping append
[2026-07-11T17:02:39.998Z] [INFO ] Intl: no change — skipping append
[2026-07-11T17:02:40.014Z] [INFO ] latest.json written | Final source: bajusctg-api
[2026-07-11T17:02:40.015Z] [INFO ] ══════════════════════════════════════════════
