[2026-06-27T01:29:07.457Z] [INFO ] ══════════════════════════════════════════════
[2026-06-27T01:29:07.459Z] [INFO ] SonarGold Scraper v4.0 starting...
[2026-06-27T01:29:07.460Z] [INFO ] Mode: LIVE
[2026-06-27T01:29:07.460Z] [INFO ] ══════════════════════════════════════════════
[2026-06-27T01:29:07.462Z] [INFO ] History size — Gold: 230, Silver: 221, Intl: 283
[2026-06-27T01:29:07.463Z] [INFO ] ════════════════════════════════
[2026-06-27T01:29:07.464Z] [INFO ] Starting BAJUS scrape v4.0 (sequential)...
[2026-06-27T01:29:07.466Z] [INFO ] Trying Strategy 1: BAJUSCTG API...
[2026-06-27T01:29:08.295Z] [WARN ] BAJUSCTG API failed: Invalid response body while trying to fetch https://bajushub.com/pricesx.php: Premature close
[2026-06-27T01:29:08.296Z] [INFO ] Trying BAJUSCTG HTML fallback...
[2026-06-27T01:29:09.244Z] [WARN ] BAJUSCTG HTML failed: Invalid response body while trying to fetch https://bajushub.com/: Premature close
[2026-06-27T01:29:09.245Z] [INFO ] Trying Strategy 2: GoldR.org homepage...
[2026-06-27T01:29:09.463Z] [WARN ] GoldR.org failed: Invalid response body while trying to fetch https://www.goldr.org/: Premature close
[2026-06-27T01:29:09.464Z] [INFO ] Trying Strategy 3: bdgoldprice.com...
[2026-06-27T01:29:09.792Z] [WARN ] BDGoldPrice failed: Invalid response body while trying to fetch https://www.bdgoldprice.com/: Premature close
[2026-06-27T01:29:09.793Z] [INFO ] Trying Strategy 4: Wayback Machine...
[2026-06-27T01:29:20.732Z] [WARN ] Wayback failed: Invalid response body while trying to fetch http://web.archive.org/web/20250901185455/https://www.bajus.org/gold-price: Premature close
[2026-06-27T01:29:20.733Z] [INFO ] Using cached prices from 2026-06-25 (40h old)
[2026-06-27T01:29:20.734Z] [WARN ] ALL LIVE SOURCES FAILED — Using cached prices (mandatory fallback)
[2026-06-27T01:29:20.735Z] [INFO ] Fetching international prices...
[2026-06-27T01:29:21.119Z] [ERROR] FX fetch failed: Invalid response body while trying to fetch https://open.er-api.com/v6/latest/USD: Premature close
[2026-06-27T01:29:21.120Z] [INFO ] Gold: no change — skipping append
[2026-06-27T01:29:21.121Z] [INFO ] Silver: no change — skipping append
[2026-06-27T01:29:21.122Z] [INFO ] Intl: no change — skipping append
[2026-06-27T01:29:21.158Z] [INFO ] latest.json written | Final source: cache
[2026-06-27T01:29:21.158Z] [INFO ] ══════════════════════════════════════════════
