[2026-05-16T01:45:35.439Z] [INFO ] ══════════════════════════════════════════════
[2026-05-16T01:45:35.440Z] [INFO ] SonarGold Scraper v4.0 starting...
[2026-05-16T01:45:35.441Z] [INFO ] Mode: LIVE
[2026-05-16T01:45:35.441Z] [INFO ] ══════════════════════════════════════════════
[2026-05-16T01:45:35.443Z] [INFO ] History size — Gold: 213, Silver: 209, Intl: 241
[2026-05-16T01:45:35.443Z] [INFO ] ════════════════════════════════
[2026-05-16T01:45:35.444Z] [INFO ] Starting BAJUS scrape v4.0 (sequential)...
[2026-05-16T01:45:35.444Z] [INFO ] Trying Strategy 1: BAJUSCTG API...
[2026-05-16T01:45:37.207Z] [INFO ] ✓ BAJUSCTG success: 22K gram ≈ 20790
[2026-05-16T01:45:37.208Z] [INFO ] SUCCESS — Source: bajusctg-api
[2026-05-16T01:45:37.209Z] [INFO ] Fetching international prices...
[2026-05-16T01:45:37.883Z] [INFO ] Gold: no change — skipping append
[2026-05-16T01:45:37.883Z] [INFO ] Silver: no change — skipping append
[2026-05-16T01:45:37.884Z] [INFO ] Intl: appended entry #242
[2026-05-16T01:45:37.899Z] [INFO ] latest.json written | Final source: bajusctg-api
[2026-05-16T01:45:37.899Z] [INFO ] ══════════════════════════════════════════════
[2026-05-16T05:16:47.474Z] [INFO ] ══════════════════════════════════════════════
[2026-05-16T05:16:47.475Z] [INFO ] SonarGold Scraper v4.0 starting...
[2026-05-16T05:16:47.475Z] [INFO ] Mode: LIVE
[2026-05-16T05:16:47.476Z] [INFO ] ══════════════════════════════════════════════
[2026-05-16T05:16:47.478Z] [INFO ] History size — Gold: 213, Silver: 209, Intl: 242
[2026-05-16T05:16:47.478Z] [INFO ] ════════════════════════════════
[2026-05-16T05:16:47.479Z] [INFO ] Starting BAJUS scrape v4.0 (sequential)...
[2026-05-16T05:16:47.479Z] [INFO ] Trying Strategy 1: BAJUSCTG API...
[2026-05-16T05:16:49.166Z] [INFO ] ✓ BAJUSCTG success: 22K gram ≈ 20415
[2026-05-16T05:16:49.166Z] [INFO ] SUCCESS — Source: bajusctg-api
[2026-05-16T05:16:49.167Z] [INFO ] Fetching international prices...
[2026-05-16T05:16:49.728Z] [INFO ] Gold: appended entry #214
[2026-05-16T05:16:49.729Z] [INFO ] Silver: appended entry #210
[2026-05-16T05:16:49.729Z] [INFO ] Intl: no change — skipping append
[2026-05-16T05:16:49.744Z] [INFO ] latest.json written | Final source: bajusctg-api
[2026-05-16T05:16:49.744Z] [INFO ] ══════════════════════════════════════════════
[2026-05-16T07:45:37.732Z] [INFO ] ══════════════════════════════════════════════
[2026-05-16T07:45:37.734Z] [INFO ] SonarGold Scraper v4.0 starting...
[2026-05-16T07:45:37.734Z] [INFO ] Mode: LIVE
[2026-05-16T07:45:37.735Z] [INFO ] ══════════════════════════════════════════════
[2026-05-16T07:45:37.737Z] [INFO ] History size — Gold: 214, Silver: 210, Intl: 242
[2026-05-16T07:45:37.737Z] [INFO ] ════════════════════════════════
[2026-05-16T07:45:37.738Z] [INFO ] Starting BAJUS scrape v4.0 (sequential)...
[2026-05-16T07:45:37.738Z] [INFO ] Trying Strategy 1: BAJUSCTG API...
[2026-05-16T07:45:39.272Z] [INFO ] ✓ BAJUSCTG success: 22K gram ≈ 20415
[2026-05-16T07:45:39.273Z] [INFO ] SUCCESS — Source: bajusctg-api
[2026-05-16T07:45:39.273Z] [INFO ] Fetching international prices...
[2026-05-16T07:45:40.183Z] [INFO ] Gold: no change — skipping append
[2026-05-16T07:45:40.183Z] [INFO ] Silver: no change — skipping append
[2026-05-16T07:45:40.184Z] [INFO ] Intl: no change — skipping append
[2026-05-16T07:45:40.198Z] [INFO ] latest.json written | Final source: bajusctg-api
[2026-05-16T07:45:40.199Z] [INFO ] ══════════════════════════════════════════════
[2026-05-16T09:18:45.584Z] [INFO ] ══════════════════════════════════════════════
[2026-05-16T09:18:45.585Z] [INFO ] SonarGold Scraper v4.0 starting...
[2026-05-16T09:18:45.586Z] [INFO ] Mode: LIVE
[2026-05-16T09:18:45.586Z] [INFO ] ══════════════════════════════════════════════
[2026-05-16T09:18:45.588Z] [INFO ] History size — Gold: 214, Silver: 210, Intl: 242
[2026-05-16T09:18:45.588Z] [INFO ] ════════════════════════════════
[2026-05-16T09:18:45.589Z] [INFO ] Starting BAJUS scrape v4.0 (sequential)...
[2026-05-16T09:18:45.589Z] [INFO ] Trying Strategy 1: BAJUSCTG API...
[2026-05-16T09:18:46.009Z] [INFO ] ✓ BAJUSCTG success: 22K gram ≈ 20415
[2026-05-16T09:18:46.010Z] [INFO ] SUCCESS — Source: bajusctg-api
[2026-05-16T09:18:46.010Z] [INFO ] Fetching international prices...
[2026-05-16T09:18:46.233Z] [INFO ] Gold: no change — skipping append
[2026-05-16T09:18:46.233Z] [INFO ] Silver: no change — skipping append
[2026-05-16T09:18:46.234Z] [INFO ] Intl: no change — skipping append
[2026-05-16T09:18:46.826Z] [INFO ] latest.json written | Final source: bajusctg-api
[2026-05-16T09:18:46.827Z] [INFO ] ══════════════════════════════════════════════
[2026-05-16T10:53:06.328Z] [INFO ] ══════════════════════════════════════════════
[2026-05-16T10:53:06.329Z] [INFO ] SonarGold Scraper v4.0 starting...
[2026-05-16T10:53:06.330Z] [INFO ] Mode: LIVE
[2026-05-16T10:53:06.330Z] [INFO ] ══════════════════════════════════════════════
[2026-05-16T10:53:06.331Z] [INFO ] History size — Gold: 214, Silver: 210, Intl: 242
[2026-05-16T10:53:06.332Z] [INFO ] ════════════════════════════════
[2026-05-16T10:53:06.332Z] [INFO ] Starting BAJUS scrape v4.0 (sequential)...
[2026-05-16T10:53:06.333Z] [INFO ] Trying Strategy 1: BAJUSCTG API...
[2026-05-16T10:53:06.758Z] [INFO ] ✓ BAJUSCTG success: 22K gram ≈ 20415
[2026-05-16T10:53:06.758Z] [INFO ] SUCCESS — Source: bajusctg-api
[2026-05-16T10:53:06.759Z] [INFO ] Fetching international prices...
[2026-05-16T10:53:07.049Z] [INFO ] Gold: no change — skipping append
[2026-05-16T10:53:07.049Z] [INFO ] Silver: no change — skipping append
[2026-05-16T10:53:07.049Z] [INFO ] Intl: no change — skipping append
[2026-05-16T10:53:07.063Z] [INFO ] latest.json written | Final source: bajusctg-api
[2026-05-16T10:53:07.063Z] [INFO ] ══════════════════════════════════════════════
[2026-05-16T11:41:41.000Z] [INFO ] ══════════════════════════════════════════════
[2026-05-16T11:41:41.002Z] [INFO ] SonarGold Scraper v4.0 starting...
[2026-05-16T11:41:41.002Z] [INFO ] Mode: LIVE
[2026-05-16T11:41:41.003Z] [INFO ] ══════════════════════════════════════════════
[2026-05-16T11:41:41.004Z] [INFO ] History size — Gold: 214, Silver: 210, Intl: 242
[2026-05-16T11:41:41.005Z] [INFO ] ════════════════════════════════
[2026-05-16T11:41:41.006Z] [INFO ] Starting BAJUS scrape v4.0 (sequential)...
[2026-05-16T11:41:41.006Z] [INFO ] Trying Strategy 1: BAJUSCTG API...
[2026-05-16T11:41:43.191Z] [INFO ] ✓ BAJUSCTG success: 22K gram ≈ 20415
[2026-05-16T11:41:43.192Z] [INFO ] SUCCESS — Source: bajusctg-api
[2026-05-16T11:41:43.192Z] [INFO ] Fetching international prices...
[2026-05-16T11:41:43.627Z] [INFO ] Gold: no change — skipping append
[2026-05-16T11:41:43.627Z] [INFO ] Silver: no change — skipping append
[2026-05-16T11:41:43.628Z] [INFO ] Intl: no change — skipping append
[2026-05-16T11:41:43.642Z] [INFO ] latest.json written | Final source: bajusctg-api
[2026-05-16T11:41:43.643Z] [INFO ] ══════════════════════════════════════════════
[2026-05-16T12:52:37.350Z] [INFO ] ══════════════════════════════════════════════
[2026-05-16T12:52:37.352Z] [INFO ] SonarGold Scraper v4.0 starting...
[2026-05-16T12:52:37.352Z] [INFO ] Mode: LIVE
[2026-05-16T12:52:37.353Z] [INFO ] ══════════════════════════════════════════════
[2026-05-16T12:52:37.354Z] [INFO ] History size — Gold: 214, Silver: 210, Intl: 242
[2026-05-16T12:52:37.354Z] [INFO ] ════════════════════════════════
[2026-05-16T12:52:37.355Z] [INFO ] Starting BAJUS scrape v4.0 (sequential)...
[2026-05-16T12:52:37.355Z] [INFO ] Trying Strategy 1: BAJUSCTG API...
[2026-05-16T12:52:38.993Z] [INFO ] ✓ BAJUSCTG success: 22K gram ≈ 20415
[2026-05-16T12:52:38.994Z] [INFO ] SUCCESS — Source: bajusctg-api
[2026-05-16T12:52:38.994Z] [INFO ] Fetching international prices...
[2026-05-16T12:52:39.522Z] [INFO ] Gold: no change — skipping append
[2026-05-16T12:52:39.523Z] [INFO ] Silver: no change — skipping append
[2026-05-16T12:52:39.523Z] [INFO ] Intl: no change — skipping append
[2026-05-16T12:52:39.536Z] [INFO ] latest.json written | Final source: bajusctg-api
[2026-05-16T12:52:39.537Z] [INFO ] ══════════════════════════════════════════════
[2026-05-16T14:16:58.105Z] [INFO ] ══════════════════════════════════════════════
[2026-05-16T14:16:58.107Z] [INFO ] SonarGold Scraper v4.0 starting...
[2026-05-16T14:16:58.107Z] [INFO ] Mode: LIVE
[2026-05-16T14:16:58.108Z] [INFO ] ══════════════════════════════════════════════
[2026-05-16T14:16:58.110Z] [INFO ] History size — Gold: 214, Silver: 210, Intl: 242
[2026-05-16T14:16:58.110Z] [INFO ] ════════════════════════════════
[2026-05-16T14:16:58.111Z] [INFO ] Starting BAJUS scrape v4.0 (sequential)...
[2026-05-16T14:16:58.112Z] [INFO ] Trying Strategy 1: BAJUSCTG API...
[2026-05-16T14:16:59.752Z] [INFO ] ✓ BAJUSCTG success: 22K gram ≈ 20415
[2026-05-16T14:16:59.752Z] [INFO ] SUCCESS — Source: bajusctg-api
[2026-05-16T14:16:59.753Z] [INFO ] Fetching international prices...
[2026-05-16T14:17:00.488Z] [INFO ] Gold: no change — skipping append
[2026-05-16T14:17:00.489Z] [INFO ] Silver: no change — skipping append
[2026-05-16T14:17:00.489Z] [INFO ] Intl: no change — skipping append
[2026-05-16T14:17:00.775Z] [INFO ] latest.json written | Final source: bajusctg-api
[2026-05-16T14:17:00.775Z] [INFO ] ══════════════════════════════════════════════
[2026-05-16T15:45:06.498Z] [INFO ] ══════════════════════════════════════════════
[2026-05-16T15:45:06.499Z] [INFO ] SonarGold Scraper v4.0 starting...
[2026-05-16T15:45:06.500Z] [INFO ] Mode: LIVE
[2026-05-16T15:45:06.500Z] [INFO ] ══════════════════════════════════════════════
[2026-05-16T15:45:06.502Z] [INFO ] History size — Gold: 214, Silver: 210, Intl: 242
[2026-05-16T15:45:06.502Z] [INFO ] ════════════════════════════════
[2026-05-16T15:45:06.503Z] [INFO ] Starting BAJUS scrape v4.0 (sequential)...
[2026-05-16T15:45:06.504Z] [INFO ] Trying Strategy 1: BAJUSCTG API...
[2026-05-16T15:45:06.889Z] [INFO ] ✓ BAJUSCTG success: 22K gram ≈ 20415
[2026-05-16T15:45:06.889Z] [INFO ] SUCCESS — Source: bajusctg-api
[2026-05-16T15:45:06.890Z] [INFO ] Fetching international prices...
[2026-05-16T15:45:07.683Z] [INFO ] Gold: no change — skipping append
[2026-05-16T15:45:07.683Z] [INFO ] Silver: no change — skipping append
[2026-05-16T15:45:07.684Z] [INFO ] Intl: no change — skipping append
[2026-05-16T15:45:07.698Z] [INFO ] latest.json written | Final source: bajusctg-api
[2026-05-16T15:45:07.699Z] [INFO ] ══════════════════════════════════════════════
