[2026-07-05T03:53:21.214Z] [INFO ] ══════════════════════════════════════════════
[2026-07-05T03:53:21.216Z] [INFO ] SonarGold Scraper v4.0 starting...
[2026-07-05T03:53:21.217Z] [INFO ] Mode: LIVE
[2026-07-05T03:53:21.218Z] [INFO ] ══════════════════════════════════════════════
[2026-07-05T03:53:21.220Z] [INFO ] History size — Gold: 234, Silver: 225, Intl: 290
[2026-07-05T03:53:21.221Z] [INFO ] ════════════════════════════════
[2026-07-05T03:53:21.222Z] [INFO ] Starting BAJUS scrape v4.0 (sequential)...
[2026-07-05T03:53:21.224Z] [INFO ] Trying Strategy 1: BAJUSCTG API...
[2026-07-05T03:53:21.737Z] [INFO ] ✓ BAJUSCTG success: 22K gram ≈ 19595
[2026-07-05T03:53:21.738Z] [INFO ] SUCCESS — Source: bajusctg-api
[2026-07-05T03:53:21.739Z] [INFO ] Fetching international prices...
[2026-07-05T03:53:22.241Z] [INFO ] Gold: no change — skipping append
[2026-07-05T03:53:22.242Z] [INFO ] Silver: no change — skipping append
[2026-07-05T03:53:22.242Z] [INFO ] Intl: appended entry #291
[2026-07-05T03:53:22.258Z] [INFO ] latest.json written | Final source: bajusctg-api
[2026-07-05T03:53:22.258Z] [INFO ] ══════════════════════════════════════════════
[2026-07-05T07:32:03.110Z] [INFO ] ══════════════════════════════════════════════
[2026-07-05T07:32:03.112Z] [INFO ] SonarGold Scraper v4.0 starting...
[2026-07-05T07:32:03.112Z] [INFO ] Mode: LIVE
[2026-07-05T07:32:03.113Z] [INFO ] ══════════════════════════════════════════════
[2026-07-05T07:32:03.115Z] [INFO ] History size — Gold: 234, Silver: 225, Intl: 291
[2026-07-05T07:32:03.116Z] [INFO ] ════════════════════════════════
[2026-07-05T07:32:03.118Z] [INFO ] Starting BAJUS scrape v4.0 (sequential)...
[2026-07-05T07:32:03.119Z] [INFO ] Trying Strategy 1: BAJUSCTG API...
[2026-07-05T07:32:03.543Z] [INFO ] ✓ BAJUSCTG success: 22K gram ≈ 19595
[2026-07-05T07:32:03.544Z] [INFO ] SUCCESS — Source: bajusctg-api
[2026-07-05T07:32:03.545Z] [INFO ] Fetching international prices...
[2026-07-05T07:32:03.897Z] [INFO ] Gold: no change — skipping append
[2026-07-05T07:32:03.897Z] [INFO ] Silver: no change — skipping append
[2026-07-05T07:32:03.898Z] [INFO ] Intl: no change — skipping append
[2026-07-05T07:32:04.188Z] [INFO ] latest.json written | Final source: bajusctg-api
[2026-07-05T07:32:04.189Z] [INFO ] ══════════════════════════════════════════════
[2026-07-05T10:20:46.184Z] [INFO ] ══════════════════════════════════════════════
[2026-07-05T10:20:46.185Z] [INFO ] SonarGold Scraper v4.0 starting...
[2026-07-05T10:20:46.186Z] [INFO ] Mode: LIVE
[2026-07-05T10:20:46.187Z] [INFO ] ══════════════════════════════════════════════
[2026-07-05T10:20:46.189Z] [INFO ] History size — Gold: 234, Silver: 225, Intl: 291
[2026-07-05T10:20:46.190Z] [INFO ] ════════════════════════════════
[2026-07-05T10:20:46.193Z] [INFO ] Starting BAJUS scrape v4.0 (sequential)...
[2026-07-05T10:20:46.193Z] [INFO ] Trying Strategy 1: BAJUSCTG API...
[2026-07-05T10:20:46.841Z] [INFO ] ✓ BAJUSCTG success: 22K gram ≈ 19595
[2026-07-05T10:20:46.842Z] [INFO ] SUCCESS — Source: bajusctg-api
[2026-07-05T10:20:46.843Z] [INFO ] Fetching international prices...
[2026-07-05T10:20:47.594Z] [INFO ] Gold: no change — skipping append
[2026-07-05T10:20:47.594Z] [INFO ] Silver: no change — skipping append
[2026-07-05T10:20:47.595Z] [INFO ] Intl: no change — skipping append
[2026-07-05T10:20:47.630Z] [INFO ] latest.json written | Final source: bajusctg-api
[2026-07-05T10:20:47.630Z] [INFO ] ══════════════════════════════════════════════
[2026-07-05T11:56:08.205Z] [INFO ] ══════════════════════════════════════════════
[2026-07-05T11:56:08.207Z] [INFO ] SonarGold Scraper v4.0 starting...
[2026-07-05T11:56:08.208Z] [INFO ] Mode: LIVE
[2026-07-05T11:56:08.209Z] [INFO ] ══════════════════════════════════════════════
[2026-07-05T11:56:08.211Z] [INFO ] History size — Gold: 234, Silver: 225, Intl: 291
[2026-07-05T11:56:08.212Z] [INFO ] ════════════════════════════════
[2026-07-05T11:56:08.215Z] [INFO ] Starting BAJUS scrape v4.0 (sequential)...
[2026-07-05T11:56:08.216Z] [INFO ] Trying Strategy 1: BAJUSCTG API...
[2026-07-05T11:56:08.617Z] [INFO ] ✓ BAJUSCTG success: 22K gram ≈ 19595
[2026-07-05T11:56:08.618Z] [INFO ] SUCCESS — Source: bajusctg-api
[2026-07-05T11:56:08.619Z] [INFO ] Fetching international prices...
[2026-07-05T11:56:09.200Z] [INFO ] Gold: no change — skipping append
[2026-07-05T11:56:09.201Z] [INFO ] Silver: no change — skipping append
[2026-07-05T11:56:09.201Z] [INFO ] Intl: no change — skipping append
[2026-07-05T11:56:09.216Z] [INFO ] latest.json written | Final source: bajusctg-api
[2026-07-05T11:56:09.217Z] [INFO ] ══════════════════════════════════════════════
