[2026-06-24T04:00:05.550Z] [INFO ] ══════════════════════════════════════════════
[2026-06-24T04:00:05.551Z] [INFO ] SonarGold Scraper v4.0 starting...
[2026-06-24T04:00:05.552Z] [INFO ] Mode: LIVE
[2026-06-24T04:00:05.553Z] [INFO ] ══════════════════════════════════════════════
[2026-06-24T04:00:05.555Z] [INFO ] History size — Gold: 228, Silver: 219, Intl: 280
[2026-06-24T04:00:05.556Z] [INFO ] ════════════════════════════════
[2026-06-24T04:00:05.557Z] [INFO ] Starting BAJUS scrape v4.0 (sequential)...
[2026-06-24T04:00:05.559Z] [INFO ] Trying Strategy 1: BAJUSCTG API...
[2026-06-24T04:00:06.013Z] [INFO ] ✓ BAJUSCTG success: 22K gram ≈ 19315
[2026-06-24T04:00:06.014Z] [INFO ] SUCCESS — Source: bajusctg-api
[2026-06-24T04:00:06.015Z] [INFO ] Fetching international prices...
[2026-06-24T04:00:06.546Z] [INFO ] Gold: appended entry #229
[2026-06-24T04:00:06.547Z] [INFO ] Silver: appended entry #220
[2026-06-24T04:00:06.548Z] [INFO ] Intl: appended entry #281
[2026-06-24T04:00:06.578Z] [INFO ] latest.json written | Final source: bajusctg-api
[2026-06-24T04:00:06.578Z] [INFO ] ══════════════════════════════════════════════
[2026-06-24T07:51:49.079Z] [INFO ] ══════════════════════════════════════════════
[2026-06-24T07:51:49.081Z] [INFO ] SonarGold Scraper v4.0 starting...
[2026-06-24T07:51:49.081Z] [INFO ] Mode: LIVE
[2026-06-24T07:51:49.082Z] [INFO ] ══════════════════════════════════════════════
[2026-06-24T07:51:49.083Z] [INFO ] History size — Gold: 229, Silver: 220, Intl: 281
[2026-06-24T07:51:49.084Z] [INFO ] ════════════════════════════════
[2026-06-24T07:51:49.085Z] [INFO ] Starting BAJUS scrape v4.0 (sequential)...
[2026-06-24T07:51:49.087Z] [INFO ] Trying Strategy 1: BAJUSCTG API...
[2026-06-24T07:51:49.976Z] [INFO ] ✓ BAJUSCTG success: 22K gram ≈ 19315
[2026-06-24T07:51:49.976Z] [INFO ] SUCCESS — Source: bajusctg-api
[2026-06-24T07:51:49.977Z] [INFO ] Fetching international prices...
[2026-06-24T07:51:50.089Z] [ERROR] XAU fetch failed: request to https://api.gold-api.com/price/XAU failed, reason: getaddrinfo ENOTFOUND api.gold-api.com
[2026-06-24T07:51:50.421Z] [INFO ] Gold: no change — skipping append
[2026-06-24T07:51:50.421Z] [INFO ] Silver: no change — skipping append
[2026-06-24T07:51:50.422Z] [INFO ] Intl: updated same-day entry
[2026-06-24T07:51:50.434Z] [INFO ] latest.json written | Final source: bajusctg-api
[2026-06-24T07:51:50.434Z] [INFO ] ══════════════════════════════════════════════
[2026-06-24T10:55:44.867Z] [INFO ] ══════════════════════════════════════════════
[2026-06-24T10:55:44.869Z] [INFO ] SonarGold Scraper v4.0 starting...
[2026-06-24T10:55:44.869Z] [INFO ] Mode: LIVE
[2026-06-24T10:55:44.870Z] [INFO ] ══════════════════════════════════════════════
[2026-06-24T10:55:44.872Z] [INFO ] History size — Gold: 229, Silver: 220, Intl: 281
[2026-06-24T10:55:44.873Z] [INFO ] ════════════════════════════════
[2026-06-24T10:55:44.874Z] [INFO ] Starting BAJUS scrape v4.0 (sequential)...
[2026-06-24T10:55:44.875Z] [INFO ] Trying Strategy 1: BAJUSCTG API...
[2026-06-24T10:55:45.795Z] [INFO ] ✓ BAJUSCTG success: 22K gram ≈ 19315
[2026-06-24T10:55:45.795Z] [INFO ] SUCCESS — Source: bajusctg-api
[2026-06-24T10:55:45.796Z] [INFO ] Fetching international prices...
[2026-06-24T10:55:46.426Z] [INFO ] Gold: no change — skipping append
[2026-06-24T10:55:46.426Z] [INFO ] Silver: no change — skipping append
[2026-06-24T10:55:46.427Z] [INFO ] Intl: updated same-day entry
[2026-06-24T10:55:46.460Z] [INFO ] latest.json written | Final source: bajusctg-api
[2026-06-24T10:55:46.460Z] [INFO ] ══════════════════════════════════════════════
