[2026-07-12T00:00:38.659Z] [INFO ] ══════════════════════════════════════════════
[2026-07-12T00:00:38.661Z] [INFO ] SonarGold Scraper v4.0 starting...
[2026-07-12T00:00:38.662Z] [INFO ] Mode: LIVE
[2026-07-12T00:00:38.663Z] [INFO ] ══════════════════════════════════════════════
[2026-07-12T00:00:38.665Z] [INFO ] History size — Gold: 237, Silver: 227, Intl: 297
[2026-07-12T00:00:38.666Z] [INFO ] ════════════════════════════════
[2026-07-12T00:00:38.668Z] [INFO ] Starting BAJUS scrape v4.0 (sequential)...
[2026-07-12T00:00:38.669Z] [INFO ] Trying Strategy 1: BAJUSCTG API...
[2026-07-12T00:00:39.330Z] [INFO ] ✓ BAJUSCTG success: 22K gram ≈ 19220
[2026-07-12T00:00:39.331Z] [INFO ] SUCCESS — Source: bajusctg-api
[2026-07-12T00:00:39.332Z] [INFO ] Fetching international prices...
[2026-07-12T00:00:39.984Z] [INFO ] Gold: no change — skipping append
[2026-07-12T00:00:39.985Z] [INFO ] Silver: no change — skipping append
[2026-07-12T00:00:39.986Z] [INFO ] Intl: no change — skipping append
[2026-07-12T00:00:40.012Z] [INFO ] latest.json written | Final source: bajusctg-api
[2026-07-12T00:00:40.013Z] [INFO ] ══════════════════════════════════════════════
[2026-07-12T04:07:14.519Z] [INFO ] ══════════════════════════════════════════════
[2026-07-12T04:07:14.521Z] [INFO ] SonarGold Scraper v4.0 starting...
[2026-07-12T04:07:14.521Z] [INFO ] Mode: LIVE
[2026-07-12T04:07:14.522Z] [INFO ] ══════════════════════════════════════════════
[2026-07-12T04:07:14.524Z] [INFO ] History size — Gold: 237, Silver: 227, Intl: 297
[2026-07-12T04:07:14.525Z] [INFO ] ════════════════════════════════
[2026-07-12T04:07:14.528Z] [INFO ] Starting BAJUS scrape v4.0 (sequential)...
[2026-07-12T04:07:14.528Z] [INFO ] Trying Strategy 1: BAJUSCTG API...
[2026-07-12T04:07:14.985Z] [INFO ] ✓ BAJUSCTG success: 22K gram ≈ 19220
[2026-07-12T04:07:14.986Z] [INFO ] SUCCESS — Source: bajusctg-api
[2026-07-12T04:07:14.987Z] [INFO ] Fetching international prices...
[2026-07-12T04:07:15.536Z] [INFO ] Gold: no change — skipping append
[2026-07-12T04:07:15.537Z] [INFO ] Silver: no change — skipping append
[2026-07-12T04:07:15.538Z] [INFO ] Intl: appended entry #298
[2026-07-12T04:07:15.558Z] [INFO ] latest.json written | Final source: bajusctg-api
[2026-07-12T04:07:15.559Z] [INFO ] ══════════════════════════════════════════════
[2026-07-12T07:07:35.815Z] [INFO ] ══════════════════════════════════════════════
[2026-07-12T07:07:35.817Z] [INFO ] SonarGold Scraper v4.0 starting...
[2026-07-12T07:07:35.818Z] [INFO ] Mode: LIVE
[2026-07-12T07:07:35.819Z] [INFO ] ══════════════════════════════════════════════
[2026-07-12T07:07:35.821Z] [INFO ] History size — Gold: 237, Silver: 227, Intl: 298
[2026-07-12T07:07:35.822Z] [INFO ] ════════════════════════════════
[2026-07-12T07:07:35.824Z] [INFO ] Starting BAJUS scrape v4.0 (sequential)...
[2026-07-12T07:07:35.825Z] [INFO ] Trying Strategy 1: BAJUSCTG API...
[2026-07-12T07:07:36.457Z] [INFO ] ✓ BAJUSCTG success: 22K gram ≈ 19220
[2026-07-12T07:07:36.458Z] [INFO ] SUCCESS — Source: bajusctg-api
[2026-07-12T07:07:36.459Z] [INFO ] Fetching international prices...
[2026-07-12T07:07:36.946Z] [INFO ] Gold: no change — skipping append
[2026-07-12T07:07:36.947Z] [INFO ] Silver: no change — skipping append
[2026-07-12T07:07:36.948Z] [INFO ] Intl: no change — skipping append
[2026-07-12T07:07:36.962Z] [INFO ] latest.json written | Final source: bajusctg-api
[2026-07-12T07:07:36.963Z] [INFO ] ══════════════════════════════════════════════
[2026-07-12T09:27:17.947Z] [INFO ] ══════════════════════════════════════════════
[2026-07-12T09:27:17.949Z] [INFO ] SonarGold Scraper v4.0 starting...
[2026-07-12T09:27:17.950Z] [INFO ] Mode: LIVE
[2026-07-12T09:27:17.951Z] [INFO ] ══════════════════════════════════════════════
[2026-07-12T09:27:17.953Z] [INFO ] History size — Gold: 237, Silver: 227, Intl: 298
[2026-07-12T09:27:17.954Z] [INFO ] ════════════════════════════════
[2026-07-12T09:27:17.957Z] [INFO ] Starting BAJUS scrape v4.0 (sequential)...
[2026-07-12T09:27:17.958Z] [INFO ] Trying Strategy 1: BAJUSCTG API...
[2026-07-12T09:27:18.483Z] [INFO ] ✓ BAJUSCTG success: 22K gram ≈ 19220
[2026-07-12T09:27:18.484Z] [INFO ] SUCCESS — Source: bajusctg-api
[2026-07-12T09:27:18.485Z] [INFO ] Fetching international prices...
[2026-07-12T09:27:19.004Z] [INFO ] Gold: no change — skipping append
[2026-07-12T09:27:19.004Z] [INFO ] Silver: no change — skipping append
[2026-07-12T09:27:19.005Z] [INFO ] Intl: no change — skipping append
[2026-07-12T09:27:19.020Z] [INFO ] latest.json written | Final source: bajusctg-api
[2026-07-12T09:27:19.021Z] [INFO ] ══════════════════════════════════════════════
[2026-07-12T10:56:38.943Z] [INFO ] ══════════════════════════════════════════════
[2026-07-12T10:56:38.945Z] [INFO ] SonarGold Scraper v4.0 starting...
[2026-07-12T10:56:38.946Z] [INFO ] Mode: LIVE
[2026-07-12T10:56:38.948Z] [INFO ] ══════════════════════════════════════════════
[2026-07-12T10:56:38.951Z] [INFO ] History size — Gold: 237, Silver: 227, Intl: 298
[2026-07-12T10:56:38.952Z] [INFO ] ════════════════════════════════
[2026-07-12T10:56:38.955Z] [INFO ] Starting BAJUS scrape v4.0 (sequential)...
[2026-07-12T10:56:38.956Z] [INFO ] Trying Strategy 1: BAJUSCTG API...
[2026-07-12T10:56:39.344Z] [INFO ] ✓ BAJUSCTG success: 22K gram ≈ 19220
[2026-07-12T10:56:39.345Z] [INFO ] SUCCESS — Source: bajusctg-api
[2026-07-12T10:56:39.346Z] [INFO ] Fetching international prices...
[2026-07-12T10:56:39.865Z] [INFO ] Gold: no change — skipping append
[2026-07-12T10:56:39.865Z] [INFO ] Silver: no change — skipping append
[2026-07-12T10:56:39.866Z] [INFO ] Intl: no change — skipping append
[2026-07-12T10:56:39.881Z] [INFO ] latest.json written | Final source: bajusctg-api
[2026-07-12T10:56:39.881Z] [INFO ] ══════════════════════════════════════════════
[2026-07-12T12:03:50.327Z] [INFO ] ══════════════════════════════════════════════
[2026-07-12T12:03:50.329Z] [INFO ] SonarGold Scraper v4.0 starting...
[2026-07-12T12:03:50.331Z] [INFO ] Mode: LIVE
[2026-07-12T12:03:50.332Z] [INFO ] ══════════════════════════════════════════════
[2026-07-12T12:03:50.335Z] [INFO ] History size — Gold: 237, Silver: 227, Intl: 298
[2026-07-12T12:03:50.336Z] [INFO ] ════════════════════════════════
[2026-07-12T12:03:50.337Z] [INFO ] Starting BAJUS scrape v4.0 (sequential)...
[2026-07-12T12:03:50.340Z] [INFO ] Trying Strategy 1: BAJUSCTG API...
[2026-07-12T12:03:51.347Z] [INFO ] ✓ BAJUSCTG success: 22K gram ≈ 19220
[2026-07-12T12:03:51.348Z] [INFO ] SUCCESS — Source: bajusctg-api
[2026-07-12T12:03:51.349Z] [INFO ] Fetching international prices...
[2026-07-12T12:03:51.980Z] [INFO ] Gold: no change — skipping append
[2026-07-12T12:03:51.981Z] [INFO ] Silver: no change — skipping append
[2026-07-12T12:03:51.982Z] [INFO ] Intl: no change — skipping append
[2026-07-12T12:03:51.997Z] [INFO ] latest.json written | Final source: bajusctg-api
[2026-07-12T12:03:51.997Z] [INFO ] ══════════════════════════════════════════════
[2026-07-12T14:05:58.093Z] [INFO ] ══════════════════════════════════════════════
[2026-07-12T14:05:58.094Z] [INFO ] SonarGold Scraper v4.0 starting...
[2026-07-12T14:05:58.095Z] [INFO ] Mode: LIVE
[2026-07-12T14:05:58.095Z] [INFO ] ══════════════════════════════════════════════
[2026-07-12T14:05:58.097Z] [INFO ] History size — Gold: 237, Silver: 227, Intl: 298
[2026-07-12T14:05:58.098Z] [INFO ] ════════════════════════════════
[2026-07-12T14:05:58.099Z] [INFO ] Starting BAJUS scrape v4.0 (sequential)...
[2026-07-12T14:05:58.101Z] [INFO ] Trying Strategy 1: BAJUSCTG API...
[2026-07-12T14:05:58.808Z] [INFO ] ✓ BAJUSCTG success: 22K gram ≈ 19220
[2026-07-12T14:05:58.809Z] [INFO ] SUCCESS — Source: bajusctg-api
[2026-07-12T14:05:58.810Z] [INFO ] Fetching international prices...
[2026-07-12T14:05:59.092Z] [INFO ] Gold: no change — skipping append
[2026-07-12T14:05:59.092Z] [INFO ] Silver: no change — skipping append
[2026-07-12T14:05:59.093Z] [INFO ] Intl: no change — skipping append
[2026-07-12T14:05:59.106Z] [INFO ] latest.json written | Final source: bajusctg-api
[2026-07-12T14:05:59.107Z] [INFO ] ══════════════════════════════════════════════
