[2026-06-10T02:02:33.525Z] [INFO ] ══════════════════════════════════════════════
[2026-06-10T02:02:33.527Z] [INFO ] SonarGold Scraper v4.0 starting...
[2026-06-10T02:02:33.528Z] [INFO ] Mode: LIVE
[2026-06-10T02:02:33.529Z] [INFO ] ══════════════════════════════════════════════
[2026-06-10T02:02:33.531Z] [INFO ] History size — Gold: 221, Silver: 214, Intl: 266
[2026-06-10T02:02:33.532Z] [INFO ] ════════════════════════════════
[2026-06-10T02:02:33.533Z] [INFO ] Starting BAJUS scrape v4.0 (sequential)...
[2026-06-10T02:02:33.534Z] [INFO ] Trying Strategy 1: BAJUSCTG API...
[2026-06-10T02:02:38.225Z] [WARN ] BAJUSCTG API failed: HTTP 401
[2026-06-10T02:02:38.225Z] [INFO ] Trying BAJUSCTG HTML fallback...
[2026-06-10T02:02:39.050Z] [WARN ] BAJUSCTG HTML failed: HTTP 401
[2026-06-10T02:02:39.050Z] [INFO ] Trying Strategy 2: GoldR.org homepage...
[2026-06-10T02:02:39.380Z] [WARN ] GoldR.org parsed but data invalid
[2026-06-10T02:02:39.381Z] [INFO ] Trying Strategy 3: bdgoldprice.com...
[2026-06-10T02:02:39.608Z] [INFO ] Trying Strategy 4: Wayback Machine...
[2026-06-10T02:02:41.074Z] [WARN ] Cache too old (113h)
[2026-06-10T02:02:41.075Z] [ERROR] CRITICAL FAILURE — All sources + cache unavailable. Using zero fallback.
[2026-06-10T02:02:41.076Z] [INFO ] Fetching international prices...
[2026-06-10T02:02:41.601Z] [INFO ] Gold: no change — skipping append
[2026-06-10T02:02:41.601Z] [INFO ] Silver: no change — skipping append
[2026-06-10T02:02:41.602Z] [INFO ] Intl: appended entry #267
[2026-06-10T02:02:41.617Z] [INFO ] latest.json written | Final source: fallback
[2026-06-10T02:02:41.618Z] [INFO ] ══════════════════════════════════════════════
[2026-06-10T04:48:20.763Z] [INFO ] ══════════════════════════════════════════════
[2026-06-10T04:48:20.764Z] [INFO ] SonarGold Scraper v4.0 starting...
[2026-06-10T04:48:20.765Z] [INFO ] Mode: LIVE
[2026-06-10T04:48:20.765Z] [INFO ] ══════════════════════════════════════════════
[2026-06-10T04:48:20.767Z] [INFO ] History size — Gold: 221, Silver: 214, Intl: 267
[2026-06-10T04:48:20.767Z] [INFO ] ════════════════════════════════
[2026-06-10T04:48:20.768Z] [INFO ] Starting BAJUS scrape v4.0 (sequential)...
[2026-06-10T04:48:20.769Z] [INFO ] Trying Strategy 1: BAJUSCTG API...
[2026-06-10T04:48:22.450Z] [WARN ] BAJUSCTG API failed: invalid json response body at https://bajushub.com/ reason: Unexpected token '<', "<!DOCTYPE "... is not valid JSON
[2026-06-10T04:48:22.451Z] [INFO ] Trying BAJUSCTG HTML fallback...
[2026-06-10T04:48:24.377Z] [INFO ] Trying Strategy 2: GoldR.org homepage...
[2026-06-10T04:48:26.059Z] [WARN ] GoldR.org parsed but data invalid
[2026-06-10T04:48:26.059Z] [INFO ] Trying Strategy 3: bdgoldprice.com...
[2026-06-10T04:48:26.308Z] [INFO ] Trying Strategy 4: Wayback Machine...
[2026-06-10T04:48:30.935Z] [WARN ] Cache too old (116h)
[2026-06-10T04:48:30.936Z] [ERROR] CRITICAL FAILURE — All sources + cache unavailable. Using zero fallback.
[2026-06-10T04:48:30.936Z] [INFO ] Fetching international prices...
[2026-06-10T04:48:31.054Z] [ERROR] XAU fetch failed: request to https://api.gold-api.com/price/XAU failed, reason: getaddrinfo ENOTFOUND api.gold-api.com
[2026-06-10T04:48:31.743Z] [INFO ] Gold: no change — skipping append
[2026-06-10T04:48:31.744Z] [INFO ] Silver: no change — skipping append
[2026-06-10T04:48:31.744Z] [INFO ] Intl: updated same-day entry
[2026-06-10T04:48:31.755Z] [INFO ] latest.json written | Final source: fallback
[2026-06-10T04:48:31.756Z] [INFO ] ══════════════════════════════════════════════
