[2026-05-25T02:03:30.775Z] [INFO ] ══════════════════════════════════════════════
[2026-05-25T02:03:30.777Z] [INFO ] SonarGold Scraper v4.0 starting...
[2026-05-25T02:03:30.777Z] [INFO ] Mode: LIVE
[2026-05-25T02:03:30.778Z] [INFO ] ══════════════════════════════════════════════
[2026-05-25T02:03:30.780Z] [INFO ] History size — Gold: 217, Silver: 210, Intl: 250
[2026-05-25T02:03:30.780Z] [INFO ] ════════════════════════════════
[2026-05-25T02:03:30.781Z] [INFO ] Starting BAJUS scrape v4.0 (sequential)...
[2026-05-25T02:03:30.782Z] [INFO ] Trying Strategy 1: BAJUSCTG API...
[2026-05-25T02:03:31.733Z] [INFO ] ✓ BAJUSCTG success: 22K gram ≈ 20230
[2026-05-25T02:03:31.733Z] [INFO ] SUCCESS — Source: bajusctg-api
[2026-05-25T02:03:31.734Z] [INFO ] Fetching international prices...
[2026-05-25T02:03:32.329Z] [INFO ] Gold: no change — skipping append
[2026-05-25T02:03:32.330Z] [INFO ] Silver: no change — skipping append
[2026-05-25T02:03:32.330Z] [INFO ] Intl: appended entry #251
[2026-05-25T02:03:32.346Z] [INFO ] latest.json written | Final source: bajusctg-api
[2026-05-25T02:03:32.347Z] [INFO ] ══════════════════════════════════════════════
[2026-05-25T06:58:56.350Z] [INFO ] ══════════════════════════════════════════════
[2026-05-25T06:58:56.352Z] [INFO ] SonarGold Scraper v4.0 starting...
[2026-05-25T06:58:56.353Z] [INFO ] Mode: LIVE
[2026-05-25T06:58:56.353Z] [INFO ] ══════════════════════════════════════════════
[2026-05-25T06:58:56.356Z] [INFO ] History size — Gold: 217, Silver: 210, Intl: 251
[2026-05-25T06:58:56.357Z] [INFO ] ════════════════════════════════
[2026-05-25T06:58:56.357Z] [INFO ] Starting BAJUS scrape v4.0 (sequential)...
[2026-05-25T06:58:56.358Z] [INFO ] Trying Strategy 1: BAJUSCTG API...
[2026-05-25T06:58:57.591Z] [INFO ] ✓ BAJUSCTG success: 22K gram ≈ 20415
[2026-05-25T06:58:57.592Z] [INFO ] SUCCESS — Source: bajusctg-api
[2026-05-25T06:58:57.592Z] [INFO ] Fetching international prices...
[2026-05-25T06:58:58.101Z] [INFO ] Gold: appended entry #218
[2026-05-25T06:58:58.102Z] [INFO ] Silver: appended entry #211
[2026-05-25T06:58:58.103Z] [INFO ] Intl: updated same-day entry
[2026-05-25T06:58:58.118Z] [INFO ] latest.json written | Final source: bajusctg-api
[2026-05-25T06:58:58.118Z] [INFO ] ══════════════════════════════════════════════
[2026-05-25T11:08:47.410Z] [INFO ] ══════════════════════════════════════════════
[2026-05-25T11:08:47.412Z] [INFO ] SonarGold Scraper v4.0 starting...
[2026-05-25T11:08:47.413Z] [INFO ] Mode: LIVE
[2026-05-25T11:08:47.413Z] [INFO ] ══════════════════════════════════════════════
[2026-05-25T11:08:47.415Z] [INFO ] History size — Gold: 218, Silver: 211, Intl: 251
[2026-05-25T11:08:47.416Z] [INFO ] ════════════════════════════════
[2026-05-25T11:08:47.416Z] [INFO ] Starting BAJUS scrape v4.0 (sequential)...
[2026-05-25T11:08:47.417Z] [INFO ] Trying Strategy 1: BAJUSCTG API...
[2026-05-25T11:08:48.439Z] [INFO ] ✓ BAJUSCTG success: 22K gram ≈ 20415
[2026-05-25T11:08:48.440Z] [INFO ] SUCCESS — Source: bajusctg-api
[2026-05-25T11:08:48.440Z] [INFO ] Fetching international prices...
[2026-05-25T11:08:49.143Z] [INFO ] Gold: no change — skipping append
[2026-05-25T11:08:49.144Z] [INFO ] Silver: no change — skipping append
[2026-05-25T11:08:49.144Z] [INFO ] Intl: updated same-day entry
[2026-05-25T11:08:49.159Z] [INFO ] latest.json written | Final source: bajusctg-api
[2026-05-25T11:08:49.160Z] [INFO ] ══════════════════════════════════════════════
[2026-05-25T14:27:59.008Z] [INFO ] ══════════════════════════════════════════════
[2026-05-25T14:27:59.009Z] [INFO ] SonarGold Scraper v4.0 starting...
[2026-05-25T14:27:59.010Z] [INFO ] Mode: LIVE
[2026-05-25T14:27:59.010Z] [INFO ] ══════════════════════════════════════════════
[2026-05-25T14:27:59.012Z] [INFO ] History size — Gold: 218, Silver: 211, Intl: 251
[2026-05-25T14:27:59.012Z] [INFO ] ════════════════════════════════
[2026-05-25T14:27:59.012Z] [INFO ] Starting BAJUS scrape v4.0 (sequential)...
[2026-05-25T14:27:59.013Z] [INFO ] Trying Strategy 1: BAJUSCTG API...
[2026-05-25T14:28:00.652Z] [INFO ] ✓ BAJUSCTG success: 22K gram ≈ 20415
[2026-05-25T14:28:00.652Z] [INFO ] SUCCESS — Source: bajusctg-api
[2026-05-25T14:28:00.653Z] [INFO ] Fetching international prices...
[2026-05-25T14:28:01.122Z] [INFO ] Gold: no change — skipping append
[2026-05-25T14:28:01.122Z] [INFO ] Silver: no change — skipping append
[2026-05-25T14:28:01.123Z] [INFO ] Intl: updated same-day entry
[2026-05-25T14:28:01.134Z] [INFO ] latest.json written | Final source: bajusctg-api
[2026-05-25T14:28:01.135Z] [INFO ] ══════════════════════════════════════════════
[2026-05-25T16:56:39.300Z] [INFO ] ══════════════════════════════════════════════
[2026-05-25T16:56:39.301Z] [INFO ] SonarGold Scraper v4.0 starting...
[2026-05-25T16:56:39.301Z] [INFO ] Mode: LIVE
[2026-05-25T16:56:39.302Z] [INFO ] ══════════════════════════════════════════════
[2026-05-25T16:56:39.303Z] [INFO ] History size — Gold: 218, Silver: 211, Intl: 251
[2026-05-25T16:56:39.303Z] [INFO ] ════════════════════════════════
[2026-05-25T16:56:39.304Z] [INFO ] Starting BAJUS scrape v4.0 (sequential)...
[2026-05-25T16:56:39.305Z] [INFO ] Trying Strategy 1: BAJUSCTG API...
[2026-05-25T16:56:40.981Z] [INFO ] ✓ BAJUSCTG success: 22K gram ≈ 20415
[2026-05-25T16:56:40.982Z] [INFO ] SUCCESS — Source: bajusctg-api
[2026-05-25T16:56:40.982Z] [INFO ] Fetching international prices...
[2026-05-25T16:56:41.408Z] [INFO ] Gold: no change — skipping append
[2026-05-25T16:56:41.408Z] [INFO ] Silver: no change — skipping append
[2026-05-25T16:56:41.408Z] [INFO ] Intl: updated same-day entry
[2026-05-25T16:56:41.420Z] [INFO ] latest.json written | Final source: bajusctg-api
[2026-05-25T16:56:41.420Z] [INFO ] ══════════════════════════════════════════════
