[2026-07-03T00:11:09.300Z] [INFO ] ══════════════════════════════════════════════
[2026-07-03T00:11:09.302Z] [INFO ] SonarGold Scraper v4.0 starting...
[2026-07-03T00:11:09.303Z] [INFO ] Mode: LIVE
[2026-07-03T00:11:09.304Z] [INFO ] ══════════════════════════════════════════════
[2026-07-03T00:11:09.306Z] [INFO ] History size — Gold: 233, Silver: 224, Intl: 288
[2026-07-03T00:11:09.307Z] [INFO ] ════════════════════════════════
[2026-07-03T00:11:09.308Z] [INFO ] Starting BAJUS scrape v4.0 (sequential)...
[2026-07-03T00:11:09.310Z] [INFO ] Trying Strategy 1: BAJUSCTG API...
[2026-07-03T00:11:09.627Z] [INFO ] ✓ BAJUSCTG success: 22K gram ≈ 19220
[2026-07-03T00:11:09.628Z] [INFO ] SUCCESS — Source: bajusctg-api
[2026-07-03T00:11:09.629Z] [INFO ] Fetching international prices...
[2026-07-03T00:11:10.387Z] [INFO ] Gold: no change — skipping append
[2026-07-03T00:11:10.388Z] [INFO ] Silver: no change — skipping append
[2026-07-03T00:11:10.388Z] [INFO ] Intl: appended entry #289
[2026-07-03T00:11:10.403Z] [INFO ] latest.json written | Final source: bajusctg-api
[2026-07-03T00:11:10.404Z] [INFO ] ══════════════════════════════════════════════
[2026-07-03T04:26:53.864Z] [INFO ] ══════════════════════════════════════════════
[2026-07-03T04:26:53.866Z] [INFO ] SonarGold Scraper v4.0 starting...
[2026-07-03T04:26:53.867Z] [INFO ] Mode: LIVE
[2026-07-03T04:26:53.868Z] [INFO ] ══════════════════════════════════════════════
[2026-07-03T04:26:53.870Z] [INFO ] History size — Gold: 233, Silver: 224, Intl: 289
[2026-07-03T04:26:53.871Z] [INFO ] ════════════════════════════════
[2026-07-03T04:26:53.874Z] [INFO ] Starting BAJUS scrape v4.0 (sequential)...
[2026-07-03T04:26:53.875Z] [INFO ] Trying Strategy 1: BAJUSCTG API...
[2026-07-03T04:26:54.190Z] [INFO ] ✓ BAJUSCTG success: 22K gram ≈ 19595
[2026-07-03T04:26:54.191Z] [INFO ] SUCCESS — Source: bajusctg-api
[2026-07-03T04:26:54.192Z] [INFO ] Fetching international prices...
[2026-07-03T04:26:54.982Z] [INFO ] Gold: appended entry #234
[2026-07-03T04:26:54.983Z] [INFO ] Silver: appended entry #225
[2026-07-03T04:26:54.985Z] [INFO ] Intl: updated same-day entry
[2026-07-03T04:26:55.000Z] [INFO ] latest.json written | Final source: bajusctg-api
[2026-07-03T04:26:55.001Z] [INFO ] ══════════════════════════════════════════════
