[2026-07-18T00:58:17.392Z] [INFO ] ══════════════════════════════════════════════
[2026-07-18T00:58:17.394Z] [INFO ] SonarGold Scraper v4.0 starting...
[2026-07-18T00:58:17.395Z] [INFO ] Mode: LIVE
[2026-07-18T00:58:17.396Z] [INFO ] ══════════════════════════════════════════════
[2026-07-18T00:58:17.398Z] [INFO ] History size — Gold: 240, Silver: 229, Intl: 303
[2026-07-18T00:58:17.400Z] [INFO ] ════════════════════════════════
[2026-07-18T00:58:17.402Z] [INFO ] Starting BAJUS scrape v4.0 (sequential)...
[2026-07-18T00:58:17.403Z] [INFO ] Trying Strategy 1: BAJUSCTG API...
[2026-07-18T00:58:17.846Z] [WARN ] BAJUSCTG API failed: HTTP 403
[2026-07-18T00:58:17.847Z] [INFO ] Trying BAJUSCTG HTML fallback...
[2026-07-18T00:58:18.750Z] [WARN ] BAJUSCTG HTML failed: HTTP 403
[2026-07-18T00:58:18.751Z] [INFO ] Trying Strategy 2: GoldR.org homepage...
[2026-07-18T00:58:18.919Z] [WARN ] GoldR.org parsed but data invalid
[2026-07-18T00:58:18.920Z] [INFO ] Trying Strategy 3: bdgoldprice.com...
[2026-07-18T00:58:19.141Z] [INFO ] Trying Strategy 4: Wayback Machine...
[2026-07-18T00:58:20.034Z] [INFO ] Using cached prices from 2026-07-17 (6h old)
[2026-07-18T00:58:20.035Z] [WARN ] ALL LIVE SOURCES FAILED — Using cached prices (mandatory fallback)
[2026-07-18T00:58:20.036Z] [INFO ] Fetching international prices...
[2026-07-18T00:58:20.605Z] [INFO ] Gold: no change — skipping append
[2026-07-18T00:58:20.605Z] [INFO ] Silver: no change — skipping append
[2026-07-18T00:58:20.606Z] [INFO ] Intl: appended entry #304
[2026-07-18T00:58:20.622Z] [INFO ] latest.json written | Final source: cache
[2026-07-18T00:58:20.623Z] [INFO ] ══════════════════════════════════════════════
[2026-07-18T04:08:01.951Z] [INFO ] ══════════════════════════════════════════════
[2026-07-18T04:08:01.953Z] [INFO ] SonarGold Scraper v4.0 starting...
[2026-07-18T04:08:01.954Z] [INFO ] Mode: LIVE
[2026-07-18T04:08:01.955Z] [INFO ] ══════════════════════════════════════════════
[2026-07-18T04:08:01.957Z] [INFO ] History size — Gold: 240, Silver: 229, Intl: 304
[2026-07-18T04:08:01.958Z] [INFO ] ════════════════════════════════
[2026-07-18T04:08:01.960Z] [INFO ] Starting BAJUS scrape v4.0 (sequential)...
[2026-07-18T04:08:01.961Z] [INFO ] Trying Strategy 1: BAJUSCTG API...
[2026-07-18T04:08:02.311Z] [INFO ] ✓ BAJUSCTG success: 22K gram ≈ 18845
[2026-07-18T04:08:02.312Z] [INFO ] SUCCESS — Source: bajusctg-api
[2026-07-18T04:08:02.313Z] [INFO ] Fetching international prices...
[2026-07-18T04:08:02.863Z] [INFO ] Gold: no change — skipping append
[2026-07-18T04:08:02.863Z] [INFO ] Silver: no change — skipping append
[2026-07-18T04:08:02.864Z] [INFO ] Intl: no change — skipping append
[2026-07-18T04:08:02.879Z] [INFO ] latest.json written | Final source: bajusctg-api
[2026-07-18T04:08:02.879Z] [INFO ] ══════════════════════════════════════════════
[2026-07-18T06:29:12.417Z] [INFO ] ══════════════════════════════════════════════
[2026-07-18T06:29:12.418Z] [INFO ] SonarGold Scraper v4.0 starting...
[2026-07-18T06:29:12.419Z] [INFO ] Mode: LIVE
[2026-07-18T06:29:12.420Z] [INFO ] ══════════════════════════════════════════════
[2026-07-18T06:29:12.422Z] [INFO ] History size — Gold: 240, Silver: 229, Intl: 304
[2026-07-18T06:29:12.428Z] [INFO ] ════════════════════════════════
[2026-07-18T06:29:12.428Z] [INFO ] Starting BAJUS scrape v4.0 (sequential)...
[2026-07-18T06:29:12.429Z] [INFO ] Trying Strategy 1: BAJUSCTG API...
[2026-07-18T06:29:12.851Z] [INFO ] ✓ BAJUSCTG success: 22K gram ≈ 18845
[2026-07-18T06:29:12.852Z] [INFO ] SUCCESS — Source: bajusctg-api
[2026-07-18T06:29:12.853Z] [INFO ] Fetching international prices...
[2026-07-18T06:29:13.150Z] [INFO ] Gold: no change — skipping append
[2026-07-18T06:29:13.151Z] [INFO ] Silver: no change — skipping append
[2026-07-18T06:29:13.152Z] [INFO ] Intl: no change — skipping append
[2026-07-18T06:29:13.185Z] [INFO ] latest.json written | Final source: bajusctg-api
[2026-07-18T06:29:13.186Z] [INFO ] ══════════════════════════════════════════════
[2026-07-18T08:24:35.374Z] [INFO ] ══════════════════════════════════════════════
[2026-07-18T08:24:35.375Z] [INFO ] SonarGold Scraper v4.0 starting...
[2026-07-18T08:24:35.376Z] [INFO ] Mode: LIVE
[2026-07-18T08:24:35.377Z] [INFO ] ══════════════════════════════════════════════
[2026-07-18T08:24:35.379Z] [INFO ] History size — Gold: 240, Silver: 229, Intl: 304
[2026-07-18T08:24:35.380Z] [INFO ] ════════════════════════════════
[2026-07-18T08:24:35.382Z] [INFO ] Starting BAJUS scrape v4.0 (sequential)...
[2026-07-18T08:24:35.383Z] [INFO ] Trying Strategy 1: BAJUSCTG API...
[2026-07-18T08:24:35.694Z] [INFO ] ✓ BAJUSCTG success: 22K gram ≈ 18845
[2026-07-18T08:24:35.694Z] [INFO ] SUCCESS — Source: bajusctg-api
[2026-07-18T08:24:35.695Z] [INFO ] Fetching international prices...
[2026-07-18T08:24:35.965Z] [INFO ] Gold: no change — skipping append
[2026-07-18T08:24:35.965Z] [INFO ] Silver: no change — skipping append
[2026-07-18T08:24:35.966Z] [INFO ] Intl: no change — skipping append
[2026-07-18T08:24:35.977Z] [INFO ] latest.json written | Final source: bajusctg-api
[2026-07-18T08:24:35.978Z] [INFO ] ══════════════════════════════════════════════
[2026-07-18T09:59:10.905Z] [INFO ] ══════════════════════════════════════════════
[2026-07-18T09:59:10.907Z] [INFO ] SonarGold Scraper v4.0 starting...
[2026-07-18T09:59:10.907Z] [INFO ] Mode: LIVE
[2026-07-18T09:59:10.908Z] [INFO ] ══════════════════════════════════════════════
[2026-07-18T09:59:10.911Z] [INFO ] History size — Gold: 240, Silver: 229, Intl: 304
[2026-07-18T09:59:10.912Z] [INFO ] ════════════════════════════════
[2026-07-18T09:59:10.914Z] [INFO ] Starting BAJUS scrape v4.0 (sequential)...
[2026-07-18T09:59:10.915Z] [INFO ] Trying Strategy 1: BAJUSCTG API...
[2026-07-18T09:59:11.233Z] [INFO ] ✓ BAJUSCTG success: 22K gram ≈ 18845
[2026-07-18T09:59:11.234Z] [INFO ] SUCCESS — Source: bajusctg-api
[2026-07-18T09:59:11.236Z] [INFO ] Fetching international prices...
[2026-07-18T09:59:11.340Z] [INFO ] Gold: no change — skipping append
[2026-07-18T09:59:11.341Z] [INFO ] Silver: no change — skipping append
[2026-07-18T09:59:11.342Z] [INFO ] Intl: no change — skipping append
[2026-07-18T09:59:11.357Z] [INFO ] latest.json written | Final source: bajusctg-api
[2026-07-18T09:59:11.357Z] [INFO ] ══════════════════════════════════════════════
[2026-07-18T11:13:44.968Z] [INFO ] ══════════════════════════════════════════════
[2026-07-18T11:13:44.970Z] [INFO ] SonarGold Scraper v4.0 starting...
[2026-07-18T11:13:44.971Z] [INFO ] Mode: LIVE
[2026-07-18T11:13:44.972Z] [INFO ] ══════════════════════════════════════════════
[2026-07-18T11:13:44.974Z] [INFO ] History size — Gold: 240, Silver: 229, Intl: 304
[2026-07-18T11:13:44.977Z] [INFO ] ════════════════════════════════
[2026-07-18T11:13:44.978Z] [INFO ] Starting BAJUS scrape v4.0 (sequential)...
[2026-07-18T11:13:44.978Z] [INFO ] Trying Strategy 1: BAJUSCTG API...
[2026-07-18T11:13:45.365Z] [INFO ] ✓ BAJUSCTG success: 22K gram ≈ 18845
[2026-07-18T11:13:45.366Z] [INFO ] SUCCESS — Source: bajusctg-api
[2026-07-18T11:13:45.366Z] [INFO ] Fetching international prices...
[2026-07-18T11:13:45.884Z] [INFO ] Gold: no change — skipping append
[2026-07-18T11:13:45.885Z] [INFO ] Silver: no change — skipping append
[2026-07-18T11:13:45.886Z] [INFO ] Intl: no change — skipping append
[2026-07-18T11:13:45.900Z] [INFO ] latest.json written | Final source: bajusctg-api
[2026-07-18T11:13:45.901Z] [INFO ] ══════════════════════════════════════════════
[2026-07-18T12:28:33.043Z] [INFO ] ══════════════════════════════════════════════
[2026-07-18T12:28:33.046Z] [INFO ] SonarGold Scraper v4.0 starting...
[2026-07-18T12:28:33.047Z] [INFO ] Mode: LIVE
[2026-07-18T12:28:33.048Z] [INFO ] ══════════════════════════════════════════════
[2026-07-18T12:28:33.051Z] [INFO ] History size — Gold: 240, Silver: 229, Intl: 304
[2026-07-18T12:28:33.053Z] [INFO ] ════════════════════════════════
[2026-07-18T12:28:33.055Z] [INFO ] Starting BAJUS scrape v4.0 (sequential)...
[2026-07-18T12:28:33.056Z] [INFO ] Trying Strategy 1: BAJUSCTG API...
[2026-07-18T12:28:33.374Z] [INFO ] ✓ BAJUSCTG success: 22K gram ≈ 18845
[2026-07-18T12:28:33.375Z] [INFO ] SUCCESS — Source: bajusctg-api
[2026-07-18T12:28:33.376Z] [INFO ] Fetching international prices...
[2026-07-18T12:28:33.489Z] [INFO ] Gold: no change — skipping append
[2026-07-18T12:28:33.490Z] [INFO ] Silver: no change — skipping append
[2026-07-18T12:28:33.490Z] [INFO ] Intl: no change — skipping append
[2026-07-18T12:28:33.505Z] [INFO ] latest.json written | Final source: bajusctg-api
[2026-07-18T12:28:33.506Z] [INFO ] ══════════════════════════════════════════════
[2026-07-18T14:00:43.618Z] [INFO ] ══════════════════════════════════════════════
[2026-07-18T14:00:43.620Z] [INFO ] SonarGold Scraper v4.0 starting...
[2026-07-18T14:00:43.621Z] [INFO ] Mode: LIVE
[2026-07-18T14:00:43.622Z] [INFO ] ══════════════════════════════════════════════
[2026-07-18T14:00:43.624Z] [INFO ] History size — Gold: 240, Silver: 229, Intl: 304
[2026-07-18T14:00:43.626Z] [INFO ] ════════════════════════════════
[2026-07-18T14:00:43.628Z] [INFO ] Starting BAJUS scrape v4.0 (sequential)...
[2026-07-18T14:00:43.629Z] [INFO ] Trying Strategy 1: BAJUSCTG API...
[2026-07-18T14:00:43.954Z] [INFO ] ✓ BAJUSCTG success: 22K gram ≈ 18845
[2026-07-18T14:00:43.955Z] [INFO ] SUCCESS — Source: bajusctg-api
[2026-07-18T14:00:43.956Z] [INFO ] Fetching international prices...
[2026-07-18T14:00:44.366Z] [INFO ] Gold: no change — skipping append
[2026-07-18T14:00:44.367Z] [INFO ] Silver: no change — skipping append
[2026-07-18T14:00:44.367Z] [INFO ] Intl: no change — skipping append
[2026-07-18T14:00:44.400Z] [INFO ] latest.json written | Final source: bajusctg-api
[2026-07-18T14:00:44.401Z] [INFO ] ══════════════════════════════════════════════
[2026-07-18T15:30:11.955Z] [INFO ] ══════════════════════════════════════════════
[2026-07-18T15:30:11.956Z] [INFO ] SonarGold Scraper v4.0 starting...
[2026-07-18T15:30:11.957Z] [INFO ] Mode: LIVE
[2026-07-18T15:30:11.958Z] [INFO ] ══════════════════════════════════════════════
[2026-07-18T15:30:11.961Z] [INFO ] History size — Gold: 240, Silver: 229, Intl: 304
[2026-07-18T15:30:11.963Z] [INFO ] ════════════════════════════════
[2026-07-18T15:30:11.964Z] [INFO ] Starting BAJUS scrape v4.0 (sequential)...
[2026-07-18T15:30:11.965Z] [INFO ] Trying Strategy 1: BAJUSCTG API...
[2026-07-18T15:30:12.299Z] [INFO ] ✓ BAJUSCTG success: 22K gram ≈ 18845
[2026-07-18T15:30:12.300Z] [INFO ] SUCCESS — Source: bajusctg-api
[2026-07-18T15:30:12.301Z] [INFO ] Fetching international prices...
[2026-07-18T15:30:13.097Z] [INFO ] Gold: no change — skipping append
[2026-07-18T15:30:13.098Z] [INFO ] Silver: no change — skipping append
[2026-07-18T15:30:13.098Z] [INFO ] Intl: no change — skipping append
[2026-07-18T15:30:13.343Z] [INFO ] latest.json written | Final source: bajusctg-api
[2026-07-18T15:30:13.344Z] [INFO ] ══════════════════════════════════════════════
[2026-07-18T16:31:37.239Z] [INFO ] ══════════════════════════════════════════════
[2026-07-18T16:31:37.241Z] [INFO ] SonarGold Scraper v4.0 starting...
[2026-07-18T16:31:37.242Z] [INFO ] Mode: LIVE
[2026-07-18T16:31:37.243Z] [INFO ] ══════════════════════════════════════════════
[2026-07-18T16:31:37.245Z] [INFO ] History size — Gold: 240, Silver: 229, Intl: 304
[2026-07-18T16:31:37.246Z] [INFO ] ════════════════════════════════
[2026-07-18T16:31:37.248Z] [INFO ] Starting BAJUS scrape v4.0 (sequential)...
[2026-07-18T16:31:37.249Z] [INFO ] Trying Strategy 1: BAJUSCTG API...
[2026-07-18T16:31:37.802Z] [WARN ] BAJUSCTG API failed: HTTP 401
[2026-07-18T16:31:37.803Z] [INFO ] Trying BAJUSCTG HTML fallback...
[2026-07-18T16:31:38.302Z] [WARN ] BAJUSCTG HTML failed: HTTP 401
[2026-07-18T16:31:38.303Z] [INFO ] Trying Strategy 2: GoldR.org homepage...
[2026-07-18T16:31:38.541Z] [WARN ] GoldR.org parsed but data invalid
[2026-07-18T16:31:38.542Z] [INFO ] Trying Strategy 3: bdgoldprice.com...
[2026-07-18T16:31:38.666Z] [INFO ] Trying Strategy 4: Wayback Machine...
[2026-07-18T16:31:39.607Z] [INFO ] Using cached prices from 2026-07-17 (21h old)
[2026-07-18T16:31:39.608Z] [WARN ] ALL LIVE SOURCES FAILED — Using cached prices (mandatory fallback)
[2026-07-18T16:31:39.608Z] [INFO ] Fetching international prices...
[2026-07-18T16:31:40.222Z] [INFO ] Gold: no change — skipping append
[2026-07-18T16:31:40.223Z] [INFO ] Silver: no change — skipping append
[2026-07-18T16:31:40.224Z] [INFO ] Intl: no change — skipping append
[2026-07-18T16:31:40.239Z] [INFO ] latest.json written | Final source: cache
[2026-07-18T16:31:40.240Z] [INFO ] ══════════════════════════════════════════════
[2026-07-18T17:58:18.812Z] [INFO ] ══════════════════════════════════════════════
[2026-07-18T17:58:18.814Z] [INFO ] SonarGold Scraper v4.0 starting...
[2026-07-18T17:58:18.815Z] [INFO ] Mode: LIVE
[2026-07-18T17:58:18.816Z] [INFO ] ══════════════════════════════════════════════
[2026-07-18T17:58:18.818Z] [INFO ] History size — Gold: 240, Silver: 229, Intl: 304
[2026-07-18T17:58:18.820Z] [INFO ] ════════════════════════════════
[2026-07-18T17:58:18.822Z] [INFO ] Starting BAJUS scrape v4.0 (sequential)...
[2026-07-18T17:58:18.823Z] [INFO ] Trying Strategy 1: BAJUSCTG API...
[2026-07-18T17:58:19.689Z] [INFO ] ✓ BAJUSCTG success: 22K gram ≈ 18845
[2026-07-18T17:58:19.690Z] [INFO ] SUCCESS — Source: bajusctg-api
[2026-07-18T17:58:19.691Z] [INFO ] Fetching international prices...
[2026-07-18T17:58:20.301Z] [INFO ] Gold: no change — skipping append
[2026-07-18T17:58:20.302Z] [INFO ] Silver: no change — skipping append
[2026-07-18T17:58:20.302Z] [INFO ] Intl: no change — skipping append
[2026-07-18T17:58:20.317Z] [INFO ] latest.json written | Final source: bajusctg-api
[2026-07-18T17:58:20.318Z] [INFO ] ══════════════════════════════════════════════
[2026-07-18T19:17:07.078Z] [INFO ] ══════════════════════════════════════════════
[2026-07-18T19:17:07.080Z] [INFO ] SonarGold Scraper v4.0 starting...
[2026-07-18T19:17:07.081Z] [INFO ] Mode: LIVE
[2026-07-18T19:17:07.082Z] [INFO ] ══════════════════════════════════════════════
[2026-07-18T19:17:07.084Z] [INFO ] History size — Gold: 240, Silver: 229, Intl: 304
[2026-07-18T19:17:07.085Z] [INFO ] ════════════════════════════════
[2026-07-18T19:17:07.087Z] [INFO ] Starting BAJUS scrape v4.0 (sequential)...
[2026-07-18T19:17:07.088Z] [INFO ] Trying Strategy 1: BAJUSCTG API...
[2026-07-18T19:17:08.132Z] [INFO ] ✓ BAJUSCTG success: 22K gram ≈ 18845
[2026-07-18T19:17:08.133Z] [INFO ] SUCCESS — Source: bajusctg-api
[2026-07-18T19:17:08.134Z] [INFO ] Fetching international prices...
[2026-07-18T19:17:08.649Z] [INFO ] Gold: no change — skipping append
[2026-07-18T19:17:08.650Z] [INFO ] Silver: no change — skipping append
[2026-07-18T19:17:08.650Z] [INFO ] Intl: no change — skipping append
[2026-07-18T19:17:08.665Z] [INFO ] latest.json written | Final source: bajusctg-api
[2026-07-18T19:17:08.666Z] [INFO ] ══════════════════════════════════════════════
