[2026-05-27T00:01:23.783Z] [INFO ] ══════════════════════════════════════════════
[2026-05-27T00:01:23.785Z] [INFO ] SonarGold Scraper v4.0 starting...
[2026-05-27T00:01:23.786Z] [INFO ] Mode: LIVE
[2026-05-27T00:01:23.786Z] [INFO ] ══════════════════════════════════════════════
[2026-05-27T00:01:23.788Z] [INFO ] History size — Gold: 218, Silver: 211, Intl: 252
[2026-05-27T00:01:23.789Z] [INFO ] ════════════════════════════════
[2026-05-27T00:01:23.789Z] [INFO ] Starting BAJUS scrape v4.0 (sequential)...
[2026-05-27T00:01:23.790Z] [INFO ] Trying Strategy 1: BAJUSCTG API...
[2026-05-27T00:01:25.242Z] [INFO ] ✓ BAJUSCTG success: 22K gram ≈ 20415
[2026-05-27T00:01:25.242Z] [INFO ] SUCCESS — Source: bajusctg-api
[2026-05-27T00:01:25.243Z] [INFO ] Fetching international prices...
[2026-05-27T00:01:25.815Z] [INFO ] Gold: no change — skipping append
[2026-05-27T00:01:25.815Z] [INFO ] Silver: no change — skipping append
[2026-05-27T00:01:25.816Z] [INFO ] Intl: appended entry #253
[2026-05-27T00:01:25.831Z] [INFO ] latest.json written | Final source: bajusctg-api
[2026-05-27T00:01:25.831Z] [INFO ] ══════════════════════════════════════════════
[2026-05-27T05:06:41.418Z] [INFO ] ══════════════════════════════════════════════
[2026-05-27T05:06:41.419Z] [INFO ] SonarGold Scraper v4.0 starting...
[2026-05-27T05:06:41.420Z] [INFO ] Mode: LIVE
[2026-05-27T05:06:41.420Z] [INFO ] ══════════════════════════════════════════════
[2026-05-27T05:06:41.422Z] [INFO ] History size — Gold: 218, Silver: 211, Intl: 253
[2026-05-27T05:06:41.423Z] [INFO ] ════════════════════════════════
[2026-05-27T05:06:41.423Z] [INFO ] Starting BAJUS scrape v4.0 (sequential)...
[2026-05-27T05:06:41.424Z] [INFO ] Trying Strategy 1: BAJUSCTG API...
[2026-05-27T05:06:42.498Z] [INFO ] ✓ BAJUSCTG success: 22K gram ≈ 20415
[2026-05-27T05:06:42.498Z] [INFO ] SUCCESS — Source: bajusctg-api
[2026-05-27T05:06:42.499Z] [INFO ] Fetching international prices...
[2026-05-27T05:06:43.112Z] [INFO ] Gold: no change — skipping append
[2026-05-27T05:06:43.113Z] [INFO ] Silver: no change — skipping append
[2026-05-27T05:06:43.114Z] [INFO ] Intl: updated same-day entry
[2026-05-27T05:06:43.129Z] [INFO ] latest.json written | Final source: bajusctg-api
[2026-05-27T05:06:43.129Z] [INFO ] ══════════════════════════════════════════════
[2026-05-27T08:56:38.315Z] [INFO ] ══════════════════════════════════════════════
[2026-05-27T08:56:38.316Z] [INFO ] SonarGold Scraper v4.0 starting...
[2026-05-27T08:56:38.317Z] [INFO ] Mode: LIVE
[2026-05-27T08:56:38.317Z] [INFO ] ══════════════════════════════════════════════
[2026-05-27T08:56:38.319Z] [INFO ] History size — Gold: 218, Silver: 211, Intl: 253
[2026-05-27T08:56:38.320Z] [INFO ] ════════════════════════════════
[2026-05-27T08:56:38.321Z] [INFO ] Starting BAJUS scrape v4.0 (sequential)...
[2026-05-27T08:56:38.321Z] [INFO ] Trying Strategy 1: BAJUSCTG API...
[2026-05-27T08:56:40.048Z] [INFO ] ✓ BAJUSCTG success: 22K gram ≈ 20415
[2026-05-27T08:56:40.048Z] [INFO ] SUCCESS — Source: bajusctg-api
[2026-05-27T08:56:40.049Z] [INFO ] Fetching international prices...
[2026-05-27T08:56:40.658Z] [INFO ] Gold: no change — skipping append
[2026-05-27T08:56:40.658Z] [INFO ] Silver: no change — skipping append
[2026-05-27T08:56:40.659Z] [INFO ] Intl: updated same-day entry
[2026-05-27T08:56:40.922Z] [INFO ] latest.json written | Final source: bajusctg-api
[2026-05-27T08:56:40.923Z] [INFO ] ══════════════════════════════════════════════
[2026-05-27T12:13:26.856Z] [INFO ] ══════════════════════════════════════════════
[2026-05-27T12:13:26.858Z] [INFO ] SonarGold Scraper v4.0 starting...
[2026-05-27T12:13:26.859Z] [INFO ] Mode: LIVE
[2026-05-27T12:13:26.859Z] [INFO ] ══════════════════════════════════════════════
[2026-05-27T12:13:26.861Z] [INFO ] History size — Gold: 218, Silver: 211, Intl: 253
[2026-05-27T12:13:26.862Z] [INFO ] ════════════════════════════════
[2026-05-27T12:13:26.862Z] [INFO ] Starting BAJUS scrape v4.0 (sequential)...
[2026-05-27T12:13:26.863Z] [INFO ] Trying Strategy 1: BAJUSCTG API...
[2026-05-27T12:13:27.969Z] [INFO ] ✓ BAJUSCTG success: 22K gram ≈ 20415
[2026-05-27T12:13:27.970Z] [INFO ] SUCCESS — Source: bajusctg-api
[2026-05-27T12:13:27.971Z] [INFO ] Fetching international prices...
[2026-05-27T12:13:28.587Z] [INFO ] Gold: no change — skipping append
[2026-05-27T12:13:28.588Z] [INFO ] Silver: no change — skipping append
[2026-05-27T12:13:28.588Z] [INFO ] Intl: updated same-day entry
[2026-05-27T12:13:28.613Z] [INFO ] latest.json written | Final source: bajusctg-api
[2026-05-27T12:13:28.613Z] [INFO ] ══════════════════════════════════════════════
[2026-05-27T16:30:22.306Z] [INFO ] ══════════════════════════════════════════════
[2026-05-27T16:30:22.308Z] [INFO ] SonarGold Scraper v4.0 starting...
[2026-05-27T16:30:22.309Z] [INFO ] Mode: LIVE
[2026-05-27T16:30:22.309Z] [INFO ] ══════════════════════════════════════════════
[2026-05-27T16:30:22.311Z] [INFO ] History size — Gold: 218, Silver: 211, Intl: 253
[2026-05-27T16:30:22.312Z] [INFO ] ════════════════════════════════
[2026-05-27T16:30:22.312Z] [INFO ] Starting BAJUS scrape v4.0 (sequential)...
[2026-05-27T16:30:22.313Z] [INFO ] Trying Strategy 1: BAJUSCTG API...
[2026-05-27T16:30:23.765Z] [INFO ] ✓ BAJUSCTG success: 22K gram ≈ 20415
[2026-05-27T16:30:23.766Z] [INFO ] SUCCESS — Source: bajusctg-api
[2026-05-27T16:30:23.767Z] [INFO ] Fetching international prices...
[2026-05-27T16:30:24.337Z] [INFO ] Gold: no change — skipping append
[2026-05-27T16:30:24.338Z] [INFO ] Silver: no change — skipping append
[2026-05-27T16:30:24.338Z] [INFO ] Intl: updated same-day entry
[2026-05-27T16:30:24.353Z] [INFO ] latest.json written | Final source: bajusctg-api
[2026-05-27T16:30:24.354Z] [INFO ] ══════════════════════════════════════════════
[2026-05-27T19:11:12.479Z] [INFO ] ══════════════════════════════════════════════
[2026-05-27T19:11:12.481Z] [INFO ] SonarGold Scraper v4.0 starting...
[2026-05-27T19:11:12.482Z] [INFO ] Mode: LIVE
[2026-05-27T19:11:12.482Z] [INFO ] ══════════════════════════════════════════════
[2026-05-27T19:11:12.484Z] [INFO ] History size — Gold: 218, Silver: 211, Intl: 253
[2026-05-27T19:11:12.485Z] [INFO ] ════════════════════════════════
[2026-05-27T19:11:12.485Z] [INFO ] Starting BAJUS scrape v4.0 (sequential)...
[2026-05-27T19:11:12.486Z] [INFO ] Trying Strategy 1: BAJUSCTG API...
[2026-05-27T19:11:14.208Z] [INFO ] ✓ BAJUSCTG success: 22K gram ≈ 20415
[2026-05-27T19:11:14.208Z] [INFO ] SUCCESS — Source: bajusctg-api
[2026-05-27T19:11:14.209Z] [INFO ] Fetching international prices...
[2026-05-27T19:11:14.769Z] [INFO ] Gold: no change — skipping append
[2026-05-27T19:11:14.770Z] [INFO ] Silver: no change — skipping append
[2026-05-27T19:11:14.770Z] [INFO ] Intl: updated same-day entry
[2026-05-27T19:11:14.798Z] [INFO ] latest.json written | Final source: bajusctg-api
[2026-05-27T19:11:14.798Z] [INFO ] ══════════════════════════════════════════════
