[2026-05-04T01:28:22.756Z] [INFO ] ══════════════════════════════════════════════
[2026-05-04T01:28:22.758Z] [INFO ] SonarGold Scraper v4.0 starting...
[2026-05-04T01:28:22.758Z] [INFO ] Mode: LIVE
[2026-05-04T01:28:22.759Z] [INFO ] ══════════════════════════════════════════════
[2026-05-04T01:28:22.761Z] [INFO ] History size — Gold: 209, Silver: 207, Intl: 229
[2026-05-04T01:28:22.761Z] [INFO ] ════════════════════════════════
[2026-05-04T01:28:22.762Z] [INFO ] Starting BAJUS scrape v4.0 (sequential)...
[2026-05-04T01:28:22.762Z] [INFO ] Trying Strategy 1: BAJUSCTG API...
[2026-05-04T01:28:24.469Z] [INFO ] ✓ BAJUSCTG success: 22K gram ≈ 20790
[2026-05-04T01:28:24.469Z] [INFO ] SUCCESS — Source: bajusctg-api
[2026-05-04T01:28:24.470Z] [INFO ] Fetching international prices...
[2026-05-04T01:28:25.007Z] [INFO ] Gold: no change — skipping append
[2026-05-04T01:28:25.007Z] [INFO ] Silver: no change — skipping append
[2026-05-04T01:28:25.007Z] [INFO ] Intl: appended entry #230
[2026-05-04T01:28:25.022Z] [INFO ] latest.json written | Final source: bajusctg-api
[2026-05-04T01:28:25.023Z] [INFO ] ══════════════════════════════════════════════
[2026-05-04T05:22:48.935Z] [INFO ] ══════════════════════════════════════════════
[2026-05-04T05:22:48.936Z] [INFO ] SonarGold Scraper v4.0 starting...
[2026-05-04T05:22:48.937Z] [INFO ] Mode: LIVE
[2026-05-04T05:22:48.937Z] [INFO ] ══════════════════════════════════════════════
[2026-05-04T05:22:48.939Z] [INFO ] History size — Gold: 209, Silver: 207, Intl: 230
[2026-05-04T05:22:48.939Z] [INFO ] ════════════════════════════════
[2026-05-04T05:22:48.940Z] [INFO ] Starting BAJUS scrape v4.0 (sequential)...
[2026-05-04T05:22:48.940Z] [INFO ] Trying Strategy 1: BAJUSCTG API...
[2026-05-04T05:22:49.334Z] [INFO ] ✓ BAJUSCTG success: 22K gram ≈ 20790
[2026-05-04T05:22:49.334Z] [INFO ] SUCCESS — Source: bajusctg-api
[2026-05-04T05:22:49.335Z] [INFO ] Fetching international prices...
[2026-05-04T05:22:49.450Z] [INFO ] Gold: no change — skipping append
[2026-05-04T05:22:49.451Z] [INFO ] Silver: no change — skipping append
[2026-05-04T05:22:49.451Z] [INFO ] Intl: updated same-day entry
[2026-05-04T05:22:49.695Z] [INFO ] latest.json written | Final source: bajusctg-api
[2026-05-04T05:22:49.695Z] [INFO ] ══════════════════════════════════════════════
[2026-05-04T08:12:37.311Z] [INFO ] ══════════════════════════════════════════════
[2026-05-04T08:12:37.313Z] [INFO ] SonarGold Scraper v4.0 starting...
[2026-05-04T08:12:37.313Z] [INFO ] Mode: LIVE
[2026-05-04T08:12:37.314Z] [INFO ] ══════════════════════════════════════════════
[2026-05-04T08:12:37.315Z] [INFO ] History size — Gold: 209, Silver: 207, Intl: 230
[2026-05-04T08:12:37.316Z] [INFO ] ════════════════════════════════
[2026-05-04T08:12:37.316Z] [INFO ] Starting BAJUS scrape v4.0 (sequential)...
[2026-05-04T08:12:37.317Z] [INFO ] Trying Strategy 1: BAJUSCTG API...
[2026-05-04T08:12:39.073Z] [INFO ] ✓ BAJUSCTG success: 22K gram ≈ 20790
[2026-05-04T08:12:39.074Z] [INFO ] SUCCESS — Source: bajusctg-api
[2026-05-04T08:12:39.074Z] [INFO ] Fetching international prices...
[2026-05-04T08:12:39.584Z] [INFO ] Gold: no change — skipping append
[2026-05-04T08:12:39.585Z] [INFO ] Silver: no change — skipping append
[2026-05-04T08:12:39.585Z] [INFO ] Intl: updated same-day entry
[2026-05-04T08:12:39.600Z] [INFO ] latest.json written | Final source: bajusctg-api
[2026-05-04T08:12:39.600Z] [INFO ] ══════════════════════════════════════════════
[2026-05-04T10:53:02.345Z] [INFO ] ══════════════════════════════════════════════
[2026-05-04T10:53:02.347Z] [INFO ] SonarGold Scraper v4.0 starting...
[2026-05-04T10:53:02.347Z] [INFO ] Mode: LIVE
[2026-05-04T10:53:02.348Z] [INFO ] ══════════════════════════════════════════════
[2026-05-04T10:53:02.349Z] [INFO ] History size — Gold: 209, Silver: 207, Intl: 230
[2026-05-04T10:53:02.350Z] [INFO ] ════════════════════════════════
[2026-05-04T10:53:02.350Z] [INFO ] Starting BAJUS scrape v4.0 (sequential)...
[2026-05-04T10:53:02.351Z] [INFO ] Trying Strategy 1: BAJUSCTG API...
[2026-05-04T10:53:03.649Z] [INFO ] ✓ BAJUSCTG success: 22K gram ≈ 20790
[2026-05-04T10:53:03.650Z] [INFO ] SUCCESS — Source: bajusctg-api
[2026-05-04T10:53:03.650Z] [INFO ] Fetching international prices...
[2026-05-04T10:53:04.253Z] [INFO ] Gold: no change — skipping append
[2026-05-04T10:53:04.254Z] [INFO ] Silver: no change — skipping append
[2026-05-04T10:53:04.254Z] [INFO ] Intl: updated same-day entry
[2026-05-04T10:53:04.269Z] [INFO ] latest.json written | Final source: bajusctg-api
[2026-05-04T10:53:04.269Z] [INFO ] ══════════════════════════════════════════════
[2026-05-04T12:16:11.853Z] [INFO ] ══════════════════════════════════════════════
[2026-05-04T12:16:11.855Z] [INFO ] SonarGold Scraper v4.0 starting...
[2026-05-04T12:16:11.855Z] [INFO ] Mode: LIVE
[2026-05-04T12:16:11.855Z] [INFO ] ══════════════════════════════════════════════
[2026-05-04T12:16:11.857Z] [INFO ] History size — Gold: 209, Silver: 207, Intl: 230
[2026-05-04T12:16:11.857Z] [INFO ] ════════════════════════════════
[2026-05-04T12:16:11.858Z] [INFO ] Starting BAJUS scrape v4.0 (sequential)...
[2026-05-04T12:16:11.858Z] [INFO ] Trying Strategy 1: BAJUSCTG API...
[2026-05-04T12:16:13.582Z] [INFO ] ✓ BAJUSCTG success: 22K gram ≈ 20790
[2026-05-04T12:16:13.582Z] [INFO ] SUCCESS — Source: bajusctg-api
[2026-05-04T12:16:13.583Z] [INFO ] Fetching international prices...
[2026-05-04T12:16:14.202Z] [INFO ] Gold: no change — skipping append
[2026-05-04T12:16:14.202Z] [INFO ] Silver: no change — skipping append
[2026-05-04T12:16:14.202Z] [INFO ] Intl: updated same-day entry
[2026-05-04T12:16:14.217Z] [INFO ] latest.json written | Final source: bajusctg-api
[2026-05-04T12:16:14.218Z] [INFO ] ══════════════════════════════════════════════
[2026-05-04T15:00:47.347Z] [INFO ] ══════════════════════════════════════════════
[2026-05-04T15:00:47.349Z] [INFO ] SonarGold Scraper v4.0 starting...
[2026-05-04T15:00:47.349Z] [INFO ] Mode: LIVE
[2026-05-04T15:00:47.350Z] [INFO ] ══════════════════════════════════════════════
[2026-05-04T15:00:47.351Z] [INFO ] History size — Gold: 209, Silver: 207, Intl: 230
[2026-05-04T15:00:47.351Z] [INFO ] ════════════════════════════════
[2026-05-04T15:00:47.352Z] [INFO ] Starting BAJUS scrape v4.0 (sequential)...
[2026-05-04T15:00:47.352Z] [INFO ] Trying Strategy 1: BAJUSCTG API...
[2026-05-04T15:00:48.795Z] [INFO ] ✓ BAJUSCTG success: 22K gram ≈ 20790
[2026-05-04T15:00:48.795Z] [INFO ] SUCCESS — Source: bajusctg-api
[2026-05-04T15:00:48.796Z] [INFO ] Fetching international prices...
[2026-05-04T15:00:49.477Z] [INFO ] Gold: no change — skipping append
[2026-05-04T15:00:49.478Z] [INFO ] Silver: no change — skipping append
[2026-05-04T15:00:49.478Z] [INFO ] Intl: updated same-day entry
[2026-05-04T15:00:49.493Z] [INFO ] latest.json written | Final source: bajusctg-api
[2026-05-04T15:00:49.493Z] [INFO ] ══════════════════════════════════════════════
[2026-05-04T17:19:12.417Z] [INFO ] ══════════════════════════════════════════════
[2026-05-04T17:19:12.419Z] [INFO ] SonarGold Scraper v4.0 starting...
[2026-05-04T17:19:12.419Z] [INFO ] Mode: LIVE
[2026-05-04T17:19:12.420Z] [INFO ] ══════════════════════════════════════════════
[2026-05-04T17:19:12.421Z] [INFO ] History size — Gold: 209, Silver: 207, Intl: 230
[2026-05-04T17:19:12.422Z] [INFO ] ════════════════════════════════
[2026-05-04T17:19:12.423Z] [INFO ] Starting BAJUS scrape v4.0 (sequential)...
[2026-05-04T17:19:12.423Z] [INFO ] Trying Strategy 1: BAJUSCTG API...
[2026-05-04T17:19:12.822Z] [INFO ] ✓ BAJUSCTG success: 22K gram ≈ 20790
[2026-05-04T17:19:12.823Z] [INFO ] SUCCESS — Source: bajusctg-api
[2026-05-04T17:19:12.823Z] [INFO ] Fetching international prices...
[2026-05-04T17:19:12.943Z] [INFO ] Gold: no change — skipping append
[2026-05-04T17:19:12.944Z] [INFO ] Silver: no change — skipping append
[2026-05-04T17:19:12.944Z] [INFO ] Intl: updated same-day entry
[2026-05-04T17:19:12.959Z] [INFO ] latest.json written | Final source: bajusctg-api
[2026-05-04T17:19:12.959Z] [INFO ] ══════════════════════════════════════════════
