[2026-05-11T01:52:04.784Z] [INFO ] ══════════════════════════════════════════════
[2026-05-11T01:52:04.785Z] [INFO ] SonarGold Scraper v4.0 starting...
[2026-05-11T01:52:04.786Z] [INFO ] Mode: LIVE
[2026-05-11T01:52:04.786Z] [INFO ] ══════════════════════════════════════════════
[2026-05-11T01:52:04.787Z] [INFO ] History size — Gold: 212, Silver: 209, Intl: 236
[2026-05-11T01:52:04.788Z] [INFO ] ════════════════════════════════
[2026-05-11T01:52:04.788Z] [INFO ] Starting BAJUS scrape v4.0 (sequential)...
[2026-05-11T01:52:04.789Z] [INFO ] Trying Strategy 1: BAJUSCTG API...
[2026-05-11T01:52:06.570Z] [INFO ] ✓ BAJUSCTG success: 22K gram ≈ 20980
[2026-05-11T01:52:06.570Z] [INFO ] SUCCESS — Source: bajusctg-api
[2026-05-11T01:52:06.571Z] [INFO ] Fetching international prices...
[2026-05-11T01:52:06.799Z] [ERROR] XAU fetch failed: request to https://api.gold-api.com/price/XAU failed, reason: getaddrinfo ENOTFOUND api.gold-api.com
[2026-05-11T01:52:07.228Z] [INFO ] Gold: no change — skipping append
[2026-05-11T01:52:07.228Z] [INFO ] Silver: no change — skipping append
[2026-05-11T01:52:07.228Z] [INFO ] Intl: appended entry #237
[2026-05-11T01:52:07.242Z] [INFO ] latest.json written | Final source: bajusctg-api
[2026-05-11T01:52:07.243Z] [INFO ] ══════════════════════════════════════════════
[2026-05-11T05:47:32.929Z] [INFO ] ══════════════════════════════════════════════
[2026-05-11T05:47:32.930Z] [INFO ] SonarGold Scraper v4.0 starting...
[2026-05-11T05:47:32.931Z] [INFO ] Mode: LIVE
[2026-05-11T05:47:32.931Z] [INFO ] ══════════════════════════════════════════════
[2026-05-11T05:47:32.933Z] [INFO ] History size — Gold: 212, Silver: 209, Intl: 237
[2026-05-11T05:47:32.933Z] [INFO ] ════════════════════════════════
[2026-05-11T05:47:32.934Z] [INFO ] Starting BAJUS scrape v4.0 (sequential)...
[2026-05-11T05:47:32.934Z] [INFO ] Trying Strategy 1: BAJUSCTG API...
[2026-05-11T05:47:33.346Z] [INFO ] ✓ BAJUSCTG success: 22K gram ≈ 20980
[2026-05-11T05:47:33.346Z] [INFO ] SUCCESS — Source: bajusctg-api
[2026-05-11T05:47:33.347Z] [INFO ] Fetching international prices...
[2026-05-11T05:47:34.117Z] [INFO ] Gold: no change — skipping append
[2026-05-11T05:47:34.117Z] [INFO ] Silver: no change — skipping append
[2026-05-11T05:47:34.118Z] [INFO ] Intl: updated same-day entry
[2026-05-11T05:47:34.136Z] [INFO ] latest.json written | Final source: bajusctg-api
[2026-05-11T05:47:34.137Z] [INFO ] ══════════════════════════════════════════════
[2026-05-11T08:53:41.511Z] [INFO ] ══════════════════════════════════════════════
[2026-05-11T08:53:41.512Z] [INFO ] SonarGold Scraper v4.0 starting...
[2026-05-11T08:53:41.512Z] [INFO ] Mode: LIVE
[2026-05-11T08:53:41.513Z] [INFO ] ══════════════════════════════════════════════
[2026-05-11T08:53:41.514Z] [INFO ] History size — Gold: 212, Silver: 209, Intl: 237
[2026-05-11T08:53:41.515Z] [INFO ] ════════════════════════════════
[2026-05-11T08:53:41.515Z] [INFO ] Starting BAJUS scrape v4.0 (sequential)...
[2026-05-11T08:53:41.516Z] [INFO ] Trying Strategy 1: BAJUSCTG API...
[2026-05-11T08:53:43.104Z] [INFO ] ✓ BAJUSCTG success: 22K gram ≈ 20980
[2026-05-11T08:53:43.105Z] [INFO ] SUCCESS — Source: bajusctg-api
[2026-05-11T08:53:43.106Z] [INFO ] Fetching international prices...
[2026-05-11T08:53:43.896Z] [INFO ] Gold: no change — skipping append
[2026-05-11T08:53:43.896Z] [INFO ] Silver: no change — skipping append
[2026-05-11T08:53:43.897Z] [INFO ] Intl: updated same-day entry
[2026-05-11T08:53:43.952Z] [INFO ] latest.json written | Final source: bajusctg-api
[2026-05-11T08:53:43.953Z] [INFO ] ══════════════════════════════════════════════
[2026-05-11T11:54:37.847Z] [INFO ] ══════════════════════════════════════════════
[2026-05-11T11:54:37.849Z] [INFO ] SonarGold Scraper v4.0 starting...
[2026-05-11T11:54:37.849Z] [INFO ] Mode: LIVE
[2026-05-11T11:54:37.850Z] [INFO ] ══════════════════════════════════════════════
[2026-05-11T11:54:37.851Z] [INFO ] History size — Gold: 212, Silver: 209, Intl: 237
[2026-05-11T11:54:37.852Z] [INFO ] ════════════════════════════════
[2026-05-11T11:54:37.852Z] [INFO ] Starting BAJUS scrape v4.0 (sequential)...
[2026-05-11T11:54:37.853Z] [INFO ] Trying Strategy 1: BAJUSCTG API...
[2026-05-11T11:54:39.745Z] [INFO ] ✓ BAJUSCTG success: 22K gram ≈ 20980
[2026-05-11T11:54:39.746Z] [INFO ] SUCCESS — Source: bajusctg-api
[2026-05-11T11:54:39.746Z] [INFO ] Fetching international prices...
[2026-05-11T11:54:40.376Z] [INFO ] Gold: no change — skipping append
[2026-05-11T11:54:40.377Z] [INFO ] Silver: no change — skipping append
[2026-05-11T11:54:40.378Z] [INFO ] Intl: updated same-day entry
[2026-05-11T11:54:40.426Z] [INFO ] latest.json written | Final source: bajusctg-api
[2026-05-11T11:54:40.426Z] [INFO ] ══════════════════════════════════════════════
[2026-05-11T14:19:32.246Z] [INFO ] ══════════════════════════════════════════════
[2026-05-11T14:19:32.248Z] [INFO ] SonarGold Scraper v4.0 starting...
[2026-05-11T14:19:32.248Z] [INFO ] Mode: LIVE
[2026-05-11T14:19:32.249Z] [INFO ] ══════════════════════════════════════════════
[2026-05-11T14:19:32.250Z] [INFO ] History size — Gold: 212, Silver: 209, Intl: 237
[2026-05-11T14:19:32.251Z] [INFO ] ════════════════════════════════
[2026-05-11T14:19:32.251Z] [INFO ] Starting BAJUS scrape v4.0 (sequential)...
[2026-05-11T14:19:32.252Z] [INFO ] Trying Strategy 1: BAJUSCTG API...
[2026-05-11T14:19:34.306Z] [INFO ] ✓ BAJUSCTG success: 22K gram ≈ 20980
[2026-05-11T14:19:34.307Z] [INFO ] SUCCESS — Source: bajusctg-api
[2026-05-11T14:19:34.307Z] [INFO ] Fetching international prices...
[2026-05-11T14:19:34.897Z] [INFO ] Gold: no change — skipping append
[2026-05-11T14:19:34.897Z] [INFO ] Silver: no change — skipping append
[2026-05-11T14:19:34.898Z] [INFO ] Intl: updated same-day entry
[2026-05-11T14:19:34.912Z] [INFO ] latest.json written | Final source: bajusctg-api
[2026-05-11T14:19:34.913Z] [INFO ] ══════════════════════════════════════════════
[2026-05-11T17:16:23.474Z] [INFO ] ══════════════════════════════════════════════
[2026-05-11T17:16:23.475Z] [INFO ] SonarGold Scraper v4.0 starting...
[2026-05-11T17:16:23.475Z] [INFO ] Mode: LIVE
[2026-05-11T17:16:23.475Z] [INFO ] ══════════════════════════════════════════════
[2026-05-11T17:16:23.477Z] [INFO ] History size — Gold: 212, Silver: 209, Intl: 237
[2026-05-11T17:16:23.477Z] [INFO ] ════════════════════════════════
[2026-05-11T17:16:23.478Z] [INFO ] Starting BAJUS scrape v4.0 (sequential)...
[2026-05-11T17:16:23.478Z] [INFO ] Trying Strategy 1: BAJUSCTG API...
[2026-05-11T17:16:25.128Z] [INFO ] ✓ BAJUSCTG success: 22K gram ≈ 20980
[2026-05-11T17:16:25.128Z] [INFO ] SUCCESS — Source: bajusctg-api
[2026-05-11T17:16:25.129Z] [INFO ] Fetching international prices...
[2026-05-11T17:16:25.285Z] [INFO ] Gold: no change — skipping append
[2026-05-11T17:16:25.285Z] [INFO ] Silver: no change — skipping append
[2026-05-11T17:16:25.286Z] [INFO ] Intl: updated same-day entry
[2026-05-11T17:16:25.312Z] [INFO ] latest.json written | Final source: bajusctg-api
[2026-05-11T17:16:25.312Z] [INFO ] ══════════════════════════════════════════════
[2026-05-11T19:23:41.017Z] [INFO ] ══════════════════════════════════════════════
[2026-05-11T19:23:41.018Z] [INFO ] SonarGold Scraper v4.0 starting...
[2026-05-11T19:23:41.018Z] [INFO ] Mode: LIVE
[2026-05-11T19:23:41.019Z] [INFO ] ══════════════════════════════════════════════
[2026-05-11T19:23:41.020Z] [INFO ] History size — Gold: 212, Silver: 209, Intl: 237
[2026-05-11T19:23:41.021Z] [INFO ] ════════════════════════════════
[2026-05-11T19:23:41.022Z] [INFO ] Starting BAJUS scrape v4.0 (sequential)...
[2026-05-11T19:23:41.022Z] [INFO ] Trying Strategy 1: BAJUSCTG API...
[2026-05-11T19:23:42.901Z] [INFO ] ✓ BAJUSCTG success: 22K gram ≈ 20980
[2026-05-11T19:23:42.902Z] [INFO ] SUCCESS — Source: bajusctg-api
[2026-05-11T19:23:42.902Z] [INFO ] Fetching international prices...
[2026-05-11T19:23:43.426Z] [INFO ] Gold: no change — skipping append
[2026-05-11T19:23:43.427Z] [INFO ] Silver: no change — skipping append
[2026-05-11T19:23:43.427Z] [INFO ] Intl: updated same-day entry
[2026-05-11T19:23:43.544Z] [INFO ] latest.json written | Final source: bajusctg-api
[2026-05-11T19:23:43.544Z] [INFO ] ══════════════════════════════════════════════
[2026-05-11T21:08:06.395Z] [INFO ] ══════════════════════════════════════════════
[2026-05-11T21:08:06.397Z] [INFO ] SonarGold Scraper v4.0 starting...
[2026-05-11T21:08:06.398Z] [INFO ] Mode: LIVE
[2026-05-11T21:08:06.398Z] [INFO ] ══════════════════════════════════════════════
[2026-05-11T21:08:06.400Z] [INFO ] History size — Gold: 212, Silver: 209, Intl: 237
[2026-05-11T21:08:06.401Z] [INFO ] ════════════════════════════════
[2026-05-11T21:08:06.402Z] [INFO ] Starting BAJUS scrape v4.0 (sequential)...
[2026-05-11T21:08:06.402Z] [INFO ] Trying Strategy 1: BAJUSCTG API...
[2026-05-11T21:08:08.141Z] [INFO ] ✓ BAJUSCTG success: 22K gram ≈ 20980
[2026-05-11T21:08:08.142Z] [INFO ] SUCCESS — Source: bajusctg-api
[2026-05-11T21:08:08.142Z] [INFO ] Fetching international prices...
[2026-05-11T21:08:08.827Z] [INFO ] Gold: no change — skipping append
[2026-05-11T21:08:08.827Z] [INFO ] Silver: no change — skipping append
[2026-05-11T21:08:08.828Z] [INFO ] Intl: updated same-day entry
[2026-05-11T21:08:08.843Z] [INFO ] latest.json written | Final source: bajusctg-api
[2026-05-11T21:08:08.843Z] [INFO ] ══════════════════════════════════════════════
[2026-05-11T22:43:41.431Z] [INFO ] ══════════════════════════════════════════════
[2026-05-11T22:43:41.433Z] [INFO ] SonarGold Scraper v4.0 starting...
[2026-05-11T22:43:41.433Z] [INFO ] Mode: LIVE
[2026-05-11T22:43:41.434Z] [INFO ] ══════════════════════════════════════════════
[2026-05-11T22:43:41.435Z] [INFO ] History size — Gold: 212, Silver: 209, Intl: 237
[2026-05-11T22:43:41.436Z] [INFO ] ════════════════════════════════
[2026-05-11T22:43:41.436Z] [INFO ] Starting BAJUS scrape v4.0 (sequential)...
[2026-05-11T22:43:41.437Z] [INFO ] Trying Strategy 1: BAJUSCTG API...
[2026-05-11T22:43:43.513Z] [INFO ] ✓ BAJUSCTG success: 22K gram ≈ 20980
[2026-05-11T22:43:43.513Z] [INFO ] SUCCESS — Source: bajusctg-api
[2026-05-11T22:43:43.514Z] [INFO ] Fetching international prices...
[2026-05-11T22:43:44.354Z] [INFO ] Gold: no change — skipping append
[2026-05-11T22:43:44.355Z] [INFO ] Silver: no change — skipping append
[2026-05-11T22:43:44.355Z] [INFO ] Intl: updated same-day entry
[2026-05-11T22:43:44.374Z] [INFO ] latest.json written | Final source: bajusctg-api
[2026-05-11T22:43:44.375Z] [INFO ] ══════════════════════════════════════════════
