[2026-07-07T03:51:25.860Z] [INFO ] ══════════════════════════════════════════════
[2026-07-07T03:51:25.862Z] [INFO ] SonarGold Scraper v4.0 starting...
[2026-07-07T03:51:25.863Z] [INFO ] Mode: LIVE
[2026-07-07T03:51:25.864Z] [INFO ] ══════════════════════════════════════════════
[2026-07-07T03:51:25.867Z] [INFO ] History size — Gold: 235, Silver: 225, Intl: 292
[2026-07-07T03:51:25.870Z] [INFO ] ════════════════════════════════
[2026-07-07T03:51:25.871Z] [INFO ] Starting BAJUS scrape v4.0 (sequential)...
[2026-07-07T03:51:25.872Z] [INFO ] Trying Strategy 1: BAJUSCTG API...
[2026-07-07T03:51:26.194Z] [INFO ] ✓ BAJUSCTG success: 22K gram ≈ 19315
[2026-07-07T03:51:26.195Z] [INFO ] SUCCESS — Source: bajusctg-api
[2026-07-07T03:51:26.195Z] [INFO ] Fetching international prices...
[2026-07-07T03:51:26.901Z] [INFO ] Gold: no change — skipping append
[2026-07-07T03:51:26.901Z] [INFO ] Silver: no change — skipping append
[2026-07-07T03:51:26.902Z] [INFO ] Intl: appended entry #293
[2026-07-07T03:51:26.917Z] [INFO ] latest.json written | Final source: bajusctg-api
[2026-07-07T03:51:26.918Z] [INFO ] ══════════════════════════════════════════════
[2026-07-07T07:44:20.556Z] [INFO ] ══════════════════════════════════════════════
[2026-07-07T07:44:20.558Z] [INFO ] SonarGold Scraper v4.0 starting...
[2026-07-07T07:44:20.559Z] [INFO ] Mode: LIVE
[2026-07-07T07:44:20.560Z] [INFO ] ══════════════════════════════════════════════
[2026-07-07T07:44:20.562Z] [INFO ] History size — Gold: 235, Silver: 225, Intl: 293
[2026-07-07T07:44:20.563Z] [INFO ] ════════════════════════════════
[2026-07-07T07:44:20.565Z] [INFO ] Starting BAJUS scrape v4.0 (sequential)...
[2026-07-07T07:44:20.566Z] [INFO ] Trying Strategy 1: BAJUSCTG API...
[2026-07-07T07:44:21.037Z] [INFO ] ✓ BAJUSCTG success: 22K gram ≈ 19315
[2026-07-07T07:44:21.038Z] [INFO ] SUCCESS — Source: bajusctg-api
[2026-07-07T07:44:21.038Z] [INFO ] Fetching international prices...
[2026-07-07T07:44:21.480Z] [INFO ] Gold: no change — skipping append
[2026-07-07T07:44:21.481Z] [INFO ] Silver: no change — skipping append
[2026-07-07T07:44:21.481Z] [INFO ] Intl: updated same-day entry
[2026-07-07T07:44:21.497Z] [INFO ] latest.json written | Final source: bajusctg-api
[2026-07-07T07:44:21.497Z] [INFO ] ══════════════════════════════════════════════
[2026-07-07T11:12:54.318Z] [INFO ] ══════════════════════════════════════════════
[2026-07-07T11:12:54.320Z] [INFO ] SonarGold Scraper v4.0 starting...
[2026-07-07T11:12:54.320Z] [INFO ] Mode: LIVE
[2026-07-07T11:12:54.321Z] [INFO ] ══════════════════════════════════════════════
[2026-07-07T11:12:54.324Z] [INFO ] History size — Gold: 235, Silver: 225, Intl: 293
[2026-07-07T11:12:54.324Z] [INFO ] ════════════════════════════════
[2026-07-07T11:12:54.326Z] [INFO ] Starting BAJUS scrape v4.0 (sequential)...
[2026-07-07T11:12:54.328Z] [INFO ] Trying Strategy 1: BAJUSCTG API...
[2026-07-07T11:12:54.710Z] [INFO ] ✓ BAJUSCTG success: 22K gram ≈ 19315
[2026-07-07T11:12:54.711Z] [INFO ] SUCCESS — Source: bajusctg-api
[2026-07-07T11:12:54.712Z] [INFO ] Fetching international prices...
[2026-07-07T11:12:55.258Z] [INFO ] Gold: no change — skipping append
[2026-07-07T11:12:55.259Z] [INFO ] Silver: no change — skipping append
[2026-07-07T11:12:55.260Z] [INFO ] Intl: updated same-day entry
[2026-07-07T11:12:55.275Z] [INFO ] latest.json written | Final source: bajusctg-api
[2026-07-07T11:12:55.275Z] [INFO ] ══════════════════════════════════════════════
[2026-07-07T13:36:07.665Z] [INFO ] ══════════════════════════════════════════════
[2026-07-07T13:36:07.667Z] [INFO ] SonarGold Scraper v4.0 starting...
[2026-07-07T13:36:07.668Z] [INFO ] Mode: LIVE
[2026-07-07T13:36:07.668Z] [INFO ] ══════════════════════════════════════════════
[2026-07-07T13:36:07.670Z] [INFO ] History size — Gold: 235, Silver: 225, Intl: 293
[2026-07-07T13:36:07.671Z] [INFO ] ════════════════════════════════
[2026-07-07T13:36:07.674Z] [INFO ] Starting BAJUS scrape v4.0 (sequential)...
[2026-07-07T13:36:07.675Z] [INFO ] Trying Strategy 1: BAJUSCTG API...
[2026-07-07T13:36:08.503Z] [INFO ] ✓ BAJUSCTG success: 22K gram ≈ 19315
[2026-07-07T13:36:08.504Z] [INFO ] SUCCESS — Source: bajusctg-api
[2026-07-07T13:36:08.505Z] [INFO ] Fetching international prices...
[2026-07-07T13:36:09.060Z] [INFO ] Gold: no change — skipping append
[2026-07-07T13:36:09.061Z] [INFO ] Silver: no change — skipping append
[2026-07-07T13:36:09.061Z] [INFO ] Intl: updated same-day entry
[2026-07-07T13:36:09.079Z] [INFO ] latest.json written | Final source: bajusctg-api
[2026-07-07T13:36:09.080Z] [INFO ] ══════════════════════════════════════════════
[2026-07-07T16:34:53.234Z] [INFO ] ══════════════════════════════════════════════
[2026-07-07T16:34:53.236Z] [INFO ] SonarGold Scraper v4.0 starting...
[2026-07-07T16:34:53.237Z] [INFO ] Mode: LIVE
[2026-07-07T16:34:53.237Z] [INFO ] ══════════════════════════════════════════════
[2026-07-07T16:34:53.239Z] [INFO ] History size — Gold: 235, Silver: 225, Intl: 293
[2026-07-07T16:34:53.240Z] [INFO ] ════════════════════════════════
[2026-07-07T16:34:53.242Z] [INFO ] Starting BAJUS scrape v4.0 (sequential)...
[2026-07-07T16:34:53.243Z] [INFO ] Trying Strategy 1: BAJUSCTG API...
[2026-07-07T16:34:53.700Z] [INFO ] ✓ BAJUSCTG success: 22K gram ≈ 19315
[2026-07-07T16:34:53.701Z] [INFO ] SUCCESS — Source: bajusctg-api
[2026-07-07T16:34:53.702Z] [INFO ] Fetching international prices...
[2026-07-07T16:34:54.403Z] [INFO ] Gold: no change — skipping append
[2026-07-07T16:34:54.404Z] [INFO ] Silver: no change — skipping append
[2026-07-07T16:34:54.404Z] [INFO ] Intl: updated same-day entry
[2026-07-07T16:34:54.419Z] [INFO ] latest.json written | Final source: bajusctg-api
[2026-07-07T16:34:54.419Z] [INFO ] ══════════════════════════════════════════════
