[2026-07-22T03:13:23.858Z] [INFO ] ══════════════════════════════════════════════
[2026-07-22T03:13:23.860Z] [INFO ] SonarGold Scraper v4.0 starting...
[2026-07-22T03:13:23.862Z] [INFO ] Mode: LIVE
[2026-07-22T03:13:23.862Z] [INFO ] ══════════════════════════════════════════════
[2026-07-22T03:13:23.865Z] [INFO ] History size — Gold: 241, Silver: 230, Intl: 307
[2026-07-22T03:13:23.866Z] [INFO ] ════════════════════════════════
[2026-07-22T03:13:23.868Z] [INFO ] Starting BAJUS scrape v4.0 (sequential)...
[2026-07-22T03:13:23.869Z] [INFO ] Trying Strategy 1: BAJUSCTG API...
[2026-07-22T03:13:24.295Z] [INFO ] ✓ BAJUSCTG success: 22K gram ≈ 18985
[2026-07-22T03:13:24.296Z] [INFO ] SUCCESS — Source: bajusctg-api
[2026-07-22T03:13:24.298Z] [INFO ] Fetching international prices...
[2026-07-22T03:13:24.590Z] [INFO ] Gold: no change — skipping append
[2026-07-22T03:13:24.590Z] [INFO ] Silver: no change — skipping append
[2026-07-22T03:13:24.591Z] [INFO ] Intl: appended entry #308
[2026-07-22T03:13:24.625Z] [INFO ] latest.json written | Final source: bajusctg-api
[2026-07-22T03:13:24.625Z] [INFO ] ══════════════════════════════════════════════
[2026-07-22T06:11:03.613Z] [INFO ] ══════════════════════════════════════════════
[2026-07-22T06:11:03.614Z] [INFO ] SonarGold Scraper v4.0 starting...
[2026-07-22T06:11:03.615Z] [INFO ] Mode: LIVE
[2026-07-22T06:11:03.616Z] [INFO ] ══════════════════════════════════════════════
[2026-07-22T06:11:03.618Z] [INFO ] History size — Gold: 241, Silver: 230, Intl: 308
[2026-07-22T06:11:03.619Z] [INFO ] ════════════════════════════════
[2026-07-22T06:11:03.622Z] [INFO ] Starting BAJUS scrape v4.0 (sequential)...
[2026-07-22T06:11:03.622Z] [INFO ] Trying Strategy 1: BAJUSCTG API...
[2026-07-22T06:11:04.064Z] [INFO ] ✓ BAJUSCTG success: 22K gram ≈ 19220
[2026-07-22T06:11:04.065Z] [INFO ] SUCCESS — Source: bajusctg-api
[2026-07-22T06:11:04.066Z] [INFO ] Fetching international prices...
[2026-07-22T06:11:04.649Z] [INFO ] Gold: appended entry #242
[2026-07-22T06:11:04.650Z] [INFO ] Silver: appended entry #231
[2026-07-22T06:11:04.651Z] [INFO ] Intl: updated same-day entry
[2026-07-22T06:11:04.663Z] [INFO ] latest.json written | Final source: bajusctg-api
[2026-07-22T06:11:04.663Z] [INFO ] ══════════════════════════════════════════════
