[2026-07-09T00:15:53.890Z] [INFO ] ══════════════════════════════════════════════
[2026-07-09T00:15:53.892Z] [INFO ] SonarGold Scraper v4.0 starting...
[2026-07-09T00:15:53.893Z] [INFO ] Mode: LIVE
[2026-07-09T00:15:53.893Z] [INFO ] ══════════════════════════════════════════════
[2026-07-09T00:15:53.895Z] [INFO ] History size — Gold: 235, Silver: 225, Intl: 294
[2026-07-09T00:15:53.896Z] [INFO ] ════════════════════════════════
[2026-07-09T00:15:53.898Z] [INFO ] Starting BAJUS scrape v4.0 (sequential)...
[2026-07-09T00:15:53.899Z] [INFO ] Trying Strategy 1: BAJUSCTG API...
[2026-07-09T00:15:54.442Z] [INFO ] ✓ BAJUSCTG success: 22K gram ≈ 19315
[2026-07-09T00:15:54.443Z] [INFO ] SUCCESS — Source: bajusctg-api
[2026-07-09T00:15:54.444Z] [INFO ] Fetching international prices...
[2026-07-09T00:15:55.160Z] [INFO ] Gold: no change — skipping append
[2026-07-09T00:15:55.161Z] [INFO ] Silver: no change — skipping append
[2026-07-09T00:15:55.162Z] [INFO ] Intl: appended entry #295
[2026-07-09T00:15:55.177Z] [INFO ] latest.json written | Final source: bajusctg-api
[2026-07-09T00:15:55.178Z] [INFO ] ══════════════════════════════════════════════
[2026-07-09T04:32:15.712Z] [INFO ] ══════════════════════════════════════════════
[2026-07-09T04:32:15.714Z] [INFO ] SonarGold Scraper v4.0 starting...
[2026-07-09T04:32:15.715Z] [INFO ] Mode: LIVE
[2026-07-09T04:32:15.716Z] [INFO ] ══════════════════════════════════════════════
[2026-07-09T04:32:15.718Z] [INFO ] History size — Gold: 235, Silver: 225, Intl: 295
[2026-07-09T04:32:15.719Z] [INFO ] ════════════════════════════════
[2026-07-09T04:32:15.720Z] [INFO ] Starting BAJUS scrape v4.0 (sequential)...
[2026-07-09T04:32:15.723Z] [INFO ] Trying Strategy 1: BAJUSCTG API...
[2026-07-09T04:32:16.124Z] [INFO ] ✓ BAJUSCTG success: 22K gram ≈ 19030
[2026-07-09T04:32:16.125Z] [INFO ] SUCCESS — Source: bajusctg-api
[2026-07-09T04:32:16.126Z] [INFO ] Fetching international prices...
[2026-07-09T04:32:16.607Z] [INFO ] Gold: appended entry #236
[2026-07-09T04:32:16.608Z] [INFO ] Silver: no change — skipping append
[2026-07-09T04:32:16.609Z] [INFO ] Intl: updated same-day entry
[2026-07-09T04:32:16.624Z] [INFO ] latest.json written | Final source: bajusctg-api
[2026-07-09T04:32:16.625Z] [INFO ] ══════════════════════════════════════════════
[2026-07-09T08:32:06.915Z] [INFO ] ══════════════════════════════════════════════
[2026-07-09T08:32:06.916Z] [INFO ] SonarGold Scraper v4.0 starting...
[2026-07-09T08:32:06.917Z] [INFO ] Mode: LIVE
[2026-07-09T08:32:06.918Z] [INFO ] ══════════════════════════════════════════════
[2026-07-09T08:32:06.921Z] [INFO ] History size — Gold: 236, Silver: 225, Intl: 295
[2026-07-09T08:32:06.922Z] [INFO ] ════════════════════════════════
[2026-07-09T08:32:06.925Z] [INFO ] Starting BAJUS scrape v4.0 (sequential)...
[2026-07-09T08:32:06.926Z] [INFO ] Trying Strategy 1: BAJUSCTG API...
[2026-07-09T08:32:07.065Z] [INFO ] ✓ BAJUSCTG success: 22K gram ≈ 19030
[2026-07-09T08:32:07.065Z] [INFO ] SUCCESS — Source: bajusctg-api
[2026-07-09T08:32:07.066Z] [INFO ] Fetching international prices...
[2026-07-09T08:32:07.356Z] [INFO ] Gold: no change — skipping append
[2026-07-09T08:32:07.357Z] [INFO ] Silver: appended entry #226
[2026-07-09T08:32:07.359Z] [INFO ] Intl: updated same-day entry
[2026-07-09T08:32:07.374Z] [INFO ] latest.json written | Final source: bajusctg-api
[2026-07-09T08:32:07.375Z] [INFO ] ══════════════════════════════════════════════
[2026-07-09T12:14:48.389Z] [INFO ] ══════════════════════════════════════════════
[2026-07-09T12:14:48.391Z] [INFO ] SonarGold Scraper v4.0 starting...
[2026-07-09T12:14:48.392Z] [INFO ] Mode: LIVE
[2026-07-09T12:14:48.393Z] [INFO ] ══════════════════════════════════════════════
[2026-07-09T12:14:48.395Z] [INFO ] History size — Gold: 236, Silver: 226, Intl: 295
[2026-07-09T12:14:48.396Z] [INFO ] ════════════════════════════════
[2026-07-09T12:14:48.400Z] [INFO ] Starting BAJUS scrape v4.0 (sequential)...
[2026-07-09T12:14:48.401Z] [INFO ] Trying Strategy 1: BAJUSCTG API...
[2026-07-09T12:14:48.863Z] [INFO ] ✓ BAJUSCTG success: 22K gram ≈ 19030
[2026-07-09T12:14:48.864Z] [INFO ] SUCCESS — Source: bajusctg-api
[2026-07-09T12:14:48.864Z] [INFO ] Fetching international prices...
[2026-07-09T12:14:49.357Z] [INFO ] Gold: no change — skipping append
[2026-07-09T12:14:49.357Z] [INFO ] Silver: no change — skipping append
[2026-07-09T12:14:49.358Z] [INFO ] Intl: updated same-day entry
[2026-07-09T12:14:49.376Z] [INFO ] latest.json written | Final source: bajusctg-api
[2026-07-09T12:14:49.376Z] [INFO ] ══════════════════════════════════════════════
