[2026-06-16T02:10:09.907Z] [INFO ] ══════════════════════════════════════════════
[2026-06-16T02:10:09.909Z] [INFO ] SonarGold Scraper v4.0 starting...
[2026-06-16T02:10:09.910Z] [INFO ] Mode: LIVE
[2026-06-16T02:10:09.911Z] [INFO ] ══════════════════════════════════════════════
[2026-06-16T02:10:09.912Z] [INFO ] History size — Gold: 224, Silver: 217, Intl: 272
[2026-06-16T02:10:09.913Z] [INFO ] ════════════════════════════════
[2026-06-16T02:10:09.914Z] [INFO ] Starting BAJUS scrape v4.0 (sequential)...
[2026-06-16T02:10:09.915Z] [INFO ] Trying Strategy 1: BAJUSCTG API...
[2026-06-16T02:10:10.693Z] [INFO ] ✓ BAJUSCTG success: 22K gram ≈ 19755
[2026-06-16T02:10:10.694Z] [INFO ] SUCCESS — Source: bajusctg-api
[2026-06-16T02:10:10.694Z] [INFO ] Fetching international prices...
[2026-06-16T02:10:11.405Z] [INFO ] Gold: no change — skipping append
[2026-06-16T02:10:11.406Z] [INFO ] Silver: no change — skipping append
[2026-06-16T02:10:11.406Z] [INFO ] Intl: appended entry #273
[2026-06-16T02:10:11.748Z] [INFO ] latest.json written | Final source: bajusctg-api
[2026-06-16T02:10:11.748Z] [INFO ] ══════════════════════════════════════════════
[2026-06-16T08:29:34.668Z] [INFO ] ══════════════════════════════════════════════
[2026-06-16T08:29:34.669Z] [INFO ] SonarGold Scraper v4.0 starting...
[2026-06-16T08:29:34.670Z] [INFO ] Mode: LIVE
[2026-06-16T08:29:34.671Z] [INFO ] ══════════════════════════════════════════════
[2026-06-16T08:29:34.673Z] [INFO ] History size — Gold: 224, Silver: 217, Intl: 273
[2026-06-16T08:29:34.673Z] [INFO ] ════════════════════════════════
[2026-06-16T08:29:34.674Z] [INFO ] Starting BAJUS scrape v4.0 (sequential)...
[2026-06-16T08:29:34.675Z] [INFO ] Trying Strategy 1: BAJUSCTG API...
[2026-06-16T08:29:34.920Z] [INFO ] ✓ BAJUSCTG success: 22K gram ≈ 19755
[2026-06-16T08:29:34.921Z] [INFO ] SUCCESS — Source: bajusctg-api
[2026-06-16T08:29:34.921Z] [INFO ] Fetching international prices...
[2026-06-16T08:29:35.180Z] [INFO ] Gold: no change — skipping append
[2026-06-16T08:29:35.181Z] [INFO ] Silver: no change — skipping append
[2026-06-16T08:29:35.181Z] [INFO ] Intl: updated same-day entry
[2026-06-16T08:29:35.635Z] [INFO ] latest.json written | Final source: bajusctg-api
[2026-06-16T08:29:35.635Z] [INFO ] ══════════════════════════════════════════════
[2026-06-16T13:16:26.963Z] [INFO ] ══════════════════════════════════════════════
[2026-06-16T13:16:26.965Z] [INFO ] SonarGold Scraper v4.0 starting...
[2026-06-16T13:16:26.966Z] [INFO ] Mode: LIVE
[2026-06-16T13:16:26.966Z] [INFO ] ══════════════════════════════════════════════
[2026-06-16T13:16:26.968Z] [INFO ] History size — Gold: 224, Silver: 217, Intl: 273
[2026-06-16T13:16:26.969Z] [INFO ] ════════════════════════════════
[2026-06-16T13:16:26.969Z] [INFO ] Starting BAJUS scrape v4.0 (sequential)...
[2026-06-16T13:16:26.970Z] [INFO ] Trying Strategy 1: BAJUSCTG API...
[2026-06-16T13:16:27.720Z] [INFO ] ✓ BAJUSCTG success: 22K gram ≈ 19755
[2026-06-16T13:16:27.721Z] [INFO ] SUCCESS — Source: bajusctg-api
[2026-06-16T13:16:27.722Z] [INFO ] Fetching international prices...
[2026-06-16T13:16:28.520Z] [INFO ] Gold: no change — skipping append
[2026-06-16T13:16:28.521Z] [INFO ] Silver: no change — skipping append
[2026-06-16T13:16:28.522Z] [INFO ] Intl: updated same-day entry
[2026-06-16T13:16:28.734Z] [INFO ] latest.json written | Final source: bajusctg-api
[2026-06-16T13:16:28.735Z] [INFO ] ══════════════════════════════════════════════
