[2026-07-06T00:11:17.475Z] [INFO ] ══════════════════════════════════════════════
[2026-07-06T00:11:17.477Z] [INFO ] SonarGold Scraper v4.0 starting...
[2026-07-06T00:11:17.478Z] [INFO ] Mode: LIVE
[2026-07-06T00:11:17.479Z] [INFO ] ══════════════════════════════════════════════
[2026-07-06T00:11:17.481Z] [INFO ] History size — Gold: 234, Silver: 225, Intl: 291
[2026-07-06T00:11:17.482Z] [INFO ] ════════════════════════════════
[2026-07-06T00:11:17.483Z] [INFO ] Starting BAJUS scrape v4.0 (sequential)...
[2026-07-06T00:11:17.486Z] [INFO ] Trying Strategy 1: BAJUSCTG API...
[2026-07-06T00:11:17.942Z] [INFO ] ✓ BAJUSCTG success: 22K gram ≈ 19595
[2026-07-06T00:11:17.943Z] [INFO ] SUCCESS — Source: bajusctg-api
[2026-07-06T00:11:17.944Z] [INFO ] Fetching international prices...
[2026-07-06T00:11:18.737Z] [INFO ] Gold: no change — skipping append
[2026-07-06T00:11:18.738Z] [INFO ] Silver: no change — skipping append
[2026-07-06T00:11:18.738Z] [INFO ] Intl: appended entry #292
[2026-07-06T00:11:18.754Z] [INFO ] latest.json written | Final source: bajusctg-api
[2026-07-06T00:11:18.754Z] [INFO ] ══════════════════════════════════════════════
[2026-07-06T04:53:25.327Z] [INFO ] ══════════════════════════════════════════════
[2026-07-06T04:53:25.328Z] [INFO ] SonarGold Scraper v4.0 starting...
[2026-07-06T04:53:25.329Z] [INFO ] Mode: LIVE
[2026-07-06T04:53:25.330Z] [INFO ] ══════════════════════════════════════════════
[2026-07-06T04:53:25.332Z] [INFO ] History size — Gold: 234, Silver: 225, Intl: 292
[2026-07-06T04:53:25.333Z] [INFO ] ════════════════════════════════
[2026-07-06T04:53:25.334Z] [INFO ] Starting BAJUS scrape v4.0 (sequential)...
[2026-07-06T04:53:25.336Z] [INFO ] Trying Strategy 1: BAJUSCTG API...
[2026-07-06T04:53:25.640Z] [INFO ] ✓ BAJUSCTG success: 22K gram ≈ 19595
[2026-07-06T04:53:25.641Z] [INFO ] SUCCESS — Source: bajusctg-api
[2026-07-06T04:53:25.641Z] [INFO ] Fetching international prices...
[2026-07-06T04:53:25.765Z] [INFO ] Gold: no change — skipping append
[2026-07-06T04:53:25.766Z] [INFO ] Silver: no change — skipping append
[2026-07-06T04:53:25.767Z] [INFO ] Intl: updated same-day entry
[2026-07-06T04:53:25.803Z] [INFO ] latest.json written | Final source: bajusctg-api
[2026-07-06T04:53:25.803Z] [INFO ] ══════════════════════════════════════════════
