[2026-04-19T01:20:53.640Z] [INFO ] ══════════════════════════════════════════════
[2026-04-19T01:20:53.641Z] [INFO ] SonarGold Scraper v4.0 starting...
[2026-04-19T01:20:53.642Z] [INFO ] Mode: LIVE
[2026-04-19T01:20:53.642Z] [INFO ] ══════════════════════════════════════════════
[2026-04-19T01:20:53.643Z] [INFO ] History size — Gold: 204, Silver: 204, Intl: 214
[2026-04-19T01:20:53.644Z] [INFO ] ════════════════════════════════
[2026-04-19T01:20:53.644Z] [INFO ] Starting BAJUS scrape v4.0 (sequential)...
[2026-04-19T01:20:53.644Z] [INFO ] Trying Strategy 1: BAJUSCTG API...
[2026-04-19T01:20:55.328Z] [INFO ] ✓ BAJUSCTG success: 22K gram ≈ 21450
[2026-04-19T01:20:55.328Z] [INFO ] SUCCESS — Source: bajusctg-api
[2026-04-19T01:20:55.329Z] [INFO ] Fetching international prices...
[2026-04-19T01:20:55.823Z] [INFO ] Gold: no change — skipping append
[2026-04-19T01:20:55.823Z] [INFO ] Silver: no change — skipping append
[2026-04-19T01:20:55.823Z] [INFO ] Intl: appended entry #215
[2026-04-19T01:20:55.901Z] [INFO ] latest.json written | Final source: bajusctg-api
[2026-04-19T01:20:55.901Z] [INFO ] ══════════════════════════════════════════════
[2026-04-19T04:41:21.325Z] [INFO ] ══════════════════════════════════════════════
[2026-04-19T04:41:21.326Z] [INFO ] SonarGold Scraper v4.0 starting...
[2026-04-19T04:41:21.326Z] [INFO ] Mode: LIVE
[2026-04-19T04:41:21.327Z] [INFO ] ══════════════════════════════════════════════
[2026-04-19T04:41:21.328Z] [INFO ] History size — Gold: 204, Silver: 204, Intl: 215
[2026-04-19T04:41:21.328Z] [INFO ] ════════════════════════════════
[2026-04-19T04:41:21.329Z] [INFO ] Starting BAJUS scrape v4.0 (sequential)...
[2026-04-19T04:41:21.329Z] [INFO ] Trying Strategy 1: BAJUSCTG API...
[2026-04-19T04:41:22.945Z] [INFO ] ✓ BAJUSCTG success: 22K gram ≈ 21450
[2026-04-19T04:41:22.945Z] [INFO ] SUCCESS — Source: bajusctg-api
[2026-04-19T04:41:22.946Z] [INFO ] Fetching international prices...
[2026-04-19T04:41:23.569Z] [INFO ] Gold: no change — skipping append
[2026-04-19T04:41:23.569Z] [INFO ] Silver: no change — skipping append
[2026-04-19T04:41:23.569Z] [INFO ] Intl: no change — skipping append
[2026-04-19T04:41:23.618Z] [INFO ] latest.json written | Final source: bajusctg-api
[2026-04-19T04:41:23.618Z] [INFO ] ══════════════════════════════════════════════
[2026-04-19T06:23:02.359Z] [INFO ] ══════════════════════════════════════════════
[2026-04-19T06:23:02.360Z] [INFO ] SonarGold Scraper v4.0 starting...
[2026-04-19T06:23:02.361Z] [INFO ] Mode: LIVE
[2026-04-19T06:23:02.361Z] [INFO ] ══════════════════════════════════════════════
[2026-04-19T06:23:02.362Z] [INFO ] History size — Gold: 204, Silver: 204, Intl: 215
[2026-04-19T06:23:02.363Z] [INFO ] ════════════════════════════════
[2026-04-19T06:23:02.363Z] [INFO ] Starting BAJUS scrape v4.0 (sequential)...
[2026-04-19T06:23:02.363Z] [INFO ] Trying Strategy 1: BAJUSCTG API...
[2026-04-19T06:23:04.131Z] [INFO ] ✓ BAJUSCTG success: 22K gram ≈ 21450
[2026-04-19T06:23:04.131Z] [INFO ] SUCCESS — Source: bajusctg-api
[2026-04-19T06:23:04.132Z] [INFO ] Fetching international prices...
[2026-04-19T06:23:04.842Z] [INFO ] Gold: no change — skipping append
[2026-04-19T06:23:04.842Z] [INFO ] Silver: no change — skipping append
[2026-04-19T06:23:04.842Z] [INFO ] Intl: no change — skipping append
[2026-04-19T06:23:04.856Z] [INFO ] latest.json written | Final source: bajusctg-api
[2026-04-19T06:23:04.856Z] [INFO ] ══════════════════════════════════════════════
[2026-04-19T07:59:46.732Z] [INFO ] ══════════════════════════════════════════════
[2026-04-19T07:59:46.733Z] [INFO ] SonarGold Scraper v4.0 starting...
[2026-04-19T07:59:46.733Z] [INFO ] Mode: LIVE
[2026-04-19T07:59:46.733Z] [INFO ] ══════════════════════════════════════════════
[2026-04-19T07:59:46.735Z] [INFO ] History size — Gold: 204, Silver: 204, Intl: 215
[2026-04-19T07:59:46.735Z] [INFO ] ════════════════════════════════
[2026-04-19T07:59:46.735Z] [INFO ] Starting BAJUS scrape v4.0 (sequential)...
[2026-04-19T07:59:46.736Z] [INFO ] Trying Strategy 1: BAJUSCTG API...
[2026-04-19T07:59:48.494Z] [INFO ] ✓ BAJUSCTG success: 22K gram ≈ 21450
[2026-04-19T07:59:48.494Z] [INFO ] SUCCESS — Source: bajusctg-api
[2026-04-19T07:59:48.495Z] [INFO ] Fetching international prices...
[2026-04-19T07:59:48.613Z] [INFO ] Gold: no change — skipping append
[2026-04-19T07:59:48.613Z] [INFO ] Silver: no change — skipping append
[2026-04-19T07:59:48.613Z] [INFO ] Intl: no change — skipping append
[2026-04-19T07:59:48.632Z] [INFO ] latest.json written | Final source: bajusctg-api
[2026-04-19T07:59:48.632Z] [INFO ] ══════════════════════════════════════════════
