[2026-05-06T01:26:53.999Z] [INFO ] ══════════════════════════════════════════════
[2026-05-06T01:26:54.001Z] [INFO ] SonarGold Scraper v4.0 starting...
[2026-05-06T01:26:54.001Z] [INFO ] Mode: LIVE
[2026-05-06T01:26:54.002Z] [INFO ] ══════════════════════════════════════════════
[2026-05-06T01:26:54.003Z] [INFO ] History size — Gold: 210, Silver: 207, Intl: 231
[2026-05-06T01:26:54.004Z] [INFO ] ════════════════════════════════
[2026-05-06T01:26:54.005Z] [INFO ] Starting BAJUS scrape v4.0 (sequential)...
[2026-05-06T01:26:54.005Z] [INFO ] Trying Strategy 1: BAJUSCTG API...
[2026-05-06T01:26:55.690Z] [INFO ] ✓ BAJUSCTG success: 22K gram ≈ 20605
[2026-05-06T01:26:55.690Z] [INFO ] SUCCESS — Source: bajusctg-api
[2026-05-06T01:26:55.691Z] [INFO ] Fetching international prices...
[2026-05-06T01:26:56.469Z] [INFO ] Gold: no change — skipping append
[2026-05-06T01:26:56.469Z] [INFO ] Silver: no change — skipping append
[2026-05-06T01:26:56.470Z] [INFO ] Intl: appended entry #232
[2026-05-06T01:26:56.484Z] [INFO ] latest.json written | Final source: bajusctg-api
[2026-05-06T01:26:56.485Z] [INFO ] ══════════════════════════════════════════════
[2026-05-06T05:17:41.718Z] [INFO ] ══════════════════════════════════════════════
[2026-05-06T05:17:41.720Z] [INFO ] SonarGold Scraper v4.0 starting...
[2026-05-06T05:17:41.720Z] [INFO ] Mode: LIVE
[2026-05-06T05:17:41.721Z] [INFO ] ══════════════════════════════════════════════
[2026-05-06T05:17:41.722Z] [INFO ] History size — Gold: 210, Silver: 207, Intl: 232
[2026-05-06T05:17:41.723Z] [INFO ] ════════════════════════════════
[2026-05-06T05:17:41.723Z] [INFO ] Starting BAJUS scrape v4.0 (sequential)...
[2026-05-06T05:17:41.723Z] [INFO ] Trying Strategy 1: BAJUSCTG API...
[2026-05-06T05:17:42.224Z] [INFO ] ✓ BAJUSCTG success: 22K gram ≈ 20790
[2026-05-06T05:17:42.224Z] [INFO ] SUCCESS — Source: bajusctg-api
[2026-05-06T05:17:42.225Z] [INFO ] Fetching international prices...
[2026-05-06T05:17:42.756Z] [INFO ] Gold: appended entry #211
[2026-05-06T05:17:42.757Z] [INFO ] Silver: appended entry #208
[2026-05-06T05:17:42.758Z] [INFO ] Intl: updated same-day entry
[2026-05-06T05:17:42.772Z] [INFO ] latest.json written | Final source: bajusctg-api
[2026-05-06T05:17:42.773Z] [INFO ] ══════════════════════════════════════════════
