[2026-06-19T02:19:20.779Z] [INFO ] ══════════════════════════════════════════════
[2026-06-19T02:19:20.781Z] [INFO ] SonarGold Scraper v4.0 starting...
[2026-06-19T02:19:20.781Z] [INFO ] Mode: LIVE
[2026-06-19T02:19:20.782Z] [INFO ] ══════════════════════════════════════════════
[2026-06-19T02:19:20.784Z] [INFO ] History size — Gold: 225, Silver: 218, Intl: 275
[2026-06-19T02:19:20.785Z] [INFO ] ════════════════════════════════
[2026-06-19T02:19:20.786Z] [INFO ] Starting BAJUS scrape v4.0 (sequential)...
[2026-06-19T02:19:20.787Z] [INFO ] Trying Strategy 1: BAJUSCTG API...
[2026-06-19T02:19:21.502Z] [INFO ] ✓ BAJUSCTG success: 22K gram ≈ 19970
[2026-06-19T02:19:21.503Z] [INFO ] SUCCESS — Source: bajusctg-api
[2026-06-19T02:19:21.503Z] [INFO ] Fetching international prices...
[2026-06-19T02:19:21.627Z] [INFO ] Gold: no change — skipping append
[2026-06-19T02:19:21.628Z] [INFO ] Silver: no change — skipping append
[2026-06-19T02:19:21.629Z] [INFO ] Intl: appended entry #276
[2026-06-19T02:19:21.649Z] [INFO ] latest.json written | Final source: bajusctg-api
[2026-06-19T02:19:21.650Z] [INFO ] ══════════════════════════════════════════════
[2026-06-19T07:40:36.206Z] [INFO ] ══════════════════════════════════════════════
[2026-06-19T07:40:36.208Z] [INFO ] SonarGold Scraper v4.0 starting...
[2026-06-19T07:40:36.209Z] [INFO ] Mode: LIVE
[2026-06-19T07:40:36.210Z] [INFO ] ══════════════════════════════════════════════
[2026-06-19T07:40:36.211Z] [INFO ] History size — Gold: 225, Silver: 218, Intl: 276
[2026-06-19T07:40:36.212Z] [INFO ] ════════════════════════════════
[2026-06-19T07:40:36.213Z] [INFO ] Starting BAJUS scrape v4.0 (sequential)...
[2026-06-19T07:40:36.214Z] [INFO ] Trying Strategy 1: BAJUSCTG API...
[2026-06-19T07:40:36.583Z] [INFO ] ✓ BAJUSCTG success: 22K gram ≈ 19595
[2026-06-19T07:40:36.583Z] [INFO ] SUCCESS — Source: bajusctg-api
[2026-06-19T07:40:36.584Z] [INFO ] Fetching international prices...
[2026-06-19T07:40:37.148Z] [INFO ] Gold: appended entry #226
[2026-06-19T07:40:37.149Z] [INFO ] Silver: appended entry #219
[2026-06-19T07:40:37.150Z] [INFO ] Intl: updated same-day entry
[2026-06-19T07:40:37.177Z] [INFO ] latest.json written | Final source: bajusctg-api
[2026-06-19T07:40:37.177Z] [INFO ] ══════════════════════════════════════════════
[2026-06-19T12:12:12.923Z] [INFO ] ══════════════════════════════════════════════
[2026-06-19T12:12:12.924Z] [INFO ] SonarGold Scraper v4.0 starting...
[2026-06-19T12:12:12.925Z] [INFO ] Mode: LIVE
[2026-06-19T12:12:12.925Z] [INFO ] ══════════════════════════════════════════════
[2026-06-19T12:12:12.927Z] [INFO ] History size — Gold: 226, Silver: 219, Intl: 276
[2026-06-19T12:12:12.928Z] [INFO ] ════════════════════════════════
[2026-06-19T12:12:12.928Z] [INFO ] Starting BAJUS scrape v4.0 (sequential)...
[2026-06-19T12:12:12.929Z] [INFO ] Trying Strategy 1: BAJUSCTG API...
[2026-06-19T12:12:13.420Z] [INFO ] ✓ BAJUSCTG success: 22K gram ≈ 19595
[2026-06-19T12:12:13.420Z] [INFO ] SUCCESS — Source: bajusctg-api
[2026-06-19T12:12:13.421Z] [INFO ] Fetching international prices...
[2026-06-19T12:12:13.747Z] [INFO ] Gold: no change — skipping append
[2026-06-19T12:12:13.748Z] [INFO ] Silver: no change — skipping append
[2026-06-19T12:12:13.748Z] [INFO ] Intl: updated same-day entry
[2026-06-19T12:12:13.784Z] [INFO ] latest.json written | Final source: bajusctg-api
[2026-06-19T12:12:13.784Z] [INFO ] ══════════════════════════════════════════════
[2026-06-19T15:49:58.081Z] [INFO ] ══════════════════════════════════════════════
[2026-06-19T15:49:58.083Z] [INFO ] SonarGold Scraper v4.0 starting...
[2026-06-19T15:49:58.083Z] [INFO ] Mode: LIVE
[2026-06-19T15:49:58.084Z] [INFO ] ══════════════════════════════════════════════
[2026-06-19T15:49:58.086Z] [INFO ] History size — Gold: 226, Silver: 219, Intl: 276
[2026-06-19T15:49:58.087Z] [INFO ] ════════════════════════════════
[2026-06-19T15:49:58.088Z] [INFO ] Starting BAJUS scrape v4.0 (sequential)...
[2026-06-19T15:49:58.089Z] [INFO ] Trying Strategy 1: BAJUSCTG API...
[2026-06-19T15:49:58.515Z] [INFO ] ✓ BAJUSCTG success: 22K gram ≈ 19595
[2026-06-19T15:49:58.516Z] [INFO ] SUCCESS — Source: bajusctg-api
[2026-06-19T15:49:58.517Z] [INFO ] Fetching international prices...
[2026-06-19T15:49:59.081Z] [INFO ] Gold: no change — skipping append
[2026-06-19T15:49:59.082Z] [INFO ] Silver: no change — skipping append
[2026-06-19T15:49:59.082Z] [INFO ] Intl: updated same-day entry
[2026-06-19T15:49:59.376Z] [INFO ] latest.json written | Final source: bajusctg-api
[2026-06-19T15:49:59.376Z] [INFO ] ══════════════════════════════════════════════
[2026-06-19T18:02:43.464Z] [INFO ] ══════════════════════════════════════════════
[2026-06-19T18:02:43.466Z] [INFO ] SonarGold Scraper v4.0 starting...
[2026-06-19T18:02:43.466Z] [INFO ] Mode: LIVE
[2026-06-19T18:02:43.467Z] [INFO ] ══════════════════════════════════════════════
[2026-06-19T18:02:43.469Z] [INFO ] History size — Gold: 226, Silver: 219, Intl: 276
[2026-06-19T18:02:43.470Z] [INFO ] ════════════════════════════════
[2026-06-19T18:02:43.471Z] [INFO ] Starting BAJUS scrape v4.0 (sequential)...
[2026-06-19T18:02:43.472Z] [INFO ] Trying Strategy 1: BAJUSCTG API...
[2026-06-19T18:02:44.049Z] [INFO ] ✓ BAJUSCTG success: 22K gram ≈ 19595
[2026-06-19T18:02:44.050Z] [INFO ] SUCCESS — Source: bajusctg-api
[2026-06-19T18:02:44.051Z] [INFO ] Fetching international prices...
[2026-06-19T18:02:45.353Z] [INFO ] Gold: no change — skipping append
[2026-06-19T18:02:45.354Z] [INFO ] Silver: no change — skipping append
[2026-06-19T18:02:45.355Z] [INFO ] Intl: updated same-day entry
[2026-06-19T18:02:45.386Z] [INFO ] latest.json written | Final source: bajusctg-api
[2026-06-19T18:02:45.387Z] [INFO ] ══════════════════════════════════════════════
[2026-06-19T20:16:45.716Z] [INFO ] ══════════════════════════════════════════════
[2026-06-19T20:16:45.717Z] [INFO ] SonarGold Scraper v4.0 starting...
[2026-06-19T20:16:45.718Z] [INFO ] Mode: LIVE
[2026-06-19T20:16:45.719Z] [INFO ] ══════════════════════════════════════════════
[2026-06-19T20:16:45.721Z] [INFO ] History size — Gold: 226, Silver: 219, Intl: 276
[2026-06-19T20:16:45.721Z] [INFO ] ════════════════════════════════
[2026-06-19T20:16:45.722Z] [INFO ] Starting BAJUS scrape v4.0 (sequential)...
[2026-06-19T20:16:45.723Z] [INFO ] Trying Strategy 1: BAJUSCTG API...
[2026-06-19T20:16:46.046Z] [INFO ] ✓ BAJUSCTG success: 22K gram ≈ 19595
[2026-06-19T20:16:46.047Z] [INFO ] SUCCESS — Source: bajusctg-api
[2026-06-19T20:16:46.048Z] [INFO ] Fetching international prices...
[2026-06-19T20:16:46.853Z] [INFO ] Gold: no change — skipping append
[2026-06-19T20:16:46.854Z] [INFO ] Silver: no change — skipping append
[2026-06-19T20:16:46.854Z] [INFO ] Intl: no change — skipping append
[2026-06-19T20:16:46.869Z] [INFO ] latest.json written | Final source: bajusctg-api
[2026-06-19T20:16:46.869Z] [INFO ] ══════════════════════════════════════════════
[2026-06-19T21:45:47.975Z] [INFO ] ══════════════════════════════════════════════
[2026-06-19T21:45:47.976Z] [INFO ] SonarGold Scraper v4.0 starting...
[2026-06-19T21:45:47.977Z] [INFO ] Mode: LIVE
[2026-06-19T21:45:47.978Z] [INFO ] ══════════════════════════════════════════════
[2026-06-19T21:45:47.980Z] [INFO ] History size — Gold: 226, Silver: 219, Intl: 276
[2026-06-19T21:45:47.981Z] [INFO ] ════════════════════════════════
[2026-06-19T21:45:47.982Z] [INFO ] Starting BAJUS scrape v4.0 (sequential)...
[2026-06-19T21:45:47.984Z] [INFO ] Trying Strategy 1: BAJUSCTG API...
[2026-06-19T21:45:48.447Z] [INFO ] ✓ BAJUSCTG success: 22K gram ≈ 19595
[2026-06-19T21:45:48.448Z] [INFO ] SUCCESS — Source: bajusctg-api
[2026-06-19T21:45:48.449Z] [INFO ] Fetching international prices...
[2026-06-19T21:45:48.974Z] [INFO ] Gold: no change — skipping append
[2026-06-19T21:45:48.974Z] [INFO ] Silver: no change — skipping append
[2026-06-19T21:45:48.975Z] [INFO ] Intl: updated same-day entry
[2026-06-19T21:45:49.005Z] [INFO ] latest.json written | Final source: bajusctg-api
[2026-06-19T21:45:49.006Z] [INFO ] ══════════════════════════════════════════════
