[2026-04-09T01:28:34.695Z] [INFO ] ══════════════════════════════════════════════
[2026-04-09T01:28:34.696Z] [INFO ] SonarGold Scraper v4.0 starting...
[2026-04-09T01:28:34.697Z] [INFO ] Mode: LIVE
[2026-04-09T01:28:34.697Z] [INFO ] ══════════════════════════════════════════════
[2026-04-09T01:28:34.698Z] [INFO ] History size — Gold: 200, Silver: 200, Intl: 204
[2026-04-09T01:28:34.699Z] [INFO ] ════════════════════════════════
[2026-04-09T01:28:34.699Z] [INFO ] Starting BAJUS scrape v4.0 (sequential)...
[2026-04-09T01:28:34.699Z] [INFO ] Trying Strategy 1: BAJUSCTG API...
[2026-04-09T01:28:36.414Z] [INFO ] ✓ BAJUSCTG success: 22K gram ≈ 21640
[2026-04-09T01:28:36.415Z] [INFO ] SUCCESS — Source: bajusctg-api
[2026-04-09T01:28:36.415Z] [INFO ] Fetching international prices...
[2026-04-09T01:28:36.899Z] [INFO ] Gold: no change — skipping append
[2026-04-09T01:28:36.899Z] [INFO ] Silver: no change — skipping append
[2026-04-09T01:28:36.899Z] [INFO ] Intl: appended entry #205
[2026-04-09T01:28:36.914Z] [INFO ] latest.json written | Final source: bajusctg-api
[2026-04-09T01:28:36.915Z] [INFO ] ══════════════════════════════════════════════
[2026-04-09T05:44:06.380Z] [INFO ] ══════════════════════════════════════════════
[2026-04-09T05:44:06.381Z] [INFO ] SonarGold Scraper v4.0 starting...
[2026-04-09T05:44:06.381Z] [INFO ] Mode: LIVE
[2026-04-09T05:44:06.381Z] [INFO ] ══════════════════════════════════════════════
[2026-04-09T05:44:06.383Z] [INFO ] History size — Gold: 200, Silver: 200, Intl: 205
[2026-04-09T05:44:06.383Z] [INFO ] ════════════════════════════════
[2026-04-09T05:44:06.383Z] [INFO ] Starting BAJUS scrape v4.0 (sequential)...
[2026-04-09T05:44:06.383Z] [INFO ] Trying Strategy 1: BAJUSCTG API...
[2026-04-09T05:44:08.118Z] [INFO ] ✓ BAJUSCTG success: 22K gram ≈ 21260
[2026-04-09T05:44:08.118Z] [INFO ] SUCCESS — Source: bajusctg-api
[2026-04-09T05:44:08.119Z] [INFO ] Fetching international prices...
[2026-04-09T05:44:08.649Z] [INFO ] Gold: appended entry #201
[2026-04-09T05:44:08.650Z] [INFO ] Silver: appended entry #201
[2026-04-09T05:44:08.651Z] [INFO ] Intl: updated same-day entry
[2026-04-09T05:44:08.776Z] [INFO ] latest.json written | Final source: bajusctg-api
[2026-04-09T05:44:08.776Z] [INFO ] ══════════════════════════════════════════════
[2026-04-09T07:08:21.389Z] [INFO ] ══════════════════════════════════════════════
[2026-04-09T07:08:21.390Z] [INFO ] SonarGold Scraper v4.0 starting...
[2026-04-09T07:08:21.390Z] [INFO ] Mode: LIVE
[2026-04-09T07:08:21.391Z] [INFO ] ══════════════════════════════════════════════
[2026-04-09T07:08:21.392Z] [INFO ] History size — Gold: 201, Silver: 201, Intl: 205
[2026-04-09T07:08:21.392Z] [INFO ] ════════════════════════════════
[2026-04-09T07:08:21.393Z] [INFO ] Starting BAJUS scrape v4.0 (sequential)...
[2026-04-09T07:08:21.393Z] [INFO ] Trying Strategy 1: BAJUSCTG API...
[2026-04-09T07:08:23.051Z] [INFO ] ✓ BAJUSCTG success: 22K gram ≈ 21260
[2026-04-09T07:08:23.051Z] [INFO ] SUCCESS — Source: bajusctg-api
[2026-04-09T07:08:23.052Z] [INFO ] Fetching international prices...
[2026-04-09T07:08:23.657Z] [INFO ] Gold: no change — skipping append
[2026-04-09T07:08:23.657Z] [INFO ] Silver: no change — skipping append
[2026-04-09T07:08:23.658Z] [INFO ] Intl: updated same-day entry
[2026-04-09T07:08:23.732Z] [INFO ] latest.json written | Final source: bajusctg-api
[2026-04-09T07:08:23.732Z] [INFO ] ══════════════════════════════════════════════
[2026-04-09T08:57:55.156Z] [INFO ] ══════════════════════════════════════════════
[2026-04-09T08:57:55.157Z] [INFO ] SonarGold Scraper v4.0 starting...
[2026-04-09T08:57:55.158Z] [INFO ] Mode: LIVE
[2026-04-09T08:57:55.158Z] [INFO ] ══════════════════════════════════════════════
[2026-04-09T08:57:55.159Z] [INFO ] History size — Gold: 201, Silver: 201, Intl: 205
[2026-04-09T08:57:55.159Z] [INFO ] ════════════════════════════════
[2026-04-09T08:57:55.160Z] [INFO ] Starting BAJUS scrape v4.0 (sequential)...
[2026-04-09T08:57:55.160Z] [INFO ] Trying Strategy 1: BAJUSCTG API...
[2026-04-09T08:57:56.777Z] [INFO ] ✓ BAJUSCTG success: 22K gram ≈ 21260
[2026-04-09T08:57:56.777Z] [INFO ] SUCCESS — Source: bajusctg-api
[2026-04-09T08:57:56.778Z] [INFO ] Fetching international prices...
[2026-04-09T08:57:57.416Z] [INFO ] Gold: no change — skipping append
[2026-04-09T08:57:57.416Z] [INFO ] Silver: no change — skipping append
[2026-04-09T08:57:57.416Z] [INFO ] Intl: updated same-day entry
[2026-04-09T08:57:57.431Z] [INFO ] latest.json written | Final source: bajusctg-api
[2026-04-09T08:57:57.431Z] [INFO ] ══════════════════════════════════════════════
[2026-04-09T10:08:25.579Z] [INFO ] ══════════════════════════════════════════════
[2026-04-09T10:08:25.580Z] [INFO ] SonarGold Scraper v4.0 starting...
[2026-04-09T10:08:25.580Z] [INFO ] Mode: LIVE
[2026-04-09T10:08:25.580Z] [INFO ] ══════════════════════════════════════════════
[2026-04-09T10:08:25.582Z] [INFO ] History size — Gold: 201, Silver: 201, Intl: 205
[2026-04-09T10:08:25.582Z] [INFO ] ════════════════════════════════
[2026-04-09T10:08:25.582Z] [INFO ] Starting BAJUS scrape v4.0 (sequential)...
[2026-04-09T10:08:25.583Z] [INFO ] Trying Strategy 1: BAJUSCTG API...
[2026-04-09T10:08:27.272Z] [INFO ] ✓ BAJUSCTG success: 22K gram ≈ 21260
[2026-04-09T10:08:27.272Z] [INFO ] SUCCESS — Source: bajusctg-api
[2026-04-09T10:08:27.273Z] [INFO ] Fetching international prices...
[2026-04-09T10:08:27.745Z] [INFO ] Gold: no change — skipping append
[2026-04-09T10:08:27.745Z] [INFO ] Silver: no change — skipping append
[2026-04-09T10:08:27.745Z] [INFO ] Intl: updated same-day entry
[2026-04-09T10:08:27.764Z] [INFO ] latest.json written | Final source: bajusctg-api
[2026-04-09T10:08:27.764Z] [INFO ] ══════════════════════════════════════════════
[2026-04-09T11:43:34.188Z] [INFO ] ══════════════════════════════════════════════
[2026-04-09T11:43:34.189Z] [INFO ] SonarGold Scraper v4.0 starting...
[2026-04-09T11:43:34.189Z] [INFO ] Mode: LIVE
[2026-04-09T11:43:34.189Z] [INFO ] ══════════════════════════════════════════════
[2026-04-09T11:43:34.190Z] [INFO ] History size — Gold: 201, Silver: 201, Intl: 205
[2026-04-09T11:43:34.191Z] [INFO ] ════════════════════════════════
[2026-04-09T11:43:34.191Z] [INFO ] Starting BAJUS scrape v4.0 (sequential)...
[2026-04-09T11:43:34.191Z] [INFO ] Trying Strategy 1: BAJUSCTG API...
[2026-04-09T11:43:35.769Z] [INFO ] ✓ BAJUSCTG success: 22K gram ≈ 21260
[2026-04-09T11:43:35.769Z] [INFO ] SUCCESS — Source: bajusctg-api
[2026-04-09T11:43:35.769Z] [INFO ] Fetching international prices...
[2026-04-09T11:43:36.416Z] [INFO ] Gold: no change — skipping append
[2026-04-09T11:43:36.416Z] [INFO ] Silver: no change — skipping append
[2026-04-09T11:43:36.417Z] [INFO ] Intl: updated same-day entry
[2026-04-09T11:43:36.431Z] [INFO ] latest.json written | Final source: bajusctg-api
[2026-04-09T11:43:36.431Z] [INFO ] ══════════════════════════════════════════════
[2026-04-09T12:54:59.714Z] [INFO ] ══════════════════════════════════════════════
[2026-04-09T12:54:59.715Z] [INFO ] SonarGold Scraper v4.0 starting...
[2026-04-09T12:54:59.716Z] [INFO ] Mode: LIVE
[2026-04-09T12:54:59.716Z] [INFO ] ══════════════════════════════════════════════
[2026-04-09T12:54:59.717Z] [INFO ] History size — Gold: 201, Silver: 201, Intl: 205
[2026-04-09T12:54:59.717Z] [INFO ] ════════════════════════════════
[2026-04-09T12:54:59.718Z] [INFO ] Starting BAJUS scrape v4.0 (sequential)...
[2026-04-09T12:54:59.718Z] [INFO ] Trying Strategy 1: BAJUSCTG API...
[2026-04-09T12:55:00.187Z] [INFO ] ✓ BAJUSCTG success: 22K gram ≈ 21260
[2026-04-09T12:55:00.188Z] [INFO ] SUCCESS — Source: bajusctg-api
[2026-04-09T12:55:00.188Z] [INFO ] Fetching international prices...
[2026-04-09T12:55:00.764Z] [INFO ] Gold: no change — skipping append
[2026-04-09T12:55:00.765Z] [INFO ] Silver: no change — skipping append
[2026-04-09T12:55:00.765Z] [INFO ] Intl: updated same-day entry
[2026-04-09T12:55:00.779Z] [INFO ] latest.json written | Final source: bajusctg-api
[2026-04-09T12:55:00.779Z] [INFO ] ══════════════════════════════════════════════
[2026-04-09T14:48:45.634Z] [INFO ] ══════════════════════════════════════════════
[2026-04-09T14:48:45.635Z] [INFO ] SonarGold Scraper v4.0 starting...
[2026-04-09T14:48:45.635Z] [INFO ] Mode: LIVE
[2026-04-09T14:48:45.636Z] [INFO ] ══════════════════════════════════════════════
[2026-04-09T14:48:45.637Z] [INFO ] History size — Gold: 201, Silver: 201, Intl: 205
[2026-04-09T14:48:45.637Z] [INFO ] ════════════════════════════════
[2026-04-09T14:48:45.638Z] [INFO ] Starting BAJUS scrape v4.0 (sequential)...
[2026-04-09T14:48:45.638Z] [INFO ] Trying Strategy 1: BAJUSCTG API...
[2026-04-09T14:48:47.471Z] [INFO ] ✓ BAJUSCTG success: 22K gram ≈ 21260
[2026-04-09T14:48:47.471Z] [INFO ] SUCCESS — Source: bajusctg-api
[2026-04-09T14:48:47.472Z] [INFO ] Fetching international prices...
[2026-04-09T14:48:48.085Z] [INFO ] Gold: no change — skipping append
[2026-04-09T14:48:48.085Z] [INFO ] Silver: no change — skipping append
[2026-04-09T14:48:48.086Z] [INFO ] Intl: updated same-day entry
[2026-04-09T14:48:48.102Z] [INFO ] latest.json written | Final source: bajusctg-api
[2026-04-09T14:48:48.102Z] [INFO ] ══════════════════════════════════════════════
[2026-04-09T16:10:22.561Z] [INFO ] ══════════════════════════════════════════════
[2026-04-09T16:10:22.562Z] [INFO ] SonarGold Scraper v4.0 starting...
[2026-04-09T16:10:22.562Z] [INFO ] Mode: LIVE
[2026-04-09T16:10:22.562Z] [INFO ] ══════════════════════════════════════════════
[2026-04-09T16:10:22.564Z] [INFO ] History size — Gold: 201, Silver: 201, Intl: 205
[2026-04-09T16:10:22.564Z] [INFO ] ════════════════════════════════
[2026-04-09T16:10:22.564Z] [INFO ] Starting BAJUS scrape v4.0 (sequential)...
[2026-04-09T16:10:22.564Z] [INFO ] Trying Strategy 1: BAJUSCTG API...
[2026-04-09T16:10:24.256Z] [INFO ] ✓ BAJUSCTG success: 22K gram ≈ 21260
[2026-04-09T16:10:24.257Z] [INFO ] SUCCESS — Source: bajusctg-api
[2026-04-09T16:10:24.257Z] [INFO ] Fetching international prices...
[2026-04-09T16:10:24.510Z] [INFO ] Gold: no change — skipping append
[2026-04-09T16:10:24.511Z] [INFO ] Silver: no change — skipping append
[2026-04-09T16:10:24.511Z] [INFO ] Intl: updated same-day entry
[2026-04-09T16:10:24.590Z] [INFO ] latest.json written | Final source: bajusctg-api
[2026-04-09T16:10:24.590Z] [INFO ] ══════════════════════════════════════════════
[2026-04-09T17:51:38.956Z] [INFO ] ══════════════════════════════════════════════
[2026-04-09T17:51:38.957Z] [INFO ] SonarGold Scraper v4.0 starting...
[2026-04-09T17:51:38.957Z] [INFO ] Mode: LIVE
[2026-04-09T17:51:38.957Z] [INFO ] ══════════════════════════════════════════════
[2026-04-09T17:51:38.958Z] [INFO ] History size — Gold: 201, Silver: 201, Intl: 205
[2026-04-09T17:51:38.959Z] [INFO ] ════════════════════════════════
[2026-04-09T17:51:38.959Z] [INFO ] Starting BAJUS scrape v4.0 (sequential)...
[2026-04-09T17:51:38.959Z] [INFO ] Trying Strategy 1: BAJUSCTG API...
[2026-04-09T17:51:39.301Z] [INFO ] ✓ BAJUSCTG success: 22K gram ≈ 21260
[2026-04-09T17:51:39.302Z] [INFO ] SUCCESS — Source: bajusctg-api
[2026-04-09T17:51:39.302Z] [INFO ] Fetching international prices...
[2026-04-09T17:51:39.800Z] [INFO ] Gold: no change — skipping append
[2026-04-09T17:51:39.801Z] [INFO ] Silver: no change — skipping append
[2026-04-09T17:51:39.801Z] [INFO ] Intl: updated same-day entry
[2026-04-09T17:51:39.816Z] [INFO ] latest.json written | Final source: bajusctg-api
[2026-04-09T17:51:39.816Z] [INFO ] ══════════════════════════════════════════════
