[2026-06-28T01:34:43.854Z] [INFO ] ══════════════════════════════════════════════
[2026-06-28T01:34:43.856Z] [INFO ] SonarGold Scraper v4.0 starting...
[2026-06-28T01:34:43.857Z] [INFO ] Mode: LIVE
[2026-06-28T01:34:43.858Z] [INFO ] ══════════════════════════════════════════════
[2026-06-28T01:34:43.860Z] [INFO ] History size — Gold: 230, Silver: 221, Intl: 283
[2026-06-28T01:34:43.861Z] [INFO ] ════════════════════════════════
[2026-06-28T01:34:43.862Z] [INFO ] Starting BAJUS scrape v4.0 (sequential)...
[2026-06-28T01:34:43.865Z] [INFO ] Trying Strategy 1: BAJUSCTG API...
[2026-06-28T01:34:44.503Z] [WARN ] BAJUSCTG API failed: Invalid response body while trying to fetch https://bajushub.com/pricesx.php: Premature close
[2026-06-28T01:34:44.504Z] [INFO ] Trying BAJUSCTG HTML fallback...
[2026-06-28T01:34:44.904Z] [WARN ] BAJUSCTG HTML failed: Invalid response body while trying to fetch https://bajushub.com/: Premature close
[2026-06-28T01:34:44.905Z] [INFO ] Trying Strategy 2: GoldR.org homepage...
[2026-06-28T01:34:45.131Z] [WARN ] GoldR.org failed: Invalid response body while trying to fetch https://www.goldr.org/: Premature close
[2026-06-28T01:34:45.132Z] [INFO ] Trying Strategy 3: bdgoldprice.com...
[2026-06-28T01:34:45.318Z] [WARN ] BDGoldPrice failed: Invalid response body while trying to fetch https://www.bdgoldprice.com/: Premature close
[2026-06-28T01:34:45.319Z] [INFO ] Trying Strategy 4: Wayback Machine...
[2026-06-28T01:34:50.432Z] [WARN ] Wayback failed: No snapshot
[2026-06-28T01:34:50.433Z] [INFO ] Using cached prices from 2026-06-25 (64h old)
[2026-06-28T01:34:50.434Z] [WARN ] ALL LIVE SOURCES FAILED — Using cached prices (mandatory fallback)
[2026-06-28T01:34:50.434Z] [INFO ] Fetching international prices...
[2026-06-28T01:34:51.214Z] [ERROR] FX fetch failed: Invalid response body while trying to fetch https://open.er-api.com/v6/latest/USD: Premature close
[2026-06-28T01:34:51.215Z] [INFO ] Gold: no change — skipping append
[2026-06-28T01:34:51.216Z] [INFO ] Silver: no change — skipping append
[2026-06-28T01:34:51.216Z] [INFO ] Intl: no change — skipping append
[2026-06-28T01:34:51.231Z] [INFO ] latest.json written | Final source: cache
[2026-06-28T01:34:51.231Z] [INFO ] ══════════════════════════════════════════════
[2026-06-28T06:23:54.882Z] [INFO ] ══════════════════════════════════════════════
[2026-06-28T06:23:54.884Z] [INFO ] SonarGold Scraper v4.0 starting...
[2026-06-28T06:23:54.885Z] [INFO ] Mode: LIVE
[2026-06-28T06:23:54.886Z] [INFO ] ══════════════════════════════════════════════
[2026-06-28T06:23:54.888Z] [INFO ] History size — Gold: 230, Silver: 221, Intl: 283
[2026-06-28T06:23:54.889Z] [INFO ] ════════════════════════════════
[2026-06-28T06:23:54.889Z] [INFO ] Starting BAJUS scrape v4.0 (sequential)...
[2026-06-28T06:23:54.891Z] [INFO ] Trying Strategy 1: BAJUSCTG API...
[2026-06-28T06:23:55.302Z] [WARN ] BAJUSCTG API failed: Invalid response body while trying to fetch https://bajushub.com/pricesx.php: Premature close
[2026-06-28T06:23:55.302Z] [INFO ] Trying BAJUSCTG HTML fallback...
[2026-06-28T06:23:56.697Z] [WARN ] BAJUSCTG HTML failed: Invalid response body while trying to fetch https://bajushub.com/: Premature close
[2026-06-28T06:23:56.698Z] [INFO ] Trying Strategy 2: GoldR.org homepage...
[2026-06-28T06:23:57.032Z] [WARN ] GoldR.org failed: Invalid response body while trying to fetch https://www.goldr.org/: Premature close
[2026-06-28T06:23:57.033Z] [INFO ] Trying Strategy 3: bdgoldprice.com...
[2026-06-28T06:23:57.332Z] [WARN ] BDGoldPrice failed: Invalid response body while trying to fetch https://www.bdgoldprice.com/: Premature close
[2026-06-28T06:23:57.333Z] [INFO ] Trying Strategy 4: Wayback Machine...
[2026-06-28T06:24:02.567Z] [WARN ] Wayback failed: No snapshot
[2026-06-28T06:24:02.568Z] [INFO ] Using cached prices from 2026-06-25 (69h old)
[2026-06-28T06:24:02.569Z] [WARN ] ALL LIVE SOURCES FAILED — Using cached prices (mandatory fallback)
[2026-06-28T06:24:02.569Z] [INFO ] Fetching international prices...
[2026-06-28T06:24:02.918Z] [ERROR] FX fetch failed: Invalid response body while trying to fetch https://open.er-api.com/v6/latest/USD: Premature close
[2026-06-28T06:24:02.919Z] [INFO ] Gold: no change — skipping append
[2026-06-28T06:24:02.919Z] [INFO ] Silver: no change — skipping append
[2026-06-28T06:24:02.920Z] [INFO ] Intl: no change — skipping append
[2026-06-28T06:24:02.934Z] [INFO ] latest.json written | Final source: cache
[2026-06-28T06:24:02.935Z] [INFO ] ══════════════════════════════════════════════
[2026-06-28T09:43:07.576Z] [INFO ] ══════════════════════════════════════════════
[2026-06-28T09:43:07.578Z] [INFO ] SonarGold Scraper v4.0 starting...
[2026-06-28T09:43:07.579Z] [INFO ] Mode: LIVE
[2026-06-28T09:43:07.580Z] [INFO ] ══════════════════════════════════════════════
[2026-06-28T09:43:07.582Z] [INFO ] History size — Gold: 230, Silver: 221, Intl: 283
[2026-06-28T09:43:07.583Z] [INFO ] ════════════════════════════════
[2026-06-28T09:43:07.584Z] [INFO ] Starting BAJUS scrape v4.0 (sequential)...
[2026-06-28T09:43:07.586Z] [INFO ] Trying Strategy 1: BAJUSCTG API...
[2026-06-28T09:43:08.183Z] [WARN ] BAJUSCTG API failed: HTTP 401
[2026-06-28T09:43:08.184Z] [INFO ] Trying BAJUSCTG HTML fallback...
[2026-06-28T09:43:09.289Z] [WARN ] BAJUSCTG HTML failed: HTTP 401
[2026-06-28T09:43:09.290Z] [INFO ] Trying Strategy 2: GoldR.org homepage...
[2026-06-28T09:43:09.960Z] [WARN ] GoldR.org failed: HTTP 401
[2026-06-28T09:43:09.961Z] [INFO ] Trying Strategy 3: bdgoldprice.com...
[2026-06-28T09:43:10.105Z] [WARN ] BDGoldPrice failed: Invalid response body while trying to fetch https://www.bdgoldprice.com/: Premature close
[2026-06-28T09:43:10.106Z] [INFO ] Trying Strategy 4: Wayback Machine...
[2026-06-28T09:43:11.458Z] [WARN ] Wayback failed: Invalid response body while trying to fetch http://web.archive.org/web/20250901185455/https://www.bajus.org/gold-price: Premature close
[2026-06-28T09:43:11.460Z] [INFO ] Using cached prices from 2026-06-25 (72h old)
[2026-06-28T09:43:11.460Z] [WARN ] ALL LIVE SOURCES FAILED — Using cached prices (mandatory fallback)
[2026-06-28T09:43:11.461Z] [INFO ] Fetching international prices...
[2026-06-28T09:43:11.988Z] [ERROR] FX fetch failed: Invalid response body while trying to fetch https://open.er-api.com/v6/latest/USD: Premature close
[2026-06-28T09:43:11.989Z] [INFO ] Gold: no change — skipping append
[2026-06-28T09:43:11.989Z] [INFO ] Silver: no change — skipping append
[2026-06-28T09:43:11.990Z] [INFO ] Intl: no change — skipping append
[2026-06-28T09:43:12.293Z] [INFO ] latest.json written | Final source: cache
[2026-06-28T09:43:12.294Z] [INFO ] ══════════════════════════════════════════════
[2026-06-28T11:49:14.024Z] [INFO ] ══════════════════════════════════════════════
[2026-06-28T11:49:14.026Z] [INFO ] SonarGold Scraper v4.0 starting...
[2026-06-28T11:49:14.027Z] [INFO ] Mode: LIVE
[2026-06-28T11:49:14.028Z] [INFO ] ══════════════════════════════════════════════
[2026-06-28T11:49:14.030Z] [INFO ] History size — Gold: 230, Silver: 221, Intl: 283
[2026-06-28T11:49:14.030Z] [INFO ] ════════════════════════════════
[2026-06-28T11:49:14.031Z] [INFO ] Starting BAJUS scrape v4.0 (sequential)...
[2026-06-28T11:49:14.033Z] [INFO ] Trying Strategy 1: BAJUSCTG API...
[2026-06-28T11:49:14.984Z] [WARN ] BAJUSCTG API failed: HTTP 401
[2026-06-28T11:49:14.985Z] [INFO ] Trying BAJUSCTG HTML fallback...
[2026-06-28T11:49:15.678Z] [WARN ] BAJUSCTG HTML failed: HTTP 401
[2026-06-28T11:49:15.679Z] [INFO ] Trying Strategy 2: GoldR.org homepage...
[2026-06-28T11:49:16.060Z] [WARN ] GoldR.org failed: Invalid response body while trying to fetch https://www.goldr.org/: Premature close
[2026-06-28T11:49:16.060Z] [INFO ] Trying Strategy 3: bdgoldprice.com...
[2026-06-28T11:49:16.254Z] [WARN ] BDGoldPrice failed: Invalid response body while trying to fetch https://www.bdgoldprice.com/: Premature close
[2026-06-28T11:49:16.255Z] [INFO ] Trying Strategy 4: Wayback Machine...
[2026-06-28T11:49:16.847Z] [WARN ] Wayback failed: Invalid response body while trying to fetch http://web.archive.org/web/20250901185455/https://www.bajus.org/gold-price: Premature close
[2026-06-28T11:49:16.848Z] [WARN ] Cache too old (74h)
[2026-06-28T11:49:16.849Z] [ERROR] CRITICAL FAILURE — All sources + cache unavailable. Using zero fallback.
[2026-06-28T11:49:16.849Z] [INFO ] Fetching international prices...
[2026-06-28T11:49:17.283Z] [ERROR] FX fetch failed: Invalid response body while trying to fetch https://open.er-api.com/v6/latest/USD: Premature close
[2026-06-28T11:49:17.284Z] [INFO ] Gold: appended entry #231
[2026-06-28T11:49:17.285Z] [INFO ] Silver: appended entry #222
[2026-06-28T11:49:17.286Z] [INFO ] Intl: no change — skipping append
[2026-06-28T11:49:17.545Z] [INFO ] latest.json written | Final source: fallback
[2026-06-28T11:49:17.545Z] [INFO ] ══════════════════════════════════════════════
[2026-06-28T13:57:58.639Z] [INFO ] ══════════════════════════════════════════════
[2026-06-28T13:57:58.640Z] [INFO ] SonarGold Scraper v4.0 starting...
[2026-06-28T13:57:58.641Z] [INFO ] Mode: LIVE
[2026-06-28T13:57:58.642Z] [INFO ] ══════════════════════════════════════════════
[2026-06-28T13:57:58.644Z] [INFO ] History size — Gold: 231, Silver: 222, Intl: 283
[2026-06-28T13:57:58.645Z] [INFO ] ════════════════════════════════
[2026-06-28T13:57:58.647Z] [INFO ] Starting BAJUS scrape v4.0 (sequential)...
[2026-06-28T13:57:58.648Z] [INFO ] Trying Strategy 1: BAJUSCTG API...
[2026-06-28T13:57:59.049Z] [WARN ] BAJUSCTG API failed: Invalid response body while trying to fetch https://bajushub.com/pricesx.php: Premature close
[2026-06-28T13:57:59.049Z] [INFO ] Trying BAJUSCTG HTML fallback...
[2026-06-28T13:57:59.585Z] [WARN ] BAJUSCTG HTML failed: Invalid response body while trying to fetch https://bajushub.com/: Premature close
[2026-06-28T13:57:59.586Z] [INFO ] Trying Strategy 2: GoldR.org homepage...
[2026-06-28T13:57:59.887Z] [WARN ] GoldR.org failed: Invalid response body while trying to fetch https://www.goldr.org/: Premature close
[2026-06-28T13:57:59.888Z] [INFO ] Trying Strategy 3: bdgoldprice.com...
[2026-06-28T13:58:00.051Z] [WARN ] BDGoldPrice failed: Invalid response body while trying to fetch https://www.bdgoldprice.com/: Premature close
[2026-06-28T13:58:00.052Z] [INFO ] Trying Strategy 4: Wayback Machine...
[2026-06-28T13:58:05.476Z] [WARN ] Wayback failed: No snapshot
[2026-06-28T13:58:05.477Z] [INFO ] Using cached prices from 2026-06-28 (2h old)
[2026-06-28T13:58:05.478Z] [WARN ] ALL LIVE SOURCES FAILED — Using cached prices (mandatory fallback)
[2026-06-28T13:58:05.479Z] [INFO ] Fetching international prices...
[2026-06-28T13:58:06.154Z] [ERROR] FX fetch failed: Invalid response body while trying to fetch https://open.er-api.com/v6/latest/USD: Premature close
[2026-06-28T13:58:06.155Z] [INFO ] Gold: no change — skipping append
[2026-06-28T13:58:06.156Z] [INFO ] Silver: no change — skipping append
[2026-06-28T13:58:06.156Z] [INFO ] Intl: no change — skipping append
[2026-06-28T13:58:06.466Z] [INFO ] latest.json written | Final source: cache
[2026-06-28T13:58:06.466Z] [INFO ] ══════════════════════════════════════════════
[2026-06-28T15:23:04.245Z] [INFO ] ══════════════════════════════════════════════
[2026-06-28T15:23:04.247Z] [INFO ] SonarGold Scraper v4.0 starting...
[2026-06-28T15:23:04.248Z] [INFO ] Mode: LIVE
[2026-06-28T15:23:04.249Z] [INFO ] ══════════════════════════════════════════════
[2026-06-28T15:23:04.251Z] [INFO ] History size — Gold: 231, Silver: 222, Intl: 283
[2026-06-28T15:23:04.252Z] [INFO ] ════════════════════════════════
[2026-06-28T15:23:04.253Z] [INFO ] Starting BAJUS scrape v4.0 (sequential)...
[2026-06-28T15:23:04.254Z] [INFO ] Trying Strategy 1: BAJUSCTG API...
[2026-06-28T15:23:05.117Z] [WARN ] BAJUSCTG API failed: Invalid response body while trying to fetch https://bajushub.com/pricesx.php: Premature close
[2026-06-28T15:23:05.118Z] [INFO ] Trying BAJUSCTG HTML fallback...
[2026-06-28T15:23:07.057Z] [WARN ] BAJUSCTG HTML failed: Invalid response body while trying to fetch https://bajushub.com/: Premature close
[2026-06-28T15:23:07.058Z] [INFO ] Trying Strategy 2: GoldR.org homepage...
[2026-06-28T15:23:07.979Z] [WARN ] GoldR.org failed: Invalid response body while trying to fetch https://www.goldr.org/: Premature close
[2026-06-28T15:23:07.980Z] [INFO ] Trying Strategy 3: bdgoldprice.com...
[2026-06-28T15:23:08.208Z] [WARN ] BDGoldPrice failed: Invalid response body while trying to fetch https://www.bdgoldprice.com/: Premature close
[2026-06-28T15:23:08.209Z] [INFO ] Trying Strategy 4: Wayback Machine...
[2026-06-28T15:23:10.901Z] [WARN ] Wayback failed: Invalid response body while trying to fetch http://web.archive.org/web/20250901185455/https://www.bajus.org/gold-price: Premature close
[2026-06-28T15:23:10.902Z] [INFO ] Using cached prices from 2026-06-28 (4h old)
[2026-06-28T15:23:10.902Z] [WARN ] ALL LIVE SOURCES FAILED — Using cached prices (mandatory fallback)
[2026-06-28T15:23:10.903Z] [INFO ] Fetching international prices...
[2026-06-28T15:23:11.728Z] [ERROR] FX fetch failed: Invalid response body while trying to fetch https://open.er-api.com/v6/latest/USD: Premature close
[2026-06-28T15:23:11.729Z] [INFO ] Gold: no change — skipping append
[2026-06-28T15:23:11.730Z] [INFO ] Silver: no change — skipping append
[2026-06-28T15:23:11.730Z] [INFO ] Intl: no change — skipping append
[2026-06-28T15:23:11.745Z] [INFO ] latest.json written | Final source: cache
[2026-06-28T15:23:11.746Z] [INFO ] ══════════════════════════════════════════════
