[2026-05-21T01:57:56.388Z] [INFO ] ══════════════════════════════════════════════
[2026-05-21T01:57:56.390Z] [INFO ] SonarGold Scraper v4.0 starting...
[2026-05-21T01:57:56.390Z] [INFO ] Mode: LIVE
[2026-05-21T01:57:56.390Z] [INFO ] ══════════════════════════════════════════════
[2026-05-21T01:57:56.392Z] [INFO ] History size — Gold: 215, Silver: 210, Intl: 246
[2026-05-21T01:57:56.392Z] [INFO ] ════════════════════════════════
[2026-05-21T01:57:56.392Z] [INFO ] Starting BAJUS scrape v4.0 (sequential)...
[2026-05-21T01:57:56.393Z] [INFO ] Trying Strategy 1: BAJUSCTG API...
[2026-05-21T01:57:58.063Z] [INFO ] ✓ BAJUSCTG success: 22K gram ≈ 20230
[2026-05-21T01:57:58.063Z] [INFO ] SUCCESS — Source: bajusctg-api
[2026-05-21T01:57:58.063Z] [INFO ] Fetching international prices...
[2026-05-21T01:57:58.300Z] [INFO ] Gold: no change — skipping append
[2026-05-21T01:57:58.301Z] [INFO ] Silver: no change — skipping append
[2026-05-21T01:57:58.301Z] [INFO ] Intl: appended entry #247
[2026-05-21T01:57:58.315Z] [INFO ] latest.json written | Final source: bajusctg-api
[2026-05-21T01:57:58.315Z] [INFO ] ══════════════════════════════════════════════
[2026-05-21T06:05:36.273Z] [INFO ] ══════════════════════════════════════════════
[2026-05-21T06:05:36.275Z] [INFO ] SonarGold Scraper v4.0 starting...
[2026-05-21T06:05:36.275Z] [INFO ] Mode: LIVE
[2026-05-21T06:05:36.276Z] [INFO ] ══════════════════════════════════════════════
[2026-05-21T06:05:36.277Z] [INFO ] History size — Gold: 215, Silver: 210, Intl: 247
[2026-05-21T06:05:36.278Z] [INFO ] ════════════════════════════════
[2026-05-21T06:05:36.279Z] [INFO ] Starting BAJUS scrape v4.0 (sequential)...
[2026-05-21T06:05:36.279Z] [INFO ] Trying Strategy 1: BAJUSCTG API...
[2026-05-21T06:05:36.675Z] [INFO ] ✓ BAJUSCTG success: 22K gram ≈ 20415
[2026-05-21T06:05:36.676Z] [INFO ] SUCCESS — Source: bajusctg-api
[2026-05-21T06:05:36.676Z] [INFO ] Fetching international prices...
[2026-05-21T06:05:37.108Z] [INFO ] Gold: appended entry #216
[2026-05-21T06:05:37.109Z] [INFO ] Silver: no change — skipping append
[2026-05-21T06:05:37.110Z] [INFO ] Intl: updated same-day entry
[2026-05-21T06:05:37.125Z] [INFO ] latest.json written | Final source: bajusctg-api
[2026-05-21T06:05:37.125Z] [INFO ] ══════════════════════════════════════════════
[2026-05-21T10:28:08.493Z] [INFO ] ══════════════════════════════════════════════
[2026-05-21T10:28:08.495Z] [INFO ] SonarGold Scraper v4.0 starting...
[2026-05-21T10:28:08.495Z] [INFO ] Mode: LIVE
[2026-05-21T10:28:08.496Z] [INFO ] ══════════════════════════════════════════════
[2026-05-21T10:28:08.497Z] [INFO ] History size — Gold: 216, Silver: 210, Intl: 247
[2026-05-21T10:28:08.498Z] [INFO ] ════════════════════════════════
[2026-05-21T10:28:08.498Z] [INFO ] Starting BAJUS scrape v4.0 (sequential)...
[2026-05-21T10:28:08.499Z] [INFO ] Trying Strategy 1: BAJUSCTG API...
[2026-05-21T10:28:10.199Z] [INFO ] ✓ BAJUSCTG success: 22K gram ≈ 20415
[2026-05-21T10:28:10.200Z] [INFO ] SUCCESS — Source: bajusctg-api
[2026-05-21T10:28:10.200Z] [INFO ] Fetching international prices...
[2026-05-21T10:28:10.875Z] [INFO ] Gold: no change — skipping append
[2026-05-21T10:28:10.876Z] [INFO ] Silver: no change — skipping append
[2026-05-21T10:28:10.876Z] [INFO ] Intl: updated same-day entry
[2026-05-21T10:28:11.119Z] [INFO ] latest.json written | Final source: bajusctg-api
[2026-05-21T10:28:11.120Z] [INFO ] ══════════════════════════════════════════════
[2026-05-21T13:51:23.638Z] [INFO ] ══════════════════════════════════════════════
[2026-05-21T13:51:23.639Z] [INFO ] SonarGold Scraper v4.0 starting...
[2026-05-21T13:51:23.640Z] [INFO ] Mode: LIVE
[2026-05-21T13:51:23.640Z] [INFO ] ══════════════════════════════════════════════
[2026-05-21T13:51:23.641Z] [INFO ] History size — Gold: 216, Silver: 210, Intl: 247
[2026-05-21T13:51:23.642Z] [INFO ] ════════════════════════════════
[2026-05-21T13:51:23.642Z] [INFO ] Starting BAJUS scrape v4.0 (sequential)...
[2026-05-21T13:51:23.643Z] [INFO ] Trying Strategy 1: BAJUSCTG API...
[2026-05-21T13:51:30.567Z] [INFO ] ✓ BAJUSCTG success: 22K gram ≈ 20415
[2026-05-21T13:51:30.568Z] [INFO ] SUCCESS — Source: bajusctg-api
[2026-05-21T13:51:30.568Z] [INFO ] Fetching international prices...
[2026-05-21T13:51:31.369Z] [INFO ] Gold: no change — skipping append
[2026-05-21T13:51:31.370Z] [INFO ] Silver: no change — skipping append
[2026-05-21T13:51:31.370Z] [INFO ] Intl: updated same-day entry
[2026-05-21T13:51:31.382Z] [INFO ] latest.json written | Final source: bajusctg-api
[2026-05-21T13:51:31.382Z] [INFO ] ══════════════════════════════════════════════
