[2026-05-13T01:52:19.396Z] [INFO ] ══════════════════════════════════════════════
[2026-05-13T01:52:19.397Z] [INFO ] SonarGold Scraper v4.0 starting...
[2026-05-13T01:52:19.398Z] [INFO ] Mode: LIVE
[2026-05-13T01:52:19.398Z] [INFO ] ══════════════════════════════════════════════
[2026-05-13T01:52:19.400Z] [INFO ] History size — Gold: 212, Silver: 209, Intl: 238
[2026-05-13T01:52:19.401Z] [INFO ] ════════════════════════════════
[2026-05-13T01:52:19.401Z] [INFO ] Starting BAJUS scrape v4.0 (sequential)...
[2026-05-13T01:52:19.402Z] [INFO ] Trying Strategy 1: BAJUSCTG API...
[2026-05-13T01:52:19.852Z] [INFO ] ✓ BAJUSCTG success: 22K gram ≈ 20980
[2026-05-13T01:52:19.853Z] [INFO ] SUCCESS — Source: bajusctg-api
[2026-05-13T01:52:19.854Z] [INFO ] Fetching international prices...
[2026-05-13T01:52:20.456Z] [INFO ] Gold: no change — skipping append
[2026-05-13T01:52:20.456Z] [INFO ] Silver: no change — skipping append
[2026-05-13T01:52:20.457Z] [INFO ] Intl: appended entry #239
[2026-05-13T01:52:20.477Z] [INFO ] latest.json written | Final source: bajusctg-api
[2026-05-13T01:52:20.477Z] [INFO ] ══════════════════════════════════════════════
[2026-05-13T05:39:06.920Z] [INFO ] ══════════════════════════════════════════════
[2026-05-13T05:39:06.922Z] [INFO ] SonarGold Scraper v4.0 starting...
[2026-05-13T05:39:06.922Z] [INFO ] Mode: LIVE
[2026-05-13T05:39:06.923Z] [INFO ] ══════════════════════════════════════════════
[2026-05-13T05:39:06.924Z] [INFO ] History size — Gold: 212, Silver: 209, Intl: 239
[2026-05-13T05:39:06.925Z] [INFO ] ════════════════════════════════
[2026-05-13T05:39:06.925Z] [INFO ] Starting BAJUS scrape v4.0 (sequential)...
[2026-05-13T05:39:06.926Z] [INFO ] Trying Strategy 1: BAJUSCTG API...
[2026-05-13T05:39:07.299Z] [INFO ] ✓ BAJUSCTG success: 22K gram ≈ 20980
[2026-05-13T05:39:07.299Z] [INFO ] SUCCESS — Source: bajusctg-api
[2026-05-13T05:39:07.300Z] [INFO ] Fetching international prices...
[2026-05-13T05:39:07.393Z] [INFO ] Gold: no change — skipping append
[2026-05-13T05:39:07.393Z] [INFO ] Silver: no change — skipping append
[2026-05-13T05:39:07.394Z] [INFO ] Intl: updated same-day entry
[2026-05-13T05:39:07.475Z] [INFO ] latest.json written | Final source: bajusctg-api
[2026-05-13T05:39:07.475Z] [INFO ] ══════════════════════════════════════════════
[2026-05-13T08:29:02.868Z] [INFO ] ══════════════════════════════════════════════
[2026-05-13T08:29:02.869Z] [INFO ] SonarGold Scraper v4.0 starting...
[2026-05-13T08:29:02.869Z] [INFO ] Mode: LIVE
[2026-05-13T08:29:02.869Z] [INFO ] ══════════════════════════════════════════════
[2026-05-13T08:29:02.871Z] [INFO ] History size — Gold: 212, Silver: 209, Intl: 239
[2026-05-13T08:29:02.871Z] [INFO ] ════════════════════════════════
[2026-05-13T08:29:02.871Z] [INFO ] Starting BAJUS scrape v4.0 (sequential)...
[2026-05-13T08:29:02.872Z] [INFO ] Trying Strategy 1: BAJUSCTG API...
[2026-05-13T08:29:04.499Z] [INFO ] ✓ BAJUSCTG success: 22K gram ≈ 20980
[2026-05-13T08:29:04.499Z] [INFO ] SUCCESS — Source: bajusctg-api
[2026-05-13T08:29:04.500Z] [INFO ] Fetching international prices...
[2026-05-13T08:29:04.760Z] [INFO ] Gold: no change — skipping append
[2026-05-13T08:29:04.760Z] [INFO ] Silver: no change — skipping append
[2026-05-13T08:29:04.761Z] [INFO ] Intl: updated same-day entry
[2026-05-13T08:29:04.772Z] [INFO ] latest.json written | Final source: bajusctg-api
[2026-05-13T08:29:04.773Z] [INFO ] ══════════════════════════════════════════════
[2026-05-13T11:23:06.008Z] [INFO ] ══════════════════════════════════════════════
[2026-05-13T11:23:06.010Z] [INFO ] SonarGold Scraper v4.0 starting...
[2026-05-13T11:23:06.011Z] [INFO ] Mode: LIVE
[2026-05-13T11:23:06.012Z] [INFO ] ══════════════════════════════════════════════
[2026-05-13T11:23:06.014Z] [INFO ] History size — Gold: 212, Silver: 209, Intl: 239
[2026-05-13T11:23:06.015Z] [INFO ] ════════════════════════════════
[2026-05-13T11:23:06.015Z] [INFO ] Starting BAJUS scrape v4.0 (sequential)...
[2026-05-13T11:23:06.016Z] [INFO ] Trying Strategy 1: BAJUSCTG API...
[2026-05-13T11:23:07.812Z] [INFO ] ✓ BAJUSCTG success: 22K gram ≈ 20980
[2026-05-13T11:23:07.813Z] [INFO ] SUCCESS — Source: bajusctg-api
[2026-05-13T11:23:07.813Z] [INFO ] Fetching international prices...
[2026-05-13T11:23:07.977Z] [ERROR] XAU fetch failed: request to https://api.gold-api.com/price/XAU failed, reason: getaddrinfo ENOTFOUND api.gold-api.com
[2026-05-13T11:23:08.489Z] [INFO ] Gold: no change — skipping append
[2026-05-13T11:23:08.489Z] [INFO ] Silver: no change — skipping append
[2026-05-13T11:23:08.489Z] [INFO ] Intl: updated same-day entry
[2026-05-13T11:23:08.504Z] [INFO ] latest.json written | Final source: bajusctg-api
[2026-05-13T11:23:08.504Z] [INFO ] ══════════════════════════════════════════════
[2026-05-13T14:00:38.109Z] [INFO ] ══════════════════════════════════════════════
[2026-05-13T14:00:38.110Z] [INFO ] SonarGold Scraper v4.0 starting...
[2026-05-13T14:00:38.110Z] [INFO ] Mode: LIVE
[2026-05-13T14:00:38.111Z] [INFO ] ══════════════════════════════════════════════
[2026-05-13T14:00:38.112Z] [INFO ] History size — Gold: 212, Silver: 209, Intl: 239
[2026-05-13T14:00:38.112Z] [INFO ] ════════════════════════════════
[2026-05-13T14:00:38.113Z] [INFO ] Starting BAJUS scrape v4.0 (sequential)...
[2026-05-13T14:00:38.113Z] [INFO ] Trying Strategy 1: BAJUSCTG API...
[2026-05-13T14:00:39.936Z] [INFO ] ✓ BAJUSCTG success: 22K gram ≈ 20980
[2026-05-13T14:00:39.937Z] [INFO ] SUCCESS — Source: bajusctg-api
[2026-05-13T14:00:39.937Z] [INFO ] Fetching international prices...
[2026-05-13T14:00:40.468Z] [INFO ] Gold: no change — skipping append
[2026-05-13T14:00:40.468Z] [INFO ] Silver: no change — skipping append
[2026-05-13T14:00:40.469Z] [INFO ] Intl: updated same-day entry
[2026-05-13T14:00:40.488Z] [INFO ] latest.json written | Final source: bajusctg-api
[2026-05-13T14:00:40.488Z] [INFO ] ══════════════════════════════════════════════
[2026-05-13T16:19:37.838Z] [INFO ] ══════════════════════════════════════════════
[2026-05-13T16:19:37.839Z] [INFO ] SonarGold Scraper v4.0 starting...
[2026-05-13T16:19:37.840Z] [INFO ] Mode: LIVE
[2026-05-13T16:19:37.840Z] [INFO ] ══════════════════════════════════════════════
[2026-05-13T16:19:37.842Z] [INFO ] History size — Gold: 212, Silver: 209, Intl: 239
[2026-05-13T16:19:37.842Z] [INFO ] ════════════════════════════════
[2026-05-13T16:19:37.843Z] [INFO ] Starting BAJUS scrape v4.0 (sequential)...
[2026-05-13T16:19:37.843Z] [INFO ] Trying Strategy 1: BAJUSCTG API...
[2026-05-13T16:19:39.579Z] [INFO ] ✓ BAJUSCTG success: 22K gram ≈ 20980
[2026-05-13T16:19:39.580Z] [INFO ] SUCCESS — Source: bajusctg-api
[2026-05-13T16:19:39.580Z] [INFO ] Fetching international prices...
[2026-05-13T16:19:40.134Z] [INFO ] Gold: no change — skipping append
[2026-05-13T16:19:40.135Z] [INFO ] Silver: no change — skipping append
[2026-05-13T16:19:40.135Z] [INFO ] Intl: updated same-day entry
[2026-05-13T16:19:40.150Z] [INFO ] latest.json written | Final source: bajusctg-api
[2026-05-13T16:19:40.150Z] [INFO ] ══════════════════════════════════════════════
