[2026-06-05T00:04:37.128Z] [INFO ] ══════════════════════════════════════════════
[2026-06-05T00:04:37.129Z] [INFO ] SonarGold Scraper v4.0 starting...
[2026-06-05T00:04:37.130Z] [INFO ] Mode: LIVE
[2026-06-05T00:04:37.131Z] [INFO ] ══════════════════════════════════════════════
[2026-06-05T00:04:37.132Z] [INFO ] History size — Gold: 220, Silver: 213, Intl: 261
[2026-06-05T00:04:37.133Z] [INFO ] ════════════════════════════════
[2026-06-05T00:04:37.134Z] [INFO ] Starting BAJUS scrape v4.0 (sequential)...
[2026-06-05T00:04:37.135Z] [INFO ] Trying Strategy 1: BAJUSCTG API...
[2026-06-05T00:04:38.013Z] [WARN ] BAJUSCTG API failed: HTTP 401
[2026-06-05T00:04:38.014Z] [INFO ] Trying BAJUSCTG HTML fallback...
[2026-06-05T00:04:38.421Z] [WARN ] BAJUSCTG HTML failed: HTTP 401
[2026-06-05T00:04:38.422Z] [INFO ] Trying Strategy 2: GoldR.org homepage...
[2026-06-05T00:04:38.534Z] [WARN ] GoldR.org parsed but data invalid
[2026-06-05T00:04:38.535Z] [INFO ] Trying Strategy 3: bdgoldprice.com...
[2026-06-05T00:04:38.805Z] [INFO ] Trying Strategy 4: Wayback Machine...
[2026-06-05T00:04:44.055Z] [WARN ] Wayback failed: No snapshot
[2026-06-05T00:04:44.056Z] [INFO ] Using cached prices from 2026-06-02 (67h old)
[2026-06-05T00:04:44.057Z] [WARN ] ALL LIVE SOURCES FAILED — Using cached prices (mandatory fallback)
[2026-06-05T00:04:44.057Z] [INFO ] Fetching international prices...
[2026-06-05T00:04:44.664Z] [INFO ] Gold: no change — skipping append
[2026-06-05T00:04:44.665Z] [INFO ] Silver: no change — skipping append
[2026-06-05T00:04:44.665Z] [INFO ] Intl: appended entry #262
[2026-06-05T00:04:45.023Z] [INFO ] latest.json written | Final source: cache
[2026-06-05T00:04:45.024Z] [INFO ] ══════════════════════════════════════════════
[2026-06-05T05:07:21.653Z] [INFO ] ══════════════════════════════════════════════
[2026-06-05T05:07:21.655Z] [INFO ] SonarGold Scraper v4.0 starting...
[2026-06-05T05:07:21.656Z] [INFO ] Mode: LIVE
[2026-06-05T05:07:21.656Z] [INFO ] ══════════════════════════════════════════════
[2026-06-05T05:07:21.658Z] [INFO ] History size — Gold: 220, Silver: 213, Intl: 262
[2026-06-05T05:07:21.659Z] [INFO ] ════════════════════════════════
[2026-06-05T05:07:21.660Z] [INFO ] Starting BAJUS scrape v4.0 (sequential)...
[2026-06-05T05:07:21.660Z] [INFO ] Trying Strategy 1: BAJUSCTG API...
[2026-06-05T05:07:22.381Z] [WARN ] BAJUSCTG API failed: invalid json response body at https://bajushub.com/ reason: Unexpected token '<', "<!DOCTYPE "... is not valid JSON
[2026-06-05T05:07:22.381Z] [INFO ] Trying BAJUSCTG HTML fallback...
[2026-06-05T05:07:22.676Z] [INFO ] Trying Strategy 2: GoldR.org homepage...
[2026-06-05T05:07:22.757Z] [WARN ] GoldR.org parsed but data invalid
[2026-06-05T05:07:22.757Z] [INFO ] Trying Strategy 3: bdgoldprice.com...
[2026-06-05T05:07:22.927Z] [INFO ] Trying Strategy 4: Wayback Machine...
[2026-06-05T05:07:30.163Z] [INFO ] Using cached prices from 2026-06-02 (72h old)
[2026-06-05T05:07:30.164Z] [WARN ] ALL LIVE SOURCES FAILED — Using cached prices (mandatory fallback)
[2026-06-05T05:07:30.164Z] [INFO ] Fetching international prices...
[2026-06-05T05:07:30.698Z] [INFO ] Gold: no change — skipping append
[2026-06-05T05:07:30.698Z] [INFO ] Silver: no change — skipping append
[2026-06-05T05:07:30.699Z] [INFO ] Intl: updated same-day entry
[2026-06-05T05:07:31.002Z] [INFO ] latest.json written | Final source: cache
[2026-06-05T05:07:31.003Z] [INFO ] ══════════════════════════════════════════════
[2026-06-05T09:00:41.262Z] [INFO ] ══════════════════════════════════════════════
[2026-06-05T09:00:41.264Z] [INFO ] SonarGold Scraper v4.0 starting...
[2026-06-05T09:00:41.265Z] [INFO ] Mode: LIVE
[2026-06-05T09:00:41.265Z] [INFO ] ══════════════════════════════════════════════
[2026-06-05T09:00:41.267Z] [INFO ] History size — Gold: 220, Silver: 213, Intl: 262
[2026-06-05T09:00:41.268Z] [INFO ] ════════════════════════════════
[2026-06-05T09:00:41.268Z] [INFO ] Starting BAJUS scrape v4.0 (sequential)...
[2026-06-05T09:00:41.269Z] [INFO ] Trying Strategy 1: BAJUSCTG API...
[2026-06-05T09:00:42.532Z] [WARN ] BAJUSCTG API failed: invalid json response body at https://bajushub.com/ reason: Unexpected token '<', "<!DOCTYPE "... is not valid JSON
[2026-06-05T09:00:42.532Z] [INFO ] Trying BAJUSCTG HTML fallback...
[2026-06-05T09:00:42.814Z] [INFO ] Trying Strategy 2: GoldR.org homepage...
[2026-06-05T09:00:43.047Z] [WARN ] GoldR.org parsed but data invalid
[2026-06-05T09:00:43.048Z] [INFO ] Trying Strategy 3: bdgoldprice.com...
[2026-06-05T09:00:43.243Z] [INFO ] Trying Strategy 4: Wayback Machine...
[2026-06-05T09:00:52.856Z] [WARN ] Wayback failed: No snapshot
[2026-06-05T09:00:52.858Z] [WARN ] Cache too old (76h)
[2026-06-05T09:00:52.858Z] [ERROR] CRITICAL FAILURE — All sources + cache unavailable. Using zero fallback.
[2026-06-05T09:00:52.859Z] [INFO ] Fetching international prices...
[2026-06-05T09:00:53.455Z] [INFO ] Gold: appended entry #221
[2026-06-05T09:00:53.456Z] [INFO ] Silver: appended entry #214
[2026-06-05T09:00:53.457Z] [INFO ] Intl: updated same-day entry
[2026-06-05T09:00:53.483Z] [INFO ] latest.json written | Final source: fallback
[2026-06-05T09:00:53.483Z] [INFO ] ══════════════════════════════════════════════
[2026-06-05T12:28:52.042Z] [INFO ] ══════════════════════════════════════════════
[2026-06-05T12:28:52.043Z] [INFO ] SonarGold Scraper v4.0 starting...
[2026-06-05T12:28:52.044Z] [INFO ] Mode: LIVE
[2026-06-05T12:28:52.045Z] [INFO ] ══════════════════════════════════════════════
[2026-06-05T12:28:52.047Z] [INFO ] History size — Gold: 221, Silver: 214, Intl: 262
[2026-06-05T12:28:52.048Z] [INFO ] ════════════════════════════════
[2026-06-05T12:28:52.048Z] [INFO ] Starting BAJUS scrape v4.0 (sequential)...
[2026-06-05T12:28:52.049Z] [INFO ] Trying Strategy 1: BAJUSCTG API...
[2026-06-05T12:28:53.307Z] [WARN ] BAJUSCTG API failed: invalid json response body at https://bajushub.com/ reason: Unexpected token '<', "<!DOCTYPE "... is not valid JSON
[2026-06-05T12:28:53.308Z] [INFO ] Trying BAJUSCTG HTML fallback...
[2026-06-05T12:28:53.584Z] [INFO ] Trying Strategy 2: GoldR.org homepage...
[2026-06-05T12:28:53.875Z] [WARN ] GoldR.org parsed but data invalid
[2026-06-05T12:28:53.876Z] [INFO ] Trying Strategy 3: bdgoldprice.com...
[2026-06-05T12:28:54.121Z] [INFO ] Trying Strategy 4: Wayback Machine...
[2026-06-05T12:28:59.389Z] [WARN ] Wayback failed: No snapshot
[2026-06-05T12:28:59.391Z] [INFO ] Using cached prices from 2026-06-05 (3h old)
[2026-06-05T12:28:59.391Z] [WARN ] ALL LIVE SOURCES FAILED — Using cached prices (mandatory fallback)
[2026-06-05T12:28:59.392Z] [INFO ] Fetching international prices...
[2026-06-05T12:28:59.892Z] [INFO ] Gold: no change — skipping append
[2026-06-05T12:28:59.893Z] [INFO ] Silver: no change — skipping append
[2026-06-05T12:28:59.894Z] [INFO ] Intl: updated same-day entry
[2026-06-05T12:28:59.931Z] [INFO ] latest.json written | Final source: cache
[2026-06-05T12:28:59.932Z] [INFO ] ══════════════════════════════════════════════
[2026-06-05T15:45:57.090Z] [INFO ] ══════════════════════════════════════════════
[2026-06-05T15:45:57.092Z] [INFO ] SonarGold Scraper v4.0 starting...
[2026-06-05T15:45:57.092Z] [INFO ] Mode: LIVE
[2026-06-05T15:45:57.093Z] [INFO ] ══════════════════════════════════════════════
[2026-06-05T15:45:57.095Z] [INFO ] History size — Gold: 221, Silver: 214, Intl: 262
[2026-06-05T15:45:57.096Z] [INFO ] ════════════════════════════════
[2026-06-05T15:45:57.096Z] [INFO ] Starting BAJUS scrape v4.0 (sequential)...
[2026-06-05T15:45:57.097Z] [INFO ] Trying Strategy 1: BAJUSCTG API...
[2026-06-05T15:45:58.877Z] [WARN ] BAJUSCTG API failed: invalid json response body at https://bajushub.com/ reason: Unexpected token '<', "<!DOCTYPE "... is not valid JSON
[2026-06-05T15:45:58.877Z] [INFO ] Trying BAJUSCTG HTML fallback...
[2026-06-05T15:45:59.150Z] [INFO ] Trying Strategy 2: GoldR.org homepage...
[2026-06-05T15:45:59.432Z] [WARN ] GoldR.org parsed but data invalid
[2026-06-05T15:45:59.433Z] [INFO ] Trying Strategy 3: bdgoldprice.com...
[2026-06-05T15:45:59.651Z] [INFO ] Trying Strategy 4: Wayback Machine...
[2026-06-05T15:46:04.771Z] [INFO ] Using cached prices from 2026-06-05 (7h old)
[2026-06-05T15:46:04.772Z] [WARN ] ALL LIVE SOURCES FAILED — Using cached prices (mandatory fallback)
[2026-06-05T15:46:04.772Z] [INFO ] Fetching international prices...
[2026-06-05T15:46:05.629Z] [INFO ] Gold: no change — skipping append
[2026-06-05T15:46:05.630Z] [INFO ] Silver: no change — skipping append
[2026-06-05T15:46:05.630Z] [INFO ] Intl: updated same-day entry
[2026-06-05T15:46:05.645Z] [INFO ] latest.json written | Final source: cache
[2026-06-05T15:46:05.646Z] [INFO ] ══════════════════════════════════════════════
[2026-06-05T17:44:28.015Z] [INFO ] ══════════════════════════════════════════════
[2026-06-05T17:44:28.016Z] [INFO ] SonarGold Scraper v4.0 starting...
[2026-06-05T17:44:28.017Z] [INFO ] Mode: LIVE
[2026-06-05T17:44:28.018Z] [INFO ] ══════════════════════════════════════════════
[2026-06-05T17:44:28.019Z] [INFO ] History size — Gold: 221, Silver: 214, Intl: 262
[2026-06-05T17:44:28.020Z] [INFO ] ════════════════════════════════
[2026-06-05T17:44:28.021Z] [INFO ] Starting BAJUS scrape v4.0 (sequential)...
[2026-06-05T17:44:28.021Z] [INFO ] Trying Strategy 1: BAJUSCTG API...
[2026-06-05T17:44:28.440Z] [WARN ] BAJUSCTG API failed: invalid json response body at https://bajushub.com/ reason: Unexpected token '<', "<!DOCTYPE "... is not valid JSON
[2026-06-05T17:44:28.441Z] [INFO ] Trying BAJUSCTG HTML fallback...
[2026-06-05T17:44:28.689Z] [INFO ] Trying Strategy 2: GoldR.org homepage...
[2026-06-05T17:44:28.823Z] [WARN ] GoldR.org parsed but data invalid
[2026-06-05T17:44:28.823Z] [INFO ] Trying Strategy 3: bdgoldprice.com...
[2026-06-05T17:44:29.200Z] [INFO ] Trying Strategy 4: Wayback Machine...
[2026-06-05T17:44:29.837Z] [INFO ] Using cached prices from 2026-06-05 (9h old)
[2026-06-05T17:44:29.838Z] [WARN ] ALL LIVE SOURCES FAILED — Using cached prices (mandatory fallback)
[2026-06-05T17:44:29.838Z] [INFO ] Fetching international prices...
[2026-06-05T17:44:29.976Z] [INFO ] Gold: no change — skipping append
[2026-06-05T17:44:29.977Z] [INFO ] Silver: no change — skipping append
[2026-06-05T17:44:29.977Z] [INFO ] Intl: updated same-day entry
[2026-06-05T17:44:30.011Z] [INFO ] latest.json written | Final source: cache
[2026-06-05T17:44:30.012Z] [INFO ] ══════════════════════════════════════════════
[2026-06-05T19:27:13.415Z] [INFO ] ══════════════════════════════════════════════
[2026-06-05T19:27:13.416Z] [INFO ] SonarGold Scraper v4.0 starting...
[2026-06-05T19:27:13.417Z] [INFO ] Mode: LIVE
[2026-06-05T19:27:13.417Z] [INFO ] ══════════════════════════════════════════════
[2026-06-05T19:27:13.418Z] [INFO ] History size — Gold: 221, Silver: 214, Intl: 262
[2026-06-05T19:27:13.419Z] [INFO ] ════════════════════════════════
[2026-06-05T19:27:13.420Z] [INFO ] Starting BAJUS scrape v4.0 (sequential)...
[2026-06-05T19:27:13.420Z] [INFO ] Trying Strategy 1: BAJUSCTG API...
[2026-06-05T19:27:13.868Z] [WARN ] BAJUSCTG API failed: invalid json response body at https://bajushub.com/ reason: Unexpected token '<', "<!DOCTYPE "... is not valid JSON
[2026-06-05T19:27:13.869Z] [INFO ] Trying BAJUSCTG HTML fallback...
[2026-06-05T19:27:14.114Z] [INFO ] Trying Strategy 2: GoldR.org homepage...
[2026-06-05T19:27:14.273Z] [WARN ] GoldR.org parsed but data invalid
[2026-06-05T19:27:14.273Z] [INFO ] Trying Strategy 3: bdgoldprice.com...
[2026-06-05T19:27:14.713Z] [INFO ] Trying Strategy 4: Wayback Machine...
[2026-06-05T19:27:17.528Z] [INFO ] Using cached prices from 2026-06-05 (10h old)
[2026-06-05T19:27:17.529Z] [WARN ] ALL LIVE SOURCES FAILED — Using cached prices (mandatory fallback)
[2026-06-05T19:27:17.529Z] [INFO ] Fetching international prices...
[2026-06-05T19:27:17.656Z] [INFO ] Gold: no change — skipping append
[2026-06-05T19:27:17.656Z] [INFO ] Silver: no change — skipping append
[2026-06-05T19:27:17.656Z] [INFO ] Intl: updated same-day entry
[2026-06-05T19:27:17.668Z] [INFO ] latest.json written | Final source: cache
[2026-06-05T19:27:17.668Z] [INFO ] ══════════════════════════════════════════════
[2026-06-05T21:14:37.584Z] [INFO ] ══════════════════════════════════════════════
[2026-06-05T21:14:37.585Z] [INFO ] SonarGold Scraper v4.0 starting...
[2026-06-05T21:14:37.586Z] [INFO ] Mode: LIVE
[2026-06-05T21:14:37.587Z] [INFO ] ══════════════════════════════════════════════
[2026-06-05T21:14:37.589Z] [INFO ] History size — Gold: 221, Silver: 214, Intl: 262
[2026-06-05T21:14:37.589Z] [INFO ] ════════════════════════════════
[2026-06-05T21:14:37.590Z] [INFO ] Starting BAJUS scrape v4.0 (sequential)...
[2026-06-05T21:14:37.591Z] [INFO ] Trying Strategy 1: BAJUSCTG API...
[2026-06-05T21:14:39.411Z] [WARN ] BAJUSCTG API failed: invalid json response body at https://bajushub.com/ reason: Unexpected token '<', "<!DOCTYPE "... is not valid JSON
[2026-06-05T21:14:39.412Z] [INFO ] Trying BAJUSCTG HTML fallback...
[2026-06-05T21:14:39.688Z] [INFO ] Trying Strategy 2: GoldR.org homepage...
[2026-06-05T21:14:40.544Z] [WARN ] GoldR.org parsed but data invalid
[2026-06-05T21:14:40.545Z] [INFO ] Trying Strategy 3: bdgoldprice.com...
[2026-06-05T21:14:40.680Z] [INFO ] Trying Strategy 4: Wayback Machine...
[2026-06-05T21:14:46.282Z] [WARN ] Wayback failed: No snapshot
[2026-06-05T21:14:46.283Z] [INFO ] Using cached prices from 2026-06-05 (12h old)
[2026-06-05T21:14:46.284Z] [WARN ] ALL LIVE SOURCES FAILED — Using cached prices (mandatory fallback)
[2026-06-05T21:14:46.285Z] [INFO ] Fetching international prices...
[2026-06-05T21:14:46.852Z] [INFO ] Gold: no change — skipping append
[2026-06-05T21:14:46.853Z] [INFO ] Silver: no change — skipping append
[2026-06-05T21:14:46.853Z] [INFO ] Intl: updated same-day entry
[2026-06-05T21:14:46.868Z] [INFO ] latest.json written | Final source: cache
[2026-06-05T21:14:46.869Z] [INFO ] ══════════════════════════════════════════════
