[2026-07-17T01:03:36.633Z] [INFO ] ══════════════════════════════════════════════
[2026-07-17T01:03:36.636Z] [INFO ] SonarGold Scraper v4.0 starting...
[2026-07-17T01:03:36.637Z] [INFO ] Mode: LIVE
[2026-07-17T01:03:36.638Z] [INFO ] ══════════════════════════════════════════════
[2026-07-17T01:03:36.640Z] [INFO ] History size — Gold: 239, Silver: 228, Intl: 302
[2026-07-17T01:03:36.641Z] [INFO ] ════════════════════════════════
[2026-07-17T01:03:36.643Z] [INFO ] Starting BAJUS scrape v4.0 (sequential)...
[2026-07-17T01:03:36.644Z] [INFO ] Trying Strategy 1: BAJUSCTG API...
[2026-07-17T01:03:37.135Z] [INFO ] ✓ BAJUSCTG success: 22K gram ≈ 18845
[2026-07-17T01:03:37.136Z] [INFO ] SUCCESS — Source: bajusctg-api
[2026-07-17T01:03:37.137Z] [INFO ] Fetching international prices...
[2026-07-17T01:03:37.760Z] [INFO ] Gold: no change — skipping append
[2026-07-17T01:03:37.761Z] [INFO ] Silver: no change — skipping append
[2026-07-17T01:03:37.761Z] [INFO ] Intl: appended entry #303
[2026-07-17T01:03:37.776Z] [INFO ] latest.json written | Final source: bajusctg-api
[2026-07-17T01:03:37.777Z] [INFO ] ══════════════════════════════════════════════
[2026-07-17T04:43:26.087Z] [INFO ] ══════════════════════════════════════════════
[2026-07-17T04:43:26.089Z] [INFO ] SonarGold Scraper v4.0 starting...
[2026-07-17T04:43:26.091Z] [INFO ] Mode: LIVE
[2026-07-17T04:43:26.092Z] [INFO ] ══════════════════════════════════════════════
[2026-07-17T04:43:26.095Z] [INFO ] History size — Gold: 239, Silver: 228, Intl: 303
[2026-07-17T04:43:26.097Z] [INFO ] ════════════════════════════════
[2026-07-17T04:43:26.100Z] [INFO ] Starting BAJUS scrape v4.0 (sequential)...
[2026-07-17T04:43:26.101Z] [INFO ] Trying Strategy 1: BAJUSCTG API...
[2026-07-17T04:43:26.964Z] [INFO ] ✓ BAJUSCTG success: 22K gram ≈ 18845
[2026-07-17T04:43:26.965Z] [INFO ] SUCCESS — Source: bajusctg-api
[2026-07-17T04:43:26.966Z] [INFO ] Fetching international prices...
[2026-07-17T04:43:27.570Z] [INFO ] Gold: no change — skipping append
[2026-07-17T04:43:27.571Z] [INFO ] Silver: no change — skipping append
[2026-07-17T04:43:27.572Z] [INFO ] Intl: updated same-day entry
[2026-07-17T04:43:27.587Z] [INFO ] latest.json written | Final source: bajusctg-api
[2026-07-17T04:43:27.588Z] [INFO ] ══════════════════════════════════════════════
[2026-07-17T07:20:38.952Z] [INFO ] ══════════════════════════════════════════════
[2026-07-17T07:20:38.954Z] [INFO ] SonarGold Scraper v4.0 starting...
[2026-07-17T07:20:38.955Z] [INFO ] Mode: LIVE
[2026-07-17T07:20:38.956Z] [INFO ] ══════════════════════════════════════════════
[2026-07-17T07:20:38.958Z] [INFO ] History size — Gold: 239, Silver: 228, Intl: 303
[2026-07-17T07:20:38.959Z] [INFO ] ════════════════════════════════
[2026-07-17T07:20:38.961Z] [INFO ] Starting BAJUS scrape v4.0 (sequential)...
[2026-07-17T07:20:38.962Z] [INFO ] Trying Strategy 1: BAJUSCTG API...
[2026-07-17T07:20:39.403Z] [INFO ] ✓ BAJUSCTG success: 22K gram ≈ 18845
[2026-07-17T07:20:39.404Z] [INFO ] SUCCESS — Source: bajusctg-api
[2026-07-17T07:20:39.404Z] [INFO ] Fetching international prices...
[2026-07-17T07:20:40.020Z] [INFO ] Gold: no change — skipping append
[2026-07-17T07:20:40.021Z] [INFO ] Silver: no change — skipping append
[2026-07-17T07:20:40.022Z] [INFO ] Intl: updated same-day entry
[2026-07-17T07:20:40.037Z] [INFO ] latest.json written | Final source: bajusctg-api
[2026-07-17T07:20:40.038Z] [INFO ] ══════════════════════════════════════════════
[2026-07-17T09:27:55.812Z] [INFO ] ══════════════════════════════════════════════
[2026-07-17T09:27:55.814Z] [INFO ] SonarGold Scraper v4.0 starting...
[2026-07-17T09:27:55.815Z] [INFO ] Mode: LIVE
[2026-07-17T09:27:55.816Z] [INFO ] ══════════════════════════════════════════════
[2026-07-17T09:27:55.818Z] [INFO ] History size — Gold: 239, Silver: 228, Intl: 303
[2026-07-17T09:27:55.820Z] [INFO ] ════════════════════════════════
[2026-07-17T09:27:55.822Z] [INFO ] Starting BAJUS scrape v4.0 (sequential)...
[2026-07-17T09:27:55.823Z] [INFO ] Trying Strategy 1: BAJUSCTG API...
[2026-07-17T09:27:56.207Z] [INFO ] ✓ BAJUSCTG success: 22K gram ≈ 18845
[2026-07-17T09:27:56.208Z] [INFO ] SUCCESS — Source: bajusctg-api
[2026-07-17T09:27:56.209Z] [INFO ] Fetching international prices...
[2026-07-17T09:27:56.715Z] [INFO ] Gold: no change — skipping append
[2026-07-17T09:27:56.716Z] [INFO ] Silver: no change — skipping append
[2026-07-17T09:27:56.717Z] [INFO ] Intl: updated same-day entry
[2026-07-17T09:27:56.732Z] [INFO ] latest.json written | Final source: bajusctg-api
[2026-07-17T09:27:56.733Z] [INFO ] ══════════════════════════════════════════════
