[2026-04-15T01:15:41.250Z] [INFO ] ══════════════════════════════════════════════
[2026-04-15T01:15:41.251Z] [INFO ] SonarGold Scraper v4.0 starting...
[2026-04-15T01:15:41.252Z] [INFO ] Mode: LIVE
[2026-04-15T01:15:41.252Z] [INFO ] ══════════════════════════════════════════════
[2026-04-15T01:15:41.253Z] [INFO ] History size — Gold: 202, Silver: 202, Intl: 210
[2026-04-15T01:15:41.253Z] [INFO ] ════════════════════════════════
[2026-04-15T01:15:41.254Z] [INFO ] Starting BAJUS scrape v4.0 (sequential)...
[2026-04-15T01:15:41.254Z] [INFO ] Trying Strategy 1: BAJUSCTG API...
[2026-04-15T01:15:42.969Z] [INFO ] ✓ BAJUSCTG success: 22K gram ≈ 21260
[2026-04-15T01:15:42.970Z] [INFO ] SUCCESS — Source: bajusctg-api
[2026-04-15T01:15:42.970Z] [INFO ] Fetching international prices...
[2026-04-15T01:15:45.830Z] [INFO ] Gold: no change — skipping append
[2026-04-15T01:15:45.831Z] [INFO ] Silver: no change — skipping append
[2026-04-15T01:15:45.831Z] [INFO ] Intl: appended entry #211
[2026-04-15T01:15:45.846Z] [INFO ] latest.json written | Final source: bajusctg-api
[2026-04-15T01:15:45.846Z] [INFO ] ══════════════════════════════════════════════
[2026-04-15T04:35:59.845Z] [INFO ] ══════════════════════════════════════════════
[2026-04-15T04:35:59.846Z] [INFO ] SonarGold Scraper v4.0 starting...
[2026-04-15T04:35:59.846Z] [INFO ] Mode: LIVE
[2026-04-15T04:35:59.846Z] [INFO ] ══════════════════════════════════════════════
[2026-04-15T04:35:59.847Z] [INFO ] History size — Gold: 202, Silver: 202, Intl: 211
[2026-04-15T04:35:59.848Z] [INFO ] ════════════════════════════════
[2026-04-15T04:35:59.848Z] [INFO ] Starting BAJUS scrape v4.0 (sequential)...
[2026-04-15T04:35:59.848Z] [INFO ] Trying Strategy 1: BAJUSCTG API...
[2026-04-15T04:36:01.565Z] [INFO ] ✓ BAJUSCTG success: 22K gram ≈ 21450
[2026-04-15T04:36:01.565Z] [INFO ] SUCCESS — Source: bajusctg-api
[2026-04-15T04:36:01.566Z] [INFO ] Fetching international prices...
[2026-04-15T04:36:01.903Z] [INFO ] Gold: appended entry #203
[2026-04-15T04:36:01.903Z] [INFO ] Silver: appended entry #203
[2026-04-15T04:36:01.904Z] [INFO ] Intl: updated same-day entry
[2026-04-15T04:36:01.955Z] [INFO ] latest.json written | Final source: bajusctg-api
[2026-04-15T04:36:01.956Z] [INFO ] ══════════════════════════════════════════════
[2026-04-15T06:26:02.382Z] [INFO ] ══════════════════════════════════════════════
[2026-04-15T06:26:02.383Z] [INFO ] SonarGold Scraper v4.0 starting...
[2026-04-15T06:26:02.384Z] [INFO ] Mode: LIVE
[2026-04-15T06:26:02.384Z] [INFO ] ══════════════════════════════════════════════
[2026-04-15T06:26:02.385Z] [INFO ] History size — Gold: 203, Silver: 203, Intl: 211
[2026-04-15T06:26:02.386Z] [INFO ] ════════════════════════════════
[2026-04-15T06:26:02.386Z] [INFO ] Starting BAJUS scrape v4.0 (sequential)...
[2026-04-15T06:26:02.386Z] [INFO ] Trying Strategy 1: BAJUSCTG API...
[2026-04-15T06:26:02.805Z] [INFO ] ✓ BAJUSCTG success: 22K gram ≈ 21450
[2026-04-15T06:26:02.806Z] [INFO ] SUCCESS — Source: bajusctg-api
[2026-04-15T06:26:02.806Z] [INFO ] Fetching international prices...
[2026-04-15T06:26:03.401Z] [INFO ] Gold: no change — skipping append
[2026-04-15T06:26:03.401Z] [INFO ] Silver: no change — skipping append
[2026-04-15T06:26:03.401Z] [INFO ] Intl: updated same-day entry
[2026-04-15T06:26:03.575Z] [INFO ] latest.json written | Final source: bajusctg-api
[2026-04-15T06:26:03.575Z] [INFO ] ══════════════════════════════════════════════
[2026-04-15T08:20:27.679Z] [INFO ] ══════════════════════════════════════════════
[2026-04-15T08:20:27.681Z] [INFO ] SonarGold Scraper v4.0 starting...
[2026-04-15T08:20:27.681Z] [INFO ] Mode: LIVE
[2026-04-15T08:20:27.681Z] [INFO ] ══════════════════════════════════════════════
[2026-04-15T08:20:27.682Z] [INFO ] History size — Gold: 203, Silver: 203, Intl: 211
[2026-04-15T08:20:27.683Z] [INFO ] ════════════════════════════════
[2026-04-15T08:20:27.683Z] [INFO ] Starting BAJUS scrape v4.0 (sequential)...
[2026-04-15T08:20:27.683Z] [INFO ] Trying Strategy 1: BAJUSCTG API...
[2026-04-15T08:20:28.646Z] [INFO ] ✓ BAJUSCTG success: 22K gram ≈ 21450
[2026-04-15T08:20:28.646Z] [INFO ] SUCCESS — Source: bajusctg-api
[2026-04-15T08:20:28.647Z] [INFO ] Fetching international prices...
[2026-04-15T08:20:29.386Z] [INFO ] Gold: no change — skipping append
[2026-04-15T08:20:29.387Z] [INFO ] Silver: no change — skipping append
[2026-04-15T08:20:29.387Z] [INFO ] Intl: updated same-day entry
[2026-04-15T08:20:29.406Z] [INFO ] latest.json written | Final source: bajusctg-api
[2026-04-15T08:20:29.406Z] [INFO ] ══════════════════════════════════════════════
[2026-04-15T10:06:00.738Z] [INFO ] ══════════════════════════════════════════════
[2026-04-15T10:06:00.740Z] [INFO ] SonarGold Scraper v4.0 starting...
[2026-04-15T10:06:00.740Z] [INFO ] Mode: LIVE
[2026-04-15T10:06:00.740Z] [INFO ] ══════════════════════════════════════════════
[2026-04-15T10:06:00.741Z] [INFO ] History size — Gold: 203, Silver: 203, Intl: 211
[2026-04-15T10:06:00.742Z] [INFO ] ════════════════════════════════
[2026-04-15T10:06:00.742Z] [INFO ] Starting BAJUS scrape v4.0 (sequential)...
[2026-04-15T10:06:00.742Z] [INFO ] Trying Strategy 1: BAJUSCTG API...
[2026-04-15T10:06:02.476Z] [INFO ] ✓ BAJUSCTG success: 22K gram ≈ 21450
[2026-04-15T10:06:02.476Z] [INFO ] SUCCESS — Source: bajusctg-api
[2026-04-15T10:06:02.477Z] [INFO ] Fetching international prices...
[2026-04-15T10:06:03.085Z] [INFO ] Gold: no change — skipping append
[2026-04-15T10:06:03.085Z] [INFO ] Silver: no change — skipping append
[2026-04-15T10:06:03.085Z] [INFO ] Intl: updated same-day entry
[2026-04-15T10:06:03.100Z] [INFO ] latest.json written | Final source: bajusctg-api
[2026-04-15T10:06:03.100Z] [INFO ] ══════════════════════════════════════════════
