[2026-04-07T01:48:59.036Z] [INFO ] ══════════════════════════════════════════════
[2026-04-07T01:48:59.038Z] [INFO ] SonarGold Scraper v4.0 starting...
[2026-04-07T01:48:59.038Z] [INFO ] Mode: LIVE
[2026-04-07T01:48:59.038Z] [INFO ] ══════════════════════════════════════════════
[2026-04-07T01:48:59.040Z] [INFO ] History size — Gold: 199, Silver: 199, Intl: 202
[2026-04-07T01:48:59.040Z] [INFO ] ════════════════════════════════
[2026-04-07T01:48:59.040Z] [INFO ] Starting BAJUS scrape v4.0 (sequential)...
[2026-04-07T01:48:59.041Z] [INFO ] Trying Strategy 1: BAJUSCTG API...
[2026-04-07T01:49:00.666Z] [INFO ] ✓ BAJUSCTG success: 22K gram ≈ 21075
[2026-04-07T01:49:00.667Z] [INFO ] SUCCESS — Source: bajusctg-api
[2026-04-07T01:49:00.667Z] [INFO ] Fetching international prices...
[2026-04-07T01:49:01.377Z] [INFO ] Gold: no change — skipping append
[2026-04-07T01:49:01.377Z] [INFO ] Silver: no change — skipping append
[2026-04-07T01:49:01.377Z] [INFO ] Intl: appended entry #203
[2026-04-07T01:49:01.399Z] [INFO ] latest.json written | Final source: bajusctg-api
[2026-04-07T01:49:01.399Z] [INFO ] ══════════════════════════════════════════════
[2026-04-07T05:44:19.318Z] [INFO ] ══════════════════════════════════════════════
[2026-04-07T05:44:19.320Z] [INFO ] SonarGold Scraper v4.0 starting...
[2026-04-07T05:44:19.320Z] [INFO ] Mode: LIVE
[2026-04-07T05:44:19.320Z] [INFO ] ══════════════════════════════════════════════
[2026-04-07T05:44:19.321Z] [INFO ] History size — Gold: 199, Silver: 199, Intl: 203
[2026-04-07T05:44:19.322Z] [INFO ] ════════════════════════════════
[2026-04-07T05:44:19.322Z] [INFO ] Starting BAJUS scrape v4.0 (sequential)...
[2026-04-07T05:44:19.322Z] [INFO ] Trying Strategy 1: BAJUSCTG API...
[2026-04-07T05:44:19.807Z] [INFO ] ✓ BAJUSCTG success: 22K gram ≈ 21075
[2026-04-07T05:44:19.807Z] [INFO ] SUCCESS — Source: bajusctg-api
[2026-04-07T05:44:19.808Z] [INFO ] Fetching international prices...
[2026-04-07T05:44:20.554Z] [INFO ] Gold: no change — skipping append
[2026-04-07T05:44:20.555Z] [INFO ] Silver: no change — skipping append
[2026-04-07T05:44:20.555Z] [INFO ] Intl: updated same-day entry
[2026-04-07T05:44:20.573Z] [INFO ] latest.json written | Final source: bajusctg-api
[2026-04-07T05:44:20.573Z] [INFO ] ══════════════════════════════════════════════
[2026-04-07T08:55:11.328Z] [INFO ] ══════════════════════════════════════════════
[2026-04-07T08:55:11.330Z] [INFO ] SonarGold Scraper v4.0 starting...
[2026-04-07T08:55:11.330Z] [INFO ] Mode: LIVE
[2026-04-07T08:55:11.330Z] [INFO ] ══════════════════════════════════════════════
[2026-04-07T08:55:11.331Z] [INFO ] History size — Gold: 199, Silver: 199, Intl: 203
[2026-04-07T08:55:11.332Z] [INFO ] ════════════════════════════════
[2026-04-07T08:55:11.332Z] [INFO ] Starting BAJUS scrape v4.0 (sequential)...
[2026-04-07T08:55:11.332Z] [INFO ] Trying Strategy 1: BAJUSCTG API...
[2026-04-07T08:55:11.777Z] [INFO ] ✓ BAJUSCTG success: 22K gram ≈ 21075
[2026-04-07T08:55:11.777Z] [INFO ] SUCCESS — Source: bajusctg-api
[2026-04-07T08:55:11.777Z] [INFO ] Fetching international prices...
[2026-04-07T08:55:12.253Z] [INFO ] Gold: no change — skipping append
[2026-04-07T08:55:12.253Z] [INFO ] Silver: no change — skipping append
[2026-04-07T08:55:12.253Z] [INFO ] Intl: updated same-day entry
[2026-04-07T08:55:12.361Z] [INFO ] latest.json written | Final source: bajusctg-api
[2026-04-07T08:55:12.362Z] [INFO ] ══════════════════════════════════════════════
[2026-04-07T13:05:08.973Z] [INFO ] ══════════════════════════════════════════════
[2026-04-07T13:05:08.974Z] [INFO ] SonarGold Scraper v4.0 starting...
[2026-04-07T13:05:08.974Z] [INFO ] Mode: LIVE
[2026-04-07T13:05:08.974Z] [INFO ] ══════════════════════════════════════════════
[2026-04-07T13:05:08.976Z] [INFO ] History size — Gold: 199, Silver: 199, Intl: 203
[2026-04-07T13:05:08.976Z] [INFO ] ════════════════════════════════
[2026-04-07T13:05:08.976Z] [INFO ] Starting BAJUS scrape v4.0 (sequential)...
[2026-04-07T13:05:08.976Z] [INFO ] Trying Strategy 1: BAJUSCTG API...
[2026-04-07T13:05:10.617Z] [INFO ] ✓ BAJUSCTG success: 22K gram ≈ 21075
[2026-04-07T13:05:10.618Z] [INFO ] SUCCESS — Source: bajusctg-api
[2026-04-07T13:05:10.618Z] [INFO ] Fetching international prices...
[2026-04-07T13:05:11.186Z] [INFO ] Gold: no change — skipping append
[2026-04-07T13:05:11.186Z] [INFO ] Silver: no change — skipping append
[2026-04-07T13:05:11.186Z] [INFO ] Intl: updated same-day entry
[2026-04-07T13:05:11.198Z] [INFO ] latest.json written | Final source: bajusctg-api
[2026-04-07T13:05:11.198Z] [INFO ] ══════════════════════════════════════════════
[2026-04-07T16:49:13.372Z] [INFO ] ══════════════════════════════════════════════
[2026-04-07T16:49:13.373Z] [INFO ] SonarGold Scraper v4.0 starting...
[2026-04-07T16:49:13.373Z] [INFO ] Mode: LIVE
[2026-04-07T16:49:13.373Z] [INFO ] ══════════════════════════════════════════════
[2026-04-07T16:49:13.374Z] [INFO ] History size — Gold: 199, Silver: 199, Intl: 203
[2026-04-07T16:49:13.374Z] [INFO ] ════════════════════════════════
[2026-04-07T16:49:13.374Z] [INFO ] Starting BAJUS scrape v4.0 (sequential)...
[2026-04-07T16:49:13.374Z] [INFO ] Trying Strategy 1: BAJUSCTG API...
[2026-04-07T16:49:15.376Z] [INFO ] ✓ BAJUSCTG success: 22K gram ≈ 21075
[2026-04-07T16:49:15.376Z] [INFO ] SUCCESS — Source: bajusctg-api
[2026-04-07T16:49:15.376Z] [INFO ] Fetching international prices...
[2026-04-07T16:49:15.997Z] [INFO ] Gold: no change — skipping append
[2026-04-07T16:49:15.998Z] [INFO ] Silver: no change — skipping append
[2026-04-07T16:49:15.998Z] [INFO ] Intl: updated same-day entry
[2026-04-07T16:49:16.011Z] [INFO ] latest.json written | Final source: bajusctg-api
[2026-04-07T16:49:16.011Z] [INFO ] ══════════════════════════════════════════════
[2026-04-07T20:39:41.458Z] [INFO ] ══════════════════════════════════════════════
[2026-04-07T20:39:41.459Z] [INFO ] SonarGold Scraper v4.0 starting...
[2026-04-07T20:39:41.459Z] [INFO ] Mode: LIVE
[2026-04-07T20:39:41.460Z] [INFO ] ══════════════════════════════════════════════
[2026-04-07T20:39:41.461Z] [INFO ] History size — Gold: 199, Silver: 199, Intl: 203
[2026-04-07T20:39:41.461Z] [INFO ] ════════════════════════════════
[2026-04-07T20:39:41.461Z] [INFO ] Starting BAJUS scrape v4.0 (sequential)...
[2026-04-07T20:39:41.461Z] [INFO ] Trying Strategy 1: BAJUSCTG API...
[2026-04-07T20:39:43.098Z] [INFO ] ✓ BAJUSCTG success: 22K gram ≈ 21075
[2026-04-07T20:39:43.098Z] [INFO ] SUCCESS — Source: bajusctg-api
[2026-04-07T20:39:43.099Z] [INFO ] Fetching international prices...
[2026-04-07T20:39:43.584Z] [INFO ] Gold: no change — skipping append
[2026-04-07T20:39:43.585Z] [INFO ] Silver: no change — skipping append
[2026-04-07T20:39:43.585Z] [INFO ] Intl: updated same-day entry
[2026-04-07T20:39:43.738Z] [INFO ] latest.json written | Final source: bajusctg-api
[2026-04-07T20:39:43.738Z] [INFO ] ══════════════════════════════════════════════
