[2026-07-23T00:03:45.192Z] [INFO ] ══════════════════════════════════════════════
[2026-07-23T00:03:45.194Z] [INFO ] SonarGold Scraper v4.0 starting...
[2026-07-23T00:03:45.195Z] [INFO ] Mode: LIVE
[2026-07-23T00:03:45.196Z] [INFO ] ══════════════════════════════════════════════
[2026-07-23T00:03:45.198Z] [INFO ] History size — Gold: 242, Silver: 231, Intl: 308
[2026-07-23T00:03:45.201Z] [INFO ] ════════════════════════════════
[2026-07-23T00:03:45.202Z] [INFO ] Starting BAJUS scrape v4.0 (sequential)...
[2026-07-23T00:03:45.203Z] [INFO ] Trying Strategy 1: BAJUSCTG API...
[2026-07-23T00:03:45.513Z] [INFO ] ✓ BAJUSCTG success: 22K gram ≈ 19220
[2026-07-23T00:03:45.514Z] [INFO ] SUCCESS — Source: bajusctg-api
[2026-07-23T00:03:45.515Z] [INFO ] Fetching international prices...
[2026-07-23T00:03:46.235Z] [INFO ] Gold: no change — skipping append
[2026-07-23T00:03:46.237Z] [INFO ] Silver: no change — skipping append
[2026-07-23T00:03:46.237Z] [INFO ] Intl: appended entry #309
[2026-07-23T00:03:46.253Z] [INFO ] latest.json written | Final source: bajusctg-api
[2026-07-23T00:03:46.253Z] [INFO ] ══════════════════════════════════════════════
[2026-07-23T03:55:24.118Z] [INFO ] ══════════════════════════════════════════════
[2026-07-23T03:55:24.120Z] [INFO ] SonarGold Scraper v4.0 starting...
[2026-07-23T03:55:24.121Z] [INFO ] Mode: LIVE
[2026-07-23T03:55:24.122Z] [INFO ] ══════════════════════════════════════════════
[2026-07-23T03:55:24.124Z] [INFO ] History size — Gold: 242, Silver: 231, Intl: 309
[2026-07-23T03:55:24.127Z] [INFO ] ════════════════════════════════
[2026-07-23T03:55:24.127Z] [INFO ] Starting BAJUS scrape v4.0 (sequential)...
[2026-07-23T03:55:24.128Z] [INFO ] Trying Strategy 1: BAJUSCTG API...
[2026-07-23T03:55:24.628Z] [INFO ] ✓ BAJUSCTG success: 22K gram ≈ 19220
[2026-07-23T03:55:24.629Z] [INFO ] SUCCESS — Source: bajusctg-api
[2026-07-23T03:55:24.630Z] [INFO ] Fetching international prices...
[2026-07-23T03:55:24.867Z] [INFO ] Gold: no change — skipping append
[2026-07-23T03:55:24.868Z] [INFO ] Silver: no change — skipping append
[2026-07-23T03:55:24.868Z] [INFO ] Intl: updated same-day entry
[2026-07-23T03:55:24.902Z] [INFO ] latest.json written | Final source: bajusctg-api
[2026-07-23T03:55:24.903Z] [INFO ] ══════════════════════════════════════════════
[2026-07-23T06:33:36.819Z] [INFO ] ══════════════════════════════════════════════
[2026-07-23T06:33:36.821Z] [INFO ] SonarGold Scraper v4.0 starting...
[2026-07-23T06:33:36.821Z] [INFO ] Mode: LIVE
[2026-07-23T06:33:36.823Z] [INFO ] ══════════════════════════════════════════════
[2026-07-23T06:33:36.825Z] [INFO ] History size — Gold: 242, Silver: 231, Intl: 309
[2026-07-23T06:33:36.827Z] [INFO ] ════════════════════════════════
[2026-07-23T06:33:36.828Z] [INFO ] Starting BAJUS scrape v4.0 (sequential)...
[2026-07-23T06:33:36.829Z] [INFO ] Trying Strategy 1: BAJUSCTG API...
[2026-07-23T06:33:37.168Z] [INFO ] ✓ BAJUSCTG success: 22K gram ≈ 19220
[2026-07-23T06:33:37.169Z] [INFO ] SUCCESS — Source: bajusctg-api
[2026-07-23T06:33:37.169Z] [INFO ] Fetching international prices...
[2026-07-23T06:33:37.480Z] [INFO ] Gold: no change — skipping append
[2026-07-23T06:33:37.480Z] [INFO ] Silver: no change — skipping append
[2026-07-23T06:33:37.481Z] [INFO ] Intl: updated same-day entry
[2026-07-23T06:33:37.496Z] [INFO ] latest.json written | Final source: bajusctg-api
[2026-07-23T06:33:37.497Z] [INFO ] ══════════════════════════════════════════════
[2026-07-23T09:27:16.095Z] [INFO ] ══════════════════════════════════════════════
[2026-07-23T09:27:16.097Z] [INFO ] SonarGold Scraper v4.0 starting...
[2026-07-23T09:27:16.098Z] [INFO ] Mode: LIVE
[2026-07-23T09:27:16.099Z] [INFO ] ══════════════════════════════════════════════
[2026-07-23T09:27:16.101Z] [INFO ] History size — Gold: 242, Silver: 231, Intl: 309
[2026-07-23T09:27:16.104Z] [INFO ] ════════════════════════════════
[2026-07-23T09:27:16.104Z] [INFO ] Starting BAJUS scrape v4.0 (sequential)...
[2026-07-23T09:27:16.105Z] [INFO ] Trying Strategy 1: BAJUSCTG API...
[2026-07-23T09:27:16.426Z] [INFO ] ✓ BAJUSCTG success: 22K gram ≈ 19220
[2026-07-23T09:27:16.427Z] [INFO ] SUCCESS — Source: bajusctg-api
[2026-07-23T09:27:16.428Z] [INFO ] Fetching international prices...
[2026-07-23T09:27:16.980Z] [INFO ] Gold: no change — skipping append
[2026-07-23T09:27:16.981Z] [INFO ] Silver: no change — skipping append
[2026-07-23T09:27:16.981Z] [INFO ] Intl: updated same-day entry
[2026-07-23T09:27:16.997Z] [INFO ] latest.json written | Final source: bajusctg-api
[2026-07-23T09:27:16.997Z] [INFO ] ══════════════════════════════════════════════
[2026-07-23T11:26:11.014Z] [INFO ] ══════════════════════════════════════════════
[2026-07-23T11:26:11.016Z] [INFO ] SonarGold Scraper v4.0 starting...
[2026-07-23T11:26:11.017Z] [INFO ] Mode: LIVE
[2026-07-23T11:26:11.018Z] [INFO ] ══════════════════════════════════════════════
[2026-07-23T11:26:11.021Z] [INFO ] History size — Gold: 242, Silver: 231, Intl: 309
[2026-07-23T11:26:11.022Z] [INFO ] ════════════════════════════════
[2026-07-23T11:26:11.024Z] [INFO ] Starting BAJUS scrape v4.0 (sequential)...
[2026-07-23T11:26:11.025Z] [INFO ] Trying Strategy 1: BAJUSCTG API...
[2026-07-23T11:26:11.420Z] [INFO ] ✓ BAJUSCTG success: 22K gram ≈ 19220
[2026-07-23T11:26:11.421Z] [INFO ] SUCCESS — Source: bajusctg-api
[2026-07-23T11:26:11.422Z] [INFO ] Fetching international prices...
[2026-07-23T11:26:12.176Z] [INFO ] Gold: no change — skipping append
[2026-07-23T11:26:12.177Z] [INFO ] Silver: no change — skipping append
[2026-07-23T11:26:12.178Z] [INFO ] Intl: updated same-day entry
[2026-07-23T11:26:12.198Z] [INFO ] latest.json written | Final source: bajusctg-api
[2026-07-23T11:26:12.199Z] [INFO ] ══════════════════════════════════════════════
[2026-07-23T13:05:02.085Z] [INFO ] ══════════════════════════════════════════════
[2026-07-23T13:05:02.087Z] [INFO ] SonarGold Scraper v4.0 starting...
[2026-07-23T13:05:02.088Z] [INFO ] Mode: LIVE
[2026-07-23T13:05:02.089Z] [INFO ] ══════════════════════════════════════════════
[2026-07-23T13:05:02.091Z] [INFO ] History size — Gold: 242, Silver: 231, Intl: 309
[2026-07-23T13:05:02.094Z] [INFO ] ════════════════════════════════
[2026-07-23T13:05:02.095Z] [INFO ] Starting BAJUS scrape v4.0 (sequential)...
[2026-07-23T13:05:02.095Z] [INFO ] Trying Strategy 1: BAJUSCTG API...
[2026-07-23T13:05:02.590Z] [INFO ] ✓ BAJUSCTG success: 22K gram ≈ 19220
[2026-07-23T13:05:02.591Z] [INFO ] SUCCESS — Source: bajusctg-api
[2026-07-23T13:05:02.592Z] [INFO ] Fetching international prices...
[2026-07-23T13:05:03.189Z] [INFO ] Gold: no change — skipping append
[2026-07-23T13:05:03.190Z] [INFO ] Silver: no change — skipping append
[2026-07-23T13:05:03.191Z] [INFO ] Intl: updated same-day entry
[2026-07-23T13:05:03.225Z] [INFO ] latest.json written | Final source: bajusctg-api
[2026-07-23T13:05:03.225Z] [INFO ] ══════════════════════════════════════════════
[2026-07-23T15:32:44.573Z] [INFO ] ══════════════════════════════════════════════
[2026-07-23T15:32:44.575Z] [INFO ] SonarGold Scraper v4.0 starting...
[2026-07-23T15:32:44.576Z] [INFO ] Mode: LIVE
[2026-07-23T15:32:44.577Z] [INFO ] ══════════════════════════════════════════════
[2026-07-23T15:32:44.579Z] [INFO ] History size — Gold: 242, Silver: 231, Intl: 309
[2026-07-23T15:32:44.580Z] [INFO ] ════════════════════════════════
[2026-07-23T15:32:44.582Z] [INFO ] Starting BAJUS scrape v4.0 (sequential)...
[2026-07-23T15:32:44.583Z] [INFO ] Trying Strategy 1: BAJUSCTG API...
[2026-07-23T15:32:45.281Z] [INFO ] ✓ BAJUSCTG success: 22K gram ≈ 19220
[2026-07-23T15:32:45.282Z] [INFO ] SUCCESS — Source: bajusctg-api
[2026-07-23T15:32:45.283Z] [INFO ] Fetching international prices...
[2026-07-23T15:32:45.598Z] [INFO ] Gold: no change — skipping append
[2026-07-23T15:32:45.598Z] [INFO ] Silver: no change — skipping append
[2026-07-23T15:32:45.599Z] [INFO ] Intl: updated same-day entry
[2026-07-23T15:32:45.642Z] [INFO ] latest.json written | Final source: bajusctg-api
[2026-07-23T15:32:45.643Z] [INFO ] ══════════════════════════════════════════════
[2026-07-23T17:27:06.171Z] [INFO ] ══════════════════════════════════════════════
[2026-07-23T17:27:06.173Z] [INFO ] SonarGold Scraper v4.0 starting...
[2026-07-23T17:27:06.174Z] [INFO ] Mode: LIVE
[2026-07-23T17:27:06.175Z] [INFO ] ══════════════════════════════════════════════
[2026-07-23T17:27:06.178Z] [INFO ] History size — Gold: 242, Silver: 231, Intl: 309
[2026-07-23T17:27:06.180Z] [INFO ] ════════════════════════════════
[2026-07-23T17:27:06.183Z] [INFO ] Starting BAJUS scrape v4.0 (sequential)...
[2026-07-23T17:27:06.184Z] [INFO ] Trying Strategy 1: BAJUSCTG API...
[2026-07-23T17:27:06.583Z] [INFO ] ✓ BAJUSCTG success: 22K gram ≈ 19220
[2026-07-23T17:27:06.584Z] [INFO ] SUCCESS — Source: bajusctg-api
[2026-07-23T17:27:06.585Z] [INFO ] Fetching international prices...
[2026-07-23T17:27:07.046Z] [INFO ] Gold: no change — skipping append
[2026-07-23T17:27:07.047Z] [INFO ] Silver: no change — skipping append
[2026-07-23T17:27:07.047Z] [INFO ] Intl: updated same-day entry
[2026-07-23T17:27:07.063Z] [INFO ] latest.json written | Final source: bajusctg-api
[2026-07-23T17:27:07.063Z] [INFO ] ══════════════════════════════════════════════
[2026-07-23T18:47:10.352Z] [INFO ] ══════════════════════════════════════════════
[2026-07-23T18:47:10.353Z] [INFO ] SonarGold Scraper v4.0 starting...
[2026-07-23T18:47:10.354Z] [INFO ] Mode: LIVE
[2026-07-23T18:47:10.354Z] [INFO ] ══════════════════════════════════════════════
[2026-07-23T18:47:10.355Z] [INFO ] History size — Gold: 242, Silver: 231, Intl: 309
[2026-07-23T18:47:10.357Z] [INFO ] ════════════════════════════════
[2026-07-23T18:47:10.358Z] [INFO ] Starting BAJUS scrape v4.0 (sequential)...
[2026-07-23T18:47:10.358Z] [INFO ] Trying Strategy 1: BAJUSCTG API...
[2026-07-23T18:47:10.815Z] [INFO ] ✓ BAJUSCTG success: 22K gram ≈ 19220
[2026-07-23T18:47:10.815Z] [INFO ] SUCCESS — Source: bajusctg-api
[2026-07-23T18:47:10.816Z] [INFO ] Fetching international prices...
[2026-07-23T18:47:11.468Z] [INFO ] Gold: no change — skipping append
[2026-07-23T18:47:11.469Z] [INFO ] Silver: no change — skipping append
[2026-07-23T18:47:11.469Z] [INFO ] Intl: updated same-day entry
[2026-07-23T18:47:11.479Z] [INFO ] latest.json written | Final source: bajusctg-api
[2026-07-23T18:47:11.480Z] [INFO ] ══════════════════════════════════════════════
[2026-07-23T20:16:38.539Z] [INFO ] ══════════════════════════════════════════════
[2026-07-23T20:16:38.541Z] [INFO ] SonarGold Scraper v4.0 starting...
[2026-07-23T20:16:38.542Z] [INFO ] Mode: LIVE
[2026-07-23T20:16:38.543Z] [INFO ] ══════════════════════════════════════════════
[2026-07-23T20:16:38.546Z] [INFO ] History size — Gold: 242, Silver: 231, Intl: 309
[2026-07-23T20:16:38.548Z] [INFO ] ════════════════════════════════
[2026-07-23T20:16:38.549Z] [INFO ] Starting BAJUS scrape v4.0 (sequential)...
[2026-07-23T20:16:38.550Z] [INFO ] Trying Strategy 1: BAJUSCTG API...
[2026-07-23T20:16:39.044Z] [INFO ] ✓ BAJUSCTG success: 22K gram ≈ 19220
[2026-07-23T20:16:39.045Z] [INFO ] SUCCESS — Source: bajusctg-api
[2026-07-23T20:16:39.045Z] [INFO ] Fetching international prices...
[2026-07-23T20:16:39.566Z] [INFO ] Gold: no change — skipping append
[2026-07-23T20:16:39.567Z] [INFO ] Silver: no change — skipping append
[2026-07-23T20:16:39.568Z] [INFO ] Intl: updated same-day entry
[2026-07-23T20:16:39.583Z] [INFO ] latest.json written | Final source: bajusctg-api
[2026-07-23T20:16:39.584Z] [INFO ] ══════════════════════════════════════════════
[2026-07-23T21:36:43.736Z] [INFO ] ══════════════════════════════════════════════
[2026-07-23T21:36:43.737Z] [INFO ] SonarGold Scraper v4.0 starting...
[2026-07-23T21:36:43.738Z] [INFO ] Mode: LIVE
[2026-07-23T21:36:43.738Z] [INFO ] ══════════════════════════════════════════════
[2026-07-23T21:36:43.740Z] [INFO ] History size — Gold: 242, Silver: 231, Intl: 309
[2026-07-23T21:36:43.741Z] [INFO ] ════════════════════════════════
[2026-07-23T21:36:43.743Z] [INFO ] Starting BAJUS scrape v4.0 (sequential)...
[2026-07-23T21:36:43.743Z] [INFO ] Trying Strategy 1: BAJUSCTG API...
[2026-07-23T21:36:44.121Z] [INFO ] ✓ BAJUSCTG success: 22K gram ≈ 19220
[2026-07-23T21:36:44.122Z] [INFO ] SUCCESS — Source: bajusctg-api
[2026-07-23T21:36:44.122Z] [INFO ] Fetching international prices...
[2026-07-23T21:36:44.373Z] [INFO ] Gold: no change — skipping append
[2026-07-23T21:36:44.374Z] [INFO ] Silver: no change — skipping append
[2026-07-23T21:36:44.374Z] [INFO ] Intl: updated same-day entry
[2026-07-23T21:36:44.507Z] [INFO ] latest.json written | Final source: bajusctg-api
[2026-07-23T21:36:44.507Z] [INFO ] ══════════════════════════════════════════════
