[2026-05-12T01:46:55.945Z] [INFO ] ══════════════════════════════════════════════
[2026-05-12T01:46:55.946Z] [INFO ] SonarGold Scraper v4.0 starting...
[2026-05-12T01:46:55.947Z] [INFO ] Mode: LIVE
[2026-05-12T01:46:55.948Z] [INFO ] ══════════════════════════════════════════════
[2026-05-12T01:46:55.950Z] [INFO ] History size — Gold: 212, Silver: 209, Intl: 237
[2026-05-12T01:46:55.951Z] [INFO ] ════════════════════════════════
[2026-05-12T01:46:55.952Z] [INFO ] Starting BAJUS scrape v4.0 (sequential)...
[2026-05-12T01:46:55.952Z] [INFO ] Trying Strategy 1: BAJUSCTG API...
[2026-05-12T01:46:56.338Z] [INFO ] ✓ BAJUSCTG success: 22K gram ≈ 20980
[2026-05-12T01:46:56.339Z] [INFO ] SUCCESS — Source: bajusctg-api
[2026-05-12T01:46:56.339Z] [INFO ] Fetching international prices...
[2026-05-12T01:46:56.516Z] [INFO ] Gold: no change — skipping append
[2026-05-12T01:46:56.516Z] [INFO ] Silver: no change — skipping append
[2026-05-12T01:46:56.517Z] [INFO ] Intl: appended entry #238
[2026-05-12T01:46:56.532Z] [INFO ] latest.json written | Final source: bajusctg-api
[2026-05-12T01:46:56.532Z] [INFO ] ══════════════════════════════════════════════
[2026-05-12T05:28:59.800Z] [INFO ] ══════════════════════════════════════════════
[2026-05-12T05:28:59.802Z] [INFO ] SonarGold Scraper v4.0 starting...
[2026-05-12T05:28:59.802Z] [INFO ] Mode: LIVE
[2026-05-12T05:28:59.803Z] [INFO ] ══════════════════════════════════════════════
[2026-05-12T05:28:59.805Z] [INFO ] History size — Gold: 212, Silver: 209, Intl: 238
[2026-05-12T05:28:59.806Z] [INFO ] ════════════════════════════════
[2026-05-12T05:28:59.807Z] [INFO ] Starting BAJUS scrape v4.0 (sequential)...
[2026-05-12T05:28:59.807Z] [INFO ] Trying Strategy 1: BAJUSCTG API...
[2026-05-12T05:29:01.345Z] [INFO ] ✓ BAJUSCTG success: 22K gram ≈ 20980
[2026-05-12T05:29:01.346Z] [INFO ] SUCCESS — Source: bajusctg-api
[2026-05-12T05:29:01.346Z] [INFO ] Fetching international prices...
[2026-05-12T05:29:01.890Z] [INFO ] Gold: no change — skipping append
[2026-05-12T05:29:01.891Z] [INFO ] Silver: no change — skipping append
[2026-05-12T05:29:01.891Z] [INFO ] Intl: updated same-day entry
[2026-05-12T05:29:01.906Z] [INFO ] latest.json written | Final source: bajusctg-api
[2026-05-12T05:29:01.906Z] [INFO ] ══════════════════════════════════════════════
[2026-05-12T08:18:56.802Z] [INFO ] ══════════════════════════════════════════════
[2026-05-12T08:18:56.804Z] [INFO ] SonarGold Scraper v4.0 starting...
[2026-05-12T08:18:56.804Z] [INFO ] Mode: LIVE
[2026-05-12T08:18:56.805Z] [INFO ] ══════════════════════════════════════════════
[2026-05-12T08:18:56.806Z] [INFO ] History size — Gold: 212, Silver: 209, Intl: 238
[2026-05-12T08:18:56.807Z] [INFO ] ════════════════════════════════
[2026-05-12T08:18:56.807Z] [INFO ] Starting BAJUS scrape v4.0 (sequential)...
[2026-05-12T08:18:56.808Z] [INFO ] Trying Strategy 1: BAJUSCTG API...
[2026-05-12T08:18:57.283Z] [INFO ] ✓ BAJUSCTG success: 22K gram ≈ 20980
[2026-05-12T08:18:57.283Z] [INFO ] SUCCESS — Source: bajusctg-api
[2026-05-12T08:18:57.284Z] [INFO ] Fetching international prices...
[2026-05-12T08:18:57.819Z] [INFO ] Gold: no change — skipping append
[2026-05-12T08:18:57.819Z] [INFO ] Silver: no change — skipping append
[2026-05-12T08:18:57.820Z] [INFO ] Intl: updated same-day entry
[2026-05-12T08:18:57.879Z] [INFO ] latest.json written | Final source: bajusctg-api
[2026-05-12T08:18:57.879Z] [INFO ] ══════════════════════════════════════════════
[2026-05-12T11:09:16.991Z] [INFO ] ══════════════════════════════════════════════
[2026-05-12T11:09:16.992Z] [INFO ] SonarGold Scraper v4.0 starting...
[2026-05-12T11:09:16.992Z] [INFO ] Mode: LIVE
[2026-05-12T11:09:16.993Z] [INFO ] ══════════════════════════════════════════════
[2026-05-12T11:09:16.994Z] [INFO ] History size — Gold: 212, Silver: 209, Intl: 238
[2026-05-12T11:09:16.995Z] [INFO ] ════════════════════════════════
[2026-05-12T11:09:16.995Z] [INFO ] Starting BAJUS scrape v4.0 (sequential)...
[2026-05-12T11:09:16.996Z] [INFO ] Trying Strategy 1: BAJUSCTG API...
[2026-05-12T11:09:18.713Z] [INFO ] ✓ BAJUSCTG success: 22K gram ≈ 20980
[2026-05-12T11:09:18.714Z] [INFO ] SUCCESS — Source: bajusctg-api
[2026-05-12T11:09:18.714Z] [INFO ] Fetching international prices...
[2026-05-12T11:09:19.224Z] [INFO ] Gold: no change — skipping append
[2026-05-12T11:09:19.225Z] [INFO ] Silver: no change — skipping append
[2026-05-12T11:09:19.225Z] [INFO ] Intl: updated same-day entry
[2026-05-12T11:09:19.240Z] [INFO ] latest.json written | Final source: bajusctg-api
[2026-05-12T11:09:19.241Z] [INFO ] ══════════════════════════════════════════════
[2026-05-12T13:31:32.708Z] [INFO ] ══════════════════════════════════════════════
[2026-05-12T13:31:32.709Z] [INFO ] SonarGold Scraper v4.0 starting...
[2026-05-12T13:31:32.710Z] [INFO ] Mode: LIVE
[2026-05-12T13:31:32.710Z] [INFO ] ══════════════════════════════════════════════
[2026-05-12T13:31:32.712Z] [INFO ] History size — Gold: 212, Silver: 209, Intl: 238
[2026-05-12T13:31:32.713Z] [INFO ] ════════════════════════════════
[2026-05-12T13:31:32.713Z] [INFO ] Starting BAJUS scrape v4.0 (sequential)...
[2026-05-12T13:31:32.714Z] [INFO ] Trying Strategy 1: BAJUSCTG API...
[2026-05-12T13:31:33.190Z] [INFO ] ✓ BAJUSCTG success: 22K gram ≈ 20980
[2026-05-12T13:31:33.191Z] [INFO ] SUCCESS — Source: bajusctg-api
[2026-05-12T13:31:33.191Z] [INFO ] Fetching international prices...
[2026-05-12T13:31:33.952Z] [INFO ] Gold: no change — skipping append
[2026-05-12T13:31:33.953Z] [INFO ] Silver: no change — skipping append
[2026-05-12T13:31:33.953Z] [INFO ] Intl: updated same-day entry
[2026-05-12T13:31:33.973Z] [INFO ] latest.json written | Final source: bajusctg-api
[2026-05-12T13:31:33.973Z] [INFO ] ══════════════════════════════════════════════
[2026-05-12T16:10:33.224Z] [INFO ] ══════════════════════════════════════════════
[2026-05-12T16:10:33.226Z] [INFO ] SonarGold Scraper v4.0 starting...
[2026-05-12T16:10:33.226Z] [INFO ] Mode: LIVE
[2026-05-12T16:10:33.227Z] [INFO ] ══════════════════════════════════════════════
[2026-05-12T16:10:33.228Z] [INFO ] History size — Gold: 212, Silver: 209, Intl: 238
[2026-05-12T16:10:33.229Z] [INFO ] ════════════════════════════════
[2026-05-12T16:10:33.229Z] [INFO ] Starting BAJUS scrape v4.0 (sequential)...
[2026-05-12T16:10:33.230Z] [INFO ] Trying Strategy 1: BAJUSCTG API...
[2026-05-12T16:10:33.601Z] [INFO ] ✓ BAJUSCTG success: 22K gram ≈ 20980
[2026-05-12T16:10:33.602Z] [INFO ] SUCCESS — Source: bajusctg-api
[2026-05-12T16:10:33.602Z] [INFO ] Fetching international prices...
[2026-05-12T16:10:33.873Z] [INFO ] Gold: no change — skipping append
[2026-05-12T16:10:33.873Z] [INFO ] Silver: no change — skipping append
[2026-05-12T16:10:33.874Z] [INFO ] Intl: updated same-day entry
[2026-05-12T16:10:33.888Z] [INFO ] latest.json written | Final source: bajusctg-api
[2026-05-12T16:10:33.889Z] [INFO ] ══════════════════════════════════════════════
[2026-05-12T18:28:52.665Z] [INFO ] ══════════════════════════════════════════════
[2026-05-12T18:28:52.666Z] [INFO ] SonarGold Scraper v4.0 starting...
[2026-05-12T18:28:52.667Z] [INFO ] Mode: LIVE
[2026-05-12T18:28:52.667Z] [INFO ] ══════════════════════════════════════════════
[2026-05-12T18:28:52.669Z] [INFO ] History size — Gold: 212, Silver: 209, Intl: 238
[2026-05-12T18:28:52.669Z] [INFO ] ════════════════════════════════
[2026-05-12T18:28:52.670Z] [INFO ] Starting BAJUS scrape v4.0 (sequential)...
[2026-05-12T18:28:52.670Z] [INFO ] Trying Strategy 1: BAJUSCTG API...
[2026-05-12T18:28:54.684Z] [INFO ] ✓ BAJUSCTG success: 22K gram ≈ 20980
[2026-05-12T18:28:54.684Z] [INFO ] SUCCESS — Source: bajusctg-api
[2026-05-12T18:28:54.685Z] [INFO ] Fetching international prices...
[2026-05-12T18:28:55.323Z] [INFO ] Gold: no change — skipping append
[2026-05-12T18:28:55.324Z] [INFO ] Silver: no change — skipping append
[2026-05-12T18:28:55.324Z] [INFO ] Intl: updated same-day entry
[2026-05-12T18:28:55.339Z] [INFO ] latest.json written | Final source: bajusctg-api
[2026-05-12T18:28:55.340Z] [INFO ] ══════════════════════════════════════════════
[2026-05-12T20:23:28.085Z] [INFO ] ══════════════════════════════════════════════
[2026-05-12T20:23:28.087Z] [INFO ] SonarGold Scraper v4.0 starting...
[2026-05-12T20:23:28.087Z] [INFO ] Mode: LIVE
[2026-05-12T20:23:28.088Z] [INFO ] ══════════════════════════════════════════════
[2026-05-12T20:23:28.089Z] [INFO ] History size — Gold: 212, Silver: 209, Intl: 238
[2026-05-12T20:23:28.090Z] [INFO ] ════════════════════════════════
[2026-05-12T20:23:28.090Z] [INFO ] Starting BAJUS scrape v4.0 (sequential)...
[2026-05-12T20:23:28.091Z] [INFO ] Trying Strategy 1: BAJUSCTG API...
[2026-05-12T20:23:29.802Z] [INFO ] ✓ BAJUSCTG success: 22K gram ≈ 20980
[2026-05-12T20:23:29.802Z] [INFO ] SUCCESS — Source: bajusctg-api
[2026-05-12T20:23:29.803Z] [INFO ] Fetching international prices...
[2026-05-12T20:23:30.287Z] [INFO ] Gold: no change — skipping append
[2026-05-12T20:23:30.287Z] [INFO ] Silver: no change — skipping append
[2026-05-12T20:23:30.288Z] [INFO ] Intl: updated same-day entry
[2026-05-12T20:23:30.308Z] [INFO ] latest.json written | Final source: bajusctg-api
[2026-05-12T20:23:30.308Z] [INFO ] ══════════════════════════════════════════════
