[2026-05-01T01:48:34.004Z] [INFO ] ══════════════════════════════════════════════
[2026-05-01T01:48:34.006Z] [INFO ] SonarGold Scraper v4.0 starting...
[2026-05-01T01:48:34.006Z] [INFO ] Mode: LIVE
[2026-05-01T01:48:34.007Z] [INFO ] ══════════════════════════════════════════════
[2026-05-01T01:48:34.008Z] [INFO ] History size — Gold: 209, Silver: 207, Intl: 226
[2026-05-01T01:48:34.009Z] [INFO ] ════════════════════════════════
[2026-05-01T01:48:34.009Z] [INFO ] Starting BAJUS scrape v4.0 (sequential)...
[2026-05-01T01:48:34.010Z] [INFO ] Trying Strategy 1: BAJUSCTG API...
[2026-05-01T01:48:35.640Z] [INFO ] ✓ BAJUSCTG success: 22K gram ≈ 20790
[2026-05-01T01:48:35.640Z] [INFO ] SUCCESS — Source: bajusctg-api
[2026-05-01T01:48:35.641Z] [INFO ] Fetching international prices...
[2026-05-01T01:48:35.766Z] [INFO ] Gold: no change — skipping append
[2026-05-01T01:48:35.766Z] [INFO ] Silver: no change — skipping append
[2026-05-01T01:48:35.766Z] [INFO ] Intl: appended entry #227
[2026-05-01T01:48:35.781Z] [INFO ] latest.json written | Final source: bajusctg-api
[2026-05-01T01:48:35.782Z] [INFO ] ══════════════════════════════════════════════
[2026-05-01T05:32:04.018Z] [INFO ] ══════════════════════════════════════════════
[2026-05-01T05:32:04.019Z] [INFO ] SonarGold Scraper v4.0 starting...
[2026-05-01T05:32:04.019Z] [INFO ] Mode: LIVE
[2026-05-01T05:32:04.020Z] [INFO ] ══════════════════════════════════════════════
[2026-05-01T05:32:04.021Z] [INFO ] History size — Gold: 209, Silver: 207, Intl: 227
[2026-05-01T05:32:04.022Z] [INFO ] ════════════════════════════════
[2026-05-01T05:32:04.022Z] [INFO ] Starting BAJUS scrape v4.0 (sequential)...
[2026-05-01T05:32:04.022Z] [INFO ] Trying Strategy 1: BAJUSCTG API...
[2026-05-01T05:32:04.497Z] [INFO ] ✓ BAJUSCTG success: 22K gram ≈ 20790
[2026-05-01T05:32:04.497Z] [INFO ] SUCCESS — Source: bajusctg-api
[2026-05-01T05:32:04.498Z] [INFO ] Fetching international prices...
[2026-05-01T05:32:05.121Z] [INFO ] Gold: no change — skipping append
[2026-05-01T05:32:05.121Z] [INFO ] Silver: no change — skipping append
[2026-05-01T05:32:05.121Z] [INFO ] Intl: updated same-day entry
[2026-05-01T05:32:05.171Z] [INFO ] latest.json written | Final source: bajusctg-api
[2026-05-01T05:32:05.171Z] [INFO ] ══════════════════════════════════════════════
[2026-05-01T07:57:28.412Z] [INFO ] ══════════════════════════════════════════════
[2026-05-01T07:57:28.413Z] [INFO ] SonarGold Scraper v4.0 starting...
[2026-05-01T07:57:28.414Z] [INFO ] Mode: LIVE
[2026-05-01T07:57:28.414Z] [INFO ] ══════════════════════════════════════════════
[2026-05-01T07:57:28.416Z] [INFO ] History size — Gold: 209, Silver: 207, Intl: 227
[2026-05-01T07:57:28.416Z] [INFO ] ════════════════════════════════
[2026-05-01T07:57:28.417Z] [INFO ] Starting BAJUS scrape v4.0 (sequential)...
[2026-05-01T07:57:28.417Z] [INFO ] Trying Strategy 1: BAJUSCTG API...
[2026-05-01T07:57:30.758Z] [INFO ] ✓ BAJUSCTG success: 22K gram ≈ 20790
[2026-05-01T07:57:30.758Z] [INFO ] SUCCESS — Source: bajusctg-api
[2026-05-01T07:57:30.759Z] [INFO ] Fetching international prices...
[2026-05-01T07:57:31.541Z] [INFO ] Gold: no change — skipping append
[2026-05-01T07:57:31.542Z] [INFO ] Silver: no change — skipping append
[2026-05-01T07:57:31.542Z] [INFO ] Intl: updated same-day entry
[2026-05-01T07:57:31.561Z] [INFO ] latest.json written | Final source: bajusctg-api
[2026-05-01T07:57:31.562Z] [INFO ] ══════════════════════════════════════════════
[2026-05-01T09:28:00.330Z] [INFO ] ══════════════════════════════════════════════
[2026-05-01T09:28:00.332Z] [INFO ] SonarGold Scraper v4.0 starting...
[2026-05-01T09:28:00.332Z] [INFO ] Mode: LIVE
[2026-05-01T09:28:00.333Z] [INFO ] ══════════════════════════════════════════════
[2026-05-01T09:28:00.334Z] [INFO ] History size — Gold: 209, Silver: 207, Intl: 227
[2026-05-01T09:28:00.335Z] [INFO ] ════════════════════════════════
[2026-05-01T09:28:00.335Z] [INFO ] Starting BAJUS scrape v4.0 (sequential)...
[2026-05-01T09:28:00.336Z] [INFO ] Trying Strategy 1: BAJUSCTG API...
[2026-05-01T09:28:02.389Z] [INFO ] ✓ BAJUSCTG success: 22K gram ≈ 20790
[2026-05-01T09:28:02.390Z] [INFO ] SUCCESS — Source: bajusctg-api
[2026-05-01T09:28:02.390Z] [INFO ] Fetching international prices...
[2026-05-01T09:28:02.717Z] [INFO ] Gold: no change — skipping append
[2026-05-01T09:28:02.718Z] [INFO ] Silver: no change — skipping append
[2026-05-01T09:28:02.718Z] [INFO ] Intl: updated same-day entry
[2026-05-01T09:28:02.736Z] [INFO ] latest.json written | Final source: bajusctg-api
[2026-05-01T09:28:02.737Z] [INFO ] ══════════════════════════════════════════════
[2026-05-01T10:59:42.276Z] [INFO ] ══════════════════════════════════════════════
[2026-05-01T10:59:42.278Z] [INFO ] SonarGold Scraper v4.0 starting...
[2026-05-01T10:59:42.278Z] [INFO ] Mode: LIVE
[2026-05-01T10:59:42.278Z] [INFO ] ══════════════════════════════════════════════
[2026-05-01T10:59:42.280Z] [INFO ] History size — Gold: 209, Silver: 207, Intl: 227
[2026-05-01T10:59:42.281Z] [INFO ] ════════════════════════════════
[2026-05-01T10:59:42.281Z] [INFO ] Starting BAJUS scrape v4.0 (sequential)...
[2026-05-01T10:59:42.282Z] [INFO ] Trying Strategy 1: BAJUSCTG API...
[2026-05-01T10:59:44.044Z] [INFO ] ✓ BAJUSCTG success: 22K gram ≈ 20790
[2026-05-01T10:59:44.044Z] [INFO ] SUCCESS — Source: bajusctg-api
[2026-05-01T10:59:44.045Z] [INFO ] Fetching international prices...
[2026-05-01T10:59:44.719Z] [INFO ] Gold: no change — skipping append
[2026-05-01T10:59:44.719Z] [INFO ] Silver: no change — skipping append
[2026-05-01T10:59:44.719Z] [INFO ] Intl: updated same-day entry
[2026-05-01T10:59:44.734Z] [INFO ] latest.json written | Final source: bajusctg-api
[2026-05-01T10:59:44.734Z] [INFO ] ══════════════════════════════════════════════
[2026-05-01T11:59:07.487Z] [INFO ] ══════════════════════════════════════════════
[2026-05-01T11:59:07.489Z] [INFO ] SonarGold Scraper v4.0 starting...
[2026-05-01T11:59:07.489Z] [INFO ] Mode: LIVE
[2026-05-01T11:59:07.490Z] [INFO ] ══════════════════════════════════════════════
[2026-05-01T11:59:07.491Z] [INFO ] History size — Gold: 209, Silver: 207, Intl: 227
[2026-05-01T11:59:07.492Z] [INFO ] ════════════════════════════════
[2026-05-01T11:59:07.493Z] [INFO ] Starting BAJUS scrape v4.0 (sequential)...
[2026-05-01T11:59:07.493Z] [INFO ] Trying Strategy 1: BAJUSCTG API...
[2026-05-01T11:59:09.250Z] [INFO ] ✓ BAJUSCTG success: 22K gram ≈ 20790
[2026-05-01T11:59:09.250Z] [INFO ] SUCCESS — Source: bajusctg-api
[2026-05-01T11:59:09.251Z] [INFO ] Fetching international prices...
[2026-05-01T11:59:09.824Z] [INFO ] Gold: no change — skipping append
[2026-05-01T11:59:09.825Z] [INFO ] Silver: no change — skipping append
[2026-05-01T11:59:09.825Z] [INFO ] Intl: updated same-day entry
[2026-05-01T11:59:09.840Z] [INFO ] latest.json written | Final source: bajusctg-api
[2026-05-01T11:59:09.840Z] [INFO ] ══════════════════════════════════════════════
[2026-05-01T13:14:48.661Z] [INFO ] ══════════════════════════════════════════════
[2026-05-01T13:14:48.663Z] [INFO ] SonarGold Scraper v4.0 starting...
[2026-05-01T13:14:48.663Z] [INFO ] Mode: LIVE
[2026-05-01T13:14:48.663Z] [INFO ] ══════════════════════════════════════════════
[2026-05-01T13:14:48.665Z] [INFO ] History size — Gold: 209, Silver: 207, Intl: 227
[2026-05-01T13:14:48.665Z] [INFO ] ════════════════════════════════
[2026-05-01T13:14:48.665Z] [INFO ] Starting BAJUS scrape v4.0 (sequential)...
[2026-05-01T13:14:48.666Z] [INFO ] Trying Strategy 1: BAJUSCTG API...
[2026-05-01T13:14:50.437Z] [INFO ] ✓ BAJUSCTG success: 22K gram ≈ 20790
[2026-05-01T13:14:50.438Z] [INFO ] SUCCESS — Source: bajusctg-api
[2026-05-01T13:14:50.438Z] [INFO ] Fetching international prices...
[2026-05-01T13:14:50.996Z] [INFO ] Gold: no change — skipping append
[2026-05-01T13:14:50.996Z] [INFO ] Silver: no change — skipping append
[2026-05-01T13:14:50.996Z] [INFO ] Intl: updated same-day entry
[2026-05-01T13:14:51.015Z] [INFO ] latest.json written | Final source: bajusctg-api
[2026-05-01T13:14:51.016Z] [INFO ] ══════════════════════════════════════════════
[2026-05-01T14:44:34.461Z] [INFO ] ══════════════════════════════════════════════
[2026-05-01T14:44:34.462Z] [INFO ] SonarGold Scraper v4.0 starting...
[2026-05-01T14:44:34.462Z] [INFO ] Mode: LIVE
[2026-05-01T14:44:34.463Z] [INFO ] ══════════════════════════════════════════════
[2026-05-01T14:44:34.464Z] [INFO ] History size — Gold: 209, Silver: 207, Intl: 227
[2026-05-01T14:44:34.464Z] [INFO ] ════════════════════════════════
[2026-05-01T14:44:34.465Z] [INFO ] Starting BAJUS scrape v4.0 (sequential)...
[2026-05-01T14:44:34.465Z] [INFO ] Trying Strategy 1: BAJUSCTG API...
[2026-05-01T14:44:35.371Z] [INFO ] ✓ BAJUSCTG success: 22K gram ≈ 20790
[2026-05-01T14:44:35.372Z] [INFO ] SUCCESS — Source: bajusctg-api
[2026-05-01T14:44:35.373Z] [INFO ] Fetching international prices...
[2026-05-01T14:44:35.998Z] [INFO ] Gold: no change — skipping append
[2026-05-01T14:44:35.999Z] [INFO ] Silver: no change — skipping append
[2026-05-01T14:44:35.999Z] [INFO ] Intl: updated same-day entry
[2026-05-01T14:44:36.115Z] [INFO ] latest.json written | Final source: bajusctg-api
[2026-05-01T14:44:36.115Z] [INFO ] ══════════════════════════════════════════════
[2026-05-01T15:43:33.267Z] [INFO ] ══════════════════════════════════════════════
[2026-05-01T15:43:33.269Z] [INFO ] SonarGold Scraper v4.0 starting...
[2026-05-01T15:43:33.269Z] [INFO ] Mode: LIVE
[2026-05-01T15:43:33.270Z] [INFO ] ══════════════════════════════════════════════
[2026-05-01T15:43:33.271Z] [INFO ] History size — Gold: 209, Silver: 207, Intl: 227
[2026-05-01T15:43:33.271Z] [INFO ] ════════════════════════════════
[2026-05-01T15:43:33.272Z] [INFO ] Starting BAJUS scrape v4.0 (sequential)...
[2026-05-01T15:43:33.272Z] [INFO ] Trying Strategy 1: BAJUSCTG API...
[2026-05-01T15:43:33.761Z] [INFO ] ✓ BAJUSCTG success: 22K gram ≈ 20790
[2026-05-01T15:43:33.762Z] [INFO ] SUCCESS — Source: bajusctg-api
[2026-05-01T15:43:33.762Z] [INFO ] Fetching international prices...
[2026-05-01T15:43:34.300Z] [INFO ] Gold: no change — skipping append
[2026-05-01T15:43:34.300Z] [INFO ] Silver: no change — skipping append
[2026-05-01T15:43:34.301Z] [INFO ] Intl: updated same-day entry
[2026-05-01T15:43:34.316Z] [INFO ] latest.json written | Final source: bajusctg-api
[2026-05-01T15:43:34.316Z] [INFO ] ══════════════════════════════════════════════
[2026-05-01T16:42:01.386Z] [INFO ] ══════════════════════════════════════════════
[2026-05-01T16:42:01.388Z] [INFO ] SonarGold Scraper v4.0 starting...
[2026-05-01T16:42:01.388Z] [INFO ] Mode: LIVE
[2026-05-01T16:42:01.388Z] [INFO ] ══════════════════════════════════════════════
[2026-05-01T16:42:01.390Z] [INFO ] History size — Gold: 209, Silver: 207, Intl: 227
[2026-05-01T16:42:01.390Z] [INFO ] ════════════════════════════════
[2026-05-01T16:42:01.391Z] [INFO ] Starting BAJUS scrape v4.0 (sequential)...
[2026-05-01T16:42:01.391Z] [INFO ] Trying Strategy 1: BAJUSCTG API...
[2026-05-01T16:42:03.943Z] [INFO ] ✓ BAJUSCTG success: 22K gram ≈ 20790
[2026-05-01T16:42:03.943Z] [INFO ] SUCCESS — Source: bajusctg-api
[2026-05-01T16:42:03.944Z] [INFO ] Fetching international prices...
[2026-05-01T16:42:04.582Z] [INFO ] Gold: no change — skipping append
[2026-05-01T16:42:04.582Z] [INFO ] Silver: no change — skipping append
[2026-05-01T16:42:04.582Z] [INFO ] Intl: updated same-day entry
[2026-05-01T16:42:04.597Z] [INFO ] latest.json written | Final source: bajusctg-api
[2026-05-01T16:42:04.598Z] [INFO ] ══════════════════════════════════════════════
