[2026-06-07T02:09:20.349Z] [INFO ] ══════════════════════════════════════════════
[2026-06-07T02:09:20.350Z] [INFO ] SonarGold Scraper v4.0 starting...
[2026-06-07T02:09:20.351Z] [INFO ] Mode: LIVE
[2026-06-07T02:09:20.352Z] [INFO ] ══════════════════════════════════════════════
[2026-06-07T02:09:20.354Z] [INFO ] History size — Gold: 221, Silver: 214, Intl: 263
[2026-06-07T02:09:20.355Z] [INFO ] ════════════════════════════════
[2026-06-07T02:09:20.355Z] [INFO ] Starting BAJUS scrape v4.0 (sequential)...
[2026-06-07T02:09:20.356Z] [INFO ] Trying Strategy 1: BAJUSCTG API...
[2026-06-07T02:09:21.993Z] [WARN ] BAJUSCTG API failed: invalid json response body at https://bajushub.com/ reason: Unexpected token '<', "<!DOCTYPE "... is not valid JSON
[2026-06-07T02:09:21.994Z] [INFO ] Trying BAJUSCTG HTML fallback...
[2026-06-07T02:09:22.706Z] [INFO ] Trying Strategy 2: GoldR.org homepage...
[2026-06-07T02:09:23.775Z] [WARN ] GoldR.org parsed but data invalid
[2026-06-07T02:09:23.776Z] [INFO ] Trying Strategy 3: bdgoldprice.com...
[2026-06-07T02:09:23.965Z] [INFO ] Trying Strategy 4: Wayback Machine...
[2026-06-07T02:09:25.776Z] [INFO ] Using cached prices from 2026-06-05 (41h old)
[2026-06-07T02:09:25.776Z] [WARN ] ALL LIVE SOURCES FAILED — Using cached prices (mandatory fallback)
[2026-06-07T02:09:25.777Z] [INFO ] Fetching international prices...
[2026-06-07T02:09:26.305Z] [INFO ] Gold: no change — skipping append
[2026-06-07T02:09:26.305Z] [INFO ] Silver: no change — skipping append
[2026-06-07T02:09:26.306Z] [INFO ] Intl: appended entry #264
[2026-06-07T02:09:26.581Z] [INFO ] latest.json written | Final source: cache
[2026-06-07T02:09:26.582Z] [INFO ] ══════════════════════════════════════════════
