[2026-06-17T02:03:46.059Z] [INFO ] ══════════════════════════════════════════════
[2026-06-17T02:03:46.061Z] [INFO ] SonarGold Scraper v4.0 starting...
[2026-06-17T02:03:46.061Z] [INFO ] Mode: LIVE
[2026-06-17T02:03:46.062Z] [INFO ] ══════════════════════════════════════════════
[2026-06-17T02:03:46.064Z] [INFO ] History size — Gold: 224, Silver: 217, Intl: 273
[2026-06-17T02:03:46.065Z] [INFO ] ════════════════════════════════
[2026-06-17T02:03:46.066Z] [INFO ] Starting BAJUS scrape v4.0 (sequential)...
[2026-06-17T02:03:46.067Z] [INFO ] Trying Strategy 1: BAJUSCTG API...
[2026-06-17T02:03:46.659Z] [WARN ] BAJUSCTG API failed: HTTP 401
[2026-06-17T02:03:46.660Z] [INFO ] Trying BAJUSCTG HTML fallback...
[2026-06-17T02:03:47.327Z] [WARN ] BAJUSCTG HTML failed: HTTP 401
[2026-06-17T02:03:47.328Z] [INFO ] Trying Strategy 2: GoldR.org homepage...
[2026-06-17T02:03:47.580Z] [WARN ] GoldR.org parsed but data invalid
[2026-06-17T02:03:47.581Z] [INFO ] Trying Strategy 3: bdgoldprice.com...
[2026-06-17T02:03:47.752Z] [INFO ] Trying Strategy 4: Wayback Machine...
[2026-06-17T02:03:49.678Z] [INFO ] Using cached prices from 2026-06-15 (44h old)
[2026-06-17T02:03:49.679Z] [WARN ] ALL LIVE SOURCES FAILED — Using cached prices (mandatory fallback)
[2026-06-17T02:03:49.680Z] [INFO ] Fetching international prices...
[2026-06-17T02:03:50.170Z] [INFO ] Gold: no change — skipping append
[2026-06-17T02:03:50.171Z] [INFO ] Silver: no change — skipping append
[2026-06-17T02:03:50.171Z] [INFO ] Intl: appended entry #274
[2026-06-17T02:03:50.384Z] [INFO ] latest.json written | Final source: cache
[2026-06-17T02:03:50.385Z] [INFO ] ══════════════════════════════════════════════
